
Final memory state and exit status:

@@@ Unified Memory contents hex on left, decimal on right: 
@@@
@@@ mem[    0] = 0000009700000013 : 648540061715
@@@ mem[    8] = 0001011709c08093 : 282673436197011
@@@ mem[   16] = 00010413ff410113 : 285958910050579
@@@ mem[   24] = 5e81819300001197 : 6809866579921080727
@@@ mem[   32] = 0000029300000213 : 2830383448595
@@@ mem[   40] = 0000039300000313 : 3929895076627
@@@ mem[   48] = 0000051300000493 : 5579162518675
@@@ mem[   56] = 0000061300000593 : 6678674146707
@@@ mem[   64] = 0000071300000693 : 7778185774739
@@@ mem[   72] = 0000081300000793 : 8877697402771
@@@ mem[   80] = 0000091300000893 : 9977209030803
@@@ mem[   88] = 00000a1300000993 : 11076720658835
@@@ mem[   96] = 00000b1300000a93 : 12176232286867
@@@ mem[  104] = 00000c1300000b93 : 13275743914899
@@@ mem[  112] = 00000d1300000c93 : 14375255542931
@@@ mem[  120] = 00000e1300000d93 : 15474767170963
@@@ mem[  128] = 00000f1300000e93 : 16574278798995
@@@ mem[  136] = 2390006f00000f93 : 2562548664715186067
@@@
@@@ mem[  160] = f601011300010117 : 17726450789423055127
@@@ mem[  168] = 00000013fea12c23 : 85876354083
@@@ mem[  176] = 000017b710500073 : 26075020132467
@@@ mem[  184] = 0af56863e5078793 : 789652087926917011
@@@ mem[  192] = e5078793000057b7 : 16503308424952436663
@@@ mem[  200] = 000015b70aa7e263 : 23875901973091
@@@ mem[  208] = ff850693e445a783 : 18412129883833870211
@@@ mem[  216] = 00d7fc630007a703 : 60794622125254403
@@@ mem[  224] = 00e7fc6300e6ee63 : 65298221767257699
@@@ mem[  232] = 0007a70300070793 : 2153956164175763
@@@ mem[  240] = fee7eae3fed7e8e3 : 18367907870207895779
@@@ mem[  248] = ffc52803fee6f8e3 : 18430181047710185699
@@@ mem[  256] = 00c6863300381613 : 55879598993839635
@@@ mem[  264] = 0047a60302c70263 : 20167255208165987
@@@ mem[  272] = 00361713fee52c23 : 15225023390624803
@@@ mem[  280] = 02e68a6300e78733 : 209006590540875571
@@@ mem[  288] = e4f5a22300d7a023 : 16498271081163366435
@@@ mem[  296] = 0047260300008067 : 20026517673246823
@@@ mem[  304] = 0106083300072703 : 73755459035014915
@@@ mem[  312] = 0047a603ff052e23 : 20167259440098851
@@@ mem[  320] = 00361713fee52c23 : 15225023390624803
@@@ mem[  328] = fce69ae300e78733 : 18223423241964717875
@@@ mem[  336] = ff852683ffc52703 : 18412164999947822851
@@@ mem[  344] = 00c70633e4f5a223 : 56020340319822371
@@@ mem[  352] = 00d7a02300c7a223 : 60693192190173731
@@@ mem[  360] = ff01011300008067 : 18374969135764373607
@@@ mem[  368] = 0011262300100513 : 4827006370841875
@@@ mem[  376] = f28080e700000097 : 17474108283823325335
@@@ mem[  384] = 14a7e463000047b7 : 1488409315722151863
@@@ mem[  392] = 00812c23fe010113 : 36358805092630803
@@@ mem[  400] = 00912a2300112e23 : 40860201436392995
@@@ mem[  408] = 0131262301212823 : 85891799681411107
@@@ mem[  416] = 0035779301412423 : 15049647030608931
@@@ mem[  424] = 0c079e6300050413 : 866835601331389459
@@@ mem[  432] = e444a783000014b7 : 16448455920146453687
@@@ mem[  440] = 0e07826300840913 : 1010920003089991955
@@@ mem[  448] = 004726830007a703 : 20027067429529347
@@@ mem[  456] = 000019b70886f063 : 28273912770659
@@@ mem[  464] = 0100006f00001a37 : 72058070779304503
@@@ mem[  472] = 004726830007a703 : 20027067429529347
@@@ mem[  480] = e444a6030686f463 : 16448454270988514403
@@@ mem[  488] = fee616e300070793 : 18367393294490994579
@@@ mem[  496] = 41278733e249a783 : 4694869793466591107
@@@ mem[  504] = e28a25030327e663 : 16323900494225860195
@@@ mem[  512] = 012507b3e2e9a223 : 82480637363724835
@@@ mem[  520] = 0085051300852223 : 37441751073759779
@@@ mem[  528] = 00000097e2fa2423 : 652348105763
@@@ mem[  536] = e444a783ea0080e7 : 16448455924072349927
@@@ mem[  544] = 01c12083fa079ce3 : 126418015750692067
@@@ mem[  552] = 0141248301812403 : 90393612608676867
@@@ mem[  560] = 00c1298301012903 : 54370313139464451
@@@ mem[  568] = 0000051300812a03 : 5579170982403
@@@ mem[  576] = 0000806702010113 : 141179903607059
@@@ mem[  584] = 412686b306d40c63 : 4694587765052148835
@@@ mem[  592] = 00d7222300369613 : 60554653715568147
@@@ mem[  600] = 0087222300c70733 : 38036655588181811
@@@ mem[  608] = 0181240301c12083 : 108407461366538371
@@@ mem[  616] = 01012903e4f4a223 : 72384165717516835
@@@ mem[  624] = 00c1298301412483 : 54370313143657603
@@@ mem[  632] = 0087051300812a03 : 38004701026920963
@@@ mem[  640] = 0000806702010113 : 141179903607059
@@@ mem[  648] = e444a783000014b7 : 16448455920146453687
@@@ mem[  656] = 00440413ffc57413 : 19144782358344723
@@@ mem[  664] = f20792e300840913 : 17440069585679419667
@@@ mem[  672] = e4878713000017b7 : 16467279078177642423
@@@ mem[  680] = 00e72023e4e4a223 : 65056058156294691
@@@ mem[  688] = 0000069300072223 : 7228430426659
@@@ mem[  696] = f0dff06fe4878793 : 17356855852275304339
@@@ mem[  704] = 00d7a02300072683 : 60693192177559171
@@@ mem[  712] = 00000513f99ff06f : 5583350526063
@@@ mem[  720] = ff01011300008067 : 18374969135764373607
@@@ mem[  728] = 0081242300112623 : 36350004739253795
@@@ mem[  736] = 0005049300912223 : 1412404299768355
@@@ mem[  744] = e98080e700000097 : 16825589937481973911
@@@ mem[  752] = 0000059300048613 : 6128918627859
@@@ mem[  760] = 0000109700050413 : 18240726434835
@@@ mem[  768] = 00c120839ec080e7 : 54360420181377255
@@@ mem[  776] = 0081240300040513 : 36349867299439891
@@@ mem[  784] = 0101011300412483 : 72340250134914179
@@@ mem[  792] = 000017b700008067 : 26074746486887
@@@ mem[  800] = 00157713e207a503 : 6041901791159555
@@@ mem[  808] = 0007086300155513 : 1979546133157139
@@@ mem[  816] = 400707130000b737 : 4613664121450182455
@@@ mem[  824] = e2a7a02300e54533 : 16332198645881718067
@@@ mem[  832] = fff5479300008067 : 18443726545651531879
@@@ mem[  840] = 00f5753341f7d793 : 69090232304654227
@@@ mem[  848] = 08f0546300008067 : 644107530892509287
@@@ mem[  856] = 0027979300271e13 : 11144181710265875
@@@ mem[  864] = 0006889340e00fb3 : 1839015890259891
@@@ mem[  872] = 01c50e3300058e93 : 127523776656412307
@@@ mem[  880] = 002f9f9300f68f33 : 13404777630568243
@@@ mem[  888] = 000ea58300100293 : 4122631734297235
@@@ mem[  896] = 0006051301fe07b3 : 1694429056206771
@@@ mem[  904] = 02e0526300b8a023 : 207256168026382371
@@@ mem[  912] = 000523030007a683 : 1445870675928707
@@@ mem[  920] = 0045051300478793 : 19427352560240531
@@@ mem[  928] = 00d585b3026686b3 : 60101173925283507
@@@ mem[  936] = ffc792e300b8a023 : 18430861503704375331
@@@ mem[  944] = 00581c6300080463 : 24801009478403171
@@@ mem[  952] = fff7c6930008a783 : 18444429133582215043
@@@ mem[  960] = 00d7f7b341f6d693 : 60789469270693523
@@@ mem[  968] = 0048889300f8a023 : 20416363281031203
@@@ mem[  976] = 014e0e13004e8e93 : 94028116993674899
@@@ mem[  984] = 00008067fbe892e3 : 141184096309987
@@@ mem[  992] = 0025959304b05263 : 10579032809689699
@@@ mem[ 1000] = 0000b5b700b50633 : 199797595506227
@@@ mem[ 1008] = 4005859300001737 : 4613240259717633847
@@@ mem[ 1016] = 0017f693e2072783 : 6745039477090179
@@@ mem[ 1024] = 000684630017d793 : 1834410598455187
@@@ mem[ 1032] = e2f7202300b7c7b3 : 16354575906527233971
@@@ mem[ 1040] = ffb7879300f7f793 : 18426345465855866771
@@@ mem[ 1048] = 0045051300f52023 : 19427352571617315
@@@ mem[ 1056] = 00008067fca61ce3 : 141184108731619
@@@ mem[ 1064] = 0026969308d05663 : 10861607367235171
@@@ mem[ 1072] = 000508930000b337 : 1416802336813879
@@@ mem[ 1080] = 00d58e3300058813 : 60110519734208531
@@@ mem[ 1088] = 4003031300001537 : 4612533823496787255
@@@ mem[ 1096] = 0017f713e2052783 : 6745589232772995
@@@ mem[ 1104] = 000704630017d793 : 1975148086810515
@@@ mem[ 1112] = e2f520230067c7b3 : 16354012956568569779
@@@ mem[ 1120] = ffb7879300f7f793 : 18426345465855866771
@@@ mem[ 1128] = 02c05e6300f82023 : 198262162915336227
@@@ mem[ 1136] = 00088593e2052783 : 2398670012360579
@@@ mem[ 1144] = 0017f71300000693 : 6745585440786067
@@@ mem[ 1152] = 0017d79300168693 : 6710950825985683
@@@ mem[ 1160] = 0067c7b300070463 : 29211494214730851
@@@ mem[ 1168] = ffb7071300f7f713 : 18426204178611697427
@@@ mem[ 1176] = 0045859300e5a023 : 19568639814770723
@@@ mem[ 1184] = e2f52023fcd61ee3 : 16354012960803659491
@@@ mem[ 1192] = 0148889300480813 : 92473957307385875
@@@ mem[ 1200] = 00008067f9c81ce3 : 141184060628195
@@@ mem[ 1208] = 0005081300100793 : 1416252582004627
@@@ mem[ 1216] = 0045069302b7dc63 : 19429001868598371
@@@ mem[ 1224] = 0000051300100713 : 5579163567891
@@@ mem[ 1232] = 00f807b300251793 : 69814259607213971
@@@ mem[ 1240] = 0007a7830006a603 : 2154505919964675
@@@ mem[ 1248] = 00c7d46300468693 : 56247042036893331
@@@ mem[ 1256] = 0017071300070513 : 6481702650578195
@@@ mem[ 1264] = 00008067fee590e3 : 141184146444515
@@@ mem[ 1272] = 0000806700000513 : 141179869988115
@@@ mem[ 1280] = 00080e93fb010113 : 2267828547813651
@@@ mem[ 1288] = 03412e2305412803 : 234519383546865667
@@@ mem[ 1296] = 0018131305012a03 : 6776371850324483
@@@ mem[ 1304] = 4113033301d30333 : 4689095154631639859
@@@ mem[ 1312] = 0007049304912423 : 1975354320299043
@@@ mem[ 1320] = 03612a2341435733 : 243522185761871667
@@@ mem[ 1328] = 0521222304812623 : 369614178215863843
@@@ mem[ 1336] = 03512c2305312023 : 239020784149930019
@@@ mem[ 1344] = 0381262303712823 : 252524985932916771
@@@ mem[ 1352] = 03a1222303912423 : 261527787143242787
@@@ mem[ 1360] = 00f12a2303b12023 : 67881799261429795
@@@ mem[ 1368] = 05812b0300e12823 : 396645534084966435
@@@ mem[ 1376] = 0017079316f05663 : 6482252790781539
@@@ mem[ 1384] = 0027979300f12c23 : 11144181723507747
@@@ mem[ 1392] = 0541278300f12e23 : 378627287285837347
@@@ mem[ 1400] = 00060c1300088813 : 1702125604734995
@@@ mem[ 1408] = 00058a9340f007b3 : 1559739937851315
@@@ mem[ 1416] = 00068d1300050913 : 1843962604488979
@@@ mem[ 1424] = 00f1262300012223 : 67877401153053219
@@@ mem[ 1432] = 0101278300100c93 : 72382512609889427
@@@ mem[ 1440] = 01c127831007c663 : 126425708406228579
@@@ mem[ 1448] = 000d0d9300c12983 : 3674099721251203
@@@ mem[ 1456] = 0541278301a78bb3 : 378627287297788851
@@@ mem[ 1464] = 40f802b300012423 : 4681494780474106915
@@@ mem[ 1472] = 000d851300c12883 : 3805491360770179
@@@ mem[ 1480] = 00f52023000aa783 : 68996703990753155
@@@ mem[ 1488] = 0028931308905863 : 11420709025765475
@@@ mem[ 1496] = 00000f13006c0333 : 16574285873971
@@@ mem[ 1504] = 0700566300000e13 : 504498141467250195
@@@ mem[ 1512] = 012f05b300052603 : 85293184300951043
@@@ mem[ 1520] = 0027179300098713 : 11003444219971347
@@@ mem[ 1528] = 0027979300e787b3 : 11144181722875827
@@@ mem[ 1536] = 0000079300678fb3 : 8327948373939
@@@ mem[ 1544] = 02074663011786b3 : 146162903946856115
@@@ mem[ 1552] = 03d752630206c463 : 276780487295812707
@@@ mem[ 1560] = 007f843300279393 : 35892676623045523
@@@ mem[ 1568] = 01d6da63007583b3 : 132533357798327219
@@@ mem[ 1576] = 0003a38300042683 : 1024207966447235
@@@ mem[ 1584] = 00d60633027686b3 : 60242461170501299
@@@ mem[ 1592] = 0017879300c52023 : 6622989907206179
@@@ mem[ 1600] = 00170713fcf814e3 : 6481706894234851
@@@ mem[ 1608] = fa5714e301458593 : 18038909797667276179
@@@ mem[ 1616] = 06430313001e0e13 : 451207767808413203
@@@ mem[ 1624] = f9c494e3064f0f13 : 17997673713663676179
@@@ mem[ 1632] = 019b1c63000b0463 : 115717426956141667
@@@ mem[ 1640] = fff7c71300052783 : 18444429683337799555
@@@ mem[ 1648] = 00e7f7b341f75713 : 65293068898096915
@@@ mem[ 1656] = 0045051300f52023 : 19427352571617315
@@@ mem[ 1664] = f57512e3014888b3 : 17687063877755898035
@@@ mem[ 1672] = 0181270300812783 : 108410759880451971
@@@ mem[ 1680] = 00178793014b8b93 : 6622989916015507
@@@ mem[ 1688] = 014d8d9300f12423 : 93886829760160803
@@@ mem[ 1696] = 014989b3014282b3 : 92756669251093171
@@@ mem[ 1704] = 00412783f0e79ce3 : 18339321122102499
@@@ mem[ 1712] = 004a8a9301412703 : 20981512262461187
@@@ mem[ 1720] = 00f1222300178793 : 67873003108009875
@@@ mem[ 1728] = 064d0d131f490913 : 454033513214707987
@@@ mem[ 1736] = 04c12403ecf71ae3 : 342594645935987427
@@@ mem[ 1744] = 0441290304812483 : 306571342575117443
@@@ mem[ 1752] = 03c12a0304012983 : 270543645059393923
@@@ mem[ 1760] = 03412b0303812a83 : 234515947543669379
@@@ mem[ 1768] = 02c12c0303012b83 : 198488250027944835
@@@ mem[ 1776] = 02412d0302812c83 : 162460552512220291
@@@ mem[ 1784] = 0501011302012d83 : 360570626315988355
@@@ mem[ 1792] = 0018131300008067 : 6776371766394983
@@@ mem[ 1800] = 00d30333fd010113 : 59394741908865299
@@@ mem[ 1808] = 40e3033301412e23 : 4675584355739971107
@@@ mem[ 1816] = 0291242302812623 : 184968792483374627
@@@ mem[ 1824] = 0331202303212223 : 230000390721053219
@@@ mem[ 1832] = 01612a2301512c23 : 99406996613180451
@@@ mem[ 1840] = 0181262301712823 : 108409797823506467
@@@ mem[ 1848] = 01a1222301912423 : 117412599033832483
@@@ mem[ 1856] = 0ec05e6340f35a33 : 1062953292443900467
@@@ mem[ 1864] = 0027929302e70bb3 : 11138684198259635
@@@ mem[ 1872] = 0027949300f287b3 : 11140883188713395
@@@ mem[ 1880] = 0007081300088693 : 1979202534934163
@@@ mem[ 1888] = 00058b1300060c93 : 1560288604589203
@@@ mem[ 1896] = 40900c3300050a93 : 4652231828256918163
@@@ mem[ 1904] = 001a0f9300000d13 : 7335473429089555
@@@ mem[ 1912] = 0a0a4a6300100893 : 723472479209654419
@@@ mem[ 1920] = 00000393000b0993 : 3929895799187
@@@ mem[ 1928] = 0000091300000413 : 9977209029651
@@@ mem[ 1936] = 0009859301538eb3 : 2680141219335859
@@@ mem[ 1944] = 0e06886300000f13 : 1010645125174398739
@@@ mem[ 1952] = 070054630d168a63 : 504495942663572067
@@@ mem[ 1960] = 00000313000e8e13 : 3380140215827
@@@ mem[ 1968] = 00000793000e0713 : 8327942506259
@@@ mem[ 1976] = 011698630200006f : 78417594528301167
@@@ mem[ 1984] = 00c506330005a503 : 55457386525467907
@@@ mem[ 1992] = 0017879300c5a023 : 6622989907238947
@@@ mem[ 2000] = 0307d46300470713 : 218376628622264083
@@@ mem[ 2008] = fe0690e300072603 : 18304477040126404099
@@@ mem[ 2016] = 00c554630005a503 : 55543354590864643
@@@ mem[ 2024] = 00a5a02300060513 : 46619443341952275
@@@ mem[ 2032] = 0047071300178793 : 19992501533771667
@@@ mem[ 2040] = 00130313ff07c0e3 : 5351408975462627
@@@ mem[ 2048] = fb0346e3014e0e13 : 18087378469243457043
@@@ mem[ 2056] = 001f0f1309168e63 : 8742298709298787
@@@ mem[ 2064] = 005e8eb300458593 : 26615547265648019
@@@ mem[ 2072] = 00190913f9ff12e3 : 7046855821038307
@@@ mem[ 2080] = 0184043301498993 : 109216908075174291
@@@ mem[ 2088] = f7f912e3009383b3 : 17868333762745697203
@@@ mem[ 2096] = 064b0b13001d0d13 : 453468363715054867
@@@ mem[ 2104] = f5ac90e3064a8a93 : 17702683540024101523
@@@ mem[ 2112] = 0281248302c12403 : 180465605177058307
@@@ mem[ 2120] = 0201298302412903 : 144442305707845891
@@@ mem[ 2128] = 01812a8301c12a03 : 108414608192121347
@@@ mem[ 2136] = 01012b8301412b03 : 72386910676396803
@@@ mem[ 2144] = 00812c8300c12c03 : 36359213160672259
@@@ mem[ 2152] = 0301011300412d03 : 216455438210772227
@@@ mem[ 2160] = 0005a02300008067 : 1583447067885671
@@@ mem[ 2168] = f30046e300000793 : 17510073291988010899
@@@ mem[ 2176] = 00f5a023417787b3 : 69137442576762803
@@@ mem[ 2184] = 008e87b3f85ff06f : 40118653728845935
@@@ mem[ 2192] = 0007a783007787b3 : 2154505927362483
@@@ mem[ 2200] = f10046e300f5a023 : 17365958103928250403
@@@ mem[ 2208] = 0005a783f6dff06f : 1591560107978863
@@@ mem[ 2216] = 00f5a023417787b3 : 69137442576762803
@@@ mem[ 2224] = 08b05263f5dff06f : 626090937484832879
@@@ mem[ 2232] = e20fa78300001fb7 : 16289422558304935863
@@@ mem[ 2240] = 0000b8b740c00333 : 203097204851507
@@@ mem[ 2248] = 00261f1300050e13 : 10730215580175891
@@@ mem[ 2256] = 0000071300231313 : 7778188071699
@@@ mem[ 2264] = 4008889300000e93 : 4614087983182646931
@@@ mem[ 2272] = 01cf053304c05263 : 130328630898217571
@@@ mem[ 2280] = 0065073300000813 : 28436888272504851
@@@ mem[ 2288] = 0017d7930017f693 : 6710950826079891
@@@ mem[ 2296] = 0117c7b300068463 : 78751090115773539
@@@ mem[ 2304] = ffb6869300f7f693 : 18426062891367528083
@@@ mem[ 2312] = 0047071300d72023 : 19992501546328099
@@@ mem[ 2320] = 00180813fee510e3 : 6764281414881507
@@@ mem[ 2328] = fd0618e301450513 : 18232287504713975059
@@@ mem[ 2336] = 001e8e9300100713 : 8601011313706771
@@@ mem[ 2344] = fbd59ae3064e0e13 : 18146580573413314067
@@@ mem[ 2352] = e2ffa02300070463 : 16356968443817690211
@@@ mem[ 2360] = 0ed0586300008067 : 1067450293911847015
@@@ mem[ 2368] = 00269793ff010113 : 10862711009247507
@@@ mem[ 2376] = 008126230000b337 : 36352203761431351
@@@ mem[ 2384] = 00060f9300050f13 : 1705973895204627
@@@ mem[ 2392] = 0005829300070513 : 1550942755816723
@@@ mem[ 2400] = 000013b700f58433 : 21676716033075
@@@ mem[ 2408] = e203a78340030313 : 16286044859658339091
@@@ mem[ 2416] = 0017d7930017f713 : 6710950826080019
@@@ mem[ 2424] = 0067c7b300070463 : 29211494214730851
@@@ mem[ 2432] = 00f7f793e2f3a023 : 69796533787402275
@@@ mem[ 2440] = 00f2a023ffb78793 : 68293020838496147
@@@ mem[ 2448] = e203a78309f05263 : 16286044858751144547
@@@ mem[ 2456] = 0000071300000e93 : 7778185776787
@@@ mem[ 2464] = 04a05e6300000e13 : 333370151720193555
@@@ mem[ 2472] = 0000089301df0833 : 9427484608563
@@@ mem[ 2480] = 0000059300080693 : 6128918857363
@@@ mem[ 2488] = 000605930080006f : 1694978786984047
@@@ mem[ 2496] = 001586130017f713 : 6058390674994963
@@@ mem[ 2504] = 000704630017d793 : 1975148086810515
@@@ mem[ 2512] = 00f7f7130067c7b3 : 69795980230772659
@@@ mem[ 2520] = 00e6a023ffb70713 : 64915321117935379
@@@ mem[ 2528] = fcc51ce300468693 : 18213996029257614995
@@@ mem[ 2536] = 0148081300188713 : 92332670060103443
@@@ mem[ 2544] = 0007089300b88663 : 1979752302282339
@@@ mem[ 2552] = 00100713fb9ff06f : 4511382034706543
@@@ mem[ 2560] = 064e8e93001e0e13 : 454457374424305171
@@@ mem[ 2568] = 00070463f9cf9ee3 : 1975152276381411
@@@ mem[ 2576] = 00428293e2f3a023 : 18720920142323747
@@@ mem[ 2584] = f48298e31f4f0f13 : 17618812793477074707
@@@ mem[ 2592] = 0101011300c12403 : 72340250143302659
@@@ mem[ 2600] = 0000806700008067 : 141179870019687
@@@ mem[ 2608] = ff01011308b05863 : 18374969135910115427
@@@ mem[ 2616] = 02c6043300812623 : 199851850562872867
@@@ mem[ 2624] = 0026139340c00e33 : 10717572282453555
@@@ mem[ 2632] = 00050f13002e1e93 : 1423949165371027
@@@ mem[ 2640] = 00000293007683b3 : 2830391215027
@@@ mem[ 2648] = 003e1e1300000f93 : 17484515509276563
@@@ mem[ 2656] = 0022951304c05263 : 9734058124792419
@@@ mem[ 2664] = 000f089300750533 : 4231552111543603
@@@ mem[ 2672] = 01d5033300000813 : 132015281655515155
@@@ mem[ 2680] = 0008871300030793 : 2400315488012179
@@@ mem[ 2688] = 0047879300072683 : 20133788776867459
@@@ mem[ 2696] = fed7ae2300470713 : 18363337470978230035
@@@ mem[ 2704] = 00180813fea798e3 : 6764281410853091
@@@ mem[ 2712] = 41c3053301488893 : 4738636949546895507
@@@ mem[ 2720] = 001f8f93fd061ae3 : 8883590046030563
@@@ mem[ 2728] = 008282b3064f0f13 : 36735452388986643
@@@ mem[ 2736] = 00c12403fbf598e3 : 54364270035835107
@@@ mem[ 2744] = 0000806701010113 : 141179886829843
@@@ mem[ 2752] = 8101011300008067 : 9295712286985453671
@@@ mem[ 2760] = 7e812423000017b7 : 9115606853517055927
@@@ mem[ 2768] = 7f2120237e912223 : 9160638453867684387
@@@ mem[ 2776] = fffff9377d312e23 : 18446736615451733539
@@@ mem[ 2784] = 7d512a237d412c23 : 9030045059768200227
@@@ mem[ 2792] = 7d7126237d612823 : 9039047860978526243
@@@ mem[ 2800] = 7d9122237d812423 : 9048050662188852259
@@@ mem[ 2808] = e70787137e112623 : 16647423065387509283
@@@ mem[ 2816] = 0027073395010113 : 10985442216313107
@@@ mem[ 2824] = 009704b325490493 : 42507888954508435
@@@ mem[ 2832] = 00270733e7078713 : 10985443592472339
@@@ mem[ 2840] = 01870c331dc90c13 : 110070129576446995
@@@ mem[ 2848] = 00270733e7078713 : 10985443592472339
@@@ mem[ 2856] = 01770bb363c90b93 : 105565981367667603
@@@ mem[ 2864] = 00270733e7078713 : 10985443592472339
@@@ mem[ 2872] = 01670b3344890b13 : 101061831460195091
@@@ mem[ 2880] = 00270733e7078713 : 10985443592472339
@@@ mem[ 2888] = 008704331b490413 : 38003739403551763
@@@ mem[ 2896] = 00270733e7078713 : 10985443592472339
@@@ mem[ 2904] = 1f090a131a090a93 : 2236329767123618451
@@@ mem[ 2912] = 00001cb700300993 : 31572307741075
@@@ mem[ 2920] = 01470a3301570ab3 : 92053531566475955
@@@ mem[ 2928] = 0050059300500613 : 22524127060428307
@@@ mem[ 2936] = 0000009700048513 : 648540357907
@@@ mem[ 2944] = 00200713d38080e7 : 9014980988928231
@@@ mem[ 2952] = 0050061300500693 : 22524676816242323
@@@ mem[ 2960] = 000b8513000c0593 : 3242541395477907
@@@ mem[ 2968] = da4080e700000097 : 15726711628403572887
@@@ mem[ 2976] = 0061242300200313 : 27342805485486867
@@@ mem[ 2984] = 0061202300100313 : 27338407437927187
@@@ mem[ 2992] = 0050081300200893 : 22526875836352659
@@@ mem[ 3000] = 0050071300500793 : 22525776327870355
@@@ mem[ 3008] = 00048613000b0693 : 1273316070065811
@@@ mem[ 3016] = 000b8513000c0593 : 3242541395477907
@@@ mem[ 3024] = 0000009700012223 : 648540135971
@@@ mem[ 3032] = 0020079392c080e7 : 9015529658417383
@@@ mem[ 3040] = 0000089300200713 : 9427455313683
@@@ mem[ 3048] = 0050061300000813 : 22524676810999827
@@@ mem[ 3056] = 000b051300048593 : 3101803906631059
@@@ mem[ 3064] = 0000009700400693 : 648544257683
@@@ mem[ 3072] = 00100613b08080e7 : 4510281262727399
@@@ mem[ 3080] = 0004069300500593 : 1133128342046099
@@@ mem[ 3088] = 0000009700048513 : 648540357907
@@@ mem[ 3096] = e20ca783e1c080e7 : 16288578137162285287
@@@ mem[ 3104] = 000407130000b5b7 : 1133678092662199
@@@ mem[ 3112] = 4005859301440613 : 4613240259738863123
@@@ mem[ 3120] = 0017d7930017f693 : 6710950826079891
@@@ mem[ 3128] = 00b7c7b300068463 : 51729492351550563
@@@ mem[ 3136] = ffb6869300f7f693 : 18426062891367528083
@@@ mem[ 3144] = 0047071300d72023 : 19992501546328099
@@@ mem[ 3152] = 00500693fec710e3 : 22525230841270499
@@@ mem[ 3160] = 000a859300500613 : 2961616179037715
@@@ mem[ 3168] = e2fca023000a0513 : 16356124018887755027
@@@ mem[ 3176] = 7c0080e7fffff097 : 8935283394623828119
@@@ mem[ 3184] = e706061300001637 : 16646999751295768119
@@@ mem[ 3192] = 1c89069300260633 : 2056181933303793203
@@@ mem[ 3200] = fff9899300d606b3 : 18444925013339801267
@@@ mem[ 3208] = 0050079300000813 : 22526326078441491
@@@ mem[ 3216] = 0004061300500713 : 1132578586232595
@@@ mem[ 3224] = 000a0513000a8593 : 2820328930313619
@@@ mem[ 3232] = 6b4080e7fffff097 : 7728318694488535191
@@@ mem[ 3240] = 6b010113ec0994e3 : 7710445222111057123
@@@ mem[ 3248] = 7e8124037ec12083 : 9115606718204682371
@@@ mem[ 3256] = 7e0129037e412483 : 9079583418735469699
@@@ mem[ 3264] = 7d812a037dc12983 : 9043555721219746179
@@@ mem[ 3272] = 7d012b037d412a83 : 9007528023704021635
@@@ mem[ 3280] = 7c812c037cc12b83 : 8971500326188297091
@@@ mem[ 3288] = 000005137c412c83 : 5581247163523
@@@ mem[ 3296] = 000080677f010113 : 141182000759059
@@@ mem[ 3304] = 0005071300f00313 : 1415153085055763
@@@ mem[ 3312] = 00f7779302c37e63 : 69655792537796195
@@@ mem[ 3320] = 080592630a079063 : 578029081254662243
@@@ mem[ 3328] = 00f67613ff067693 : 69372672525891219
@@@ mem[ 3336] = 00b7202300e686b3 : 51545255449102003
@@@ mem[ 3344] = 00b7242300b72223 : 51549653492507171
@@@ mem[ 3352] = 0107071300b72623 : 74035697072678435
@@@ mem[ 3360] = 00061463fed766e3 : 1711269570111203
@@@ mem[ 3368] = 40c306b300008067 : 4666581004754911335
@@@ mem[ 3376] = 0000029700269693 : 2847565846163
@@@ mem[ 3384] = 00c68067005686b3 : 55873225264367283
@@@ mem[ 3392] = 00b706a300b70723 : 51517217899480867
@@@ mem[ 3400] = 00b705a300b70623 : 51516118387852835
@@@ mem[ 3408] = 00b704a300b70523 : 51515018876224803
@@@ mem[ 3416] = 00b703a300b70423 : 51513919364596771
@@@ mem[ 3424] = 00b702a300b70323 : 51512819852968739
@@@ mem[ 3432] = 00b701a300b70223 : 51511720341340707
@@@ mem[ 3440] = 00b700a300b70123 : 51510620829712675
@@@ mem[ 3448] = 0000806700b70023 : 141179881979939
@@@ mem[ 3456] = 008596930ff5f593 : 37601730274653587
@@@ mem[ 3464] = 0105969300d5e5b3 : 73630527039858099
@@@ mem[ 3472] = f6dff06f00d5e5b3 : 17789201412682802611
@@@ mem[ 3480] = 0000029700279693 : 2847565911699
@@@ mem[ 3488] = 00008293005686b3 : 143567877473971
@@@ mem[ 3496] = 00028093fa0680e7 : 704322996699367
@@@ mem[ 3504] = 40f70733ff078793 : 4681218257578330003
@@@ mem[ 3512] = f6c378e300f60633 : 17781188670157882931
@@@ mem[ 3520] = 00000000f3dff06f : 4091539567
@@@
@@@ mem[ 3616] = 000040000000248b : 70368744187019
@@@ mem[ 3624] = 0000000000000e50 : 3664
@@@
@@@ mem[61712] = 0000000500000000 : 21474836480
@@@ mem[61720] = 0000000000000002 : 2
@@@ mem[61728] = 0000000500000001 : 21474836481
@@@ mem[61736] = 0000000800000002 : 34359738370
@@@
@@@ mem[61752] = 0000f1ac00001000 : 265721036673024
@@@ mem[61760] = 0000f4180000f60c : 268383916455436
@@@ mem[61768] = 0000f1c00000f170 : 265806936076656
@@@ mem[61776] = fffff00000000001 : 18446726481523507201
@@@ mem[61784] = 0000f1840000f224 : 265549238039076
@@@ mem[61792] = 0000000000000001 : 1
@@@ mem[61800] = 0000000000000002 : 2
@@@ mem[61808] = 00000007fffffffb : 34359738363
@@@ mem[61816] = fffffffb0000000a : 18446744052234715146
@@@ mem[61824] = 0000000800000000 : 34359738368
@@@ mem[61832] = fffffffe00000001 : 18446744065119617025
@@@ mem[61840] = fffffffbfffffffc : 18446744056529682428
@@@ mem[61848] = 000000000000000c : 12
@@@ mem[61856] = 000000000000007c : 124
@@@ mem[61864] = 0000000900000000 : 38654705664
@@@ mem[61872] = fffffffb00000009 : 18446744052234715145
@@@ mem[61880] = ffffffff00000003 : 18446744069414584323
@@@ mem[61888] = 0000000700000003 : 30064771075
@@@ mem[61896] = fffffffe00000001 : 18446744065119617025
@@@ mem[61904] = 0000000100000004 : 4294967300
@@@ mem[61912] = 0000000800000006 : 34359738374
@@@ mem[61920] = 0000000a00000009 : 42949672969
@@@ mem[61928] = 0000000a0000000a : 42949672970
@@@ mem[61936] = fffffffe00000002 : 18446744065119617026
@@@ mem[61944] = 00000003fffffffc : 17179869180
@@@ mem[61952] = 00000005ffffffff : 25769803775
@@@ mem[61960] = 0000000500000000 : 21474836480
@@@ mem[61968] = 00000004fffffffd : 21474836477
@@@ mem[61976] = 0000000100000007 : 4294967303
@@@ mem[61984] = 0000009e00000006 : 678604832774
@@@ mem[61992] = 00000003fffffffb : 17179869179
@@@ mem[62000] = 00000005ffffffff : 25769803775
@@@ mem[62008] = 0000000100000008 : 4294967304
@@@ mem[62016] = 0000000000000006 : 6
@@@ mem[62024] = fffffffcfffffffd : 18446744060824649725
@@@ mem[62032] = 0000000700000003 : 30064771075
@@@ mem[62040] = fffffffe00000001 : 18446744065119617025
@@@ mem[62048] = fffffffbfffffffc : 18446744056529682428
@@@ mem[62056] = ffffffff00000003 : 18446744069414584323
@@@ mem[62064] = 0000000000000005 : 5
@@@ mem[62072] = 00000004fffffffd : 21474836477
@@@ mem[62080] = 00000005ffffffff : 25769803775
@@@ mem[62088] = 0000000500000188 : 21474836872
@@@ mem[62096] = 0000000100000008 : 4294967304
@@@ mem[62104] = fffffffcfffffffe : 18446744060824649726
@@@ mem[62112] = 0000000700000003 : 30064771075
@@@ mem[62120] = 0000000200000009 : 8589934601
@@@ mem[62128] = 0000000800000006 : 34359738374
@@@ mem[62136] = 0000000600000001 : 25769803777
@@@ mem[62144] = 0000000900000008 : 38654705672
@@@ mem[62152] = 000000020000000a : 8589934602
@@@ mem[62160] = fffffffcfffffffe : 18446744060824649726
@@@ mem[62168] = 00000003fffffffb : 17179869179
@@@ mem[62176] = 0000000100000007 : 4294967303
@@@ mem[62184] = 0000009ffffffffe : 687194767358
@@@ mem[62192] = ffffffff00000003 : 18446744069414584323
@@@ mem[62200] = 00000004fffffffd : 21474836477
@@@ mem[62208] = 00000005ffffffff : 25769803775
@@@ mem[62216] = 0000000500000000 : 21474836480
@@@ mem[62224] = 0000000100000008 : 4294967304
@@@ mem[62232] = 0000000000000006 : 6
@@@ mem[62240] = 0000000800000005 : 34359738373
@@@ mem[62248] = fffffffe00000001 : 18446744065119617025
@@@ mem[62256] = 0000000700000004 : 30064771076
@@@ mem[62264] = 0000000600000001 : 25769803777
@@@ mem[62272] = 0000000100000008 : 4294967304
@@@ mem[62280] = 0000000800000006 : 34359738374
@@@ mem[62288] = 0000000a00000100 : 42949673216
@@@ mem[62296] = 000000020000000a : 8589934602
@@@ mem[62304] = fffffffcfffffffe : 18446744060824649726
@@@ mem[62312] = ffffffff00000003 : 18446744069414584323
@@@ mem[62320] = fffffffcfffffffd : 18446744060824649725
@@@ mem[62328] = 00000003fffffffb : 17179869179
@@@ mem[62336] = 00000005ffffffff : 25769803775
@@@ mem[62344] = 0000000900000008 : 38654705672
@@@ mem[62352] = fffffffe00000002 : 18446744065119617026
@@@ mem[62360] = 0000000700000004 : 30064771076
@@@ mem[62368] = 0000000200000009 : 8589934601
@@@ mem[62376] = fffffffcfffffffe : 18446744060824649726
@@@ mem[62384] = 00000091fffffffb : 627065225211
@@@ mem[62392] = 00000003fffffffb : 17179869179
@@@ mem[62400] = 00000005ffffffff : 25769803775
@@@ mem[62408] = 0000000500000000 : 21474836480
@@@ mem[62416] = fffffffd00000000 : 18446744060824649728
@@@ mem[62424] = 00000003fffffffc : 17179869180
@@@ mem[62432] = 0000000100000007 : 4294967303
@@@ mem[62440] = 0000000000000006 : 6
@@@ mem[62448] = 00000004fffffffd : 21474836477
@@@ mem[62456] = fffffffdffffffff : 18446744065119617023
@@@ mem[62464] = ffffffff00000004 : 18446744069414584324
@@@ mem[62472] = 0000000000000005 : 5
@@@ mem[62480] = 0000000800000005 : 34359738373
@@@ mem[62488] = 0000006b0000009a : 459561500826
@@@
@@@ mem[62504] = 0000009e00000000 : 678604832768
@@@ mem[62512] = 0000000000000027 : 39
@@@
@@@ mem[62584] = 000000aa00000000 : 730144440320
@@@ mem[62592] = 0000000000000188 : 392
@@@
@@@ mem[62608] = 00000183000000bf : 1662152343743
@@@
@@@ mem[62688] = 00000059ffffffdc : 386547056604
@@@
@@@ mem[62704] = 0000004900000000 : 313532612608
@@@ mem[62712] = 000000000000009f : 159
@@@
@@@ mem[62784] = 000000bb00000000 : 803158884352
@@@ mem[62792] = 0000000000000100 : 256
@@@
@@@ mem[62808] = 0000009600000030 : 644245094448
@@@
@@@ mem[62888] = ffffffccffffff98 : 18446743854666219416
@@@
@@@ mem[62904] = 0000002800000000 : 171798691840
@@@ mem[62912] = 0000000000000091 : 145
@@@
@@@ mem[62984] = 0000000200000000 : 8589934592
@@@ mem[62992] = 0000000000000006 : 6
@@@
@@@ mem[63008] = fffffffd00000000 : 18446744060824649728
@@@
@@@ mem[63088] = fffffffbfffffffc : 18446744056529682428
@@@
@@@ mem[63104] = 0000000300000000 : 12884901888
@@@ mem[63112] = 0000000000000007 : 7
@@@
@@@ mem[63184] = 0000000100000000 : 4294967296
@@@ mem[63192] = 0000000000000006 : 6
@@@
@@@ mem[63208] = 0000000500000000 : 21474836480
@@@
@@@ mem[63288] = 0000000100000008 : 4294967304
@@@
@@@ mem[63304] = fffffffe00000000 : 18446744065119617024
@@@ mem[63312] = 00000000fffffffc : 4294967292
@@@
@@@ mem[63384] = fffffffb00000000 : 18446744052234715136
@@@ mem[63392] = 00000000fffffffb : 4294967291
@@@
@@@ mem[63408] = 0000000700000003 : 30064771075
@@@
@@@ mem[63488] = 0000000a0000000a : 42949672970
@@@
@@@ mem[63504] = 0000000a00000000 : 42949672960
@@@ mem[63512] = 000000000000000a : 10
@@@
@@@ mem[63584] = 0000000a00000000 : 42949672960
@@@ mem[63592] = 000000000000000a : 10
@@@
@@@ mem[63608] = 0000000a0000000a : 42949672970
@@@
@@@ mem[63688] = 0000000a0000000a : 42949672970
@@@
@@@ mem[63704] = 0000000200000000 : 8589934592
@@@ mem[63712] = 0000000000000006 : 6
@@@
@@@ mem[63784] = 0000000800000000 : 34359738368
@@@ mem[63792] = 0000000000000001 : 1
@@@
@@@ mem[63808] = fffffffcfffffffe : 18446744060824649726
@@@
@@@ mem[63888] = fffffffbfffffffb : 18446744056529682427
@@@
@@@ mem[63904] = fffffffb00000000 : 18446744052234715136
@@@ mem[63912] = 00000000fffffffb : 4294967291
@@@
@@@ mem[63984] = 0000000300000000 : 12884901888
@@@ mem[63992] = 00000000ffffffff : 4294967295
@@@
@@@ mem[64008] = 0000000000000005 : 5
@@@
@@@ mem[64088] = 0000000800000005 : 34359738373
@@@
@@@ mem[64104] = 0000000900000000 : 38654705664
@@@ mem[64112] = 000000000000000a : 10
@@@
@@@ mem[64184] = 0000000200000000 : 8589934592
@@@ mem[64192] = 00000000fffffffe : 4294967294
@@@
@@@ mem[64208] = 00000003fffffffc : 17179869180
@@@
@@@ mem[64288] = fffffffdffffffff : 18446744065119617023
@@@
@@@ mem[64304] = 0000000400000000 : 17179869184
@@@ mem[64312] = 00000000ffffffff : 4294967295
@@@
@@@ mem[64384] = 0000000500000000 : 21474836480
@@@
@@@ mem[64408] = fffffffcfffffffd : 18446744060824649725
@@@
@@@ mem[64488] = fffffffdffffffff : 18446744065119617023
@@@
@@@ mem[64504] = 0000000400000000 : 17179869184
@@@ mem[64512] = 0000000000000007 : 7
@@@
@@@ mem[64584] = 0000000100000000 : 4294967296
@@@ mem[64592] = 00000000fffffffe : 4294967294
@@@
@@@ mem[64608] = 0000000700000004 : 30064771076
@@@
@@@ mem[64688] = 0000000200000009 : 8589934601
@@@
@@@ mem[64704] = 0000000600000000 : 25769803776
@@@ mem[64712] = 0000000000000008 : 8
@@@
@@@ mem[64784] = 0000000900000000 : 38654705664
@@@ mem[64792] = 0000000000000002 : 2
@@@
@@@ mem[64808] = 0000000000000006 : 6
@@@
@@@ mem[64888] = fffffffcfffffffd : 18446744060824649725
@@@
@@@ mem[64904] = fffffffb00000000 : 18446744052234715136
@@@ mem[64912] = 0000000000000003 : 3
@@@
@@@ mem[64984] = 0000000500000000 : 21474836480
@@@ mem[64992] = 0000000000000008 : 8
@@@
@@@ mem[65008] = 0000000a00000009 : 42949672969
@@@
@@@ mem[65088] = 000000020000000a : 8589934602
@@@
@@@ mem[65104] = fffffffe00000000 : 18446744065119617024
@@@ mem[65112] = 00000000fffffffc : 4294967292
@@@
@@@ mem[65184] = fffffffb00000000 : 18446744052234715136
@@@ mem[65192] = 00000000fffffffb : 4294967291
@@@
@@@ mem[65208] = fffffffbfffffffb : 18446744056529682427
@@@
@@@ mem[65288] = fffffffbfffffffb : 18446744056529682427
@@@
@@@ mem[65304] = fffffffb00000000 : 18446744052234715136
@@@ mem[65312] = 0000000000000003 : 3
@@@
@@@ mem[65384] = 0000000700000000 : 30064771072
@@@ mem[65392] = 0000000000000009 : 9
@@@
@@@ mem[65408] = 0000000600000002 : 25769803778
@@@
@@@ mem[65528] = 000000a000000000 : 687194767360
@@@
@@@ System halted on WFI instruction
@@@
