
Final memory state and exit status:

@@@ Unified Memory contents hex on left, decimal on right: 
@@@
@@@ mem[    0] = 0000009700000013 : 648540061715
@@@ mem[    8] = 0001011709c08093 : 282673436197011
@@@ mem[   16] = 00010413ff410113 : 285958910050579
@@@ mem[   24] = b681819300001197 : 13150934855258739095
@@@ mem[   32] = 0000029300000213 : 2830383448595
@@@ mem[   40] = 0000039300000313 : 3929895076627
@@@ mem[   48] = 0000051300000493 : 5579162518675
@@@ mem[   56] = 0000061300000593 : 6678674146707
@@@ mem[   64] = 0000071300000693 : 7778185774739
@@@ mem[   72] = 0000081300000793 : 8877697402771
@@@ mem[   80] = 0000091300000893 : 9977209030803
@@@ mem[   88] = 00000a1300000993 : 11076720658835
@@@ mem[   96] = 00000b1300000a93 : 12176232286867
@@@ mem[  104] = 00000c1300000b93 : 13275743914899
@@@ mem[  112] = 00000d1300000c93 : 14375255542931
@@@ mem[  120] = 00000e1300000d93 : 15474767170963
@@@ mem[  128] = 00000f1300000e93 : 16574278798995
@@@ mem[  136] = 28c0006f00000f93 : 2936347433786937235
@@@
@@@ mem[  160] = f601011300010117 : 17726450789423055127
@@@ mem[  168] = 00000013fea12c23 : 85876354083
@@@ mem[  176] = 0005079310500073 : 1415703098818675
@@@ mem[  184] = 0000051300200713 : 5579164616467
@@@ mem[  192] = 02b7666302f76863 : 195737684251469923
@@@ mem[  200] = 00f507b300179513 : 68969834676196627
@@@ mem[  208] = 00f6063300279793 : 69249660386514835
@@@ mem[  216] = 00b605b300259593 : 51234712121087379
@@@ mem[  224] = 001505130005a503 : 5916553673811203
@@@ mem[  232] = 0000806700153513 : 141179871376659
@@@ mem[  240] = 0090081300008067 : 40541274343768167
@@@ mem[  248] = 0000031701060663 : 3397336303203
@@@ mem[  256] = 0010051301030067 : 4509178806861927
@@@ mem[  264] = fb01011300008067 : 18086738759612661863
@@@ mem[  272] = 0521202304812423 : 369611979192607779
@@@ mem[  280] = 03412c2303312e23 : 234517184489008675
@@@ mem[  288] = 0361282303512a23 : 243519985699334691
@@@ mem[  296] = 0381242303712623 : 252522786909660707
@@@ mem[  304] = 03a1202303912223 : 261525588119986723
@@@ mem[  312] = 00060c9301b12e23 : 1702675388378659
@@@ mem[  320] = 0491222304112623 : 329081781562189347
@@@ mem[  328] = 00058c1300050a93 : 1561388116150931
@@@ mem[  336] = 0007099300068b93 : 1980851802246035
@@@ mem[  344] = 0000041300078913 : 4479651383571
@@@ mem[  352] = fff00d1300200a13 : 18442254849339820563
@@@ mem[  360] = 00100d9300160613 : 4518524640167443
@@@ mem[  368] = 0089883302000b13 : 38711824467626771
@@@ mem[  376] = 008907b300082503 : 38570537190434051
@@@ mem[  384] = 00aa853300440413 : 47997200135095315
@@@ mem[  392] = 0007a58302aa6663 : 2152306940995171
@@@ mem[  400] = 00a8083300151813 : 47296811225126931
@@@ mem[  408] = 0105883300bc05b3 : 73614721558513075
@@@ mem[  416] = 010b84b300281813 : 75299723118385171
@@@ mem[  424] = 0004a78300ba6663 : 1310081001612899
@@@ mem[  432] = fd6410e305a78463 : 18258737356505318499
@@@ mem[  440] = 04c1208300000513 : 342590793669674259
@@@ mem[  448] = 0441248304812403 : 306566394772792323
@@@ mem[  456] = 03c1298304012903 : 270543095303579907
@@@ mem[  464] = 03412a8303812a03 : 234515397787855363
@@@ mem[  472] = 02c12b8303012b03 : 198487700272130819
@@@ mem[  480] = 02412c8302812c03 : 162460002756406275
@@@ mem[  488] = 01c12d8302012d03 : 126432305240681731
@@@ mem[  496] = 0000806705010113 : 141179953938707
@@@ mem[  504] = 000907930194a023 : 2541602758500387
@@@ mem[  512] = 000b869300098713 : 3244190662756115
@@@ mem[  520] = 0000009700c12623 : 648552719907
@@@ mem[  528] = fbb504e3ee8080e7 : 18137408451310026983
@@@ mem[  536] = 00c1260301a4a023 : 54366464859480099
@@@ mem[  544] = f95ff06ff5641ae3 : 17969345401880582883
@@@ mem[  552] = f8010113000007b7 : 17870565977498847159
@@@ mem[  560] = 06112e2338078793 : 437181367630399379
@@@ mem[  568] = 0047a08306812c23 : 20161207956745251
@@@ mem[  576] = 0087a3830007a403 : 38178904892482563
@@@ mem[  584] = 0107a58300c7a503 : 74209900947285251
@@@ mem[  592] = 01c7a7030147a603 : 128254745751561731
@@@ mem[  600] = 0247af830187a683 : 164292888623556227
@@@ mem[  608] = 02c7ae830287af03 : 200320586147671811
@@@ mem[  616] = 0347a3030307ae03 : 236336738791304707
@@@ mem[  624] = 03c7a8030387a883 : 272371033376794755
@@@ mem[  632] = fff007930207a283 : 18442248802057822851
@@@ mem[  640] = 04f1282300112823 : 356109976329070627
@@@ mem[  648] = 04f12c2304f12a23 : 356114374457371171
@@@ mem[  656] = 06f1202304f12e23 : 500216368393694755
@@@ mem[  664] = 06f1242306f12223 : 500220766473757219
@@@ mem[  672] = 0081262306f12623 : 36352203877852707
@@@ mem[  680] = 00a12c2300712a23 : 45366000093309475
@@@ mem[  688] = 02c1202300b12e23 : 198475193288568355
@@@ mem[  696] = 02c1079302d12223 : 198448186569859619
@@@ mem[  704] = 04c1069302e12423 : 342562275135136803
@@@ mem[  712] = 0010061300c10713 : 4510278314166035
@@@ mem[  720] = 0000051300000593 : 5579162518931
@@@ mem[  728] = 03f1282302512623 : 284052382328890915
@@@ mem[  736] = 03d12c2303e12a23 : 275049581146876451
@@@ mem[  744] = 0461202303c12e23 : 315568783651581475
@@@ mem[  752] = 0501242305112223 : 360609177993814563
@@@ mem[  760] = 0000009704012623 : 648607245859
@@@ mem[  768] = 07c12083e10080e7 : 558763579558363367
@@@ mem[  776] = 00a0353307812403 : 45094489559213059
@@@ mem[  784] = 0000806708010113 : 141180004270355
@@@ mem[  792] = 00112623ff010113 : 4827010648047891
@@@ mem[  800] = f08080e700000097 : 17329993095747469463
@@@ mem[  808] = 0000051300c12083 : 5579175174275
@@@ mem[  816] = 0000806701010113 : 141179886829843
@@@
@@@ mem[  896] = 0000000100000002 : 4294967298
@@@ mem[  904] = fffffffeffffffff : 18446744069414584319
@@@ mem[  912] = fffffffffffffffe : 18446744073709551614
@@@ mem[  920] = 0000000200000001 : 8589934593
@@@ mem[  928] = 0000000200000001 : 8589934593
@@@ mem[  936] = 0000000100000002 : 4294967298
@@@ mem[  944] = fffffffeffffffff : 18446744069414584319
@@@ mem[  952] = fffffffffffffffe : 18446744073709551614
@@@
@@@ mem[64776] = 0000000100000000 : 4294967296
@@@ mem[64784] = 00000007ffffffff : 34359738367
@@@ mem[64792] = 0000ffbc00000002 : 281182918934530
@@@ mem[64800] = 0000000000000020 : 32
@@@ mem[64808] = 0000ff7c00000002 : 280908041027586
@@@ mem[64816] = 0000ffd80000ff9c : 281303178084252
@@@ mem[64824] = 0000021400000020 : 2284922601504
@@@
@@@ mem[64840] = 0000000800000000 : 34359738368
@@@
@@@ mem[64856] = 0000000100000000 : 4294967296
@@@ mem[64864] = 00000006ffffffff : 30064771071
@@@ mem[64872] = 0000ffbc00000000 : 281182918934528
@@@ mem[64880] = 0000000100000020 : 4294967328
@@@ mem[64888] = 0000ff7c00000002 : 280908041027586
@@@ mem[64896] = 0000ffc40000ff9c : 281217278738332
@@@ mem[64904] = 000002140000000c : 2284922601484
@@@
@@@ mem[64920] = 0000000700000000 : 30064771072
@@@
@@@ mem[64936] = 0000000100000000 : 4294967296
@@@ mem[64944] = 00000005ffffffff : 25769803775
@@@ mem[64952] = 0000ffbc00000002 : 281182918934530
@@@ mem[64960] = 0000000200000020 : 8589934624
@@@ mem[64968] = 0000ff7c00000002 : 280908041027586
@@@ mem[64976] = 0000ffc80000ff9c : 281234458607516
@@@ mem[64984] = 0000021400000018 : 2284922601496
@@@
@@@ mem[65000] = 0000000600000000 : 25769803776
@@@
@@@ mem[65016] = 0000000100000000 : 4294967296
@@@ mem[65024] = 00000004ffffffff : 21474836479
@@@ mem[65032] = 0000ffbc00000001 : 281182918934529
@@@ mem[65040] = 0000000000000020 : 32
@@@ mem[65048] = 0000ff7c00000002 : 280908041027586
@@@ mem[65056] = 0000ffdc0000ff9c : 281320357953436
@@@ mem[65064] = 0000021400000004 : 2284922601476
@@@
@@@ mem[65080] = 0000000500000000 : 21474836480
@@@
@@@ mem[65096] = 0000000100000000 : 4294967296
@@@ mem[65104] = 00000003ffffffff : 17179869183
@@@ mem[65112] = 0000ffbc00000000 : 281182918934528
@@@ mem[65120] = 0000000200000020 : 8589934624
@@@ mem[65128] = 0000ff7c00000002 : 280908041027586
@@@ mem[65136] = 0000ffc00000ff9c : 281200098869148
@@@ mem[65144] = 0000021400000010 : 2284922601488
@@@
@@@ mem[65160] = 0000000400000000 : 17179869184
@@@
@@@ mem[65176] = 0000000100000000 : 4294967296
@@@ mem[65184] = 00000002ffffffff : 12884901887
@@@ mem[65192] = 0000ffbc00000002 : 281182918934530
@@@ mem[65200] = 0000000100000020 : 4294967328
@@@ mem[65208] = 0000ff7c00000002 : 280908041027586
@@@ mem[65216] = 0000ffd40000ff9c : 281285998215068
@@@ mem[65224] = 000002140000001c : 2284922601500
@@@
@@@ mem[65240] = 0000000300000000 : 12884901888
@@@
@@@ mem[65256] = 0000000100000000 : 4294967296
@@@ mem[65264] = 00000001ffffffff : 8589934591
@@@ mem[65272] = 0000ffbc00000000 : 281182918934528
@@@ mem[65280] = 0000000000000020 : 32
@@@ mem[65288] = 0000ff7c00000002 : 280908041027586
@@@ mem[65296] = 0000ffd00000ff9c : 281268818345884
@@@ mem[65304] = 0000021400000008 : 2284922601480
@@@
@@@ mem[65320] = 0000000200000000 : 8589934592
@@@
@@@ mem[65384] = 0000030400000002 : 3315714752514
@@@
@@@ mem[65400] = 0000000200000000 : 8589934592
@@@ mem[65408] = ffffffff00000001 : 18446744069414584321
@@@ mem[65416] = fffffffefffffffe : 18446744069414584318
@@@ mem[65424] = 00000001ffffffff : 8589934591
@@@ mem[65432] = 0000000100000002 : 4294967298
@@@ mem[65440] = 0000000200000002 : 8589934594
@@@ mem[65448] = ffffffff00000001 : 18446744069414584321
@@@ mem[65456] = fffffffefffffffe : 18446744069414584318
@@@ mem[65464] = 00000000ffffffff : 4294967295
@@@ mem[65472] = ffffffffffffffff : 18446744073709551615
@@@ mem[65480] = ffffffffffffffff : 18446744073709551615
@@@ mem[65488] = ffffffffffffffff : 18446744073709551615
@@@ mem[65496] = ffffffffffffffff : 18446744073709551615
@@@
@@@ mem[65512] = 0000032800010000 : 3470333640704
@@@
@@@ mem[65528] = 000000a000000000 : 687194767360
@@@
@@@ System halted on WFI instruction
@@@
