
Final memory state and exit status:

@@@ Unified Memory contents hex on left, decimal on right: 
@@@
@@@ mem[    0] = 0000009700000013 : 648540061715
@@@ mem[    8] = 0001011709c08093 : 282673436197011
@@@ mem[   16] = 00010413ff410113 : 285958910050579
@@@ mem[   24] = ce81819300001197 : 14880317112169009559
@@@ mem[   32] = 0000029300000213 : 2830383448595
@@@ mem[   40] = 0000039300000313 : 3929895076627
@@@ mem[   48] = 0000051300000493 : 5579162518675
@@@ mem[   56] = 0000061300000593 : 6678674146707
@@@ mem[   64] = 0000071300000693 : 7778185774739
@@@ mem[   72] = 0000081300000793 : 8877697402771
@@@ mem[   80] = 0000091300000893 : 9977209030803
@@@ mem[   88] = 00000a1300000993 : 11076720658835
@@@ mem[   96] = 00000b1300000a93 : 12176232286867
@@@ mem[  104] = 00000c1300000b93 : 13275743914899
@@@ mem[  112] = 00000d1300000c93 : 14375255542931
@@@ mem[  120] = 00000e1300000d93 : 15474767170963
@@@ mem[  128] = 00000f1300000e93 : 16574278798995
@@@ mem[  136] = 2900006f00000f93 : 2954361832296419219
@@@
@@@ mem[  160] = f601011300010117 : 17726450789423055127
@@@ mem[  168] = 00000013fea12c23 : 85876354083
@@@ mem[  176] = 000007b710500073 : 8482834088051
@@@ mem[  184] = 0af5686354c78793 : 789652085506803603
@@@ mem[  192] = 54c78793000047b7 : 6109000484981327799
@@@ mem[  200] = 000005b70aa7e263 : 6283715928675
@@@ mem[  208] = ff8506935405a783 : 18412129881413756803
@@@ mem[  216] = 00d7fc630007a703 : 60794622125254403
@@@ mem[  224] = 00e7fc6300e6ee63 : 65298221767257699
@@@ mem[  232] = 0007a70300070793 : 2153956164175763
@@@ mem[  240] = fee7eae3fed7e8e3 : 18367907870207895779
@@@ mem[  248] = ffc52803fee6f8e3 : 18430181047710185699
@@@ mem[  256] = 00c6863300381613 : 55879598993839635
@@@ mem[  264] = 0047a60302c70263 : 20167255208165987
@@@ mem[  272] = 00361713fee52c23 : 15225023390624803
@@@ mem[  280] = 02e68a6300e78733 : 209006590540875571
@@@ mem[  288] = 54f5a02300d7a023 : 6121975340678488099
@@@ mem[  296] = 0047260300008067 : 20026517673246823
@@@ mem[  304] = 0106083300072703 : 73755459035014915
@@@ mem[  312] = 0047a603ff052e23 : 20167259440098851
@@@ mem[  320] = 00361713fee52c23 : 15225023390624803
@@@ mem[  328] = fce69ae300e78733 : 18223423241964717875
@@@ mem[  336] = ff852683ffc52703 : 18412164999947822851
@@@ mem[  344] = 00c7063354f5a023 : 56020337903902755
@@@ mem[  352] = 00d7a02300c7a223 : 60693192190173731
@@@ mem[  360] = ff01011300008067 : 18374969135764373607
@@@ mem[  368] = 0011262300100513 : 4827006370841875
@@@ mem[  376] = f28080e700000097 : 17474108283823325335
@@@ mem[  384] = 14a7e463000047b7 : 1488409315722151863
@@@ mem[  392] = 00812c23fe010113 : 36358805092630803
@@@ mem[  400] = 00912a2300112e23 : 40860201436392995
@@@ mem[  408] = 0131262301212823 : 85891799681411107
@@@ mem[  416] = 0035779301412423 : 15049647030608931
@@@ mem[  424] = 0c079e6300050413 : 866835601331389459
@@@ mem[  432] = 5404a783000004b7 : 6054147980175344823
@@@ mem[  440] = 0e07826300840913 : 1010920003089991955
@@@ mem[  448] = 004726830007a703 : 20027067429529347
@@@ mem[  456] = 000009b70886f063 : 10681726726243
@@@ mem[  464] = 0100006f00000a37 : 72058070779300407
@@@ mem[  472] = 004726830007a703 : 20027067429529347
@@@ mem[  480] = 5404a6030686f463 : 6054146331017409635
@@@ mem[  488] = fee616e300070793 : 18367393294490994579
@@@ mem[  496] = 412787335209a783 : 4694869791046477699
@@@ mem[  504] = 524a25030327e663 : 5929592554254755427
@@@ mem[  512] = 012507b352e9a023 : 82480634947805219
@@@ mem[  520] = 0085051300852223 : 37441751073759779
@@@ mem[  528] = 0000009752fa2223 : 649932186147
@@@ mem[  536] = 5404a783ea0080e7 : 6054147984101245159
@@@ mem[  544] = 01c12083fa079ce3 : 126418015750692067
@@@ mem[  552] = 0141248301812403 : 90393612608676867
@@@ mem[  560] = 00c1298301012903 : 54370313139464451
@@@ mem[  568] = 0000051300812a03 : 5579170982403
@@@ mem[  576] = 0000806702010113 : 141179903607059
@@@ mem[  584] = 412686b306d40c63 : 4694587765052148835
@@@ mem[  592] = 00d7222300369613 : 60554653715568147
@@@ mem[  600] = 0087222300c70733 : 38036655588181811
@@@ mem[  608] = 0181240301c12083 : 108407461366538371
@@@ mem[  616] = 0101290354f4a023 : 72384163301597219
@@@ mem[  624] = 00c1298301412483 : 54370313143657603
@@@ mem[  632] = 0087051300812a03 : 38004701026920963
@@@ mem[  640] = 0000806702010113 : 141179903607059
@@@ mem[  648] = 5404a783000004b7 : 6054147980175344823
@@@ mem[  656] = 00440413ffc57413 : 19144782358344723
@@@ mem[  664] = f20792e300840913 : 17440069585679419667
@@@ mem[  672] = 54478713000007b7 : 6072971138206533559
@@@ mem[  680] = 00e7202354e4a023 : 65056055740375075
@@@ mem[  688] = 0000069300072223 : 7228430426659
@@@ mem[  696] = f0dff06f54478793 : 17356855849855190931
@@@ mem[  704] = 00d7a02300072683 : 60693192177559171
@@@ mem[  712] = 00000513f99ff06f : 5583350526063
@@@ mem[  720] = ff01011300008067 : 18374969135764373607
@@@ mem[  728] = 0081242300112623 : 36350004739253795
@@@ mem[  736] = 0005049300912223 : 1412404299768355
@@@ mem[  744] = e98080e700000097 : 16825589937481973911
@@@ mem[  752] = 0000059300048613 : 6128918627859
@@@ mem[  760] = 0000009700050413 : 648540390419
@@@ mem[  768] = 00c120830f8080e7 : 54360417778041063
@@@ mem[  776] = 0081240300040513 : 36349867299439891
@@@ mem[  784] = 0101011300412483 : 72340250134914179
@@@ mem[  792] = ff01011300008067 : 18374969135764373607
@@@ mem[  800] = 0011262301000513 : 4827006386570515
@@@ mem[  808] = 0091222300812423 : 40851405350708259
@@@ mem[  816] = e50080e700000097 : 16501330764311298199
@@@ mem[  824] = 00f5202300c00793 : 68996704002639763
@@@ mem[  832] = 00f5122300600793 : 68981310833559443
@@@ mem[  840] = 00f5032300100793 : 68964818153899923
@@@ mem[  848] = 00f5242305700793 : 69001102127794067
@@@ mem[  856] = 00f5262300b00793 : 69003301071357843
@@@ mem[  864] = 0100051300050413 : 72063173200774163
@@@ mem[  872] = e18080e700000097 : 16249129185178550423
@@@ mem[  880] = 0004051300050493 : 1131479069688979
@@@ mem[  888] = d3c080e700000097 : 15258337267157041303
@@@ mem[  896] = 0000009701000513 : 648556840211
@@@ mem[  904] = 7d300793dfc080e7 : 9020718385318625511
@@@ mem[  912] = 7d40079300f49223 : 9025221981208089123
@@@ mem[  920] = 0100051300f51223 : 72063173216506403
@@@ mem[  928] = de0080e700000097 : 15996927606045802647
@@@ mem[  936] = 0000059301000613 : 6128935110163
@@@ mem[  944] = 0000009700050413 : 648540390419
@@@ mem[  952] = 7e300793040080e7 : 9092775975669760231
@@@ mem[  960] = 0004851300f41223 : 1272216573710883
@@@ mem[  968] = cec080e700000097 : 14898049296967401623
@@@ mem[  976] = 0000009700040513 : 648540325139
@@@ mem[  984] = 00c12083ce0080e7 : 54360420974100711
@@@ mem[  992] = 0041248300812403 : 18336018553971715
@@@ mem[ 1000] = 0101011300000513 : 72340250130646291
@@@ mem[ 1008] = 00f0031300008067 : 67557374549852263
@@@ mem[ 1016] = 02c37e6300050713 : 199141772201625363
@@@ mem[ 1024] = 0a07906300f77793 : 722705020108634003
@@@ mem[ 1032] = ff06769308059263 : 18376505703398740579
@@@ mem[ 1040] = 00e686b300f67613 : 64887348016870931
@@@ mem[ 1048] = 00b7222300b72023 : 51547454469251107
@@@ mem[ 1056] = 00b7262300b72423 : 51551852515763235
@@@ mem[ 1064] = fed766e301070713 : 18363259130787333907
@@@ mem[ 1072] = 0000806700061463 : 141179870385251
@@@ mem[ 1080] = 0026969340c306b3 : 10861608305886899
@@@ mem[ 1088] = 005686b300000297 : 24354951354385047
@@@ mem[ 1096] = 00b7072300c68067 : 51517767656308839
@@@ mem[ 1104] = 00b7062300b706a3 : 51516668143666851
@@@ mem[ 1112] = 00b7052300b705a3 : 51515568632038819
@@@ mem[ 1120] = 00b7042300b704a3 : 51514469120410787
@@@ mem[ 1128] = 00b7032300b703a3 : 51513369608782755
@@@ mem[ 1136] = 00b7022300b702a3 : 51512270097154723
@@@ mem[ 1144] = 00b7012300b701a3 : 51511170585526691
@@@ mem[ 1152] = 00b7002300b700a3 : 51510071073898659
@@@ mem[ 1160] = 0ff5f59300008067 : 1150095291572060263
@@@ mem[ 1168] = 00d5e5b300859693 : 60206727010031251
@@@ mem[ 1176] = 00d5e5b301059693 : 60206727018419859
@@@ mem[ 1184] = 00279693f6dff06f : 11143086337945711
@@@ mem[ 1192] = 005686b300000297 : 24354951354385047
@@@ mem[ 1200] = fa0680e700008293 : 18016229088968082067
@@@ mem[ 1208] = ff07879300028093 : 18376805869938704531
@@@ mem[ 1216] = 00f6063340f70733 : 69249661473851187
@@@ mem[ 1224] = f3dff06ff6c378e3 : 17573028634695006435
@@@
@@@ mem[ 1312] = 0000059400003fb8 : 6133213315000
@@@
@@@ mem[ 1344] = 0000056400000564 : 5927054869860
@@@ mem[ 1352] = 0000054400000000 : 5789615915008
@@@ mem[ 1360] = 0000000c00000010 : 51539607568
@@@ mem[ 1368] = 00000057000107d4 : 373662222292
@@@ mem[ 1376] = 0000057c0000000b : 6030134083595
@@@ mem[ 1384] = 0000000000000010 : 16
@@@ mem[ 1392] = 00000000000007d3 : 2003
@@@ mem[ 1400] = 0000054400000000 : 5789615915008
@@@ mem[ 1408] = 0000000000000010 : 16
@@@ mem[ 1416] = 00000000000007e3 : 2019
@@@
@@@ mem[65504] = 0000056c00000000 : 5961414606848
@@@ mem[65512] = 000003a800000554 : 4020089390420
@@@
@@@ mem[65528] = 000000a000000000 : 687194767360
@@@
@@@ System halted on WFI instruction
@@@
