
Final memory state and exit status:

@@@ Unified Memory contents hex on left, decimal on right: 
@@@
@@@ mem[    0] = 0000009700000013 : 648540061715
@@@ mem[    8] = 0001011709c08093 : 282673436197011
@@@ mem[   16] = 00010413ff410113 : 285958910050579
@@@ mem[   24] = 0c81819300001197 : 901143868810989975
@@@ mem[   32] = 0000029300000213 : 2830383448595
@@@ mem[   40] = 0000039300000313 : 3929895076627
@@@ mem[   48] = 0000051300000493 : 5579162518675
@@@ mem[   56] = 0000061300000593 : 6678674146707
@@@ mem[   64] = 0000071300000693 : 7778185774739
@@@ mem[   72] = 0000081300000793 : 8877697402771
@@@ mem[   80] = 0000091300000893 : 9977209030803
@@@ mem[   88] = 00000a1300000993 : 11076720658835
@@@ mem[   96] = 00000b1300000a93 : 12176232286867
@@@ mem[  104] = 00000c1300000b93 : 13275743914899
@@@ mem[  112] = 00000d1300000c93 : 14375255542931
@@@ mem[  120] = 00000e1300000d93 : 15474767170963
@@@ mem[  128] = 00000f1300000e93 : 16574278798995
@@@ mem[  136] = 5ac0006f00000f93 : 6539227135683334035
@@@
@@@ mem[  160] = f601011300010117 : 17726450789423055127
@@@ mem[  168] = 00000013fea12c23 : 85876354083
@@@ mem[  176] = 000017b710500073 : 26075020132467
@@@ mem[  184] = 0af5686393878793 : 789652086559573907
@@@ mem[  192] = 93878793000057b7 : 10630614510861309879
@@@ mem[  200] = 000015b70aa7e263 : 23875901973091
@@@ mem[  208] = ff85069392c5a783 : 18412129882466527107
@@@ mem[  216] = 00d7fc630007a703 : 60794622125254403
@@@ mem[  224] = 00e7fc6300e6ee63 : 65298221767257699
@@@ mem[  232] = 0007a70300070793 : 2153956164175763
@@@ mem[  240] = fee7eae3fed7e8e3 : 18367907870207895779
@@@ mem[  248] = ffc52803fee6f8e3 : 18430181047710185699
@@@ mem[  256] = 00c6863300381613 : 55879598993839635
@@@ mem[  264] = 0047a60302c70263 : 20167255208165987
@@@ mem[  272] = 00361713fee52c23 : 15225023390624803
@@@ mem[  280] = 02e68a6300e78733 : 209006590540875571
@@@ mem[  288] = 92f5a62300d7a023 : 10589552768099786787
@@@ mem[  296] = 0047260300008067 : 20026517673246823
@@@ mem[  304] = 0106083300072703 : 73755459035014915
@@@ mem[  312] = 0047a603ff052e23 : 20167259440098851
@@@ mem[  320] = 00361713fee52c23 : 15225023390624803
@@@ mem[  328] = fce69ae300e78733 : 18223423241964717875
@@@ mem[  336] = ff852683ffc52703 : 18412164999947822851
@@@ mem[  344] = 00c7063392f5a623 : 56020338944091683
@@@ mem[  352] = 00d7a02300c7a223 : 60693192190173731
@@@ mem[  360] = ff01011300008067 : 18374969135764373607
@@@ mem[  368] = 0011262300100513 : 4827006370841875
@@@ mem[  376] = f28080e700000097 : 17474108283823325335
@@@ mem[  384] = 14a7e463000047b7 : 1488409315722151863
@@@ mem[  392] = 00812c23fe010113 : 36358805092630803
@@@ mem[  400] = 00912a2300112e23 : 40860201436392995
@@@ mem[  408] = 0131262301212823 : 85891799681411107
@@@ mem[  416] = 0035779301412423 : 15049647030608931
@@@ mem[  424] = 0c079e6300050413 : 866835601331389459
@@@ mem[  432] = 92c4a783000014b7 : 10575762006055326903
@@@ mem[  440] = 0e07826300840913 : 1010920003089991955
@@@ mem[  448] = 004726830007a703 : 20027067429529347
@@@ mem[  456] = 000019b70886f063 : 28273912770659
@@@ mem[  464] = 0100006f00001a37 : 72058070779304503
@@@ mem[  472] = 004726830007a703 : 20027067429529347
@@@ mem[  480] = 92c4a6030686f463 : 10575760356897387619
@@@ mem[  488] = fee616e300070793 : 18367393294490994579
@@@ mem[  496] = 412787339049a783 : 4694869792090859395
@@@ mem[  504] = 908a25030327e663 : 10415177783115769443
@@@ mem[  512] = 012507b390e9a223 : 82480635987993123
@@@ mem[  520] = 0085051300852223 : 37441751073759779
@@@ mem[  528] = 0000009790fa2423 : 650972374051
@@@ mem[  536] = 92c4a783ea0080e7 : 10575762009981223143
@@@ mem[  544] = 01c12083fa079ce3 : 126418015750692067
@@@ mem[  552] = 0141248301812403 : 90393612608676867
@@@ mem[  560] = 00c1298301012903 : 54370313139464451
@@@ mem[  568] = 0000051300812a03 : 5579170982403
@@@ mem[  576] = 0000806702010113 : 141179903607059
@@@ mem[  584] = 412686b306d40c63 : 4694587765052148835
@@@ mem[  592] = 00d7222300369613 : 60554653715568147
@@@ mem[  600] = 0087222300c70733 : 38036655588181811
@@@ mem[  608] = 0181240301c12083 : 108407461366538371
@@@ mem[  616] = 0101290392f4a623 : 72384164341786147
@@@ mem[  624] = 00c1298301412483 : 54370313143657603
@@@ mem[  632] = 0087051300812a03 : 38004701026920963
@@@ mem[  640] = 0000806702010113 : 141179903607059
@@@ mem[  648] = 92c4a783000014b7 : 10575762006055326903
@@@ mem[  656] = 00440413ffc57413 : 19144782358344723
@@@ mem[  664] = f20792e300840913 : 17440069585679419667
@@@ mem[  672] = 93078713000017b7 : 10594585164086515639
@@@ mem[  680] = 00e7202392e4a623 : 65056056780564003
@@@ mem[  688] = 0000069300072223 : 7228430426659
@@@ mem[  696] = f0dff06f93078793 : 17356855850907961235
@@@ mem[  704] = 00d7a02300072683 : 60693192177559171
@@@ mem[  712] = 00000513f99ff06f : 5583350526063
@@@ mem[  720] = ff01011300008067 : 18374969135764373607
@@@ mem[  728] = 0081242300112623 : 36350004739253795
@@@ mem[  736] = 0005049300912223 : 1412404299768355
@@@ mem[  744] = e98080e700000097 : 16825589937481973911
@@@ mem[  752] = 0000059300048613 : 6128918627859
@@@ mem[  760] = 0000009700050413 : 648540390419
@@@ mem[  768] = 00c120834e0080e7 : 54360418826617063
@@@ mem[  776] = 0081240300040513 : 36349867299439891
@@@ mem[  784] = 0101011300412483 : 72340250134914179
@@@ mem[  792] = 000015b700008067 : 23875723231335
@@@ mem[  800] = 000016379005a703 : 24427895301891
@@@ mem[  808] = 0017071392462683 : 6481705104189059
@@@ mem[  816] = 00271813000057b7 : 11003993975183287
@@@ mem[  824] = 010787b393878793 : 74177124218931091
@@@ mem[  832] = 90e5a02300168693 : 10440927383314138771
@@@ mem[  840] = 92d6222300a7a023 : 10580681908283744291
@@@ mem[  848] = 0000163700008067 : 24425479045223
@@@ mem[  856] = 000015b792862703 : 23878181463811
@@@ mem[  864] = 000057b79245a683 : 96445944669827
@@@ mem[  872] = 9387879300271513 : 10630614510863848723
@@@ mem[  880] = 00170713fff68693 : 6481706944464531
@@@ mem[  888] = 0007a50300a787b3 : 2151757151438771
@@@ mem[  896] = 92e6242392d5a223 : 10585187709386859043
@@@ mem[  904] = 000017b700008067 : 26074746486887
@@@ mem[  912] = 001535139247a503 : 5969332685743363
@@@ mem[  920] = ff01011300008067 : 18374969135764373607
@@@ mem[  928] = 0005041300812423 : 1411854542906403
@@@ mem[  936] = 0011262300200513 : 4827006371890451
@@@ mem[  944] = dd0080e700000097 : 15924870012007874711
@@@ mem[  952] = 000016b700850023 : 24975243542563
@@@ mem[  960] = 000057b79206a703 : 96445940541187
@@@ mem[  968] = 0081240300c12083 : 36349867311833219
@@@ mem[  976] = 9b07879300271613 : 11171046466148308499
@@@ mem[  984] = 00170713000500a3 : 6481702650445987
@@@ mem[  992] = 92e6a02300c787b3 : 10585324046378305459
@@@ mem[ 1000] = 0101011300a7a023 : 72340250141630499
@@@ mem[ 1008] = 0025179300008067 : 10440494265958503
@@@ mem[ 1016] = 0025971300a787b3 : 10580682009446323
@@@ mem[ 1024] = 00b705b300b787b3 : 51516187107362739
@@@ mem[ 1032] = 94c7071300005737 : 10720545216164550455
@@@ mem[ 1040] = 00a5853300279793 : 46589825249679251
@@@ mem[ 1048] = 00f707b300100693 : 69532784629122707
@@@ mem[ 1056] = 00d7a02300251513 : 60693192179520787
@@@ mem[ 1064] = 00d5202300a70533 : 59989504746259763
@@@ mem[ 1072] = 000017b700008067 : 26074746486887
@@@ mem[ 1080] = 04d05e639207a683 : 346880953052276355
@@@ mem[ 1088] = 00a787b300251793 : 47155523982006163
@@@ mem[ 1096] = 0027979300005737 : 11144181707724599
@@@ mem[ 1104] = 000055b794c70713 : 94246963447571
@@@ mem[ 1112] = 0000051300e787b3 : 5579177691059
@@@ mem[ 1120] = 9b05859300100613 : 11170481317170120211
@@@ mem[ 1128] = 0015051300c0006f : 5916553686024303
@@@ mem[ 1136] = 0007a70302a68463 : 2153956208182371
@@@ mem[ 1144] = fec718e300478793 : 18358669769240446867
@@@ mem[ 1152] = 00b7073300251713 : 51517836365207315
@@@ mem[ 1160] = 0017470300072703 : 6552002675287811
@@@ mem[ 1168] = 00008067fc071ee3 : 141184098311907
@@@ mem[ 1176] = 00008067fff00513 : 141184163906835
@@@ mem[ 1184] = 01312823fe010113 : 85894002947195155
@@@ mem[ 1192] = 9009af03000019b7 : 10379019243671787959
@@@ mem[ 1200] = 0141262300005837 : 90395399289854007
@@@ mem[ 1208] = 00001a379b080813 : 28826126518291
@@@ mem[ 1216] = 01212a23924a2e83 : 81392600535936643
@@@ mem[ 1224] = 00812e2300082903 : 36360999854942467
@@@ mem[ 1232] = 00005437001f0f13 : 92595201969939
@@@ mem[ 1240] = 0151242300912c23 : 94896799903460387
@@@ mem[ 1248] = 0171202301612223 : 103899601125319203
@@@ mem[ 1256] = 002f179393840413 : 13255246507934739
@@@ mem[ 1264] = 00e900a300100713 : 65584369654302483
@@@ mem[ 1272] = 001e8e9300f407b3 : 8601011328649139
@@@ mem[ 1280] = 91e9a0230007a023 : 10514110877257932835
@@@ mem[ 1288] = 93da2223000017b7 : 10653865402217535415
@@@ mem[ 1296] = 0c0e8a639207a583 : 868783938385454467
@@@ mem[ 1304] = 928aa28300001ab7 : 10559430959847971511
@@@ mem[ 1312] = 00000f93000054b7 : 17124034630839
@@@ mem[ 1320] = 007403b300229393 : 32655164634731411
@@@ mem[ 1328] = 94c4849300128293 : 10719838779944895123
@@@ mem[ 1336] = 0003a78300100613 : 1028606013736467
@@@ mem[ 1344] = fffe8e93001f0313 : 18446337885769499411
@@@ mem[ 1352] = 00fe0e3300279e13 : 71510256293223955
@@@ mem[ 1360] = 41ee8bb3000f0893 : 4750888257838844051
@@@ mem[ 1368] = 002e1e1300231313 : 12980915884200723
@@@ mem[ 1376] = 0064033300028b13 : 28151015249447699
@@@ mem[ 1384] = 011b8eb301c48e33 : 79814317889064499
@@@ mem[ 1392] = 04b05c6300088f13 : 337871552324865811
@@@ mem[ 1400] = 00000793000e0713 : 8327942506259
@@@ mem[ 1408] = 0017879300c0006f : 6622989906870383
@@@ mem[ 1416] = 0007268304b78263 : 2012668998681187
@@@ mem[ 1424] = fec698e300470713 : 18358529031752058643
@@@ mem[ 1432] = 00d806b300279693 : 60805960841008787
@@@ mem[ 1440] = 0016c5030006a683 : 6409066163644035
@@@ mem[ 1448] = 00c680a3fc051ee3 : 55873487184928483
@@@ mem[ 1456] = 00f3202300188893 : 68433754038241427
@@@ mem[ 1464] = 0043031300100f93 : 18862203579928467
@@@ mem[ 1472] = 00088f13011b8eb3 : 2409111599419059
@@@ mem[ 1480] = 00128293fab048e3 : 5210121658452195
@@@ mem[ 1488] = f60e94e300438393 : 17730272485687133075
@@@ mem[ 1496] = 936aa423920a2223 : 10622483143787684387
@@@ mem[ 1504] = 9119a023000f8463 : 10455564082102633571
@@@ mem[ 1512] = 0025959302b05463 : 10579032776135779
@@@ mem[ 1520] = 9b478793000057b7 : 11189060864655251383
@@@ mem[ 1528] = 00c0006f00b805b3 : 54043672281875891
@@@ mem[ 1536] = 004787930007a903 : 20133788776900867
@@@ mem[ 1544] = feb79ae3000900a3 : 18354309106120589475
@@@ mem[ 1552] = 0181248301c12403 : 108408011122353155
@@@ mem[ 1560] = 0101298301412903 : 72384711653140739
@@@ mem[ 1568] = 00812a8300c12a03 : 36357014137416195
@@@ mem[ 1576] = 00012b8300412b03 : 329316621691651
@@@ mem[ 1584] = 0000806702010113 : 141179903607059
@@@ mem[ 1592] = 000057b7ff010113 : 96447768887571
@@@ mem[ 1600] = 94c7841300812423 : 10720682655126463523
@@@ mem[ 1608] = 0091222300112623 : 40851405343368739
@@@ mem[ 1616] = 94c7879301212023 : 10720686503427645475
@@@ mem[ 1624] = 0007a02306440713 : 2146397126395667
@@@ mem[ 1632] = 0007a4230007a223 : 2150795068285475
@@@ mem[ 1640] = 0007a8230007a623 : 2155193114797603
@@@ mem[ 1648] = fee794e301478793 : 18367813307953809299
@@@ mem[ 1656] = 0000009700200513 : 648542160147
@@@ mem[ 1664] = 05300713b04080e7 : 373806550214541543
@@@ mem[ 1672] = 00e50023000014b7 : 64457919990600887
@@@ mem[ 1680] = 000059379204a703 : 98095207851779
@@@ mem[ 1688] = 002716939b090913 : 11002347308779795
@@@ mem[ 1696] = 000500a300050793 : 1408074963552147
@@@ mem[ 1704] = 0017071300d906b3 : 6481702664341171
@@@ mem[ 1712] = 92e4a02300200513 : 10584761096413906195
@@@ mem[ 1720] = 0000009700f6a023 : 648556224547
@@@ mem[ 1728] = 04100713ac4080e7 : 292741756854763751
@@@ mem[ 1736] = 9204a70300e50023 : 10521718260786069539
@@@ mem[ 1744] = 000500a300050793 : 1408074963552147
@@@ mem[ 1752] = 00d906b300271693 : 61087435817686675
@@@ mem[ 1760] = 0020051300170713 : 9012778418767635
@@@ mem[ 1768] = 00f6a02392e4a023 : 69418918919577635
@@@ mem[ 1776] = a90080e700000097 : 12177875122035622039
@@@ mem[ 1784] = 00e5002304200713 : 64457920059803411
@@@ mem[ 1792] = 000507939204a703 : 1415705274918659
@@@ mem[ 1800] = 00271693000500a3 : 11002344708047011
@@@ mem[ 1808] = 0017071300d906b3 : 6481702664341171
@@@ mem[ 1816] = 92e4a02300200513 : 10584761096413906195
@@@ mem[ 1824] = 0000009700f6a023 : 648556224547
@@@ mem[ 1832] = 04300713a5c080e7 : 301748956000452839
@@@ mem[ 1840] = 9204a70300e50023 : 10521718260786069539
@@@ mem[ 1848] = 000500a300050793 : 1408074963552147
@@@ mem[ 1856] = 00d906b300271693 : 61087435817686675
@@@ mem[ 1864] = 0020051300170713 : 9012778418767635
@@@ mem[ 1872] = 00f6a02392e4a023 : 69418918919577635
@@@ mem[ 1880] = a28080e700000097 : 11709500760789090455
@@@ mem[ 1888] = 00f5002304400793 : 68961519689271187
@@@ mem[ 1896] = 001007939204a703 : 4511930018735875
@@@ mem[ 1904] = 00271693000500a3 : 11002344708047011
@@@ mem[ 1912] = 0017071300d90933 : 6481702664341811
@@@ mem[ 1920] = 92e4a02300a92023 : 10584761096422891555
@@@ mem[ 1928] = 00f42a2300f42223 : 68726224145621539
@@@ mem[ 1936] = 02f4242300f42423 : 212834815151711267
@@@ mem[ 1944] = 02f42e2300f42623 : 212845810267989539
@@@ mem[ 1952] = 04f42a2302f42223 : 356956600330887715
@@@ mem[ 1960] = 04f42c2302f42c23 : 356958799354145827
@@@ mem[ 1968] = 04f42e2304f42623 : 356960998410954275
@@@ mem[ 1976] = ce8080e700000097 : 14880034898457919639
@@@ mem[ 1984] = 0081240300c12083 : 36349867311833219
@@@ mem[ 1992] = 0001290300412483 : 326567842620547
@@@ mem[ 2000] = 0101011300000513 : 72340250130646291
@@@ mem[ 2008] = 00f0031300008067 : 67557374549852263
@@@ mem[ 2016] = 02c37e6300050713 : 199141772201625363
@@@ mem[ 2024] = 0a07906300f77793 : 722705020108634003
@@@ mem[ 2032] = ff06769308059263 : 18376505703398740579
@@@ mem[ 2040] = 00e686b300f67613 : 64887348016870931
@@@ mem[ 2048] = 00b7222300b72023 : 51547454469251107
@@@ mem[ 2056] = 00b7262300b72423 : 51551852515763235
@@@ mem[ 2064] = fed766e301070713 : 18363259130787333907
@@@ mem[ 2072] = 0000806700061463 : 141179870385251
@@@ mem[ 2080] = 0026969340c306b3 : 10861608305886899
@@@ mem[ 2088] = 005686b300000297 : 24354951354385047
@@@ mem[ 2096] = 00b7072300c68067 : 51517767656308839
@@@ mem[ 2104] = 00b7062300b706a3 : 51516668143666851
@@@ mem[ 2112] = 00b7052300b705a3 : 51515568632038819
@@@ mem[ 2120] = 00b7042300b704a3 : 51514469120410787
@@@ mem[ 2128] = 00b7032300b703a3 : 51513369608782755
@@@ mem[ 2136] = 00b7022300b702a3 : 51512270097154723
@@@ mem[ 2144] = 00b7012300b701a3 : 51511170585526691
@@@ mem[ 2152] = 00b7002300b700a3 : 51510071073898659
@@@ mem[ 2160] = 0ff5f59300008067 : 1150095291572060263
@@@ mem[ 2168] = 00d5e5b300859693 : 60206727010031251
@@@ mem[ 2176] = 00d5e5b301059693 : 60206727018419859
@@@ mem[ 2184] = 00279693f6dff06f : 11143086337945711
@@@ mem[ 2192] = 005686b300000297 : 24354951354385047
@@@ mem[ 2200] = fa0680e700008293 : 18016229088968082067
@@@ mem[ 2208] = ff07879300028093 : 18376805869938704531
@@@ mem[ 2216] = 00f6063340f70733 : 69249661473851187
@@@ mem[ 2224] = f3dff06ff6c378e3 : 17573028634695006435
@@@
@@@ mem[ 2304] = 00003fc400000004 : 70111046139908
@@@ mem[ 2312] = 0000000000000974 : 2420
@@@
@@@ mem[ 2336] = 0000000000000005 : 5
@@@ mem[ 2344] = 0000093000000005 : 10101763080197
@@@ mem[ 2352] = 0000000000000930 : 2352
@@@ mem[ 2360] = 0000000400000930 : 17179871536
@@@ mem[ 2368] = 0000093000000053 : 10101763080275
@@@ mem[ 2376] = 0000004100000004 : 279172874244
@@@ mem[ 2384] = 0000000400000930 : 17179871536
@@@ mem[ 2392] = 0000093000000042 : 10101763080258
@@@ mem[ 2400] = 0000004300000004 : 287762808836
@@@ mem[ 2408] = 0000000400000930 : 17179871536
@@@ mem[ 2416] = 0000000000000044 : 68
@@@
@@@ mem[18744] = 0000000100000000 : 4294967296
@@@ mem[18752] = 0000000300000002 : 12884901890
@@@ mem[18760] = 0000000000000004 : 4
@@@ mem[18768] = 0000000100000001 : 4294967297
@@@ mem[18776] = 0000000000000001 : 1
@@@ mem[18784] = 0000000000000001 : 1
@@@
@@@ mem[18800] = 0000000100000001 : 4294967297
@@@
@@@ mem[18816] = 0000000100000000 : 4294967296
@@@ mem[18824] = 0000000000000001 : 1
@@@
@@@ mem[18840] = 0000000000000001 : 1
@@@ mem[18848] = 0000000100000001 : 4294967297
@@@ mem[18856] = 0000000000000001 : 1
@@@ mem[18864] = 0000094c00000940 : 10222022166848
@@@ mem[18872] = 0000096400000958 : 10325101381976
@@@ mem[18880] = 0000000000000970 : 2416
@@@
@@@ mem[65504] = 000049c000000000 : 81088982548480
@@@ mem[65512] = 0000494c00001000 : 80590766346240
@@@
@@@ mem[65528] = 000000a000000000 : 687194767360
@@@
@@@ System halted on WFI instruction
@@@
