
Final memory state and exit status:

@@@ Unified Memory contents hex on left, decimal on right: 
@@@
@@@ mem[    0] = 0000009700000013 : 648540061715
@@@ mem[    8] = 0001011709c08093 : 282673436197011
@@@ mem[   16] = 00010413ff410113 : 285958910050579
@@@ mem[   24] = 2481819300001197 : 2630526125721260439
@@@ mem[   32] = 0000029300000213 : 2830383448595
@@@ mem[   40] = 0000039300000313 : 3929895076627
@@@ mem[   48] = 0000051300000493 : 5579162518675
@@@ mem[   56] = 0000061300000593 : 6678674146707
@@@ mem[   64] = 0000071300000693 : 7778185774739
@@@ mem[   72] = 0000081300000793 : 8877697402771
@@@ mem[   80] = 0000091300000893 : 9977209030803
@@@ mem[   88] = 00000a1300000993 : 11076720658835
@@@ mem[   96] = 00000b1300000a93 : 12176232286867
@@@ mem[  104] = 00000c1300000b93 : 13275743914899
@@@ mem[  112] = 00000d1300000c93 : 14375255542931
@@@ mem[  120] = 00000e1300000d93 : 15474767170963
@@@ mem[  128] = 00000f1300000e93 : 16574278798995
@@@ mem[  136] = 0550006f00000f93 : 382806445067866003
@@@
@@@ mem[  160] = f601011300010117 : 17726450789423055127
@@@ mem[  168] = 00000013fea12c23 : 85876354083
@@@ mem[  176] = 000017b710500073 : 26075020132467
@@@ mem[  184] = 0af56863aac78793 : 789652086949644179
@@@ mem[  192] = aac78793000057b7 : 12305953572243134391
@@@ mem[  200] = 000015b70aa7e263 : 23875901973091
@@@ mem[  208] = ff850693aa05a783 : 18412129882856597379
@@@ mem[  216] = 00d7fc630007a703 : 60794622125254403
@@@ mem[  224] = 00e7fc6300e6ee63 : 65298221767257699
@@@ mem[  232] = 0007a70300070793 : 2153956164175763
@@@ mem[  240] = fee7eae3fed7e8e3 : 18367907870207895779
@@@ mem[  248] = ffc52803fee6f8e3 : 18430181047710185699
@@@ mem[  256] = 00c6863300381613 : 55879598993839635
@@@ mem[  264] = 0047a60302c70263 : 20167255208165987
@@@ mem[  272] = 00361713fee52c23 : 15225023390624803
@@@ mem[  280] = 02e68a6300e78733 : 209006590540875571
@@@ mem[  288] = aaf5a02300d7a023 : 12318928427940290595
@@@ mem[  296] = 0047260300008067 : 20026517673246823
@@@ mem[  304] = 0106083300072703 : 73755459035014915
@@@ mem[  312] = 0047a603ff052e23 : 20167259440098851
@@@ mem[  320] = 00361713fee52c23 : 15225023390624803
@@@ mem[  328] = fce69ae300e78733 : 18223423241964717875
@@@ mem[  336] = ff852683ffc52703 : 18412164999947822851
@@@ mem[  344] = 00c70633aaf5a023 : 56020339346743331
@@@ mem[  352] = 00d7a02300c7a223 : 60693192190173731
@@@ mem[  360] = ff01011300008067 : 18374969135764373607
@@@ mem[  368] = 0011262300100513 : 4827006370841875
@@@ mem[  376] = f28080e700000097 : 17474108283823325335
@@@ mem[  384] = 14a7e463000047b7 : 1488409315722151863
@@@ mem[  392] = 00812c23fe010113 : 36358805092630803
@@@ mem[  400] = 00912a2300112e23 : 40860201436392995
@@@ mem[  408] = 0131262301212823 : 85891799681411107
@@@ mem[  416] = 0035779301412423 : 15049647030608931
@@@ mem[  424] = 0c079e6300050413 : 866835601331389459
@@@ mem[  432] = aa04a783000014b7 : 12251101067437151415
@@@ mem[  440] = 0e07826300840913 : 1010920003089991955
@@@ mem[  448] = 004726830007a703 : 20027067429529347
@@@ mem[  456] = 000019b70886f063 : 28273912770659
@@@ mem[  464] = 0100006f00001a37 : 72058070779304503
@@@ mem[  472] = 004726830007a703 : 20027067429529347
@@@ mem[  480] = aa04a6030686f463 : 12251099418279212131
@@@ mem[  488] = fee616e300070793 : 18367393294490994579
@@@ mem[  496] = 41278733a809a783 : 4694869792489318275
@@@ mem[  504] = a84a25030327e663 : 12126545641516557923
@@@ mem[  512] = 012507b3a8e9a023 : 82480636390645795
@@@ mem[  520] = 0085051300852223 : 37441751073759779
@@@ mem[  528] = 00000097a8fa2223 : 651375026723
@@@ mem[  536] = aa04a783ea0080e7 : 12251101071363047655
@@@ mem[  544] = 01c12083fa079ce3 : 126418015750692067
@@@ mem[  552] = 0141248301812403 : 90393612608676867
@@@ mem[  560] = 00c1298301012903 : 54370313139464451
@@@ mem[  568] = 0000051300812a03 : 5579170982403
@@@ mem[  576] = 0000806702010113 : 141179903607059
@@@ mem[  584] = 412686b306d40c63 : 4694587765052148835
@@@ mem[  592] = 00d7222300369613 : 60554653715568147
@@@ mem[  600] = 0087222300c70733 : 38036655588181811
@@@ mem[  608] = 0181240301c12083 : 108407461366538371
@@@ mem[  616] = 01012903aaf4a023 : 72384164744437795
@@@ mem[  624] = 00c1298301412483 : 54370313143657603
@@@ mem[  632] = 0087051300812a03 : 38004701026920963
@@@ mem[  640] = 0000806702010113 : 141179903607059
@@@ mem[  648] = aa04a783000014b7 : 12251101067437151415
@@@ mem[  656] = 00440413ffc57413 : 19144782358344723
@@@ mem[  664] = f20792e300840913 : 17440069585679419667
@@@ mem[  672] = aa478713000017b7 : 12269924225468340151
@@@ mem[  680] = 00e72023aae4a023 : 65056057183215651
@@@ mem[  688] = 0000069300072223 : 7228430426659
@@@ mem[  696] = f0dff06faa478793 : 17356855851298031507
@@@ mem[  704] = 00d7a02300072683 : 60693192177559171
@@@ mem[  712] = 00000513f99ff06f : 5583350526063
@@@ mem[  720] = ff01011300008067 : 18374969135764373607
@@@ mem[  728] = 0081242300112623 : 36350004739253795
@@@ mem[  736] = 0005049300912223 : 1412404299768355
@@@ mem[  744] = e98080e700000097 : 16825589937481973911
@@@ mem[  752] = 0000059300048613 : 6128918627859
@@@ mem[  760] = 0000009700050413 : 648540390419
@@@ mem[  768] = 00c12083634080e7 : 54360419183132903
@@@ mem[  776] = 0081240300040513 : 36349867299439891
@@@ mem[  784] = 0101011300412483 : 72340250134914179
@@@ mem[  792] = 00055e6300008067 : 1511154178359399
@@@ mem[  800] = 0107951301150793 : 74191827729975187
@@@ mem[  808] = 4105551301079713 : 4685244527458883347
@@@ mem[  816] = 00008067fe0748e3 : 141184131877091
@@@ mem[  824] = 02a7d06301000793 : 191350632823654291
@@@ mem[  832] = fef5051301000713 : 18371595834107102995
@@@ mem[  840] = 0107d79301051793 : 74264945252177811
@@@ mem[  848] = 4105551301051513 : 4685244527458718995
@@@ mem[  856] = 00008067fef766e3 : 141184147613411
@@@ mem[  864] = 24f60c6300100793 : 2663329848978573203
@@@ mem[  872] = 03412423fc010113 : 234508392570355987
@@@ mem[  880] = 02812c2302112e23 : 180473988941688355
@@@ mem[  888] = 0321282302912a23 : 225505587177269795
@@@ mem[  896] = 00050a1303312623 : 1418451657762339
@@@ mem[  904] = 02b05c6300000793 : 193756364248450963
@@@ mem[  912] = 00ea073300179713 : 65873060176566035
@@@ mem[  920] = 0027568300075883 : 11072644732901507
@@@ mem[  928] = ffe7f71302010513 : 18439978860301845779
@@@ mem[  936] = 00e5073300278793 : 64465685294057363
@@@ mem[  944] = ff17102301079793 : 18381178146663143315
@@@ mem[  952] = 4107d793fed71823 : 4685950967937964067
@@@ mem[  960] = 01061493fcb7c8e3 : 73769069730842851
@@@ mem[  968] = 029484330104d493 : 185918839224325267
@@@ mem[  976] = 010414134015d993 : 73205566856878483
@@@ mem[  984] = 0004061341045413 : 1132579671790611
@@@ mem[  992] = 011607931e045063 : 78258371970748515
@@@ mem[ 1000] = 0107971301079613 : 74194026752349715
@@@ mem[ 1008] = fe0748e341065613 : 18304679351356380691
@@@ mem[ 1016] = 0009859300010913 : 2680141197150483
@@@ mem[ 1024] = 0000009700090513 : 648540652819
@@@ mem[ 1032] = 01140793f5c080e7 : 77695425636761831
@@@ mem[ 1040] = 0107971301079413 : 74194026752349203
@@@ mem[ 1048] = fe0748e341045413 : 18304679351356249107
@@@ mem[ 1056] = 0009859300040613 : 2680141197346323
@@@ mem[ 1064] = 0000009701010513 : 648556905747
@@@ mem[ 1072] = 0f305263f34080e7 : 1094465298687361255
@@@ mem[ 1080] = 010e9e93fff98e93 : 76172602203803283
@@@ mem[ 1088] = 002a0793010ede93 : 11830276981186195
@@@ mem[ 1096] = 00fe8eb3001e9e93 : 71651543536803475
@@@ mem[ 1104] = 00090513000a0813 : 2538853953570835
@@@ mem[ 1112] = 0019931301010e13 : 7198584248274451
@@@ mem[ 1120] = 0100069300100793 : 72064822468937619
@@@ mem[ 1128] = 01079793000e5583 : 74194576491828611
@@@ mem[ 1136] = 02b785b30107d793 : 195772112676837267
@@@ mem[ 1144] = 0105959300055883 : 73629427514562691
@@@ mem[ 1152] = 00b886330105d593 : 51938949333374355
@@@ mem[ 1160] = 01061f1301061713 : 73780610380207891
@@@ mem[ 1168] = 0c0f5a6341075713 : 869012635445057299
@@@ mem[ 1176] = 0106171301170613 : 73771814288295443
@@@ mem[ 1184] = 4107571301061f13 : 4685809676435463955
@@@ mem[ 1192] = 40b885b3fe0f48e3 : 4663624422250203363
@@@ mem[ 1200] = 0105961300e81023 : 73629977285234723
@@@ mem[ 1208] = 4107571301059713 : 4685809676435429139
@@@ mem[ 1216] = 011706130c065e63 : 78538197378162275
@@@ mem[ 1224] = 0106159301061713 : 73770165019744019
@@@ mem[ 1232] = fe05c8e341075713 : 18304257138891380499
@@@ mem[ 1240] = 006807b302f48633 : 29281863008028211
@@@ mem[ 1248] = 0106179300e79023 : 73772364040998947
@@@ mem[ 1256] = 4107d79301061713 : 4685950963679631123
@@@ mem[ 1264] = 0117871304075463 : 78680034243990627
@@@ mem[ 1272] = 0107161301071793 : 74052189752334227
@@@ mem[ 1280] = fe0648e34107d793 : 18304397876379768723
@@@ mem[ 1288] = 0025051300280813 : 10420153303435283
@@@ mem[ 1296] = f50e9ae3002e0e13 : 17658221488717565459
@@@ mem[ 1304] = 0381240303c12083 : 252522649475948675
@@@ mem[ 1312] = 0301290303412483 : 216499350006736003
@@@ mem[ 1320] = 02812a0302c12983 : 180471652491012483
@@@ mem[ 1328] = 0000806704010113 : 141179937161491
@@@ mem[ 1336] = fef78793fcf6d8e3 : 18372302274555205859
@@@ mem[ 1344] = 0107571301079713 : 74123658008172307
@@@ mem[ 1352] = 4107d79301079793 : 4685950963679729555
@@@ mem[ 1360] = 00280813fee6e6e3 : 11267881042372323
@@@ mem[ 1368] = 002e0e1300250513 : 12963323698283795
@@@ mem[ 1376] = fb5ff06ff10e94e3 : 18113460589883725027
@@@ mem[ 1384] = fef70713f4e6d2e3 : 18372160987175768803
@@@ mem[ 1392] = 0106561301071613 : 73841083519800851
@@@ mem[ 1400] = 4107571301071713 : 4685809676435527443
@@@ mem[ 1408] = 40b885b3fec6e6e3 : 4663624422262236899
@@@ mem[ 1416] = 0105961300e81023 : 73629977285234723
@@@ mem[ 1424] = 4107571301059713 : 4685809676435429139
@@@ mem[ 1432] = f2e6dee3f20646e3 : 17502922072421451491
@@@ mem[ 1440] = 01071613fef70713 : 74052194012694291
@@@ mem[ 1448] = 0107171301065613 : 74053289263912467
@@@ mem[ 1456] = fec6e6e341075713 : 18358614794745370387
@@@ mem[ 1464] = 00008067f21ff06f : 141183932166255
@@@ mem[ 1472] = 0100071301000793 : 72065372240480147
@@@ mem[ 1480] = fef606130487d863 : 18371878408654674019
@@@ mem[ 1488] = 0107d79301061793 : 74264945252243347
@@@ mem[ 1496] = 4106561301061613 : 4685527101947123219
@@@ mem[ 1504] = 00010913fef766e3 : 291456463365859
@@@ mem[ 1512] = 0009051300098593 : 2538853953537427
@@@ mem[ 1520] = d70080e700000097 : 15492524447780307095
@@@ mem[ 1528] = fef4041301000713 : 18371313259618764563
@@@ mem[ 1536] = 0107d79301041793 : 74264945252112275
@@@ mem[ 1544] = 4104541301041413 : 4684961952970314771
@@@ mem[ 1552] = e0dff06ffef766e3 : 16203934348111996643
@@@ mem[ 1560] = 0004061300010913 : 1132578581055763
@@@ mem[ 1568] = 0009051300098593 : 2538853953537427
@@@ mem[ 1576] = d38080e700000097 : 15240322868647559319
@@@ mem[ 1584] = 01058713df1ff06f : 73613488339021935
@@@ mem[ 1592] = 0140006f00100693 : 90072469289830035
@@@ mem[ 1600] = 0025859300d59023 : 10561440558977059
@@@ mem[ 1608] = 00e58e6340155513 : 64614326594786579
@@@ mem[ 1616] = fe0796e300157793 : 18304765112173819795
@@@ mem[ 1624] = 0025859300059023 : 10561440545345571
@@@ mem[ 1632] = fee596e340155513 : 18367252558077318419
@@@ mem[ 1640] = fd01011300008067 : 18230853947688517735
@@@ mem[ 1648] = 0291222302812423 : 184966593460118563
@@@ mem[ 1656] = 0321202302112623 : 225496791075857955
@@@ mem[ 1664] = 0101049300010413 : 72344098421408787
@@@ mem[ 1672] = 0010069300010793 : 4510828057397139
@@@ mem[ 1680] = 00d790230140006f : 60675600012017775
@@@ mem[ 1688] = 4015551300278793 : 4617690533033641875
@@@ mem[ 1696] = 0015771300f48e63 : 6041898015034979
@@@ mem[ 1704] = 00079023fe0716e3 : 2128809097107171
@@@ mem[ 1712] = 4015551300278793 : 4617690533033641875
@@@ mem[ 1720] = 00048913fef496e3 : 1276618881668835
@@@ mem[ 1728] = 0004879302010693 : 1274965370406547
@@@ mem[ 1736] = 0140006f00100613 : 90072469289829907
@@@ mem[ 1744] = 0027879300c79023 : 11126589534736419
@@@ mem[ 1752] = 00f68e634015d593 : 69399401198900627
@@@ mem[ 1760] = fe0716e30015f713 : 18304624374685497107
@@@ mem[ 1768] = 0027879300079023 : 11126589522153507
@@@ mem[ 1776] = fef696e34015d593 : 18372037632681432467
@@@ mem[ 1784] = 0080059300200613 : 36034925939394067
@@@ mem[ 1792] = 0000009700010513 : 648540128531
@@@ mem[ 1800] = 00200613c5c080e7 : 9013881246613735
@@@ mem[ 1808] = 0004851300800593 : 1272216566105491
@@@ mem[ 1816] = c48080e700000097 : 14159458958078640279
@@@ mem[ 1824] = 0100069300010613 : 72064822467954195
@@@ mem[ 1832] = 0006570300095783 : 1784520257394563
@@@ mem[ 1840] = 0107179302f70733 : 74053839052277555
@@@ mem[ 1848] = 4107d79301071593 : 4685950963679696275
@@@ mem[ 1856] = 011787131605d863 : 78680034545883235
@@@ mem[ 1864] = 0107159301071793 : 74051639996520339
@@@ mem[ 1872] = fe05c8e34107d793 : 18304257138891413395
@@@ mem[ 1880] = 0026061300f61023 : 10702727805276195
@@@ mem[ 1888] = fcc492e300290913 : 18213844296651049235
@@@ mem[ 1896] = 0001051300800593 : 287054147618195
@@@ mem[ 1904] = 0000009700900613 : 648549500435
@@@ mem[ 1912] = 00000513bec080e7 : 5582362804455
@@@ mem[ 1920] = 0100059300100793 : 72063722957309843
@@@ mem[ 1928] = 0047169300045703 : 20009543962744579
@@@ mem[ 1936] = 0106961340e686b3 : 73911453335586483
@@@ mem[ 1944] = 0106981301069713 : 73913651287201555
@@@ mem[ 1952] = 4107571301065613 : 4685809676435478035
@@@ mem[ 1960] = 011706930e085463 : 78538747167659107
@@@ mem[ 1968] = 0106971301069613 : 73912551775573523
@@@ mem[ 1976] = 0106561301069813 : 73841083519768595
@@@ mem[ 1984] = fe0844e341075713 : 18304956428286646035
@@@ mem[ 1992] = 0107d79301079793 : 74264945252341651
@@@ mem[ 2000] = 00e4102302c78633 : 64194037246559795
@@@ mem[ 2008] = 0106151300a60633 : 73769615257634355
@@@ mem[ 2016] = 4105551301061713 : 4685244527458785043
@@@ mem[ 2024] = 0115071308075463 : 77976346869322851
@@@ mem[ 2032] = 0107169301071513 : 74052739508147475
@@@ mem[ 2040] = fe06c8e341055513 : 18304538613867959571
@@@ mem[ 2048] = 0107179300179713 : 74053839004079891
@@@ mem[ 2056] = 4107d79301071693 : 4685950963679696531
@@@ mem[ 2064] = 011787130206dc63 : 78680034210405475
@@@ mem[ 2072] = 0107169301071793 : 74052739508148115
@@@ mem[ 2080] = fe06c8e34107d793 : 18304538613868124051
@@@ mem[ 2088] = f4849ee300240413 : 17619382339977348115
@@@ mem[ 2096] = 0281240302c12083 : 180465055421243523
@@@ mem[ 2104] = 0201290302412483 : 144441755952030851
@@@ mem[ 2112] = 0000806703010113 : 141179920384275
@@@ mem[ 2120] = fef78793fef5d0e3 : 18372302274588692707
@@@ mem[ 2128] = 0107571301079713 : 74123658008172307
@@@ mem[ 2136] = 4107d79301079793 : 4685950963679729555
@@@ mem[ 2144] = 00240413fee5e6e3 : 10137583088953059
@@@ mem[ 2152] = fc5ff06ff28490e3 : 18185518183946162403
@@@ mem[ 2160] = fef50513f8a5d8e3 : 18371595838261942499
@@@ mem[ 2168] = 0107571301051713 : 74123658008008467
@@@ mem[ 2176] = 4105551301051513 : 4685244527458718995
@@@ mem[ 2184] = f75ff06ffee5e6e3 : 17825230213964228323
@@@ mem[ 2192] = fef70713f2e5dce3 : 18372160987142151395
@@@ mem[ 2200] = 0106561301071613 : 73841083519800851
@@@ mem[ 2208] = 4107571301071713 : 4685809676435527443
@@@ mem[ 2216] = f1dff06ffec5e6e3 : 17428913446753527523
@@@ mem[ 2224] = fef78793eaf6d4e3 : 18372302274253214947
@@@ mem[ 2232] = 0107571301079713 : 74123658008172307
@@@ mem[ 2240] = 4107d79301079793 : 4685950963679729555
@@@ mem[ 2248] = 00f61023fee6e6e3 : 69260591057266403
@@@ mem[ 2256] = 0029091300260613 : 11550451256657427
@@@ mem[ 2264] = e8dff06fe4c498e3 : 16780395099975882979
@@@ mem[ 2272] = 01000593ff010113 : 72063727234515219
@@@ mem[ 2280] = 0011262300300513 : 4827006372939027
@@@ mem[ 2288] = 0000009700812423 : 648548525091
@@@ mem[ 2296] = 00050413d78080e7 : 1411858149966055
@@@ mem[ 2304] = 0040051301700593 : 18019977696118163
@@@ mem[ 2312] = d64080e700000097 : 15438481252251861143
@@@ mem[ 2320] = 0004051300050593 : 1131479069689235
@@@ mem[ 2328] = d54080e700000097 : 15366423658213933207
@@@ mem[ 2336] = 0081240300c12083 : 36349867311833219
@@@ mem[ 2344] = 0000806701010113 : 141179886829843
@@@ mem[ 2352] = 0005071300f00313 : 1415153085055763
@@@ mem[ 2360] = 00f7779302c37e63 : 69655792537796195
@@@ mem[ 2368] = 080592630a079063 : 578029081254662243
@@@ mem[ 2376] = 00f67613ff067693 : 69372672525891219
@@@ mem[ 2384] = 00b7202300e686b3 : 51545255449102003
@@@ mem[ 2392] = 00b7242300b72223 : 51549653492507171
@@@ mem[ 2400] = 0107071300b72623 : 74035697072678435
@@@ mem[ 2408] = 00061463fed766e3 : 1711269570111203
@@@ mem[ 2416] = 40c306b300008067 : 4666581004754911335
@@@ mem[ 2424] = 0000029700269693 : 2847565846163
@@@ mem[ 2432] = 00c68067005686b3 : 55873225264367283
@@@ mem[ 2440] = 00b706a300b70723 : 51517217899480867
@@@ mem[ 2448] = 00b705a300b70623 : 51516118387852835
@@@ mem[ 2456] = 00b704a300b70523 : 51515018876224803
@@@ mem[ 2464] = 00b703a300b70423 : 51513919364596771
@@@ mem[ 2472] = 00b702a300b70323 : 51512819852968739
@@@ mem[ 2480] = 00b701a300b70223 : 51511720341340707
@@@ mem[ 2488] = 00b700a300b70123 : 51510620829712675
@@@ mem[ 2496] = 0000806700b70023 : 141179881979939
@@@ mem[ 2504] = 008596930ff5f593 : 37601730274653587
@@@ mem[ 2512] = 0105969300d5e5b3 : 73630527039858099
@@@ mem[ 2520] = f6dff06f00d5e5b3 : 17789201412682802611
@@@ mem[ 2528] = 0000029700279693 : 2847565911699
@@@ mem[ 2536] = 00008293005686b3 : 143567877473971
@@@ mem[ 2544] = 00028093fa0680e7 : 704322996699367
@@@ mem[ 2552] = 40f70733ff078793 : 4681218257578330003
@@@ mem[ 2560] = f6c378e300f60633 : 17781188670157882931
@@@ mem[ 2568] = 00000000f3dff06f : 4091539567
@@@
@@@ mem[ 2656] = 001100020009000f : 4785083194605583
@@@ mem[ 2664] = 0000000000080001 : 524289
@@@
@@@ mem[ 2688] = 00000aac00004000 : 11733850669056
@@@
@@@ mem[65280] = 000000000000000d : 13
@@@
@@@ mem[65296] = 0000000000000001 : 1
@@@
@@@ mem[65320] = 000000020000ff90 : 8590000016
@@@ mem[65328] = 0000000d0000ff40 : 55834640192
@@@ mem[65336] = 0000043400000010 : 4621384810512
@@@ mem[65344] = 00000000000e000c : 917516
@@@
@@@ mem[65360] = 00000000000c000e : 786446
@@@
@@@ mem[65384] = 000000040000ffc0 : 17179934656
@@@ mem[65392] = 000000090000ff80 : 38654771072
@@@ mem[65400] = 000004340000000d : 4621384810509
@@@ mem[65408] = 000c000800080008 : 3377734080790536
@@@
@@@ mem[65424] = 000b000f00000009 : 3096289168326665
@@@
@@@ mem[65456] = 0000ffd00000ffe0 : 281268818345952
@@@ mem[65464] = 0000077c0000ffc0 : 8229157404608
@@@ mem[65472] = 0003000200010000 : 844433520132096
@@@ mem[65480] = 0000000000010002 : 65538
@@@ mem[65488] = 0005000400070003 : 1407392063881219
@@@ mem[65496] = 0006000d00030001 : 1688905695035393
@@@
@@@ mem[65512] = 000009200000000e : 10033043603470
@@@
@@@ mem[65528] = 000000a00000000d : 687194767373
@@@
@@@ System halted on WFI instruction
@@@
