
Final memory state and exit status:

@@@ Unified Memory contents hex on left, decimal on right: 
@@@
@@@ mem[    0] = 0000009700000013 : 648540061715
@@@ mem[    8] = 0001011709c08093 : 282673436197011
@@@ mem[   16] = 00010413ff410113 : 285958910050579
@@@ mem[   24] = 6a81819300001197 : 7674557708376215959
@@@ mem[   32] = 0000029300000213 : 2830383448595
@@@ mem[   40] = 0000039300000313 : 3929895076627
@@@ mem[   48] = 0000051300000493 : 5579162518675
@@@ mem[   56] = 0000061300000593 : 6678674146707
@@@ mem[   64] = 0000071300000693 : 7778185774739
@@@ mem[   72] = 0000081300000793 : 8877697402771
@@@ mem[   80] = 0000091300000893 : 9977209030803
@@@ mem[   88] = 00000a1300000993 : 11076720658835
@@@ mem[   96] = 00000b1300000a93 : 12176232286867
@@@ mem[  104] = 00000c1300000b93 : 13275743914899
@@@ mem[  112] = 00000d1300000c93 : 14375255542931
@@@ mem[  120] = 00000e1300000d93 : 15474767170963
@@@ mem[  128] = 00000f1300000e93 : 16574278798995
@@@ mem[  136] = 4c90006f00000f93 : 5516910020270231443
@@@
@@@ mem[  160] = f601011300010117 : 17726450789423055127
@@@ mem[  168] = 00000013fea12c23 : 85876354083
@@@ mem[  176] = 0045288310500073 : 19466316772540531
@@@ mem[  184] = 0515846300000593 : 366344505437193619
@@@ mem[  192] = 0005069300088793 : 1414603314071443
@@@ mem[  200] = 0080006f00000813 : 36029273760335891
@@@ mem[  208] = 0006a70300070793 : 1872481187465107
@@@ mem[  216] = 00e658630007a603 : 64836426868958723
@@@ mem[  224] = 00e7a02300c6a023 : 65196791817478179
@@@ mem[  232] = 0047a70300100813 : 20168354674247699
@@@ mem[  240] = fcb71ee300078693 : 18210057578602792595
@@@ mem[  248] = 0007859300080663 : 2117191244187235
@@@ mem[  256] = 00008067fd1590e3 : 141184116035811
@@@ mem[  264] = f1078793000017b7 : 17367999553407555511
@@@ mem[  272] = 000057b70af56863 : 96443674486883
@@@ mem[  280] = 0aa7e263f1078793 : 767831180363401107
@@@ mem[  288] = f045a783000015b7 : 17313428523578299831
@@@ mem[  296] = 0007a703ff850693 : 2153960450623123
@@@ mem[  304] = 00e6ee6300d7fc63 : 65001353626778723
@@@ mem[  312] = 0007079300e7fc63 : 1978652793764963
@@@ mem[  320] = fed7e8e30007a703 : 18363402067282208515
@@@ mem[  328] = fee6f8e3fee7eae3 : 18367641788395023075
@@@ mem[  336] = 00381613ffc52803 : 15786873847097347
@@@ mem[  344] = 02c7026300c68633 : 200131332679304755
@@@ mem[  352] = fee52c230047a603 : 18367135184140609027
@@@ mem[  360] = 00e7873300361713 : 65169372736788243
@@@ mem[  368] = 00d7a02302e68a63 : 60693192225753699
@@@ mem[  376] = 00008067f0f5a223 : 141183912616483
@@@ mem[  384] = 0007270300472603 : 2013218680022531
@@@ mem[  392] = ff052e2301060833 : 18376144582431082547
@@@ mem[  400] = fee52c230047a603 : 18367135184140609027
@@@ mem[  408] = 00e7873300361713 : 65169372736788243
@@@ mem[  416] = ffc52703fce69ae3 : 18430179948164979427
@@@ mem[  424] = f0f5a223ff852683 : 17362962213891286659
@@@ mem[  432] = 00c7a22300c70633 : 56191791586018867
@@@ mem[  440] = 0000806700d7a023 : 141179884118051
@@@ mem[  448] = 00100513ff010113 : 4509183068143891
@@@ mem[  456] = 0000009700112623 : 648541185571
@@@ mem[  464] = 000047b7ed4080e7 : 78855285014759
@@@ mem[  472] = fe01011314a7e463 : 18302911542072960099
@@@ mem[  480] = 00112e2300812c23 : 4835802471279651
@@@ mem[  488] = 0121282300912a23 : 81390399067859491
@@@ mem[  496] = 0141242301312623 : 90393200286574115
@@@ mem[  504] = 0005041300357793 : 1411854537947027
@@@ mem[  512] = 000014b70c079e63 : 22776413396579
@@@ mem[  520] = 00840913f044a783 : 37164678165866371
@@@ mem[  528] = 0007a7030e078263 : 2153956399088227
@@@ mem[  536] = 0886f06300472683 : 614442707179742851
@@@ mem[  544] = 00001a37000019b7 : 28823525530039
@@@ mem[  552] = 0007a7030100006f : 2153956180492399
@@@ mem[  560] = 0686f46300472683 : 470331917150398083
@@@ mem[  568] = 00070793f044a603 : 1978656809592323
@@@ mem[  576] = ee49a783fee616e3 : 17170439239685773027
@@@ mem[  584] = 0327e66341278733 : 227403620174759731
@@@ mem[  592] = eee9a223ee8a2503 : 17215469325810017539
@@@ mem[  600] = 00852223012507b3 : 37473705640921011
@@@ mem[  608] = eefa242300850513 : 17220115857955685651
@@@ mem[  616] = ea0080e700000097 : 16861618734500937879
@@@ mem[  624] = fa079ce3f044a783 : 18016541337121499011
@@@ mem[  632] = 0181240301c12083 : 108407461366538371
@@@ mem[  640] = 0101290301412483 : 72384161897325699
@@@ mem[  648] = 00812a0300c12983 : 36356464381602179
@@@ mem[  656] = 0201011300000513 : 144397844168574227
@@@ mem[  664] = 06d40c6300008067 : 492031878631555175
@@@ mem[  672] = 00369613412686b3 : 15364658183964339
@@@ mem[  680] = 00c7073300d72223 : 56021436004246051
@@@ mem[  688] = 01c1208300872223 : 126418011564745251
@@@ mem[  696] = f0f4a22301812403 : 17362680734652900355
@@@ mem[  704] = 0141248301012903 : 90393612600289539
@@@ mem[  712] = 00812a0300c12983 : 36356464381602179
@@@ mem[  720] = 0201011300870513 : 144397844177421587
@@@ mem[  728] = 000014b700008067 : 22776211603559
@@@ mem[  736] = ffc57413f044a783 : 18430264679067854723
@@@ mem[  744] = 0084091300440413 : 37164674139292691
@@@ mem[  752] = 000017b7f20792e3 : 26078807036643
@@@ mem[  760] = f0e4a223f0878713 : 17358177139035703059
@@@ mem[  768] = 0007222300e72023 : 2007858571321379
@@@ mem[  776] = f087879300000693 : 17331970756388587155
@@@ mem[  784] = 00072683f0dff06f : 2012672960753775
@@@ mem[  792] = f99ff06f00d7a023 : 17987359796287217699
@@@ mem[  800] = 0000806700000513 : 141179869988115
@@@ mem[  808] = 00112623ff010113 : 4827010648047891
@@@ mem[  816] = 0091222300812423 : 40851405350708259
@@@ mem[  824] = 0000009700050493 : 648540390547
@@@ mem[  832] = 00048613e98080e7 : 1273319986856167
@@@ mem[  840] = 0005041300000593 : 1411854534444435
@@@ mem[  848] = a4c080e700001097 : 11871630347374432407
@@@ mem[  856] = 0004051300c12083 : 1131479082016899
@@@ mem[  864] = 0041248300812403 : 18336018553971715
@@@ mem[  872] = 0000806701010113 : 141179886829843
@@@ mem[  880] = 00812423ff010113 : 36350009016385811
@@@ mem[  888] = 0080051300050413 : 36034376181810195
@@@ mem[  896] = 0000009700112623 : 648541185571
@@@ mem[  904] = 00c12083e50080e7 : 54360421359976679
@@@ mem[  912] = 0081240300852023 : 36349867307900963
@@@ mem[  920] = 0101011300052223 : 72340250130981411
@@@ mem[  928] = ff01011300008067 : 18374969135764373607
@@@ mem[  936] = 0005091301212023 : 1417352111530019
@@@ mem[  944] = 0011262300c00513 : 4827006382376211
@@@ mem[  952] = 0091222300812423 : 40851405350708259
@@@ mem[  960] = 0000009700291413 : 648542753811
@@@ mem[  968] = 00050493e10080e7 : 1412408065163495
@@@ mem[  976] = 0004051301252023 : 1131479088570403
@@@ mem[  984] = dfc080e700000097 : 16123028395612176535
@@@ mem[  992] = 0004051300a4a223 : 1131479080149539
@@@ mem[ 1000] = dec080e700000097 : 16050970801574248599
@@@ mem[ 1008] = 0320526300a4a423 : 225270566534554659
@@@ mem[ 1016] = 000507130044a783 : 1415153073825667
@@@ mem[ 1024] = 0007a02300f406b3 : 2146397037266611
@@@ mem[ 1032] = 0047879300072023 : 20133788776865827
@@@ mem[ 1040] = fed798e300470713 : 18363314106356139795
@@@ mem[ 1048] = 0081240300c12083 : 36349867311833219
@@@ mem[ 1056] = 0004851300012903 : 1272216557791491
@@@ mem[ 1064] = 0101011300412483 : 72340250134914179
@@@ mem[ 1072] = ff01011300008067 : 18374969135764373607
@@@ mem[ 1080] = 0005091301212023 : 1417352111530019
@@@ mem[ 1088] = 0011262300800513 : 4827006378181907
@@@ mem[ 1096] = 0091222300812423 : 40851405350708259
@@@ mem[ 1104] = 0005849300060413 : 1553141779006483
@@@ mem[ 1112] = d7c080e700000097 : 15546567643308753047
@@@ mem[ 1120] = 0024969300492703 : 10298657270736643
@@@ mem[ 1128] = 00d7073300052223 : 60525035617853987
@@@ mem[ 1136] = 0005079300072683 : 1415702825608835
@@@ mem[ 1144] = 00d7a22300852023 : 60695391209070627
@@@ mem[ 1152] = 0080051300f72023 : 36034376197677091
@@@ mem[ 1160] = d4c080e700000097 : 15330394861194969239
@@@ mem[ 1168] = 0024141300492603 : 10155171003311619
@@@ mem[ 1176] = 0086043300052223 : 37722263969407523
@@@ mem[ 1184] = 0095202300042783 : 41975106226104195
@@@ mem[ 1192] = 00f5222300c12083 : 68998903025967235
@@@ mem[ 1200] = 0081240300a42023 : 36349867309932579
@@@ mem[ 1208] = 0001290300412483 : 326567842620547
@@@ mem[ 1216] = 0000806701010113 : 141179886829843
@@@ mem[ 1224] = 0a800513ff010113 : 756610320839016723
@@@ mem[ 1232] = 0000009700112623 : 648541185571
@@@ mem[ 1240] = 00c12083d00080e7 : 54360421007655143
@@@ mem[ 1248] = 0ae52023fff00713 : 785069049035884307
@@@ mem[ 1256] = 010101130ae52223 : 72340250313433635
@@@ mem[ 1264] = 0a45250300008067 : 740038408587477095
@@@ mem[ 1272] = 0015351300150513 : 5969330232952083
@@@ mem[ 1280] = 0a45278300008067 : 740041157366546535
@@@ mem[ 1288] = 02e7826302700713 : 209279269450286867
@@@ mem[ 1296] = fff007130a052683 : 18442248252436063875
@@@ mem[ 1304] = 0017879300e68e63 : 6622989909397091
@@@ mem[ 1312] = 0af5222300279713 : 789574843395184403
@@@ mem[ 1320] = 00b5202300e50533 : 50982305495582003
@@@ mem[ 1328] = 0017879300008067 : 6622989894320231
@@@ mem[ 1336] = 0a05202300279713 : 722018649961371411
@@@ mem[ 1344] = 00e505330af52223 : 64463486452048419
@@@ mem[ 1352] = fe5ff06f00b52023 : 18329633367965114403
@@@ mem[ 1360] = fff006930a452603 : 18442247702684444163
@@@ mem[ 1368] = 02d6066300050793 : 204357855363794835
@@@ mem[ 1376] = 002715930a052703 : 11001245364201219
@@@ mem[ 1384] = 0017071300b505b3 : 6481702661981619
@@@ mem[ 1392] = 0ae7a0230005a503 : 785772732184110339
@@@ mem[ 1400] = 0ad7a22300e65a63 : 781271331594721891
@@@ mem[ 1408] = 000080670ad7a023 : 141180051890211
@@@ mem[ 1416] = 00008067fff00513 : 141184163906835
@@@ mem[ 1424] = 00812423ff010113 : 36350009016385811
@@@ mem[ 1432] = 0a80051300050413 : 756610316561089555
@@@ mem[ 1440] = 0011262300912223 : 4827006379303459
@@@ mem[ 1448] = 0000009700058493 : 648540423315
@@@ mem[ 1456] = 00842803c28080e7 : 37198693539021031
@@@ mem[ 1464] = 00249793fff00713 : 10299761071490835
@@@ mem[ 1472] = 00f807b30ae52223 : 69814259787571747
@@@ mem[ 1480] = 0ae5202300100693 : 785069044743014035
@@@ mem[ 1488] = 0a45268300d7a023 : 740040057869017123
@@@ mem[ 1496] = 02f68e6302700793 : 213514588240480147
@@@ mem[ 1504] = 0ce78e630a052783 : 929868404096313219
@@@ mem[ 1512] = 0026979300168693 : 10862706732467859
@@@ mem[ 1520] = 0ad5222300f507b3 : 780567644153907123
@@@ mem[ 1528] = fff007930097a023 : 18442248802033704995
@@@ mem[ 1536] = 00c1208300f69c63 : 54360417534123107
@@@ mem[ 1544] = 0041248300812403 : 18336018553971715
@@@ mem[ 1552] = 0000806701010113 : 141179886829843
@@@ mem[ 1560] = 00100e1300442e83 : 4519074399006339
@@@ mem[ 1568] = fff0089302700313 : 18442249901576291091
@@@ mem[ 1576] = 002797130a052783 : 11143632119998339
@@@ mem[ 1584] = 0007270300e50733 : 2013218690369331
@@@ mem[ 1592] = 0af5202300178793 : 789572644370876307
@@@ mem[ 1600] = 00ee873300271713 : 67139697572779795
@@@ mem[ 1608] = 04f6da6300072703 : 357713339159619331
@@@ mem[ 1616] = 0b1520230b152223 : 798579843810009635
@@@ mem[ 1624] = 00072683fa0706e3 : 2012673114310371
@@@ mem[ 1632] = 00f807b300269793 : 69814259607312275
@@@ mem[ 1640] = 020618630007a603 : 145830851417449987
@@@ mem[ 1648] = 0a45260301c7a023 : 740039508128931875
@@@ mem[ 1656] = 0025979300160593 : 10581231755724179
@@@ mem[ 1664] = 00660c6300f507b3 : 28724066981840819
@@@ mem[ 1672] = 011614630a052603 : 78272459127989763
@@@ mem[ 1680] = 0ab522230a052023 : 771560445051215907
@@@ mem[ 1688] = 0047270300d7a023 : 20027617198972963
@@@ mem[ 1696] = 0a452683fa071ee3 : 740040062049656547
@@@ mem[ 1704] = 00c12083f91690e3 : 54360421696966883
@@@ mem[ 1712] = 0041248300812403 : 18336018553971715
@@@ mem[ 1720] = 0000806701010113 : 141179886829843
@@@ mem[ 1728] = 0026979300168693 : 10862706732467859
@@@ mem[ 1736] = 0a05202300f507b3 : 722018649974835123
@@@ mem[ 1744] = 0097a0230ad52223 : 42678793849348643
@@@ mem[ 1752] = f2f684e3fff00793 : 17507326716235745171
@@@ mem[ 1760] = ff010113f39ff06f : 18374969139851685999
@@@ mem[ 1768] = 0011262300600513 : 4827006376084755
@@@ mem[ 1776] = 0000009700812423 : 648548525091
@@@ mem[ 1784] = 00100613cb0080e7 : 4510281707323623
@@@ mem[ 1792] = 0005041300000593 : 1411854534444435
@@@ mem[ 1800] = d2c080e700000097 : 15186279673119113367
@@@ mem[ 1808] = 0020061300040513 : 9013877929149715
@@@ mem[ 1816] = 0000009700000593 : 648540063123
@@@ mem[ 1824] = 00040513d18080e7 : 1131482584219879
@@@ mem[ 1832] = 0010059300200613 : 4509728547800595
@@@ mem[ 1840] = d04080e700000097 : 15006135688024293527
@@@ mem[ 1848] = 0040061300040513 : 18021077183890707
@@@ mem[ 1856] = 0000009700100593 : 648541111699
@@@ mem[ 1864] = 00040513cf0080e7 : 1131482542276839
@@@ mem[ 1872] = 0010059300300613 : 4509728548849171
@@@ mem[ 1880] = cdc080e700000097 : 14825991702929473687
@@@ mem[ 1888] = 0040061300040513 : 18021077183890707
@@@ mem[ 1896] = 0000009700200593 : 648542160275
@@@ mem[ 1904] = 00040513cc8080e7 : 1131482500333799
@@@ mem[ 1912] = 0040061300300593 : 18021077186774419
@@@ mem[ 1920] = cb4080e700000097 : 14645847717834653847
@@@ mem[ 1928] = 0081240300040513 : 36349867299439891
@@@ mem[ 1936] = 0000059300c12083 : 6128930988163
@@@ mem[ 1944] = 0000031701010113 : 3397335974163
@@@ mem[ 1952] = ff010113df430067 : 18374969139510050919
@@@ mem[ 1960] = 0005041300812423 : 1411854542906403
@@@ mem[ 1968] = 0091222300800513 : 40851405350634771
@@@ mem[ 1976] = 0005849300112623 : 1553141779736099
@@@ mem[ 1984] = a14080e700000097 : 11619428768241680535
@@@ mem[ 1992] = 0095202300042783 : 41975106226104195
@@@ mem[ 2000] = 00f5222300c12083 : 68998903025967235
@@@ mem[ 2008] = 0081240300a42023 : 36349867309932579
@@@ mem[ 2016] = 0101011300412483 : 72340250134914179
@@@ mem[ 2024] = 0005a70300008067 : 1591006210326631
@@@ mem[ 2032] = 00e5202300052783 : 64493104363022211
@@@ mem[ 2040] = 0000806700f5a023 : 141179886084131
@@@ mem[ 2048] = 0000031700050663 : 3397319460451
@@@ mem[ 2056] = 000080678b030067 : 141182202216551
@@@ mem[ 2064] = ec078793000017b7 : 17007711583217915831
@@@ mem[ 2072] = 0047a5830007a503 : 20166705406256387
@@@ mem[ 2080] = 00c7a6830087a603 : 56196601945236995
@@@ mem[ 2088] = 0147a7830107a703 : 92226498484217603
@@@ mem[ 2096] = 02812c23fc010113 : 180473993134932243
@@@ mem[ 2104] = 00f12e2303312623 : 67886197299553827
@@@ mem[ 2112] = 02912a2302112e23 : 184975389545803299
@@@ mem[ 2120] = 00a1242303212823 : 45357204045375523
@@@ mem[ 2128] = 00c1282300b12623 : 54368801305732643
@@@ mem[ 2136] = 00e12c2300d12a23 : 63380398609082915
@@@ mem[ 2144] = 0201099300810413 : 144407190025864211
@@@ mem[ 2152] = 0004290300000793 : 1170992768485267
@@@ mem[ 2160] = 0007849300800513 : 2116091740423443
@@@ mem[ 2168] = 95c080e700000097 : 10790766436805509271
@@@ mem[ 2176] = 0095222301252023 : 41977305268297763
@@@ mem[ 2184] = 0005079300440413 : 1415702829597715
@@@ mem[ 2192] = 03812403fd341ee3 : 252522653661011683
@@@ mem[ 2200] = 0341248303c12083 : 234508800722280579
@@@ mem[ 2208] = 02c1298303012903 : 198485501248874755
@@@ mem[ 2216] = 0000031704010113 : 3397386305811
@@@ mem[ 2224] = 000016b780830067 : 24977390895207
@@@ mem[ 2232] = 000057b7ee06a703 : 96447484045059
@@@ mem[ 2240] = 00170713f7478793 : 6481706798778259
@@@ mem[ 2248] = 00c787b300271613 : 56162723236877843
@@@ mem[ 2256] = 00a7a023eee6a023 : 47182397303070755
@@@ mem[ 2264] = 000016b700008067 : 24975234859111
@@@ mem[ 2272] = 000057b7ee06a703 : 96447484045059
@@@ mem[ 2280] = 00271613f7478793 : 11001799100565395
@@@ mem[ 2288] = fff7071300c787b3 : 18444218577118005171
@@@ mem[ 2296] = eee6a0230007a503 : 17214622697855100163
@@@ mem[ 2304] = 000017b700008067 : 26074746486887
@@@ mem[ 2312] = 000057b7ee07a703 : 96447484110595
@@@ mem[ 2320] = 00271713f7478793 : 11002898612193171
@@@ mem[ 2328] = 0007a50300e787b3 : 2151757155633075
@@@ mem[ 2336] = 000017b700008067 : 26074746486887
@@@ mem[ 2344] = 00150513ee07a503 : 5916557666919683
@@@ mem[ 2352] = 0000806700153513 : 141179871376659
@@@ mem[ 2360] = 00100513ff010113 : 4509183068143891
@@@ mem[ 2368] = 0000009700112623 : 648541185571
@@@ mem[ 2376] = 000016b7890080e7 : 24977533337831
@@@ mem[ 2384] = 000057b7f006a703 : 96447517599491
@@@ mem[ 2392] = 0027161300c12083 : 11001794964562051
@@@ mem[ 2400] = 00050023f8878793 : 1407529377040275
@@@ mem[ 2408] = 00c787b300170713 : 56162723235825427
@@@ mem[ 2416] = 00a7a023f0e6a023 : 47182397336625187
@@@ mem[ 2424] = 0000806701010113 : 141179886829843
@@@ mem[ 2432] = 00a787b300251793 : 47155523982006163
@@@ mem[ 2440] = 00b787b300259713 : 51659123609409299
@@@ mem[ 2448] = 0000573700b705b3 : 95893746812339
@@@ mem[ 2456] = 00279793f1070713 : 11144185751471891
@@@ mem[ 2464] = 0010069300a58533 : 4510828068177203
@@@ mem[ 2472] = 0025151300f707b3 : 10437745503045555
@@@ mem[ 2480] = 00a7053300d7a023 : 47012037726281763
@@@ mem[ 2488] = 0000806700d52023 : 141179883954211
@@@ mem[ 2496] = f007a683000017b7 : 17295975975510611895
@@@ mem[ 2504] = 0025179304d05e63 : 10440494346690147
@@@ mem[ 2512] = 0000573700a787b3 : 95893745797043
@@@ mem[ 2520] = f107071300279793 : 17367858266165974931
@@@ mem[ 2528] = 00e787b3000055b7 : 65169922489079223
@@@ mem[ 2536] = 0010061300000513 : 4510278301517075
@@@ mem[ 2544] = 00c0006ff8858593 : 54043676439315859
@@@ mem[ 2552] = 02a6846300150513 : 190985594947831059
@@@ mem[ 2560] = 004787930007a703 : 20133788776900355
@@@ mem[ 2568] = 00251713fec718e3 : 10439948784572643
@@@ mem[ 2576] = 0007270300b70733 : 2013218687354675
@@@ mem[ 2584] = fc071ee300074703 : 18160517982701700867
@@@ mem[ 2592] = fff0051300008067 : 18442246053244731495
@@@ mem[ 2600] = 00001fb700008067 : 34870839509095
@@@ mem[ 2608] = 00005837ee0fa883 : 96997240449155
@@@ mem[ 2616] = 00082e03f8880813 : 2302394403129363
@@@ mem[ 2624] = 0000533700188893 : 91495689914515
@@@ mem[ 2632] = f743031300100713 : 17817087930948126483
@@@ mem[ 2640] = 00ee002300289793 : 66991194783651731
@@@ mem[ 2648] = 0007a02300f307b3 : 2146397037201331
@@@ mem[ 2656] = ef1fa02300001737 : 17230666771527112503
@@@ mem[ 2664] = f0072603fff00793 : 17295834692560357267
@@@ mem[ 2672] = 00005eb708f88863 : 104140222531683
@@@ mem[ 2680] = f10e8e9300000713 : 17369977574825920275
@@@ mem[ 2688] = fff00f1300100593 : 18442257048362026387
@@@ mem[ 2696] = 0027179306c05663 : 11003444332615267
@@@ mem[ 2704] = 0027979300e787b3 : 11144181722875827
@@@ mem[ 2712] = 0000071301d787b3 : 7778216675251
@@@ mem[ 2720] = 0017071300c0006f : 6481702662701167
@@@ mem[ 2728] = 0007a68304c70663 : 2153406488053347
@@@ mem[ 2736] = feb698e300478793 : 18354025432124721043
@@@ mem[ 2744] = 00d806b300271693 : 60805960840976019
@@@ mem[ 2752] = 0006c5030006a683 : 1905466536273539
@@@ mem[ 2760] = 00188893fc051ee3 : 6905568610819811
@@@ mem[ 2768] = 00b6802300289793 : 51369333576210323
@@@ mem[ 2776] = 00e7a02300f307b3 : 65196791820388275
@@@ mem[ 2784] = 0028979301e88e63 : 11425656716430947
@@@ mem[ 2792] = 0007a70300f307b3 : 2153956179642291
@@@ mem[ 2800] = fff88893f8c04ee3 : 18444642443010789091
@@@ mem[ 2808] = ef1fa023ffe896e3 : 17230666775820539619
@@@ mem[ 2816] = 0026161302c05463 : 10720320021353571
@@@ mem[ 2824] = f8c78793000057b7 : 17926445907201513399
@@@ mem[ 2832] = 00c0006f00c80633 : 54043672282924595
@@@ mem[ 2840] = 004787930007ae03 : 20133788776902147
@@@ mem[ 2848] = fec79ae3000e0023 : 18358812705748287523
@@@ mem[ 2856] = ff01011300008067 : 18374969135764373607
@@@ mem[ 2864] = 00812423000057b7 : 36350004738152375
@@@ mem[ 2872] = 00112623f1078413 : 4827010413593619
@@@ mem[ 2880] = 0121202300912223 : 81381602974835235
@@@ mem[ 2888] = 06440713f1078793 : 451493644873467795
@@@ mem[ 2896] = 0007a2230007a023 : 2148596045029411
@@@ mem[ 2904] = 0007a6230007a423 : 2152994091541539
@@@ mem[ 2912] = 014787930007a823 : 92191382814828579
@@@ mem[ 2920] = 00100513fee794e3 : 4509183066477795
@@@ mem[ 2928] = fffff097000014b7 : 18446727130063574199
@@@ mem[ 2936] = f004a703660080e7 : 17295132102047596775
@@@ mem[ 2944] = f889091300005937 : 17908855370424539447
@@@ mem[ 2952] = 0005079300271693 : 1415702827701907
@@@ mem[ 2960] = 00d906b300050023 : 61087435815452707
@@@ mem[ 2968] = 0010051300170713 : 4509178791397139
@@@ mem[ 2976] = 00f6a023f0e4a023 : 69418920496635939
@@@ mem[ 2984] = 62c080e7fffff097 : 7115829145166147735
@@@ mem[ 2992] = 00050793f004a703 : 1415706851976963
@@@ mem[ 3000] = 0027169300050023 : 11002344708046883
@@@ mem[ 3008] = 0017071300d906b3 : 6481702664341171
@@@ mem[ 3016] = f0e4a02300100513 : 17358174935978083603
@@@ mem[ 3024] = fffff09700f6a023 : 18446727130079731747
@@@ mem[ 3032] = f004a703600080e7 : 17295132101946933479
@@@ mem[ 3040] = 0005002300050793 : 1407525207738259
@@@ mem[ 3048] = 00d906b300271693 : 61087435817686675
@@@ mem[ 3056] = 0010051300170713 : 4509178791397139
@@@ mem[ 3064] = 00f6a023f0e4a023 : 69418920496635939
@@@ mem[ 3072] = 5d4080e7fffff097 : 6719512377957544087
@@@ mem[ 3080] = 00050793f004a703 : 1415706851976963
@@@ mem[ 3088] = 0027169300050023 : 11002344708046883
@@@ mem[ 3096] = 0017071300d906b3 : 6481702664341171
@@@ mem[ 3104] = f0e4a02300100513 : 17358174935978083603
@@@ mem[ 3112] = fffff09700f6a023 : 18446727130079731747
@@@ mem[ 3120] = f004a7035a8080e7 : 17295132101854658791
@@@ mem[ 3128] = 0005002300100793 : 1407525208459155
@@@ mem[ 3136] = 00d9093300271693 : 61090184596756115
@@@ mem[ 3144] = 00f42a2300f42223 : 68726224145621539
@@@ mem[ 3152] = 02f4242300f42423 : 212834815151711267
@@@ mem[ 3160] = 02f42e2300f42623 : 212845810267989539
@@@ mem[ 3168] = 04f42a2302f42223 : 356956600330887715
@@@ mem[ 3176] = 04f42c2302f42c23 : 356958799354145827
@@@ mem[ 3184] = 04f42e2304f42623 : 356960998410954275
@@@ mem[ 3192] = 0081240300170713 : 36349867300685587
@@@ mem[ 3200] = f0e4a02300c12083 : 17358174935989690499
@@@ mem[ 3208] = 0041248300a92023 : 18336018556592163
@@@ mem[ 3216] = 0101011300012903 : 72340250130721027
@@@ mem[ 3224] = d943006700000317 : 15655357172051608343
@@@ mem[ 3232] = 02f5026300100793 : 213079181596034963
@@@ mem[ 3240] = 00112623ff010113 : 4827010648047891
@@@ mem[ 3248] = 020080e700000097 : 144256917701656727
@@@ mem[ 3256] = 0000051300c12083 : 5579175174275
@@@ mem[ 3264] = 0000806701010113 : 141179886829843
@@@ mem[ 3272] = 0000806700000513 : 141179869988115
@@@ mem[ 3280] = 00812c23fe010113 : 36358805092630803
@@@ mem[ 3288] = fff5041300912a23 : 18443652328626137635
@@@ mem[ 3296] = 0121282300068493 : 81390399058773139
@@@ mem[ 3304] = 0006091300060693 : 1698827069687443
@@@ mem[ 3312] = 0004861300040513 : 1273316069606675
@@@ mem[ 3320] = 00112e2301312623 : 4835802482812451
@@@ mem[ 3328] = 0000009700058993 : 648540424595
@@@ mem[ 3336] = 00040513f9c080e7 : 1131483259502823
@@@ mem[ 3344] = 01c1208301812403 : 126418011581129731
@@@ mem[ 3352] = 0009061300098693 : 2539953465165459
@@@ mem[ 3360] = 0101290300c12983 : 72384161888938371
@@@ mem[ 3368] = 0141248300048593 : 90393612583732627
@@@ mem[ 3376] = 0000031702010113 : 3397352751379
@@@ mem[ 3384] = 04200693f6c30067 : 297244807976386663
@@@ mem[ 3392] = 0410059304300613 : 292740104767669779
@@@ mem[ 3400] = 0000031700500513 : 3397324375315
@@@ mem[ 3408] = ff010113f8430067 : 18374969139929481319
@@@ mem[ 3416] = 0000009700112623 : 648541185571
@@@ mem[ 3424] = 00000097988080e7 : 651098620135
@@@ mem[ 3432] = 00000097aac080e7 : 651404804327
@@@ mem[ 3440] = 00500513dc0080e7 : 22523580990390503
@@@ mem[ 3448] = 0430061304200693 : 301747853777176211
@@@ mem[ 3456] = 0000009704100593 : 648608220563
@@@ mem[ 3464] = 00c12083f4c080e7 : 54360421624217831
@@@ mem[ 3472] = 0101011300000513 : 72340250130646291
@@@ mem[ 3480] = 00f0031300008067 : 67557374549852263
@@@ mem[ 3488] = 02c37e6300050713 : 199141772201625363
@@@ mem[ 3496] = 0a07906300f77793 : 722705020108634003
@@@ mem[ 3504] = ff06769308059263 : 18376505703398740579
@@@ mem[ 3512] = 00e686b300f67613 : 64887348016870931
@@@ mem[ 3520] = 00b7222300b72023 : 51547454469251107
@@@ mem[ 3528] = 00b7262300b72423 : 51551852515763235
@@@ mem[ 3536] = fed766e301070713 : 18363259130787333907
@@@ mem[ 3544] = 0000806700061463 : 141179870385251
@@@ mem[ 3552] = 0026969340c306b3 : 10861608305886899
@@@ mem[ 3560] = 005686b300000297 : 24354951354385047
@@@ mem[ 3568] = 00b7072300c68067 : 51517767656308839
@@@ mem[ 3576] = 00b7062300b706a3 : 51516668143666851
@@@ mem[ 3584] = 00b7052300b705a3 : 51515568632038819
@@@ mem[ 3592] = 00b7042300b704a3 : 51514469120410787
@@@ mem[ 3600] = 00b7032300b703a3 : 51513369608782755
@@@ mem[ 3608] = 00b7022300b702a3 : 51512270097154723
@@@ mem[ 3616] = 00b7012300b701a3 : 51511170585526691
@@@ mem[ 3624] = 00b7002300b700a3 : 51510071073898659
@@@ mem[ 3632] = 0ff5f59300008067 : 1150095291572060263
@@@ mem[ 3640] = 00d5e5b300859693 : 60206727010031251
@@@ mem[ 3648] = 00d5e5b301059693 : 60206727018419859
@@@ mem[ 3656] = 00279693f6dff06f : 11143086337945711
@@@ mem[ 3664] = 005686b300000297 : 24354951354385047
@@@ mem[ 3672] = fa0680e700008293 : 18016229088968082067
@@@ mem[ 3680] = ff07879300028093 : 18376805869938704531
@@@ mem[ 3688] = 00f6063340f70733 : 69249661473851187
@@@ mem[ 3696] = f3dff06ff6c378e3 : 17573028634695006435
@@@
@@@ mem[ 3776] = 000000380000000c : 240518168588
@@@ mem[ 3784] = 0000000b00000002 : 47244640258
@@@ mem[ 3792] = 0000005a00000001 : 386547056641
@@@
@@@ mem[ 3808] = 00003d80ffffffff : 67624260075519
@@@ mem[ 3816] = 0000000000001190 : 4496
@@@
@@@ mem[ 3840] = 00000f0800000005 : 16527034155013
@@@ mem[ 3848] = 0000000000000f08 : 3848
@@@ mem[ 3856] = 0000000c00000f08 : 51539611400
@@@ mem[ 3864] = 00000f2c00000006 : 16681652977670
@@@ mem[ 3872] = 00000f0800000f4c : 16527034158924
@@@ mem[ 3880] = 00000f8c00000018 : 17093969838104
@@@ mem[ 3888] = 0000100c00000fec : 17643725656044
@@@ mem[ 3896] = 0000103c0000102c : 17849884086316
@@@ mem[ 3904] = 00000f0800000000 : 16527034155008
@@@ mem[ 3912] = 0000000100000018 : 4294967320
@@@ mem[ 3920] = 0000000100000001 : 4294967297
@@@ mem[ 3928] = 0000000100000001 : 4294967297
@@@ mem[ 3936] = 00000f0800000000 : 16527034155008
@@@ mem[ 3944] = 0000000100000008 : 4294967304
@@@ mem[ 3952] = 00000f0800000000 : 16527034155008
@@@ mem[ 3960] = 0000000000000008 : 8
@@@ mem[ 3968] = 00000f0800000000 : 16527034155008
@@@ mem[ 3976] = 0000000200000008 : 8589934600
@@@ mem[ 3984] = 00000f0800000f6c : 16527034158956
@@@ mem[ 3992] = 0000000000000008 : 8
@@@ mem[ 4000] = 00000f0800000000 : 16527034155008
@@@ mem[ 4008] = 0000000200000008 : 8589934600
@@@ mem[ 4016] = 00000f0800000f7c : 16527034158972
@@@ mem[ 4024] = 0000000100000008 : 4294967304
@@@ mem[ 4032] = 00000f0800000f9c : 16527034159004
@@@ mem[ 4040] = 0000000400000008 : 17179869192
@@@ mem[ 4048] = 00000f0800000fac : 16527034159020
@@@ mem[ 4056] = 0000000100000008 : 4294967304
@@@ mem[ 4064] = 00000f0800000000 : 16527034155008
@@@ mem[ 4072] = 0000000300000008 : 12884901896
@@@ mem[ 4080] = 00000f0800000fcc : 16527034159052
@@@ mem[ 4088] = 0000000100000008 : 4294967304
@@@ mem[ 4096] = 00000f0800000000 : 16527034155008
@@@ mem[ 4104] = 0000000400000008 : 17179869192
@@@ mem[ 4112] = 00000f0800000fbc : 16527034159036
@@@ mem[ 4120] = 0000000200000008 : 8589934600
@@@ mem[ 4128] = 00000f0800000fdc : 16527034159068
@@@ mem[ 4136] = 0000000400000008 : 17179869192
@@@ mem[ 4144] = 00000f0800000ffc : 16527034159100
@@@ mem[ 4152] = 0000000300000008 : 12884901896
@@@ mem[ 4160] = 00000f080000101c : 16527034159132
@@@ mem[ 4168] = 00000002000000a8 : 8589934760
@@@ mem[ 4176] = 0000000400000001 : 17179869185
@@@ mem[ 4184] = 0000000000000003 : 3
@@@
@@@ mem[ 4328] = ffffffff00000000 : 18446744069414584320
@@@ mem[ 4336] = 00000f08ffffffff : 16531329122303
@@@ mem[ 4344] = 0000005a00000008 : 386547056648
@@@ mem[ 4352] = 00000f0800000000 : 16527034155008
@@@ mem[ 4360] = 0000003800000008 : 240518168584
@@@ mem[ 4368] = 00000f08000010fc : 16527034159356
@@@ mem[ 4376] = 0000000c00000008 : 51539607560
@@@ mem[ 4384] = 00000f080000110c : 16527034159372
@@@ mem[ 4392] = 0000000b00000008 : 47244640264
@@@ mem[ 4400] = 00000f080000111c : 16527034159388
@@@ mem[ 4408] = 0000000200000008 : 8589934600
@@@ mem[ 4416] = 00000f080000112c : 16527034159404
@@@ mem[ 4424] = 0000000100000008 : 4294967304
@@@ mem[ 4432] = 00000f080000113c : 16527034159420
@@@ mem[ 4440] = 0000000000000004 : 4
@@@ mem[ 4448] = 0000000400000f08 : 17179873032
@@@ mem[ 4456] = 00000f0800000000 : 16527034155008
@@@ mem[ 4464] = 0000000000000004 : 4
@@@ mem[ 4472] = 0000000400000f08 : 17179873032
@@@ mem[ 4480] = 00000f0800000000 : 16527034155008
@@@ mem[ 4488] = 0000000000000004 : 4
@@@
@@@ mem[20240] = 0000000100000000 : 4294967296
@@@ mem[20248] = 0000000100000001 : 4294967297
@@@ mem[20256] = 0000000100000000 : 4294967296
@@@
@@@ mem[20272] = 0000000100000000 : 4294967296
@@@ mem[20280] = 0000000000000001 : 1
@@@
@@@ mem[20296] = 0000000100000001 : 4294967297
@@@
@@@ mem[20312] = 0000000100000000 : 4294967296
@@@ mem[20320] = 0000000100000000 : 4294967296
@@@ mem[20328] = 0000000100000001 : 4294967297
@@@
@@@ mem[20344] = 0000000400000001 : 17179869185
@@@ mem[20352] = 0000000000000003 : 3
@@@ mem[20360] = 000011680000115c : 19138374275420
@@@ mem[20368] = 0000118000001174 : 19241453490548
@@@ mem[20376] = 000000000000118c : 4492
@@@
@@@ mem[65352] = 0000004100000000 : 279172874240
@@@ mem[65360] = 0000004200000043 : 283467841603
@@@ mem[65368] = 00000cb800000002 : 13984413515778
@@@
@@@ mem[65384] = 0000004200000000 : 283467841536
@@@ mem[65392] = 0000004300000041 : 287762808897
@@@ mem[65400] = 00000cb800000002 : 13984413515778
@@@ mem[65408] = 0000004300000042 : 287762808898
@@@ mem[65416] = 0000004100000003 : 279172874243
@@@ mem[65424] = 0000004200000043 : 283467841603
@@@ mem[65432] = 00000cb800000002 : 13984413515778
@@@ mem[65440] = 0000004100000043 : 279172874307
@@@ mem[65448] = 0000000000000003 : 3
@@@
@@@ mem[65464] = 00000cb800010000 : 13984413581312
@@@
@@@ mem[65480] = 00000cb800010000 : 13984413581312
@@@
@@@ mem[65496] = 00000cb800010000 : 13984413581312
@@@
@@@ mem[65512] = 00000d8c00010000 : 14894946648064
@@@
@@@ mem[65528] = 000000a000000000 : 687194767360
@@@
@@@ System halted on WFI instruction
@@@
