
Final memory state and exit status:

@@@ Unified Memory contents hex on left, decimal on right: 
@@@
@@@ mem[    0] = 0000009700000013 : 648540061715
@@@ mem[    8] = 0001011709c08093 : 282673436197011
@@@ mem[   16] = 00010413ff410113 : 285958910050579
@@@ mem[   24] = d281819300001197 : 15168547488320721303
@@@ mem[   32] = 0000029300000213 : 2830383448595
@@@ mem[   40] = 0000039300000313 : 3929895076627
@@@ mem[   48] = 0000051300000493 : 5579162518675
@@@ mem[   56] = 0000061300000593 : 6678674146707
@@@ mem[   64] = 0000071300000693 : 7778185774739
@@@ mem[   72] = 0000081300000793 : 8877697402771
@@@ mem[   80] = 0000091300000893 : 9977209030803
@@@ mem[   88] = 00000a1300000993 : 11076720658835
@@@ mem[   96] = 00000b1300000a93 : 12176232286867
@@@ mem[  104] = 00000c1300000b93 : 13275743914899
@@@ mem[  112] = 00000d1300000c93 : 14375255542931
@@@ mem[  120] = 00000e1300000d93 : 15474767170963
@@@ mem[  128] = 00000f1300000e93 : 16574278798995
@@@ mem[  136] = 2840006f00000f93 : 2900318636767973267
@@@
@@@ mem[  160] = f601011300010117 : 17726450789423055127
@@@ mem[  168] = 00000013fea12c23 : 85876354083
@@@ mem[  176] = fd01011310500073 : 18230853947962163315
@@@ mem[  184] = 0000093703212023 : 10131880353827
@@@ mem[  192] = 0211262358892883 : 148942195931031683
@@@ mem[  200] = 0291222302812423 : 184966593460118563
@@@ mem[  208] = 01412c2301312e23 : 90401996379598371
@@@ mem[  216] = 0161282301512a23 : 99404797589924387
@@@ mem[  224] = 0181242301712623 : 108407598800250403
@@@ mem[  232] = 01a1202301912223 : 117410400010576419
@@@ mem[  240] = 00000a3708a8d263 : 11231484760675
@@@ mem[  248] = 00050413584a2303 : 1411856015696643
@@@ mem[  256] = 00060b1300058a93 : 1701026092911251
@@@ mem[  264] = 0007099300068d13 : 1980851802246419
@@@ mem[  272] = 00080c1300078b93 : 2265075558091667
@@@ mem[  280] = 1900049300000cb7 : 1801444880354905271
@@@ mem[  288] = 580cae0303335e63 : 6344637303020019299
@@@ mem[  296] = 00130313095e4263 : 5351404853936739
@@@ mem[  304] = 000b8793000c0813 : 3245290174547987
@@@ mem[  312] = 000d069300098713 : 3666403127822099
@@@ mem[  320] = 000a8593000b0613 : 2961616174515731
@@@ mem[  328] = 580ca02300040513 : 6344622047242749203
@@@ mem[  336] = 00000097586a2223 : 650023412259
@@@ mem[  344] = 58892883f60080e7 : 6379674894380073191
@@@ mem[  352] = 00000313580a2223 : 3381616321059
@@@ mem[  360] = 5919242300188893 : 6420202476537415827
@@@ mem[  368] = 02c12083fa88c8e3 : 198475609797085411
@@@ mem[  376] = 0241248302812403 : 162451206663382019
@@@ mem[  384] = 01c1298302012903 : 126427907194169603
@@@ mem[  392] = 01412a8301812a03 : 90400209678445059
@@@ mem[  400] = 00c12b8301012b03 : 54372512162720515
@@@ mem[  408] = 00412c8300812c03 : 18344814646995971
@@@ mem[  416] = 0301011300012d03 : 216455438206577923
@@@ mem[  424] = 002e1e9300008067 : 12981465637748839
@@@ mem[  432] = 029888b3001e0f93 : 187049686918369171
@@@ mem[  440] = 000c081300231313 : 3386577420227347
@@@ mem[  448] = 00098713000b8793 : 2681790465279891
@@@ mem[  456] = 000b0613000d0693 : 3102903418816147
@@@ mem[  464] = 59fca023000a8593 : 6484233635691660691
@@@ mem[  472] = 011b0533029e0e33 : 79663135054499379
@@@ mem[  480] = 011308b301d50533 : 77415183518336307
@@@ mem[  488] = 011c08b300052f03 : 79948458278334211
@@@ mem[  496] = 000405130008ae83 : 1131479069929091
@@@ mem[  504] = 006e033301cb8e33 : 30965765046505011
@@@ mem[  512] = 03e3033300032303 : 280071119405523715
@@@ mem[  520] = 0068a023006e8333 : 29449469769450291
@@@ mem[  528] = ea4080e700000097 : 16879633133010419863
@@@ mem[  536] = f11ff06f584a2303 : 17374870248431952643
@@@ mem[  544] = 81010113ffff7337 : 9295712291280352055
@@@ mem[  552] = 7e112623b7030313 : 9084083858219139859
@@@ mem[  560] = 7e9122237e812423 : 9120108256243557411
@@@ mem[  568] = 7d312e237f212023 : 9021042258591424547
@@@ mem[  576] = 7d512a237d412c23 : 9030045059768200227
@@@ mem[  584] = 7d7126237d612823 : 9039047860978526243
@@@ mem[  592] = 006101330000a437 : 27304391295935543
@@@ mem[  600] = 01010893c4040413 : 72348499756450835
@@@ mem[  608] = 00050493ffff6837 : 1412408585185335
@@@ mem[  616] = 0105053301140533 : 73470685541041459
@@@ mem[  624] = 0006099300058913 : 1699376825469203
@@@ mem[  632] = 0004061300a12623 : 1132578591548963
@@@ mem[  640] = 3c05051300000593 : 4324868596321748371
@@@ mem[  648] = 00078b1300070a93 : 2123238558075539
@@@ mem[  656] = 0000009700068a13 : 648540490259
@@@ mem[  664] = 010107131b4080e7 : 72346847657623783
@@@ mem[  672] = 4087883300e407b3 : 4649834892922980275
@@@ mem[  680] = 000b0793000a8713 : 3104552686094099
@@@ mem[  688] = 00098613000a0693 : 2680690953553555
@@@ mem[  696] = 0004851300090593 : 1272216558306707
@@@ mem[  704] = df4080e700000097 : 16086999598593212567
@@@ mem[  712] = 4903031300009337 : 5261052169838170935
@@@ mem[  720] = 7ec1208300610133 : 9133617266303238451
@@@ mem[  728] = 7e4124837e812403 : 9097592869446820867
@@@ mem[  736] = 7dc129837e012903 : 9061569569977608451
@@@ mem[  744] = 7d412a837d812a03 : 9025541872461883907
@@@ mem[  752] = 7cc12b837d012b03 : 8989514174946159363
@@@ mem[  760] = 000080677f010113 : 141182000759059
@@@ mem[  768] = 0000806700b68463 : 141179881948259
@@@ mem[  776] = f183006700000317 : 17402753827471360791
@@@ mem[  784] = 7e11262381010113 : 9084083857313038611
@@@ mem[  792] = 7e9122237e812423 : 9120108256243557411
@@@ mem[  800] = 7d312e237f212023 : 9021042258591424547
@@@ mem[  808] = 7d512a237d412c23 : 9030045059768200227
@@@ mem[  816] = 7d7126237d612823 : 9039047860978526243
@@@ mem[  824] = 7d9122237d812423 : 9048050662188852259
@@@ mem[  832] = 4b000613e6010113 : 5404326235377565971
@@@ mem[  840] = 0001051300000593 : 287054139229587
@@@ mem[  848] = 0f8080e700000097 : 1117034437213683863
@@@ mem[  856] = 00200c1300100c93 : 9020474999704723
@@@ mem[  864] = 00400b1300300b93 : 18026574744914835
@@@ mem[  872] = 00600a1300500a93 : 27032674490124947
@@@ mem[  880] = 0080091300700993 : 36038774235335059
@@@ mem[  888] = 4b00061300900493 : 5404326231528178835
@@@ mem[  896] = 4b01051300000593 : 5404606606983824787
@@@ mem[  904] = 0181222301912023 : 108405399779090467
@@@ mem[  912] = 1961282301712423 : 1828787054502290467
@@@ mem[  920] = 19412c2319512a23 : 1819784253694618147
@@@ mem[  928] = 3321222333312023 : 3684263504743833635
@@@ mem[  936] = 0000009732912423 : 649388434467
@@@ mem[  944] = 000015b709c080e7 : 23875886809319
@@@ mem[  952] = 96058593fffff437 : 10810193351274394679
@@@ mem[  960] = 6a040613002585b3 : 7639237546603808179
@@@ mem[  968] = 4b01079300300513 : 5404609355766039827
@@@ mem[  976] = 0030071300c58633 : 13518577080829491
@@@ mem[  984] = 0030059300300693 : 13516927803590291
@@@ mem[  992] = 4b812a234b912823 : 5440676155920295971
@@@ mem[ 1000] = 656120234b712c23 : 7305155406533307427
@@@ mem[ 1008] = 6541242365512223 : 7296152605759185443
@@@ mem[ 1016] = 7d212a237d312823 : 9016534260885039139
@@@ mem[ 1024] = 000000977c912c23 : 650629950499
@@@ mem[ 1032] = 1a010113e1c080e7 : 1873780104866332903
@@@ mem[ 1040] = 7e8124037ec12083 : 9115606718204682371
@@@ mem[ 1048] = 7e0129037e412483 : 9079583418735469699
@@@ mem[ 1056] = 7d812a037dc12983 : 9043555721219746179
@@@ mem[ 1064] = 7d012b037d412a83 : 9007528023704021635
@@@ mem[ 1072] = 7c812c037cc12b83 : 8971500326188297091
@@@ mem[ 1080] = 000005137c412c83 : 5581247163523
@@@ mem[ 1088] = 000080677f010113 : 141182000759059
@@@ mem[ 1096] = 0005071300f00313 : 1415153085055763
@@@ mem[ 1104] = 00f7779302c37e63 : 69655792537796195
@@@ mem[ 1112] = 080592630a079063 : 578029081254662243
@@@ mem[ 1120] = 00f67613ff067693 : 69372672525891219
@@@ mem[ 1128] = 00b7202300e686b3 : 51545255449102003
@@@ mem[ 1136] = 00b7242300b72223 : 51549653492507171
@@@ mem[ 1144] = 0107071300b72623 : 74035697072678435
@@@ mem[ 1152] = 00061463fed766e3 : 1711269570111203
@@@ mem[ 1160] = 40c306b300008067 : 4666581004754911335
@@@ mem[ 1168] = 0000029700269693 : 2847565846163
@@@ mem[ 1176] = 00c68067005686b3 : 55873225264367283
@@@ mem[ 1184] = 00b706a300b70723 : 51517217899480867
@@@ mem[ 1192] = 00b705a300b70623 : 51516118387852835
@@@ mem[ 1200] = 00b704a300b70523 : 51515018876224803
@@@ mem[ 1208] = 00b703a300b70423 : 51513919364596771
@@@ mem[ 1216] = 00b702a300b70323 : 51512819852968739
@@@ mem[ 1224] = 00b701a300b70223 : 51511720341340707
@@@ mem[ 1232] = 00b700a300b70123 : 51510620829712675
@@@ mem[ 1240] = 0000806700b70023 : 141179881979939
@@@ mem[ 1248] = 008596930ff5f593 : 37601730274653587
@@@ mem[ 1256] = 0105969300d5e5b3 : 73630527039858099
@@@ mem[ 1264] = f6dff06f00d5e5b3 : 17789201412682802611
@@@ mem[ 1272] = 0000029700279693 : 2847565911699
@@@ mem[ 1280] = 00008293005686b3 : 143567877473971
@@@ mem[ 1288] = 00028093fa0680e7 : 704322996699367
@@@ mem[ 1296] = 40f70733ff078793 : 4681218257578330003
@@@ mem[ 1304] = f6c378e300f60633 : 17781188670157882931
@@@ mem[ 1312] = 00000000f3dff06f : 4091539567
@@@
@@@ mem[ 1416] = 0000000000000027 : 39
@@@
@@@ mem[21248] = 0000000000000003 : 3
@@@ mem[21256] = 0000fb2000005a00 : 276114857548288
@@@ mem[21264] = 000000030000f670 : 12884964976
@@@ mem[21272] = 0000000300000000 : 12884901888
@@@ mem[21280] = 0000019000000000 : 1717986918400
@@@ mem[21288] = 0000015c00000003 : 1494648619011
@@@ mem[21296] = 0000000000000003 : 3
@@@ mem[21304] = 0000fb2000005a00 : 276114857548288
@@@ mem[21312] = 000000030000f670 : 12884964976
@@@ mem[21320] = 0000000300000000 : 12884901888
@@@ mem[21328] = 0000019000000000 : 1717986918400
@@@ mem[21336] = 0000015c00000003 : 1494648619011
@@@ mem[21344] = 0000000000000003 : 3
@@@ mem[21352] = 0000fb2000005a00 : 276114857548288
@@@ mem[21360] = 000000030000f670 : 12884964976
@@@ mem[21368] = 0000000300000000 : 12884901888
@@@ mem[21376] = 0000019000000000 : 1717986918400
@@@ mem[21384] = 0000015c00000003 : 1494648619011
@@@ mem[21392] = 0000000000000003 : 3
@@@ mem[21400] = 0000fb2000005a00 : 276114857548288
@@@ mem[21408] = 000000030000f670 : 12884964976
@@@ mem[21416] = 0000000300000000 : 12884901888
@@@ mem[21424] = 0000019000000000 : 1717986918400
@@@ mem[21432] = 0000015c00000003 : 1494648619011
@@@ mem[21440] = 0000000000000003 : 3
@@@ mem[21448] = 0000fb2000005a00 : 276114857548288
@@@ mem[21456] = 000000030000f670 : 12884964976
@@@ mem[21464] = 0000000300000000 : 12884901888
@@@ mem[21472] = 0000019000000000 : 1717986918400
@@@ mem[21480] = 0000015c00000003 : 1494648619011
@@@ mem[21488] = 0000000000000003 : 3
@@@ mem[21496] = 0000fb2000005a00 : 276114857548288
@@@ mem[21504] = 000000030000f670 : 12884964976
@@@ mem[21512] = 0000000300000000 : 12884901888
@@@ mem[21520] = 0000019000000000 : 1717986918400
@@@ mem[21528] = 0000015c00000003 : 1494648619011
@@@ mem[21536] = 0000000000000003 : 3
@@@ mem[21544] = 0000fb2000005a00 : 276114857548288
@@@ mem[21552] = 000000030000f670 : 12884964976
@@@ mem[21560] = 0000000300000000 : 12884901888
@@@ mem[21568] = 0000019000000000 : 1717986918400
@@@ mem[21576] = 0000015c00000003 : 1494648619011
@@@ mem[21584] = 0000000000000003 : 3
@@@ mem[21592] = 0000fb2000005a00 : 276114857548288
@@@ mem[21600] = 000000030000f670 : 12884964976
@@@ mem[21608] = 0000000300000000 : 12884901888
@@@ mem[21616] = 0000019000000000 : 1717986918400
@@@ mem[21624] = 0000015c00000003 : 1494648619011
@@@ mem[21632] = 0000000000000003 : 3
@@@ mem[21640] = 0000fb2000005a00 : 276114857548288
@@@ mem[21648] = 000000030000f670 : 12884964976
@@@ mem[21656] = 0000000300000000 : 12884901888
@@@ mem[21664] = 0000019000000000 : 1717986918400
@@@ mem[21672] = 0000015c00000003 : 1494648619011
@@@ mem[21680] = 0000000000000003 : 3
@@@ mem[21688] = 0000fb2000005a00 : 276114857548288
@@@ mem[21696] = 000000030000f670 : 12884964976
@@@ mem[21704] = 0000000300000000 : 12884901888
@@@ mem[21712] = 0000019000000000 : 1717986918400
@@@ mem[21720] = 0000015c00000003 : 1494648619011
@@@ mem[21728] = 0000000000000003 : 3
@@@ mem[21736] = 0000fb2000005a00 : 276114857548288
@@@ mem[21744] = 000000030000f670 : 12884964976
@@@ mem[21752] = 0000000300000000 : 12884901888
@@@ mem[21760] = 0000019000000000 : 1717986918400
@@@ mem[21768] = 0000015c00000003 : 1494648619011
@@@ mem[21776] = 0000000000000003 : 3
@@@ mem[21784] = 0000fb2000005a00 : 276114857548288
@@@ mem[21792] = 000000030000f670 : 12884964976
@@@ mem[21800] = 0000000300000000 : 12884901888
@@@ mem[21808] = 0000019000000000 : 1717986918400
@@@ mem[21816] = 0000015c00000003 : 1494648619011
@@@ mem[21824] = 0000000000000003 : 3
@@@ mem[21832] = 0000fb2000005a00 : 276114857548288
@@@ mem[21840] = 000000030000f670 : 12884964976
@@@ mem[21848] = 0000000300000000 : 12884901888
@@@ mem[21856] = 0000019000000000 : 1717986918400
@@@ mem[21864] = 0000015c00000003 : 1494648619011
@@@ mem[21872] = 0000000000000003 : 3
@@@ mem[21880] = 0000fb2000005a00 : 276114857548288
@@@ mem[21888] = 000000030000f670 : 12884964976
@@@ mem[21896] = 0000000300000000 : 12884901888
@@@ mem[21904] = 0000019000000000 : 1717986918400
@@@ mem[21912] = 0000015c00000003 : 1494648619011
@@@ mem[21920] = 0000000000000003 : 3
@@@ mem[21928] = 0000fb2000005a00 : 276114857548288
@@@ mem[21936] = 000000030000f670 : 12884964976
@@@ mem[21944] = 0000000300000000 : 12884901888
@@@ mem[21952] = 0000019000000000 : 1717986918400
@@@ mem[21960] = 0000015c00000003 : 1494648619011
@@@ mem[21968] = 0000000000000003 : 3
@@@ mem[21976] = 0000fb2000005a00 : 276114857548288
@@@ mem[21984] = 000000030000f670 : 12884964976
@@@ mem[21992] = 0000000300000000 : 12884901888
@@@ mem[22000] = 0000019000000000 : 1717986918400
@@@ mem[22008] = 0000015c00000003 : 1494648619011
@@@ mem[22016] = 0000000000000003 : 3
@@@ mem[22024] = 0000fb2000005a00 : 276114857548288
@@@ mem[22032] = 000000030000f670 : 12884964976
@@@ mem[22040] = 0000000300000000 : 12884901888
@@@ mem[22048] = 0000019000000000 : 1717986918400
@@@ mem[22056] = 0000015c00000003 : 1494648619011
@@@ mem[22064] = 0000000000000003 : 3
@@@ mem[22072] = 0000fb2000005a00 : 276114857548288
@@@ mem[22080] = 000000030000f670 : 12884964976
@@@ mem[22088] = 0000000300000000 : 12884901888
@@@ mem[22096] = 0000019000000000 : 1717986918400
@@@ mem[22104] = 0000015c00000003 : 1494648619011
@@@ mem[22112] = 0000000000000003 : 3
@@@ mem[22120] = 0000fb2000005a00 : 276114857548288
@@@ mem[22128] = 000000030000f670 : 12884964976
@@@ mem[22136] = 0000000300000000 : 12884901888
@@@ mem[22144] = 0000019000000000 : 1717986918400
@@@ mem[22152] = 0000015c00000003 : 1494648619011
@@@ mem[22160] = 0000000000000003 : 3
@@@ mem[22168] = 0000fb2000005a00 : 276114857548288
@@@ mem[22176] = 000000030000f670 : 12884964976
@@@ mem[22184] = 0000000300000000 : 12884901888
@@@ mem[22192] = 0000019000000000 : 1717986918400
@@@ mem[22200] = 0000015c00000003 : 1494648619011
@@@ mem[22208] = 0000000000000003 : 3
@@@ mem[22216] = 0000fb2000005a00 : 276114857548288
@@@ mem[22224] = 000000030000f670 : 12884964976
@@@ mem[22232] = 0000000300000000 : 12884901888
@@@ mem[22240] = 0000019000000000 : 1717986918400
@@@ mem[22248] = 0000015c00000003 : 1494648619011
@@@ mem[22256] = 0000000000000003 : 3
@@@ mem[22264] = 0000fb2000005a00 : 276114857548288
@@@ mem[22272] = 000000030000f670 : 12884964976
@@@ mem[22280] = 0000000300000000 : 12884901888
@@@ mem[22288] = 0000019000000000 : 1717986918400
@@@ mem[22296] = 0000015c00000003 : 1494648619011
@@@ mem[22304] = 0000000000000003 : 3
@@@ mem[22312] = 0000fb2000005a00 : 276114857548288
@@@ mem[22320] = 000000030000f670 : 12884964976
@@@ mem[22328] = 0000000300000000 : 12884901888
@@@ mem[22336] = 0000019000000000 : 1717986918400
@@@ mem[22344] = 0000015c00000003 : 1494648619011
@@@ mem[22352] = 0000000000000003 : 3
@@@ mem[22360] = 0000fb2000005a00 : 276114857548288
@@@ mem[22368] = 000000030000f670 : 12884964976
@@@ mem[22376] = 0000000300000000 : 12884901888
@@@ mem[22384] = 0000019000000000 : 1717986918400
@@@ mem[22392] = 0000015c00000003 : 1494648619011
@@@ mem[22400] = 0000000000000003 : 3
@@@ mem[22408] = 0000fb2000005a00 : 276114857548288
@@@ mem[22416] = 000000030000f670 : 12884964976
@@@ mem[22424] = 0000000300000000 : 12884901888
@@@ mem[22432] = 0000019000000000 : 1717986918400
@@@ mem[22440] = 0000015c00000003 : 1494648619011
@@@ mem[22448] = 0000000000000003 : 3
@@@ mem[22456] = 0000fb2000005a00 : 276114857548288
@@@ mem[22464] = 000000030000f670 : 12884964976
@@@ mem[22472] = 0000000300000000 : 12884901888
@@@ mem[22480] = 0000019000000000 : 1717986918400
@@@ mem[22488] = 0000015c00000003 : 1494648619011
@@@ mem[22496] = 0000000000000003 : 3
@@@ mem[22504] = 0000fb2000005a00 : 276114857548288
@@@ mem[22512] = 000000030000f670 : 12884964976
@@@ mem[22520] = 0000000300000000 : 12884901888
@@@ mem[22528] = 0000019000000000 : 1717986918400
@@@ mem[22536] = 0000015c00000003 : 1494648619011
@@@ mem[22544] = 0000000000000003 : 3
@@@ mem[22552] = 0000fb2000005a00 : 276114857548288
@@@ mem[22560] = 000000030000f670 : 12884964976
@@@ mem[22568] = 0000000300000000 : 12884901888
@@@ mem[22576] = 0000019000000000 : 1717986918400
@@@ mem[22584] = 0000015c00000003 : 1494648619011
@@@ mem[22592] = 0000000000000003 : 3
@@@ mem[22600] = 0000fb2000005a00 : 276114857548288
@@@ mem[22608] = 000000030000f670 : 12884964976
@@@ mem[22616] = 0000000300000000 : 12884901888
@@@ mem[22624] = 0000019000000000 : 1717986918400
@@@ mem[22632] = 0000015c00000003 : 1494648619011
@@@ mem[22640] = 0000000000000003 : 3
@@@ mem[22648] = 0000fb2000005a00 : 276114857548288
@@@ mem[22656] = 000000030000f670 : 12884964976
@@@ mem[22664] = 0000000300000000 : 12884901888
@@@ mem[22672] = 0000019000000000 : 1717986918400
@@@ mem[22680] = 0000015c00000003 : 1494648619011
@@@ mem[22688] = 0000000000000003 : 3
@@@ mem[22696] = 0000fb2000005a00 : 276114857548288
@@@ mem[22704] = 000000030000f670 : 12884964976
@@@ mem[22712] = 0000000300000000 : 12884901888
@@@ mem[22720] = 0000019000000000 : 1717986918400
@@@ mem[22728] = 0000015c00000003 : 1494648619011
@@@ mem[22736] = 0000000000000003 : 3
@@@ mem[22744] = 0000fb2000005a00 : 276114857548288
@@@ mem[22752] = 000000030000f670 : 12884964976
@@@ mem[22760] = 0000000300000000 : 12884901888
@@@ mem[22768] = 0000019000000000 : 1717986918400
@@@ mem[22776] = 0000015c00000003 : 1494648619011
@@@ mem[22784] = 0000000000000003 : 3
@@@ mem[22792] = 0000fb2000005a00 : 276114857548288
@@@ mem[22800] = 000000030000f670 : 12884964976
@@@ mem[22808] = 0000000300000000 : 12884901888
@@@ mem[22816] = 0000019000000000 : 1717986918400
@@@ mem[22824] = 0000015c00000003 : 1494648619011
@@@ mem[22832] = 0000000000000003 : 3
@@@ mem[22840] = 0000fb2000005a00 : 276114857548288
@@@ mem[22848] = 000000030000f670 : 12884964976
@@@ mem[22856] = 0000000300000000 : 12884901888
@@@ mem[22864] = 0000019000000000 : 1717986918400
@@@ mem[22872] = 0000015c00000003 : 1494648619011
@@@ mem[22880] = 0000000000000003 : 3
@@@ mem[22888] = 0000fb2000005a00 : 276114857548288
@@@ mem[22896] = 000000030000f670 : 12884964976
@@@ mem[22904] = 0000000300000000 : 12884901888
@@@ mem[22912] = 0000019000000000 : 1717986918400
@@@ mem[22920] = 0000015c00000003 : 1494648619011
@@@ mem[22928] = 0000000000000003 : 3
@@@ mem[22936] = 0000fb2000005a00 : 276114857548288
@@@ mem[22944] = 000000030000f670 : 12884964976
@@@ mem[22952] = 0000000300000000 : 12884901888
@@@ mem[22960] = 0000019000000000 : 1717986918400
@@@ mem[22968] = 0000015c00000003 : 1494648619011
@@@ mem[22976] = 0000000100000000 : 4294967296
@@@ mem[22984] = 0000000300000002 : 12884901890
@@@ mem[22992] = 000000030000fb20 : 12884966176
@@@ mem[23000] = 0000f67000000003 : 270960896770051
@@@ mem[23008] = 0000000300000003 : 12884901891
@@@ mem[23016] = 000002c800009c40 : 3058016754752
@@@
@@@ mem[23032] = 0000564000000000 : 94832877895680
@@@ mem[23040] = 000000240000001e : 154618822686
@@@ mem[23048] = 000000000000002a : 42
@@@
@@@ mem[23440] = 0000005100000042 : 347892351042
@@@ mem[23448] = 0000000000000060 : 96
@@@
@@@ mem[23840] = 0000007e00000066 : 541165879398
@@@ mem[23848] = 0000000000000096 : 150
@@@
@@@ mem[63048] = 0000000300000000 : 12884901888
@@@ mem[63056] = 0000000500000004 : 21474836484
@@@ mem[63064] = 0000000700000006 : 30064771078
@@@ mem[63072] = 0000000900000008 : 38654705672
@@@ mem[63080] = 0000040cfffff000 : 4453881081856
@@@ mem[63088] = 0000000200000001 : 8589934593
@@@ mem[63096] = 0000000000000003 : 3
@@@
@@@ mem[63488] = 0000000500000004 : 21474836484
@@@ mem[63496] = 0000000000000006 : 6
@@@
@@@ mem[63888] = 0000000800000007 : 34359738375
@@@ mem[63896] = 0000000000000009 : 9
@@@
@@@ mem[64288] = 0000000200000001 : 8589934593
@@@ mem[64296] = 0000000000000003 : 3
@@@
@@@ mem[64688] = 0000000500000004 : 21474836484
@@@ mem[64696] = 0000000000000006 : 6
@@@
@@@ mem[65088] = 0000000800000007 : 34359738375
@@@ mem[65096] = 0000000000000009 : 9
@@@
@@@ mem[65528] = 000000a000000000 : 687194767360
@@@
@@@ System halted on WFI instruction
@@@
