
Final memory state and exit status:

@@@ Unified Memory contents hex on left, decimal on right: 
@@@
@@@ mem[    0] = 0000009700000013 : 648540061715
@@@ mem[    8] = 0001011709c08093 : 282673436197011
@@@ mem[   16] = 00010413ff410113 : 285958910050579
@@@ mem[   24] = ba81819300001197 : 13439165231410450839
@@@ mem[   32] = 0000029300000213 : 2830383448595
@@@ mem[   40] = 0000039300000313 : 3929895076627
@@@ mem[   48] = 0000051300000493 : 5579162518675
@@@ mem[   56] = 0000061300000593 : 6678674146707
@@@ mem[   64] = 0000071300000693 : 7778185774739
@@@ mem[   72] = 0000081300000793 : 8877697402771
@@@ mem[   80] = 0000091300000893 : 9977209030803
@@@ mem[   88] = 00000a1300000993 : 11076720658835
@@@ mem[   96] = 00000b1300000a93 : 12176232286867
@@@ mem[  104] = 00000c1300000b93 : 13275743914899
@@@ mem[  112] = 00000d1300000c93 : 14375255542931
@@@ mem[  120] = 00000e1300000d93 : 15474767170963
@@@ mem[  128] = 00000f1300000e93 : 16574278798995
@@@ mem[  136] = 2500006f00000f93 : 2666131456144707475
@@@
@@@ mem[  160] = f601011300010117 : 17726450789423055127
@@@ mem[  168] = 00000013fea12c23 : 85876354083
@@@ mem[  176] = 40b60f3310500073 : 4662931176180154483
@@@ mem[  184] = 40c686b3001f0f93 : 4667566167175401363
@@@ mem[  192] = ff010113002f9793 : 18374969135767459731
@@@ mem[  200] = 00269e1300f78793 : 10869853572794259
@@@ mem[  208] = ff07f79300812623 : 18376929015249315363
@@@ mem[  216] = 00fe071301010413 : 71502422287123475
@@@ mem[  224] = ff07779340f10133 : 18376788278842032435
@@@ mem[  232] = 40f1013300010293 : 4679522806369682067
@@@ mem[  240] = 15f0506300010e93 : 1580851855339097747
@@@ mem[  248] = 0023189300bf0333 : 9878643836650291
@@@ mem[  256] = 0045031300259713 : 19425153534760723
@@@ mem[  264] = 0002881300e507b3 : 712565154187187
@@@ mem[  272] = 0007a88300688333 : 2155605438006067
@@@ mem[  280] = 0048081300478793 : 20275076025255827
@@@ mem[  288] = fe6798e3ff182e23 : 18331788913239666211
@@@ mem[  296] = 0016071310d05c63 : 6200227955498083
@@@ mem[  304] = 00e5073300271713 : 64465685294028563
@@@ mem[  312] = 01de0833000e8793 : 134554054005000083
@@@ mem[  320] = 0047879300072603 : 20133788776867331
@@@ mem[  328] = fec7ae2300470713 : 18358833871350859539
@@@ mem[  336] = 0ff05263ff0798e3 : 1148508494413404387
@@@ mem[  344] = 0065033300259313 : 28432490228454163
@@@ mem[  352] = 0000061300000813 : 6678674147347
@@@ mem[  360] = 00e3202301c0006f : 63930154438623343
@@@ mem[  368] = 0015859300180813 : 6057840919185427
@@@ mem[  376] = 0043031303f85c63 : 18862203645484131
@@@ mem[  384] = 0028171306d65663 : 11284369554953827
@@@ mem[  392] = 00e2873300261793 : 63761997852186515
@@@ mem[  400] = 0007270300fe87b3 : 2013218692040627
@@@ mem[  408] = fce7d8e30007a783 : 18223772886647678851
@@@ mem[  416] = 0016061300f32023 : 6199128177713187
@@@ mem[  424] = fdf848e300158593 : 18300457225616197011
@@@ mem[  432] = 0026179302d65663 : 10721969290237539
@@@ mem[  440] = 00fe87b300259593 : 71643846955865491
@@@ mem[  448] = 01ce8e3300b50533 : 130197788946662707
@@@ mem[  456] = 004787930007a703 : 20133788776900355
@@@ mem[  464] = fee52e2300450513 : 18367137383163692307
@@@ mem[  472] = ff040113fefe18e3 : 18375813564972538083
@@@ mem[  480] = 0101011300c12403 : 72340250143302659
@@@ mem[  488] = 0025971300008067 : 10580681998499943
@@@ mem[  496] = 00e507b300281893 : 64466235049908371
@@@ mem[  504] = 00080713011288b3 : 2259578017450163
@@@ mem[  512] = 000703130008af83 : 1973704976805763
@@@ mem[  520] = 01f7a02300488893 : 141757985474513043
@@@ mem[  528] = 0047879300170713 : 20133788777907987
@@@ mem[  536] = 00158593ffe344e3 : 6057845210694883
@@@ mem[  544] = 010f446300000793 : 76354910681040787
@@@ mem[  552] = 00b785b3410f07b3 : 51656925675194291
@@@ mem[  560] = eed04ce3f81ff06f : 17208338718186795119
@@@ mem[  568] = f75ff06f00000613 : 17825230209687750163
@@@ mem[  576] = 0000081300000613 : 8877697402387
@@@ mem[  584] = 00c5c463fa9ff06f : 55666504097591407
@@@ mem[  592] = 0000031700008067 : 3397319164007
@@@ mem[  600] = fe01011300830067 : 18302911541734998119
@@@ mem[  608] = 40b6043300812c23 : 4662919081287035939
@@@ mem[  616] = 00b4043340145413 : 50670113972835347
@@@ mem[  624] = 0006091301212823 : 1698827088242723
@@@ mem[  632] = 00112e2300040613 : 4835802463077907
@@@ mem[  640] = 0131262300912a23 : 85891799671974435
@@@ mem[  648] = 0005099300058493 : 1417901848757395
@@@ mem[  656] = fbc080e700000097 : 18140641028674158743
@@@ mem[  664] = 0014059300090613 : 5635628453135891
@@@ mem[  672] = 0000009700098513 : 648540685587
@@@ mem[  680] = 00040613fa8080e7 : 1132582783713511
@@@ mem[  688] = 01c1208301812403 : 126418011581129731
@@@ mem[  696] = 0004859300090693 : 1272766314120851
@@@ mem[  704] = 0141248301012903 : 90393612600289539
@@@ mem[  712] = 00c1298300098513 : 54370313123235091
@@@ mem[  720] = 0000031702010113 : 3397352751379
@@@ mem[  728] = 000007b7de030067 : 8486285148263
@@@ mem[  736] = 3a078793f9010113 : 4181459848644329747
@@@ mem[  744] = 0041071306112623 : 18303651773752867
@@@ mem[  752] = 0007a80305078693 : 2155055759722131
@@@ mem[  760] = 0087a5830047a503 : 38181103919932675
@@@ mem[  768] = 0107202300c7a603 : 74063253583930883
@@@ mem[  776] = 00b7242300a72223 : 51549653491458595
@@@ mem[  784] = 0107879300c72623 : 74176984317896227
@@@ mem[  792] = fcd79ce301070713 : 18219203316339377939
@@@ mem[  800] = 0047a6830007a803 : 20167804917884931
@@@ mem[  808] = 004105130087a783 : 18301452657600387
@@@ mem[  816] = 0000059301700613 : 6128942450195
@@@ mem[  824] = 00d7222301072023 : 60554653729234979
@@@ mem[  832] = 0000009700f72423 : 648556258339
@@@ mem[  840] = 06c12083f18080e7 : 486705985797259495
@@@ mem[  848] = 0701011300000513 : 504685814358213907
@@@ mem[  856] = 0000000000008067 : 32871
@@@
@@@ mem[  928] = 0000000f00000020 : 64424509472
@@@ mem[  936] = 0000000500000141 : 21474836801
@@@ mem[  944] = 0000000300000004 : 12884901892
@@@ mem[  952] = 0000004a00000002 : 317827579906
@@@ mem[  960] = 0000000400000009 : 17179869193
@@@ mem[  968] = 000005230000034e : 5647881995086
@@@ mem[  976] = 0000199400000054 : 28123445854292
@@@ mem[  984] = 000017e10000002f : 26255135080495
@@@ mem[  992] = 0000001100000001 : 73014444033
@@@ mem[ 1000] = 00000544000001e5 : 5789615915493
@@@ mem[ 1008] = 0000053d00000004 : 5759551143940
@@@ mem[ 1016] = 0000000000000300 : 768
@@@
@@@ mem[65248] = 0000000000000300 : 768
@@@
@@@ mem[65264] = 000000000000053d : 1341
@@@ mem[65272] = 0000ff9400000000 : 281011120242688
@@@ mem[65280] = 0000001500000000 : 90194313216
@@@ mem[65288] = 0000001600000016 : 94489280534
@@@ mem[65296] = 0000053d00000300 : 5759551144704
@@@ mem[65304] = 0000ff9400000000 : 281011120242688
@@@ mem[65312] = 0000000100000000 : 4294967296
@@@ mem[65320] = 0000001100000004 : 73014444036
@@@ mem[65328] = 000000540000002f : 360777252911
@@@ mem[65336] = 00000300000001e5 : 3298534883813
@@@ mem[65344] = 000005440000053d : 5789615916349
@@@ mem[65352] = 00001994000017e1 : 28123445860321
@@@ mem[65360] = 0000000300000002 : 12884901890
@@@ mem[65368] = 0000000400000004 : 17179869188
@@@ mem[65376] = 0000000900000005 : 38654705669
@@@ mem[65384] = 000000200000000f : 137438953487
@@@ mem[65392] = 000001410000004a : 1378684502090
@@@ mem[65400] = 000005230000034e : 5647881995086
@@@
@@@ mem[65416] = 0001000000010000 : 281474976776192
@@@
@@@ mem[65432] = 0000000200000001 : 8589934593
@@@ mem[65440] = 0000000400000003 : 17179869187
@@@ mem[65448] = 0000000400000004 : 17179869188
@@@ mem[65456] = 0000000900000005 : 38654705669
@@@ mem[65464] = 000000110000000f : 73014444047
@@@ mem[65472] = 0000002f00000020 : 201863462944
@@@ mem[65480] = 000000540000004a : 360777252938
@@@ mem[65488] = 000001e500000141 : 2083059138881
@@@ mem[65496] = 0000034e00000300 : 3633542333184
@@@ mem[65504] = 0000053d00000523 : 5759551145251
@@@ mem[65512] = 000017e100000544 : 26255135081796
@@@ mem[65520] = 0000000000001994 : 6548
@@@ mem[65528] = 000000a000000000 : 687194767360
@@@
@@@ System halted on WFI instruction
@@@
