
Final memory state and exit status:

@@@ Unified Memory contents hex on left, decimal on right: 
@@@
@@@ mem[    0] = 0000009700000013 : 648540061715
@@@ mem[    8] = 0001011709c08093 : 282673436197011
@@@ mem[   16] = 00010413ff410113 : 285958910050579
@@@ mem[   24] = dc81819300001197 : 15889123428700000663
@@@ mem[   32] = 0000029300000213 : 2830383448595
@@@ mem[   40] = 0000039300000313 : 3929895076627
@@@ mem[   48] = 0000051300000493 : 5579162518675
@@@ mem[   56] = 0000061300000593 : 6678674146707
@@@ mem[   64] = 0000071300000693 : 7778185774739
@@@ mem[   72] = 0000081300000793 : 8877697402771
@@@ mem[   80] = 0000091300000893 : 9977209030803
@@@ mem[   88] = 00000a1300000993 : 11076720658835
@@@ mem[   96] = 00000b1300000a93 : 12176232286867
@@@ mem[  104] = 00000c1300000b93 : 13275743914899
@@@ mem[  112] = 00000d1300000c93 : 14375255542931
@@@ mem[  120] = 00000e1300000d93 : 15474767170963
@@@ mem[  128] = 00000f1300000e93 : 16574278798995
@@@ mem[  136] = 3ac0006f00000f93 : 4233384126469640083
@@@
@@@ mem[  160] = f601011300010117 : 17726450789423055127
@@@ mem[  168] = 00000013fea12c23 : 85876354083
@@@ mem[  176] = 000007b710500073 : 8482834088051
@@@ mem[  184] = 0af5686362c78793 : 789652085741684627
@@@ mem[  192] = 62c78793000047b7 : 7117806801512318903
@@@ mem[  200] = 000005b70aa7e263 : 6283715928675
@@@ mem[  208] = ff8506936205a783 : 18412129881648637827
@@@ mem[  216] = 00d7fc630007a703 : 60794622125254403
@@@ mem[  224] = 00e7fc6300e6ee63 : 65298221767257699
@@@ mem[  232] = 0007a70300070793 : 2153956164175763
@@@ mem[  240] = fee7eae3fed7e8e3 : 18367907870207895779
@@@ mem[  248] = ffc52803fee6f8e3 : 18430181047710185699
@@@ mem[  256] = 00c6863300381613 : 55879598993839635
@@@ mem[  264] = 0047a60302c70263 : 20167255208165987
@@@ mem[  272] = 00361713fee52c23 : 15225023390624803
@@@ mem[  280] = 02e68a6300e78733 : 209006590540875571
@@@ mem[  288] = 62f5a02300d7a023 : 7130781657209479203
@@@ mem[  296] = 0047260300008067 : 20026517673246823
@@@ mem[  304] = 0106083300072703 : 73755459035014915
@@@ mem[  312] = 0047a603ff052e23 : 20167259440098851
@@@ mem[  320] = 00361713fee52c23 : 15225023390624803
@@@ mem[  328] = fce69ae300e78733 : 18223423241964717875
@@@ mem[  336] = ff852683ffc52703 : 18412164999947822851
@@@ mem[  344] = 00c7063362f5a023 : 56020338138783779
@@@ mem[  352] = 00d7a02300c7a223 : 60693192190173731
@@@ mem[  360] = ff01011300008067 : 18374969135764373607
@@@ mem[  368] = 0011262300100513 : 4827006370841875
@@@ mem[  376] = f28080e700000097 : 17474108283823325335
@@@ mem[  384] = 14a7e463000047b7 : 1488409315722151863
@@@ mem[  392] = 00812c23fe010113 : 36358805092630803
@@@ mem[  400] = 00912a2300112e23 : 40860201436392995
@@@ mem[  408] = 0131262301212823 : 85891799681411107
@@@ mem[  416] = 0035779301412423 : 15049647030608931
@@@ mem[  424] = 0c079e6300050413 : 866835601331389459
@@@ mem[  432] = 6204a783000004b7 : 7062954296706335927
@@@ mem[  440] = 0e07826300840913 : 1010920003089991955
@@@ mem[  448] = 004726830007a703 : 20027067429529347
@@@ mem[  456] = 000009b70886f063 : 10681726726243
@@@ mem[  464] = 0100006f00000a37 : 72058070779300407
@@@ mem[  472] = 004726830007a703 : 20027067429529347
@@@ mem[  480] = 6204a6030686f463 : 7062952647548400739
@@@ mem[  488] = fee616e300070793 : 18367393294490994579
@@@ mem[  496] = 412787336009a783 : 4694869791281358723
@@@ mem[  504] = 604a25030327e663 : 6938398870785746531
@@@ mem[  512] = 012507b360e9a023 : 82480635182686243
@@@ mem[  520] = 0085051300852223 : 37441751073759779
@@@ mem[  528] = 0000009760fa2223 : 650167067171
@@@ mem[  536] = 6204a783ea0080e7 : 7062954300632236263
@@@ mem[  544] = 01c12083fa079ce3 : 126418015750692067
@@@ mem[  552] = 0141248301812403 : 90393612608676867
@@@ mem[  560] = 00c1298301012903 : 54370313139464451
@@@ mem[  568] = 0000051300812a03 : 5579170982403
@@@ mem[  576] = 0000806702010113 : 141179903607059
@@@ mem[  584] = 412686b306d40c63 : 4694587765052148835
@@@ mem[  592] = 00d7222300369613 : 60554653715568147
@@@ mem[  600] = 0087222300c70733 : 38036655588181811
@@@ mem[  608] = 0181240301c12083 : 108407461366538371
@@@ mem[  616] = 0101290362f4a023 : 72384163536478243
@@@ mem[  624] = 00c1298301412483 : 54370313143657603
@@@ mem[  632] = 0087051300812a03 : 38004701026920963
@@@ mem[  640] = 0000806702010113 : 141179903607059
@@@ mem[  648] = 6204a783000004b7 : 7062954296706335927
@@@ mem[  656] = 00440413ffc57413 : 19144782358344723
@@@ mem[  664] = f20792e300840913 : 17440069585679419667
@@@ mem[  672] = 62478713000007b7 : 7081777454737524663
@@@ mem[  680] = 00e7202362e4a023 : 65056055975256099
@@@ mem[  688] = 0000069300072223 : 7228430426659
@@@ mem[  696] = f0dff06f62478793 : 17356855850090071955
@@@ mem[  704] = 00d7a02300072683 : 60693192177559171
@@@ mem[  712] = 00000513f99ff06f : 5583350526063
@@@ mem[  720] = ff01011300008067 : 18374969135764373607
@@@ mem[  728] = 0081242300112623 : 36350004739253795
@@@ mem[  736] = 0005049300912223 : 1412404299768355
@@@ mem[  744] = e98080e700000097 : 16825589937481973911
@@@ mem[  752] = 0000059300048613 : 6128918627859
@@@ mem[  760] = 0000009700050413 : 648540390419
@@@ mem[  768] = 00c120831d8080e7 : 54360418012922087
@@@ mem[  776] = 0081240300040513 : 36349867299439891
@@@ mem[  784] = 0101011300412483 : 72340250134914179
@@@ mem[  792] = ff01011300008067 : 18374969135764373607
@@@ mem[  800] = 0005049300912223 : 1412404299768355
@@@ mem[  808] = 0081242300c00513 : 36350004750714131
@@@ mem[  816] = 0005841300112623 : 1552592023922211
@@@ mem[  824] = e48080e700000097 : 16465301967292334231
@@@ mem[  832] = 0085222300c12083 : 37473705634373763
@@@ mem[  840] = 0095202300812403 : 41975106234295299
@@@ mem[  848] = 0041248300052423 : 18336018545845283
@@@ mem[  856] = 0000806701010113 : 141179886829843
@@@ mem[  864] = 0007a50300052783 : 2151757140797315
@@@ mem[  872] = 0005079300008067 : 1415702825173095
@@@ mem[  880] = 0085270300052503 : 37479065741239555
@@@ mem[  888] = 0000031700e7a023 : 3397334310947
@@@ mem[  896] = fe010113d3830067 : 18302911545274990695
@@@ mem[  904] = 0005091301212823 : 1417352111532067
@@@ mem[  912] = 00812c2300c00513 : 36358800843736339
@@@ mem[  920] = 0131262300912a23 : 85891799671974435
@@@ mem[  928] = 0005899300060493 : 1558639337145491
@@@ mem[  936] = 00112e2300092403 : 4835802463413251
@@@ mem[  944] = dd0080e700000097 : 15924870012007874711
@@@ mem[  952] = 0009278300052423 : 2576718384931875
@@@ mem[  960] = 0135202300952223 : 87011102509310499
@@@ mem[  968] = 02e4d8630047a703 : 208529402483943171
@@@ mem[  976] = 0181240301c12083 : 108407461366538371
@@@ mem[  984] = 00a9202300f52423 : 47604605776110627
@@@ mem[  992] = 0101290301412483 : 72384161897325699
@@@ mem[ 1000] = 0201011300c12983 : 144397844181232003
@@@ mem[ 1008] = 0044278300008067 : 19183742010556519
@@@ mem[ 1016] = 000407130097d863 : 1133678102567011
@@@ mem[ 1024] = fe0418e300842403 : 18303782148785841155
@@@ mem[ 1032] = 01c1208300852423 : 126418011564614691
@@@ mem[ 1040] = 00a7242301812403 : 47046053878375427
@@@ mem[ 1048] = 0101290301412483 : 72384161897325699
@@@ mem[ 1056] = 0201011300c12983 : 144397844181232003
@@@ mem[ 1064] = 0005250300008067 : 1448069698715751
@@@ mem[ 1072] = 0000806700153513 : 141179871376659
@@@ mem[ 1080] = 00c00513fe010113 : 54048778952442131
@@@ mem[ 1088] = 0000009700112e23 : 648541187619
@@@ mem[ 1096] = 00400713d3c080e7 : 18022180247863527
@@@ mem[ 1104] = 00e5202300050793 : 64493104363014035
@@@ mem[ 1112] = 00e7a22300100713 : 65198990828766995
@@@ mem[ 1120] = 002006130007a423 : 9013877929387043
@@@ mem[ 1128] = 00c1051300500593 : 54330249672918419
@@@ mem[ 1136] = 0000009700f12623 : 648555865635
@@@ mem[ 1144] = 00300613f10080e7 : 13517481599598823
@@@ mem[ 1152] = 00c1051300600593 : 54330249673966995
@@@ mem[ 1160] = efc080e700000097 : 17275949900219023511
@@@ mem[ 1168] = 0000061300c10513 : 6678686795027
@@@ mem[ 1176] = 0000009700700593 : 648547403155
@@@ mem[ 1184] = 00c12503ee8080e7 : 54365369321685223
@@@ mem[ 1192] = 0085278300050e63 : 37479615497047651
@@@ mem[ 1200] = 0000009700f12623 : 648555865635
@@@ mem[ 1208] = 00c12503c00080e7 : 54365368541544679
@@@ mem[ 1216] = 01c12083fe0516e3 : 126418015817635555
@@@ mem[ 1224] = 0201011300000513 : 144397844168574227
@@@ mem[ 1232] = 00f0031300008067 : 67557374549852263
@@@ mem[ 1240] = 02c37e6300050713 : 199141772201625363
@@@ mem[ 1248] = 0a07906300f77793 : 722705020108634003
@@@ mem[ 1256] = ff06769308059263 : 18376505703398740579
@@@ mem[ 1264] = 00e686b300f67613 : 64887348016870931
@@@ mem[ 1272] = 00b7222300b72023 : 51547454469251107
@@@ mem[ 1280] = 00b7262300b72423 : 51551852515763235
@@@ mem[ 1288] = fed766e301070713 : 18363259130787333907
@@@ mem[ 1296] = 0000806700061463 : 141179870385251
@@@ mem[ 1304] = 0026969340c306b3 : 10861608305886899
@@@ mem[ 1312] = 005686b300000297 : 24354951354385047
@@@ mem[ 1320] = 00b7072300c68067 : 51517767656308839
@@@ mem[ 1328] = 00b7062300b706a3 : 51516668143666851
@@@ mem[ 1336] = 00b7052300b705a3 : 51515568632038819
@@@ mem[ 1344] = 00b7042300b704a3 : 51514469120410787
@@@ mem[ 1352] = 00b7032300b703a3 : 51513369608782755
@@@ mem[ 1360] = 00b7022300b702a3 : 51512270097154723
@@@ mem[ 1368] = 00b7012300b701a3 : 51511170585526691
@@@ mem[ 1376] = 00b7002300b700a3 : 51510071073898659
@@@ mem[ 1384] = 0ff5f59300008067 : 1150095291572060263
@@@ mem[ 1392] = 00d5e5b300859693 : 60206727010031251
@@@ mem[ 1400] = 00d5e5b301059693 : 60206727018419859
@@@ mem[ 1408] = 00279693f6dff06f : 11143086337945711
@@@ mem[ 1416] = 005686b300000297 : 24354951354385047
@@@ mem[ 1424] = fa0680e700008293 : 18016229088968082067
@@@ mem[ 1432] = ff07879300028093 : 18376805869938704531
@@@ mem[ 1440] = 00f6063340f70733 : 69249661473851187
@@@ mem[ 1448] = f3dff06ff6c378e3 : 17573028634695006435
@@@
@@@ mem[ 1536] = 0000067c00003fb0 : 7129645727664
@@@
@@@ mem[ 1568] = 0000062c00000640 : 6786048329280
@@@ mem[ 1576] = 0000064000000000 : 6871947673600
@@@ mem[ 1584] = 000000040000000c : 17179869196
@@@ mem[ 1592] = 0000064800000001 : 6906307411969
@@@ mem[ 1600] = 0000000c00000654 : 51539609172
@@@ mem[ 1608] = 0000000200000005 : 8589934597
@@@ mem[ 1616] = 000006680000065c : 7043746367068
@@@ mem[ 1624] = 000000060000000c : 25769803788
@@@ mem[ 1632] = 0000000000000003 : 3
@@@ mem[ 1640] = 0000000c00000624 : 51539609124
@@@ mem[ 1648] = 0000000000000007 : 7
@@@ mem[ 1656] = 0000000000000634 : 1588
@@@
@@@ mem[65448] = 0000000700000000 : 30064771072
@@@ mem[65456] = 000000000000ffec : 65516
@@@ mem[65464] = 000003b800000634 : 4088808867380
@@@
@@@ mem[65496] = 000004a400010000 : 5102421213184
@@@
@@@ mem[65528] = 000000a000000000 : 687194767360
@@@
@@@ System halted on WFI instruction
@@@
