
Final memory state and exit status:

@@@ Unified Memory contents hex on left, decimal on right: 
@@@
@@@ mem[    0] = 0000009700000013 : 648540061715
@@@ mem[    8] = 0001011709c08093 : 282673436197011
@@@ mem[   16] = 00010413ff410113 : 285958910050579
@@@ mem[   24] = f081819300001197 : 17330275309458559383
@@@ mem[   32] = 0000029300000213 : 2830383448595
@@@ mem[   40] = 0000039300000313 : 3929895076627
@@@ mem[   48] = 0000051300000493 : 5579162518675
@@@ mem[   56] = 0000061300000593 : 6678674146707
@@@ mem[   64] = 0000071300000693 : 7778185774739
@@@ mem[   72] = 0000081300000793 : 8877697402771
@@@ mem[   80] = 0000091300000893 : 9977209030803
@@@ mem[   88] = 00000a1300000993 : 11076720658835
@@@ mem[   96] = 00000b1300000a93 : 12176232286867
@@@ mem[  104] = 00000c1300000b93 : 13275743914899
@@@ mem[  112] = 00000d1300000c93 : 14375255542931
@@@ mem[  120] = 00000e1300000d93 : 15474767170963
@@@ mem[  128] = 00000f1300000e93 : 16574278798995
@@@ mem[  136] = 1400006f00000f93 : 1441152357499932563
@@@
@@@ mem[  160] = f601011300010117 : 17726450789423055127
@@@ mem[  168] = 00000013fea12c23 : 85876354083
@@@ mem[  176] = 0005a70310500073 : 1591006483972211
@@@ mem[  184] = 00e5202300052783 : 64493104363022211
@@@ mem[  192] = 0000806700f5a023 : 141179886084131
@@@ mem[  200] = 011508b300261893 : 77978133443516563
@@@ mem[  208] = 000508130008ae03 : 1416252581522947
@@@ mem[  216] = 06c5d063fff58313 : 488025262554186515
@@@ mem[  224] = 00f507b300259793 : 68969834677114771
@@@ mem[  232] = 002597130007a683 : 10580681998968451
@@@ mem[  240] = 0023061300e80733 : 9858302874224435
@@@ mem[  248] = 00de4e6300058513 : 62573631938856211
@@@ mem[  256] = 00d7202300072503 : 60552454689203459
@@@ mem[  264] = 00a7a02300058313 : 47182393295340307
@@@ mem[  272] = 0006051300158593 : 1694429024191891
@@@ mem[  280] = fcf896e300478793 : 18228485393488512915
@@@ mem[  288] = 0008ae0300259593 : 2443127724283283
@@@ mem[  296] = 0005a78300b805b3 : 1591555978167731
@@@ mem[  304] = 00f8a02301c5a023 : 69981866438271011
@@@ mem[  312] = 0005851300008067 : 1553691534458983
@@@ mem[  320] = 00b805b300259593 : 51797662074508691
@@@ mem[  328] = 01c5a0230005a783 : 127684236634597251
@@@ mem[  336] = 0000806700f8a023 : 141179886280739
@@@ mem[  344] = ff01011306c5d863 : 18374969135877970019
@@@ mem[  352] = 0091222300812423 : 40851405350708259
@@@ mem[  360] = 0011262301212023 : 4827006388740131
@@@ mem[  368] = 0006049300058413 : 1693879267329043
@@@ mem[  376] = 0004059300050913 : 1132028825504019
@@@ mem[  384] = 0009051300048613 : 2538853953209875
@@@ mem[  392] = f40080e700000097 : 17582194674880217239
@@@ mem[  400] = 0004059300050793 : 1132028825503635
@@@ mem[  408] = 00178413fff50613 : 6619145897838099
@@@ mem[  416] = 0000009700090513 : 648540652819
@@@ mem[  424] = fc9448e3fb4080e7 : 18200252138121101543
@@@ mem[  432] = 0081240300c12083 : 36349867311833219
@@@ mem[  440] = 0001290300412483 : 326567842620547
@@@ mem[  448] = 0000806701010113 : 141179886829843
@@@ mem[  456] = e601011300008067 : 16573529284816175207
@@@ mem[  464] = 18912a2318812c23 : 1770242458756656163
@@@ mem[  472] = 0041041318112e23 : 18300353540861475
@@@ mem[  480] = 0000009719010493 : 648959558803
@@@ mem[  488] = 3ff57513058080e7 : 4608718518240706791
@@@ mem[  496] = 0044041300a42023 : 19144778077970467
@@@ mem[  504] = 00410513fe9416e3 : 18301456919828195
@@@ mem[  512] = 0000059306200613 : 6129021093395
@@@ mem[  520] = f50080e700000097 : 17654252268918145175
@@@ mem[  528] = 1981240319c12083 : 1837789718679462019
@@@ mem[  536] = 0000051319412483 : 5579586217091
@@@ mem[  544] = 000080671a010113 : 141180306260243
@@@ mem[  552] = 7407a783000007b7 : 8360835414319171511
@@@ mem[  560] = 0a07a6230aa7a423 : 722728934649078819
@@@ mem[  568] = 000007b700008067 : 8482560442471
@@@ mem[  576] = 4c9585b77407a803 : 5518463941384579075
@@@ mem[  584] = 0a882683f2d58593 : 758898885368579475
@@@ mem[  592] = 02b687b30ac82703 : 195492836886980355
@@@ mem[  600] = 00f637b300178613 : 69304086211036691
@@@ mem[  608] = 5851f6370ac82423 : 6364138464715744291
@@@ mem[  616] = 02c6863342d60613 : 199994788187342355
@@@ mem[  624] = 02b6b6b302b70733 : 195544513798145843
@@@ mem[  632] = 00d7073300c70733 : 60525035630561075
@@@ mem[  640] = 0017951300e787b3 : 6637833316435891
@@@ mem[  648] = 001555130af82623 : 6004514787698211
@@@ mem[  656] = 0000000000008067 : 32871
@@@
@@@ mem[  736] = 0000000000000300 : 768
@@@
@@@ mem[  768] = 000005ec00000000 : 6511170420736
@@@ mem[  776] = 000006bc00000654 : 7404523619924
@@@
@@@ mem[  936] = c6755a5b8666f82c : 14300435540928297004
@@@ mem[  944] = e66d1234abcd330e : 16603947418614838030
@@@ mem[  952] = 0000000b0005deec : 47245025004
@@@
@@@ mem[ 1856] = 0000000000000300 : 768
@@@
@@@ mem[64992] = 000000050000fe64 : 21474901604
@@@ mem[65000] = 000001ac00000006 : 1838246002694
@@@ mem[65008] = 000000070000fe64 : 30064836196
@@@ mem[65016] = 000001ac00000007 : 1838246002695
@@@ mem[65024] = 000000150000fe64 : 90194378340
@@@ mem[65032] = 000001ac00000016 : 1838246002710
@@@ mem[65040] = 0000004a0000fe64 : 317827645028
@@@ mem[65048] = 000001ac0000004b : 1838246002763
@@@ mem[65056] = 0000004b0000fe64 : 322122612324
@@@ mem[65064] = 000001ac0000004c : 1838246002764
@@@ mem[65072] = 0000004d0000fe64 : 330712546916
@@@ mem[65080] = 000001ac0000004d : 1838246002765
@@@ mem[65088] = 000000620000fe64 : 420906860132
@@@ mem[65096] = 000001ac00000061 : 1838246002785
@@@ mem[65104] = 0000fff000000000 : 281406257233920
@@@ mem[65112] = 000002100000fff0 : 2267742797808
@@@ mem[65120] = 0000000d00000000 : 55834574848
@@@ mem[65128] = 0000002300000020 : 150323855392
@@@ mem[65136] = 0000002d0000002c : 193273528364
@@@ mem[65144] = 0000003a00000038 : 249108103224
@@@ mem[65152] = 000000400000003f : 274877907007
@@@ mem[65160] = 000000520000004e : 352187318350
@@@ mem[65168] = 0000006800000056 : 446676598870
@@@ mem[65176] = 0000009d0000007e : 674309865598
@@@ mem[65184] = 000000a50000009d : 708669603997
@@@ mem[65192] = 000000c4000000c2 : 841813590210
@@@ mem[65200] = 000000d9000000cf : 932007903439
@@@ mem[65208] = 000000fb000000e9 : 1078036791529
@@@ mem[65216] = 000001150000010f : 1189705941263
@@@ mem[65224] = 0000012b00000129 : 1284195221801
@@@ mem[65232] = 0000013500000134 : 1327144894772
@@@ mem[65240] = 000001430000013c : 1387274436924
@@@ mem[65248] = 0000015900000157 : 1481763717463
@@@ mem[65256] = 0000017100000168 : 1584842932584
@@@ mem[65264] = 0000018d00000189 : 1705102016905
@@@ mem[65272] = 000001930000018f : 1730871820687
@@@ mem[65280] = 000001a8000001a1 : 1821066133921
@@@ mem[65288] = 000001b4000001b0 : 1872605741488
@@@ mem[65296] = 000001cd000001b4 : 1979979923892
@@@ mem[65304] = 000001d8000001d4 : 2027224564180
@@@ mem[65312] = 000001fc000001f5 : 2181843386869
@@@ mem[65320] = 0000020f00000209 : 2263447765513
@@@ mem[65328] = 0000022800000224 : 2370821947940
@@@ mem[65336] = 0000022f0000022a : 2400886719018
@@@ mem[65344] = 0000024400000230 : 2491081032240
@@@ mem[65352] = 0000025700000246 : 2572685410886
@@@ mem[65360] = 0000025e0000025b : 2602750181979
@@@ mem[65368] = 000002720000026a : 2688649527914
@@@ mem[65376] = 0000029800000288 : 2851858285192
@@@ mem[65384] = 000002bd000002a7 : 3010772075175
@@@ mem[65392] = 000002cf000002c6 : 3088081486534
@@@ mem[65400] = 000002df000002d9 : 3156800963289
@@@ mem[65408] = 000002f1000002e5 : 3234110374629
@@@ mem[65416] = 00000304000002f4 : 3315714753268
@@@ mem[65424] = 0000031600000314 : 3393024164628
@@@ mem[65432] = 0000032600000325 : 3461743641381
@@@ mem[65440] = 0000032f00000329 : 3500398347049
@@@ mem[65448] = 0000037400000364 : 3796751090532
@@@ mem[65456] = 0000037800000377 : 3813930959735
@@@ mem[65464] = 0000037b0000037a : 3826815861626
@@@ mem[65472] = 0000039600000390 : 3942779978640
@@@ mem[65480] = 000003a6000003a4 : 4011499455396
@@@ mem[65488] = 000003af000003a8 : 4050154161064
@@@ mem[65496] = 000003c1000003be : 4127463572414
@@@ mem[65504] = 000003db000003d9 : 4239132722137
@@@ mem[65512] = 000003ff000003f7 : 4393751544823
@@@
@@@ mem[65528] = 000000a000000000 : 687194767360
@@@
@@@ System halted on WFI instruction
@@@
