
Final memory state and exit status:

@@@ Unified Memory contents hex on left, decimal on right: 
@@@
@@@ mem[    0] = 0000009700000013 : 648540061715
@@@ mem[    8] = 0001011709c08093 : 282673436197011
@@@ mem[   16] = 00010413ff410113 : 285958910050579
@@@ mem[   24] = 0081819300001197 : 36452740355854743
@@@ mem[   32] = 0000029300000213 : 2830383448595
@@@ mem[   40] = 0000039300000313 : 3929895076627
@@@ mem[   48] = 0000051300000493 : 5579162518675
@@@ mem[   56] = 0000061300000593 : 6678674146707
@@@ mem[   64] = 0000071300000693 : 7778185774739
@@@ mem[   72] = 0000081300000793 : 8877697402771
@@@ mem[   80] = 0000091300000893 : 9977209030803
@@@ mem[   88] = 00000a1300000993 : 11076720658835
@@@ mem[   96] = 00000b1300000a93 : 12176232286867
@@@ mem[  104] = 00000c1300000b93 : 13275743914899
@@@ mem[  112] = 00000d1300000c93 : 14375255542931
@@@ mem[  120] = 00000e1300000d93 : 15474767170963
@@@ mem[  128] = 00000f1300000e93 : 16574278798995
@@@ mem[  136] = 0bc0006f00000f93 : 846677206687027091
@@@
@@@ mem[  160] = f601011300010117 : 17726450789423055127
@@@ mem[  168] = 00000013fea12c23 : 85876354083
@@@ mem[  176] = 0010079310500073 : 4511927842635891
@@@ mem[  184] = 0025979304b7d463 : 10581231833437283
@@@ mem[  192] = fff5889300450613 : 18443798013911827987
@@@ mem[  200] = 0000081300f50533 : 8877713458483
@@@ mem[  208] = 02b8526300180813 : 195997168947431443
@@@ mem[  216] = 0007a70300060793 : 2153956164110227
@@@ mem[  224] = 00d75663ffc62683 : 60612107485718147
@@@ mem[  232] = fee62e2300d7a023 : 18367418858150010915
@@@ mem[  240] = fea794e300478793 : 18349798909427550099
@@@ mem[  248] = fd181ae300460613 : 18237356253301310995
@@@ mem[  256] = 0005071300008067 : 1415153069359207
@@@ mem[  264] = 40b6053302b64663 : 4662920180835698275
@@@ mem[  272] = 00b5053340155513 : 50952688461239571
@@@ mem[  280] = 00f707b300251793 : 69532784630503315
@@@ mem[  288] = 00d78a630007a783 : 60669277799688067
@@@ mem[  296] = fff5061300f6da63 : 18443654527656057443
@@@ mem[  304] = fff00513fcb65ee3 : 18442246057484508899
@@@ mem[  312] = 0015059300008067 : 5917103429288039
@@@ mem[  320] = ff1ff06ffcb656e3 : 18383676567721498339
@@@ mem[  328] = 18812c23e6010113 : 1765741061600248083
@@@ mem[  336] = 18112e2318912a23 : 1734218059785251363
@@@ mem[  344] = 1901049300410413 : 1801726355335873555
@@@ mem[  352] = 1cc080e700000097 : 2071797558216229015
@@@ mem[  360] = 00a4202301f57513 : 46197230909355283
@@@ mem[  368] = fe8496e300440413 : 18339949484265702419
@@@ mem[  376] = 0000059300810613 : 6128926787091
@@@ mem[  384] = 0015859306200513 : 6057841020372243
@@@ mem[  392] = 0007a70300060793 : 2153956164110227
@@@ mem[  400] = 00d75663ffc62683 : 60612107485718147
@@@ mem[  408] = fee62e2300d7a023 : 18367418858150010915
@@@ mem[  416] = fef494e300478793 : 18371472482634270611
@@@ mem[  424] = fca59ce300460613 : 18205129567491196435
@@@ mem[  432] = 0000069306200613 : 7228532721171
@@@ mem[  440] = 40d607b300a00513 : 4671930128834495763
@@@ mem[  448] = 00d787b34017d793 : 60666323936991123
@@@ mem[  456] = 1901081300279713 : 1801730203624904467
@@@ mem[  464] = e747270300e80733 : 16665331839961401139
@@@ mem[  472] = 12e5526300a70863 : 1361585047515629667
@@@ mem[  480] = fcd65ce3fff78613 : 18218851476895663635
@@@ mem[  488] = 0000069300058613 : 7228430321171
@@@ mem[  496] = 40d607b31a400513 : 4671930129264411923
@@@ mem[  504] = 00d787b34017d793 : 60666323936991123
@@@ mem[  512] = 1901081300279713 : 1801730203624904467
@@@ mem[  520] = e747270300e80733 : 16665331839961401139
@@@ mem[  528] = 0ee55c6300a70863 : 1073365666480195683
@@@ mem[  536] = fcd65ce3fff78613 : 18218851476895663635
@@@ mem[  544] = 0000069300058613 : 7228430321171
@@@ mem[  552] = 40d607b302100513 : 4671930128858613011
@@@ mem[  560] = 00d787b34017d793 : 60666323936991123
@@@ mem[  568] = 1901081300279713 : 1801730203624904467
@@@ mem[  576] = e747270300e80733 : 16665331839961401139
@@@ mem[  584] = 0ae5546300a70863 : 785126494235461731
@@@ mem[  592] = fcd65ce3fff78613 : 18218851476895663635
@@@ mem[  600] = 0000069300058613 : 7228430321171
@@@ mem[  608] = 40d607b301700513 : 4671930128848127251
@@@ mem[  616] = 00d787b34017d793 : 60666323936991123
@@@ mem[  624] = 1901081300279713 : 1801730203624904467
@@@ mem[  632] = e747270300e80733 : 16665331839961401139
@@@ mem[  640] = 06e5526300a70863 : 496893919060494435
@@@ mem[  648] = fcd65ce3fff78613 : 18218851476895663635
@@@ mem[  656] = 00c0061300000693 : 54049874202592915
@@@ mem[  664] = 4017d79340d587b3 : 4618396970339633075
@@@ mem[  672] = 0027971300d787b3 : 11143631966013363
@@@ mem[  680] = 00e5073319010513 : 64465685710963987
@@@ mem[  688] = 00c70863e7472703 : 56022745540404995
@@@ mem[  696] = fff7859302e65263 : 18444357665374491235
@@@ mem[  704] = 19c12083fcd5dce3 : 1855800272708033763
@@@ mem[  712] = 1941248319812403 : 1819775869921600515
@@@ mem[  720] = 1a01011300000513 : 1873780101078844691
@@@ mem[  728] = 0017869300008067 : 6621890382692455
@@@ mem[  736] = fe1ff06ffad5dce3 : 18311618973652081891
@@@ mem[  744] = f6d65ce300178693 : 17786505908375226003
@@@ mem[  752] = 00178693fa1ff06f : 6621894579056751
@@@ mem[  760] = f5dff06ff2d65ae3 : 17717143822704990947
@@@ mem[  768] = ead65ce300178693 : 16921814779920090771
@@@ mem[  776] = 00178693ee1ff06f : 6621894377730159
@@@ mem[  784] = f0dff06feed652e3 : 17356855852448240355
@@@ mem[  792] = 8407a783000017b7 : 9513756918926022583
@@@ mem[  800] = 0a07a6230aa7a423 : 722728934649078819
@@@ mem[  808] = 000017b700008067 : 26074746486887
@@@ mem[  816] = 4c9585b78407a803 : 5518463941653014531
@@@ mem[  824] = 0a882683f2d58593 : 758898885368579475
@@@ mem[  832] = 02b687b30ac82703 : 195492836886980355
@@@ mem[  840] = 00f637b300178613 : 69304086211036691
@@@ mem[  848] = 5851f6370ac82423 : 6364138464715744291
@@@ mem[  856] = 02c6863342d60613 : 199994788187342355
@@@ mem[  864] = 02b6b6b302b70733 : 195544513798145843
@@@ mem[  872] = 00d7073300c70733 : 60525035630561075
@@@ mem[  880] = 0017951300e787b3 : 6637833316435891
@@@ mem[  888] = 001555130af82623 : 6004514787698211
@@@ mem[  896] = 0000000000008067 : 32871
@@@
@@@ mem[  992] = 0000000000000400 : 1024
@@@
@@@ mem[ 1024] = 000006ec00000000 : 7610682048512
@@@ mem[ 1032] = 000007bc00000754 : 8504035247956
@@@
@@@ mem[ 1192] = c6755a5b8666f82c : 14300435540928297004
@@@ mem[ 1200] = e66d1234abcd330e : 16603947418614838030
@@@ mem[ 1208] = 0000000b0005deec : 47245025004
@@@
@@@ mem[ 2112] = 0000000000000400 : 1024
@@@
@@@ mem[65128] = 0000000100000000 : 4294967296
@@@ mem[65136] = 0000000200000001 : 8589934593
@@@ mem[65144] = 0000000300000003 : 12884901891
@@@ mem[65152] = 0000000400000004 : 17179869188
@@@ mem[65160] = 0000000400000004 : 17179869188
@@@ mem[65168] = 0000000400000004 : 17179869188
@@@ mem[65176] = 0000000500000005 : 21474836485
@@@ mem[65184] = 0000000600000005 : 25769803781
@@@ mem[65192] = 0000000600000006 : 25769803782
@@@ mem[65200] = 0000000700000006 : 30064771078
@@@ mem[65208] = 0000000800000008 : 34359738376
@@@ mem[65216] = 0000000800000008 : 34359738376
@@@ mem[65224] = 0000000800000008 : 34359738376
@@@ mem[65232] = 0000000900000009 : 38654705673
@@@ mem[65240] = 0000000900000009 : 38654705673
@@@ mem[65248] = 0000000a00000009 : 42949672969
@@@ mem[65256] = 0000000b0000000a : 47244640266
@@@ mem[65264] = 0000000d0000000c : 55834574860
@@@ mem[65272] = 0000000d0000000d : 55834574861
@@@ mem[65280] = 0000000e0000000d : 60129542157
@@@ mem[65288] = 0000000f0000000f : 64424509455
@@@ mem[65296] = 0000000f0000000f : 64424509455
@@@ mem[65304] = 0000000f0000000f : 64424509455
@@@ mem[65312] = 0000000f0000000f : 64424509455
@@@ mem[65320] = 0000001000000010 : 68719476752
@@@ mem[65328] = 0000001100000010 : 73014444048
@@@ mem[65336] = 0000001200000011 : 77309411345
@@@ mem[65344] = 0000001300000012 : 81604378642
@@@ mem[65352] = 0000001400000014 : 85899345940
@@@ mem[65360] = 0000001400000014 : 85899345940
@@@ mem[65368] = 0000001400000014 : 85899345940
@@@ mem[65376] = 0000001500000014 : 90194313236
@@@ mem[65384] = 0000001500000015 : 90194313237
@@@ mem[65392] = 0000001600000016 : 94489280534
@@@ mem[65400] = 0000001700000016 : 98784247830
@@@ mem[65408] = 0000001700000017 : 98784247831
@@@ mem[65416] = 0000001800000017 : 103079215127
@@@ mem[65424] = 0000001800000018 : 103079215128
@@@ mem[65432] = 0000001900000018 : 107374182424
@@@ mem[65440] = 0000001900000019 : 107374182425
@@@ mem[65448] = 0000001a00000019 : 111669149721
@@@ mem[65456] = 0000001b0000001a : 115964117018
@@@ mem[65464] = 0000001b0000001b : 115964117019
@@@ mem[65472] = 0000001c0000001b : 120259084315
@@@ mem[65480] = 0000001d0000001c : 124554051612
@@@ mem[65488] = 0000001d0000001d : 124554051613
@@@ mem[65496] = 0000001e0000001e : 128849018910
@@@ mem[65504] = 0000001f0000001e : 133143986206
@@@ mem[65512] = 0000001f0000001f : 133143986207
@@@
@@@ mem[65528] = 000000a000000000 : 687194767360
@@@
@@@ System halted on WFI instruction
@@@
