
Final memory state and exit status:

@@@ Unified Memory contents hex on left, decimal on right: 
@@@
@@@ mem[    0] = 0000009700000013 : 648540061715
@@@ mem[    8] = 0001011709c08093 : 282673436197011
@@@ mem[   16] = 00010413ff410113 : 285958910050579
@@@ mem[   24] = 5281819300001197 : 5945175451465945495
@@@ mem[   32] = 0000029300000213 : 2830383448595
@@@ mem[   40] = 0000039300000313 : 3929895076627
@@@ mem[   48] = 0000051300000493 : 5579162518675
@@@ mem[   56] = 0000061300000593 : 6678674146707
@@@ mem[   64] = 0000071300000693 : 7778185774739
@@@ mem[   72] = 0000081300000793 : 8877697402771
@@@ mem[   80] = 0000091300000893 : 9977209030803
@@@ mem[   88] = 00000a1300000993 : 11076720658835
@@@ mem[   96] = 00000b1300000a93 : 12176232286867
@@@ mem[  104] = 00000c1300000b93 : 13275743914899
@@@ mem[  112] = 00000d1300000c93 : 14375255542931
@@@ mem[  120] = 00000e1300000d93 : 15474767170963
@@@ mem[  128] = 00000f1300000e93 : 16574278798995
@@@ mem[  136] = 1c10006f00000f93 : 2022116709430726547
@@@
@@@ mem[  160] = f601011300010117 : 17726450789423055127
@@@ mem[  168] = 00000013fea12c23 : 85876354083
@@@ mem[  176] = 000017b710500073 : 26075020132467
@@@ mem[  184] = 00f56863d9078793 : 69076147346311059
@@@ mem[  192] = d9078793000057b7 : 15638617296497301431
@@@ mem[  200] = ff01011300a7fc63 : 18374969135775349859
@@@ mem[  208] = 0011262300100513 : 4827006370841875
@@@ mem[  216] = fc8080e700000097 : 18194684224202604695
@@@ mem[  224] = d847278300001737 : 15584468479133095735
@@@ mem[  232] = 00070613ff850693 : 1977007798027923
@@@ mem[  240] = 06d7f4630007a703 : 493131390259799811
@@@ mem[  248] = ffc5288304e6fe63 : 18430181593271696995
@@@ mem[  256] = 0106883300389813 : 73896196526610451
@@@ mem[  264] = 0047258301071a63 : 20025967934642787
@@@ mem[  272] = 011585b300072703 : 78115572394960643
@@@ mem[  280] = 0047a803feb52e23 : 20169458458111523
@@@ mem[  288] = 00381593fee52c23 : 15786324076604451
@@@ mem[  296] = 02b6906300b785b3 : 195502388725384627
@@@ mem[  304] = 01070733ffc52703 : 74035838790739715
@@@ mem[  312] = ff85270300e7a223 : 18412165545427706403
@@@ mem[  320] = d8f6222300e7a023 : 15633720690197635107
@@@ mem[  328] = 00d7a02300008067 : 60693192177123431
@@@ mem[  336] = 00e7e863ff5ff06f : 65276235804045423
@@@ mem[  344] = 00e7e463fa5ff06f : 65271837673648239
@@@ mem[  352] = 00070793f8e6eee3 : 1978656954445539
@@@ mem[  360] = 000047b7f89ff06f : 78855475818607
@@@ mem[  368] = fe01011310a7e663 : 18302911542005851747
@@@ mem[  376] = 00112e2300812c23 : 4835802471279651
@@@ mem[  384] = 0121282300912a23 : 81390399067859491
@@@ mem[  392] = 0141242301312623 : 90393200286574115
@@@ mem[  400] = 0005041300357793 : 1411854537947027
@@@ mem[  408] = ffc5741300078663 : 18430264675037316707
@@@ mem[  416] = 000014b700440413 : 22776216028179
@@@ mem[  424] = 00840913d844a703 : 37164677763213059
@@@ mem[  432] = 0000173700071e63 : 25524991106659
@@@ mem[  440] = d8f4a223d8870793 : 15633298481350117267
@@@ mem[  448] = 0007a22300f7a023 : 2148596060758051
@@@ mem[  456] = 00072783d8870713 : 2013772063901459
@@@ mem[  464] = 00001a37000019b7 : 28823525530039
@@@ mem[  472] = 0486e8630047a683 : 326203534935041667
@@@ mem[  480] = 0007a68302869a63 : 2153406450276963
@@@ mem[  488] = d8e4a22300d72023 : 15628794878104117283
@@@ mem[  496] = 01c1208300878513 : 126418011564770579
@@@ mem[  504] = 0141248301812403 : 90393612608676867
@@@ mem[  512] = 00c1298301012903 : 54370313139464451
@@@ mem[  520] = 0201011300812a03 : 144397844177037827
@@@ mem[  528] = 412686b300008067 : 4694587764937621607
@@@ mem[  536] = 0036969300d7a223 : 15365206860866083
@@@ mem[  544] = 0087a22300d787b3 : 38177393077618611
@@@ mem[  552] = d844a703fc5ff06f : 15583764246169645167
@@@ mem[  560] = d649a78302f71c63 : 15441056978548759651
@@@ mem[  568] = d68a25030327ee63 : 15459209365770727011
@@@ mem[  576] = d6f9a223412787b3 : 15490590665618196403
@@@ mem[  584] = 0085222301250733 : 37473705640920883
@@@ mem[  592] = d6ea242300850513 : 15486230001418044691
@@@ mem[  600] = e5c080e700000097 : 16555373959839744151
@@@ mem[  608] = 00078863d844a783 : 2120287248492419
@@@ mem[  616] = 0007a78300078713 : 2154505920022291
@@@ mem[  624] = 00000513f69ff06f : 5583300194415
@@@ mem[  632] = 00000513f7dff06f : 5583321165935
@@@ mem[  640] = fe01011300008067 : 18302911541726445671
@@@ mem[  648] = 00812c2300112e23 : 36358800832278051
@@@ mem[  656] = 0000009700a12623 : 648550622755
@@@ mem[  664] = 00c12603ed8080e7 : 54366468816535783
@@@ mem[  672] = 0005041300000593 : 1411854534444435
@@@ mem[  680] = 990080e700001097 : 11024953617428779159
@@@ mem[  688] = 0004051301c12083 : 1131479098794115
@@@ mem[  696] = 0201011301812403 : 144397844193813507
@@@ mem[  704] = 000017b700008067 : 26074746486887
@@@ mem[  712] = 0016d713d607a683 : 6428929682810499
@@@ mem[  720] = 000698630016f693 : 1856400830953107
@@@ mem[  728] = d607a503d6e7a023 : 15422476884862541859
@@@ mem[  736] = 0000b6b700008067 : 200897095303271
@@@ mem[  744] = 00d7473340068693 : 60595405435864723
@@@ mem[  752] = 00055463fe9ff06f : 1500163333943407
@@@ mem[  760] = 0000806700000513 : 141179869988115
@@@ mem[  768] = 01400f9300000893 : 90089116582021267
@@@ mem[  776] = 00f8c46300100293 : 70021723706098323
@@@ mem[  784] = 03f88eb300008067 : 286135475788349543
@@@ mem[  792] = 0065833300289313 : 28573227717006099
@@@ mem[  800] = 0066a02300032303 : 28886519808992003
@@@ mem[  808] = 01d50eb300000313 : 132027926039233299
@@@ mem[  816] = 0408006300e34c63 : 290482601182055523
@@@ mem[  824] = 0018889302580e63 : 6905564421951075
@@@ mem[  832] = fc9ff06f00468693 : 18203532578391492243
@@@ mem[  840] = 01ce8f3300231e13 : 130198888448728595
@@@ mem[  848] = 000e2e0301c60e33 : 3991240123485747
@@@ mem[  856] = 00130313000f2f03 : 5351404697759491
@@@ mem[  864] = 0006ae0303cf0f33 : 1880177832300339
@@@ mem[  872] = 01c6a02301ee0e33 : 127965711643315763
@@@ mem[  880] = 0006a303fc1ff06f : 1868087370444911
@@@ mem[  888] = 0000031300035463 : 3380139480163
@@@ mem[  896] = fb9ff06f0066a023 : 18131474984355668003
@@@ mem[  904] = 00812423ff010113 : 36350009016385811
@@@ mem[  912] = 0121202300912223 : 81381602974835235
@@@ mem[  920] = 0005091300112623 : 1417352093705763
@@@ mem[  928] = 0000041300058493 : 4479651251347
@@@ mem[  936] = 00c1208300944e63 : 54360417527680611
@@@ mem[  944] = 0041248300812403 : 18336018553971715
@@@ mem[  952] = 0101011300012903 : 72340250130721027
@@@ mem[  960] = 0000009700008067 : 648540094567
@@@ mem[  968] = 00241713f00080e7 : 10158473559965927
@@@ mem[  976] = 00e9073300f57793 : 65591585214396307
@@@ mem[  984] = 00f72023ffb78793 : 69559658233694099
@@@ mem[  992] = fc5ff06f00140413 : 18185518179878700051
@@@ mem[ 1000] = 02812423fd010113 : 180465197058687251
@@@ mem[ 1008] = 0321202302912223 : 225496791084245539
@@@ mem[ 1016] = 01412c2301312e23 : 90401996379598371
@@@ mem[ 1024] = 0211262301512a23 : 148942194467744291
@@@ mem[ 1032] = 0171262301612823 : 103906198195087395
@@@ mem[ 1040] = 0005899300050913 : 1558639337081107
@@@ mem[ 1048] = 0006849300060a13 : 1834616755718675
@@@ mem[ 1056] = 01400a9300000413 : 90083619023881235
@@@ mem[ 1064] = 02c1208302944863 : 198475605637089379
@@@ mem[ 1072] = 0241248302812403 : 162451206663382019
@@@ mem[ 1080] = 01c1298302012903 : 126427907194169603
@@@ mem[ 1088] = 01412a8301812a03 : 90400209678445059
@@@ mem[ 1096] = 00c12b8301012b03 : 54372512162720515
@@@ mem[ 1104] = 0000806703010113 : 141179920384275
@@@ mem[ 1112] = 0000009703540bb3 : 648595901363
@@@ mem[ 1120] = 00241713e68080e7 : 10158473400582375
@@@ mem[ 1128] = 00e9873300f57793 : 65732322702751635
@@@ mem[ 1136] = 00f72023ffb78793 : 69559658233694099
@@@ mem[ 1144] = 01790bb300000b13 : 106128929646971667
@@@ mem[ 1152] = 00140413014b4663 : 5633979206813283
@@@ mem[ 1160] = 00000097fa1ff06f : 652736458863
@@@ mem[ 1168] = 002b1713e38080e7 : 12128798187225319
@@@ mem[ 1176] = 00eb873300f57793 : 66295272656172947
@@@ mem[ 1184] = 00f72023ffb78793 : 69559658233694099
@@@ mem[ 1192] = fd5ff06f001b0b13 : 18257575773917088531
@@@ mem[ 1200] = 0010079300050713 : 4511927569286931
@@@ mem[ 1208] = 00b7c46300000513 : 51725850218857747
@@@ mem[ 1216] = 0025161300008067 : 10438844998516839
@@@ mem[ 1224] = 00c7063300279693 : 56020336481113747
@@@ mem[ 1232] = 0006260300d706b3 : 1730644201113267
@@@ mem[ 1240] = 00d654630006a683 : 60328429195011715
@@@ mem[ 1248] = 0017879300078513 : 6622989894780179
@@@ mem[ 1256] = fc010113fd5ff06f : 18158796357901480047
@@@ mem[ 1264] = 0441260300c12023 : 306568043977318435
@@@ mem[ 1272] = 00f1242300e12223 : 67875202144477731
@@@ mem[ 1280] = 0401278300161713 : 288555294724069139
@@@ mem[ 1288] = 4117073301070733 : 4690225452571625267
@@@ mem[ 1296] = 0017079340f75733 : 6482253495883571
@@@ mem[ 1304] = 03212a2302912c23 : 225507786200525859
@@@ mem[ 1312] = 0331282302812e23 : 230009186803592739
@@@ mem[ 1320] = 0351242303412623 : 239011988024403491
@@@ mem[ 1328] = 0371202303612223 : 248014789234729507
@@@ mem[ 1336] = 01912c2301812e23 : 112919994521693731
@@@ mem[ 1344] = 01b1282301a12a23 : 121922795732019747
@@@ mem[ 1352] = 40c0063300000493 : 4665736030068933779
@@@ mem[ 1360] = 00f1262301400913 : 67877401173952787
@@@ mem[ 1368] = 12f4d46300812783 : 1365950108675417987
@@@ mem[ 1376] = 00000e9300060413 : 16024523375635
@@@ mem[ 1384] = 032e87b30600006f : 229269834012033135
@@@ mem[ 1392] = 0000099300060a13 : 10526965238291
@@@ mem[ 1400] = 0005a30300d787b3 : 1586608177907635
@@@ mem[ 1408] = 00000a9300000f13 : 11626476474131
@@@ mem[ 1416] = 004123030067a023 : 18334369284857891
@@@ mem[ 1424] = 048123030c6ac463 : 324579144147584099
@@@ mem[ 1432] = 00100e130c030c63 : 4519074596064355
@@@ mem[ 1440] = 040123030dc30863 : 288550347151181923
@@@ mem[ 1448] = 0047879300198993 : 20133788778072467
@@@ mem[ 1456] = 00c12303006a0a33 : 54363166303980083
@@@ mem[ 1464] = 04012783fc6992e3 : 288555298957398755
@@@ mem[ 1472] = 00f40433001e8e93 : 68684511409245843
@@@ mem[ 1480] = 00148493fbd752e3 : 5775270654464739
@@@ mem[ 1488] = 1f45051300458593 : 2253212767735874963
@@@ mem[ 1496] = f7dff06f06468693 : 17861259006811997843
@@@ mem[ 1504] = 000a0e1303230bb3 : 2830224586902451
@@@ mem[ 1512] = 032f8c3300000293 : 229556256690406035
@@@ mem[ 1520] = 01bc0c3301ab8bb3 : 124988302870416307
@@@ mem[ 1528] = 000003930007ab03 : 3929895578371
@@@ mem[ 1536] = 020e446302034663 : 148131029776025187
@@@ mem[ 1544] = 030e506303035263 : 220201817970266723
@@@ mem[ 1552] = 00229c93002e1393 : 9742304385307539
@@@ mem[ 1560] = 019c0cb3007b83b3 : 115981653351564211
@@@ mem[ 1568] = 000cac830003a383 : 3567378361459587
@@@ mem[ 1576] = 007b03b3039383b3 : 34625489529439155
@@@ mem[ 1584] = 001282930077a023 : 5210117460434979
@@@ mem[ 1592] = fa589ee3001e0e13 : 18039343005229256211
@@@ mem[ 1600] = 00130313001f8f93 : 5351404698832787
@@@ mem[ 1608] = 001a8a93f91fcce3 : 7470717538913507
@@@ mem[ 1616] = f39ff06f064f0f13 : 17555014232151363347
@@@ mem[ 1624] = 0004031300012e03 : 1129280046181891
@@@ mem[ 1632] = 01ee0d3300000f93 : 139063151189561235
@@@ mem[ 1640] = fddff06f00af0db3 : 18293604570945752499
@@@ mem[ 1648] = 000354630007a303 : 937209109127939
@@@ mem[ 1656] = 0067a02300000313 : 29167994785497875
@@@ mem[ 1664] = 03c12403f25ff06f : 270537051988815983
@@@ mem[ 1672] = 0341290303812483 : 234513748520412291
@@@ mem[ 1680] = 02c12a0303012983 : 198486051004688771
@@@ mem[ 1688] = 02412b0302812a83 : 162458353488964227
@@@ mem[ 1696] = 01c12c0302012b83 : 126430655973239683
@@@ mem[ 1704] = 01412d0301812c83 : 90402958457515139
@@@ mem[ 1712] = 0401011301012d83 : 288513032261283203
@@@ mem[ 1720] = fd01011300008067 : 18230853947688517735
@@@ mem[ 1728] = 02e70bb301712823 : 209148771147261987
@@@ mem[ 1736] = 00d8083300181813 : 60807610107435027
@@@ mem[ 1744] = 01400f1340e80833 : 90088567915153459
@@@ mem[ 1752] = 40f8583301812623 : 4681588788743448099
@@@ mem[ 1760] = 0291242302812623 : 184968792483374627
@@@ mem[ 1768] = 03e78f3303212223 : 281350950992552483
@@@ mem[ 1776] = 01412e2303312023 : 90404195436404771
@@@ mem[ 1784] = 01612a2301512c23 : 99406996613180451
@@@ mem[ 1792] = 00000e9300279793 : 16024525576083
@@@ mem[ 1800] = 00100f9301400c13 : 4520723682954259
@@@ mem[ 1808] = 02c1240310cec063 : 198479454166499427
@@@ mem[ 1816] = 0241290302812483 : 162456154465707139
@@@ mem[ 1824] = 01c12a0302012983 : 126428456949983619
@@@ mem[ 1832] = 01412b0301812a83 : 90400759434259075
@@@ mem[ 1840] = 00c12c0301012b83 : 54373061918534531
@@@ mem[ 1848] = 0000806703010113 : 141179920384275
@@@ mem[ 1856] = 000e0393038306b3 : 3944579627943603
@@@ mem[ 1864] = 00000293000e0413 : 2830384366611
@@@ mem[ 1872] = 04088e6300b686b3 : 290638731830265523
@@@ mem[ 1880] = 0004091307f88263 : 1135877249598051
@@@ mem[ 1888] = 06e4c06300000493 : 496733390351893651
@@@ mem[ 1896] = 0006a48301f89863 : 1869732441004131
@@@ mem[ 1904] = 0096a023417484b3 : 42397319789053107
@@@ mem[ 1912] = 0046869300128493 : 19851214289274003
@@@ mem[ 1920] = 00f383b300f40433 : 68543224179065907
@@@ mem[ 1928] = 001303130302c063 : 5351404747276387
@@@ mem[ 1936] = fa6856e301ee0e33 : 18043767440049835571
@@@ mem[ 1944] = 06450513001e8e93 : 451772916785122963
@@@ mem[ 1952] = f6dff06f06458593 : 17789201412774004115
@@@ mem[ 1960] = fa9ff06f00048293 : 18059417390311309971
@@@ mem[ 1968] = 0096a0230003a483 : 42397318691136643
@@@ mem[ 1976] = 0006a023fa5ff06f : 1864926245154927
@@@ mem[ 1984] = 00090a13f9dff06f : 2544355703255151
@@@ mem[ 1992] = 000a2b0300000993 : 2862041652005267
@@@ mem[ 2000] = 03f8886302088063 : 286128535155277923
@@@ mem[ 2008] = 004a0a1300198993 : 20840224998918547
@@@ mem[ 2016] = 00148493ff3716e3 : 5775270711072483
@@@ mem[ 2024] = f79ff06f01490913 : 17843244608218794259
@@@ mem[ 2032] = 016ad4630006aa83 : 102127463236545155
@@@ mem[ 2040] = 0156a023000b0a93 : 96440514220067475
@@@ mem[ 2048] = 0006aa83fd9ff06f : 1876333732819055
@@@ mem[ 2056] = ff1ff06f016a8ab3 : 18383676563505449651
@@@ mem[ 2064] = 0000031300050e13 : 3380139593235
@@@ mem[ 2072] = fd010113f7dff06f : 18230853951847133295
@@@ mem[ 2080] = 0321202302812423 : 225496791083197475
@@@ mem[ 2088] = 01512a2301412c23 : 94903396984761379
@@@ mem[ 2096] = 0211262301712623 : 148942194469840419
@@@ mem[ 2104] = 01312e2302912223 : 85900595798549027
@@@ mem[ 2112] = 00058a1301612823 : 1559189115709475
@@@ mem[ 2120] = 0005041300060913 : 1411854534838547
@@@ mem[ 2128] = 01400b9300000a93 : 90084718535510675
@@@ mem[ 2136] = 02c12083074ac863 : 198475605716158563
@@@ mem[ 2144] = 0241248302812403 : 162451206663382019
@@@ mem[ 2152] = 01c1298302012903 : 126427907194169603
@@@ mem[ 2160] = 01412a8301812a03 : 90400209678445059
@@@ mem[ 2168] = 00c12b8301012b03 : 54372512162720515
@@@ mem[ 2176] = 0000806703010113 : 141179920384275
@@@ mem[ 2184] = 00000b13037984b3 : 12176290579635
@@@ mem[ 2192] = 00000097008484b3 : 648548746419
@@@ mem[ 2200] = 00f57513a30080e7 : 69090096493658343
@@@ mem[ 2208] = 00a4a023ffb50513 : 46337972654900499
@@@ mem[ 2216] = 00448493001b0b13 : 19286065313155859
@@@ mem[ 2224] = 00198993ff6912e3 : 7188143156040419
@@@ mem[ 2232] = 001a8a93fd29c8e3 : 7470717606676707
@@@ mem[ 2240] = f95ff06f06440413 : 17969345397868725267
@@@ mem[ 2248] = fedff06f00000993 : 18365662164972210579
@@@ mem[ 2256] = 02812c23fc010113 : 180473993134932243
@@@ mem[ 2264] = 0331262303212823 : 230006987790821411
@@@ mem[ 2272] = 0351222303412423 : 239009789001147427
@@@ mem[ 2280] = 01712e2303612023 : 103914994321661987
@@@ mem[ 2288] = 02912a2302112e23 : 184975389545803299
@@@ mem[ 2296] = 01912a2301812c23 : 112917795498437667
@@@ mem[ 2304] = 01b1262301a12823 : 121920596708763683
@@@ mem[ 2312] = 00060a9300058a13 : 1700476337097235
@@@ mem[ 2320] = 0007091300068993 : 1980302046431635
@@@ mem[ 2328] = 00000b9300050413 : 12725988426771
@@@ mem[ 2336] = 053bc06301400b13 : 377106525270838035
@@@ mem[ 2344] = 0381240303c12083 : 252522649475948675
@@@ mem[ 2352] = 0301290303412483 : 216499350006736003
@@@ mem[ 2360] = 02812a0302c12983 : 180471652491012483
@@@ mem[ 2368] = 02012b0302412a83 : 144443954975287939
@@@ mem[ 2376] = 01812c0301c12b83 : 108416257459563395
@@@ mem[ 2384] = 01012d0301412c83 : 72388559943838851
@@@ mem[ 2392] = 0401011300c12d83 : 288513032257088899
@@@ mem[ 2400] = 0000009700008067 : 648540094567
@@@ mem[ 2408] = 002b9793960080e7 : 12270084131160295
@@@ mem[ 2416] = 00fa07b300f57513 : 70377209574290707
@@@ mem[ 2424] = 00a7a023ffb50513 : 47182397585032467
@@@ mem[ 2432] = 00000c9300040d13 : 13825499991315
@@@ mem[ 2440] = 001b8b93055cc863 : 7753287937607779
@@@ mem[ 2448] = f91ff06f1f440413 : 17951330999778673683
@@@ mem[ 2456] = 00000d93036c04b3 : 14925068764339
@@@ mem[ 2464] = 0000009701a484b3 : 648567620787
@@@ mem[ 2472] = 00f57513920080e7 : 69090096208445671
@@@ mem[ 2480] = 00a4a023ffb50513 : 46337972654900499
@@@ mem[ 2488] = 00448493001d8d93 : 19286065313320339
@@@ mem[ 2496] = 001c0c13ffb912e3 : 7894579382129379
@@@ mem[ 2504] = 001c8c93fd2c48e3 : 8035866583517411
@@@ mem[ 2512] = fb5ff06f064d0d13 : 18113460585945173267
@@@ mem[ 2520] = fedff06f00000c13 : 18365662164972211219
@@@ mem[ 2528] = 0000031302c60f33 : 3380185796403
@@@ mem[ 2536] = 01400f9300000893 : 90089116582021267
@@@ mem[ 2544] = 0000806704b8c863 : 141179949205603
@@@ mem[ 2552] = 002e179303f80733 : 12973769122907955
@@@ mem[ 2560] = 00000e9300f687b3 : 16024539137971
@@@ mem[ 2568] = 0007228300a70733 : 2008270883981107
@@@ mem[ 2576] = 00470713001e8e93 : 19992501534232211
@@@ mem[ 2584] = 004787930057a023 : 20133788782141475
@@@ mem[ 2592] = 00180813ffd616e3 : 6764281430677219
@@@ mem[ 2600] = fcc846e300ce0e33 : 18214886633684995635
@@@ mem[ 2608] = 01e3033300188893 : 135955931331070099
@@@ mem[ 2616] = fb5ff06f06450513 : 18113460585944646931
@@@ mem[ 2624] = 0000081300030e13 : 8877697601043
@@@ mem[ 2632] = 81010113fe5ff06f : 9295712291253121135
@@@ mem[ 2640] = 7e812423000017b7 : 9115606853517055927
@@@ mem[ 2648] = fffff4377e912223 : 18446731117916660259
@@@ mem[ 2656] = 7d312e237f212023 : 9021042258591424547
@@@ mem[ 2664] = 7d512a237d412c23 : 9030045059768200227
@@@ mem[ 2672] = 7d7126237d612823 : 9039047860978526243
@@@ mem[ 2680] = 7e1126237d812423 : 9084083857254327331
@@@ mem[ 2688] = 95010113e7078713 : 10736864171620009747
@@@ mem[ 2696] = 2544049300270733 : 2685276307228919603
@@@ mem[ 2704] = e7078713009704b3 : 16647423063282353331
@@@ mem[ 2712] = 1dc40b9300270733 : 2144852048525854515
@@@ mem[ 2720] = e707871301770bb3 : 16647423063297035187
@@@ mem[ 2728] = 63c40b1300270733 : 7188883081424996147
@@@ mem[ 2736] = e707871301670b33 : 16647423063295986483
@@@ mem[ 2744] = 44840a9300270733 : 4937082717983934259
@@@ mem[ 2752] = e707871301570ab3 : 16647423063294937779
@@@ mem[ 2760] = 1b44091300270733 : 1964705314651965235
@@@ mem[ 2768] = e707871301270933 : 16647423063291791667
@@@ mem[ 2776] = 1a040a1300270733 : 1874634421616183091
@@@ mem[ 2784] = 00300c131f040993 : 13524075146381715
@@@ mem[ 2792] = 013709b301470a33 : 87549382182242867
@@@ mem[ 2800] = 0050059300500613 : 22524127060428307
@@@ mem[ 2808] = 0000009700048513 : 648540357907
@@@ mem[ 2816] = 00200713d20080e7 : 9014980963762407
@@@ mem[ 2824] = 0050061300500693 : 22524676816242323
@@@ mem[ 2832] = 000b0513000b8593 : 3101803907089811
@@@ mem[ 2840] = db8080e700000097 : 15816783620950982807
@@@ mem[ 2848] = 00f1242300200793 : 67875202131822483
@@@ mem[ 2856] = 00f1202300100793 : 67870804084262803
@@@ mem[ 2864] = 0050081300200893 : 22526875836352659
@@@ mem[ 2872] = 0050071300500793 : 22525776327870355
@@@ mem[ 2880] = 00048613000a8693 : 1273316070033043
@@@ mem[ 2888] = 000b0513000b8593 : 3101803907089811
@@@ mem[ 2896] = 0000009700012223 : 648540135971
@@@ mem[ 2904] = 00000893998080e7 : 9430028550375
@@@ mem[ 2912] = 0020079300000813 : 9015527196330003
@@@ mem[ 2920] = 0040069300200713 : 18021626941540115
@@@ mem[ 2928] = 0004859300500613 : 1272766318773779
@@@ mem[ 2936] = 00000097000a8513 : 648540751123
@@@ mem[ 2944] = 00090693b40080e7 : 2540506240286951
@@@ mem[ 2952] = 0050059300100613 : 22524127056234003
@@@ mem[ 2960] = 0000009700048513 : 648540357907
@@@ mem[ 2968] = 00500593e4c080e7 : 22524130893005031
@@@ mem[ 2976] = fffff09700090513 : 18446727130064160019
@@@ mem[ 2984] = 005006937e4080e7 : 22525228684968167
@@@ mem[ 2992] = 000a059300500613 : 2820878690682387
@@@ mem[ 3000] = 0000009700098513 : 648540685587
@@@ mem[ 3008] = 0000163782c080e7 : 24427672666343
@@@ mem[ 3016] = 00260633e7060613 : 10702869104035347
@@@ mem[ 3024] = 00d606b31c840693 : 60243011363407507
@@@ mem[ 3032] = 0050079300000813 : 22526326078441491
@@@ mem[ 3040] = 0009061300500713 : 2539953469785875
@@@ mem[ 3048] = 00098513000a0593 : 2679591441925523
@@@ mem[ 3056] = fffff097fffc0c13 : 18446727134358277139
@@@ mem[ 3064] = ee0c1ae370c080e7 : 17153114644898939111
@@@ mem[ 3072] = 7ec120836b010113 : 9133617268092109075
@@@ mem[ 3080] = 7e4124837e812403 : 9097592869446820867
@@@ mem[ 3088] = 7dc129837e012903 : 9061569569977608451
@@@ mem[ 3096] = 7d412a837d812a03 : 9025541872461883907
@@@ mem[ 3104] = 7cc12b837d012b03 : 8989514174946159363
@@@ mem[ 3112] = 000005137c812c03 : 5581251357699
@@@ mem[ 3120] = 000080677f010113 : 141182000759059
@@@ mem[ 3128] = 0005071300f00313 : 1415153085055763
@@@ mem[ 3136] = 00f7779302c37e63 : 69655792537796195
@@@ mem[ 3144] = 080592630a079063 : 578029081254662243
@@@ mem[ 3152] = 00f67613ff067693 : 69372672525891219
@@@ mem[ 3160] = 00b7202300e686b3 : 51545255449102003
@@@ mem[ 3168] = 00b7242300b72223 : 51549653492507171
@@@ mem[ 3176] = 0107071300b72623 : 74035697072678435
@@@ mem[ 3184] = 00061463fed766e3 : 1711269570111203
@@@ mem[ 3192] = 40c306b300008067 : 4666581004754911335
@@@ mem[ 3200] = 0000029700269693 : 2847565846163
@@@ mem[ 3208] = 00c68067005686b3 : 55873225264367283
@@@ mem[ 3216] = 00b706a300b70723 : 51517217899480867
@@@ mem[ 3224] = 00b705a300b70623 : 51516118387852835
@@@ mem[ 3232] = 00b704a300b70523 : 51515018876224803
@@@ mem[ 3240] = 00b703a300b70423 : 51513919364596771
@@@ mem[ 3248] = 00b702a300b70323 : 51512819852968739
@@@ mem[ 3256] = 00b701a300b70223 : 51511720341340707
@@@ mem[ 3264] = 00b700a300b70123 : 51510620829712675
@@@ mem[ 3272] = 0000806700b70023 : 141179881979939
@@@ mem[ 3280] = 008596930ff5f593 : 37601730274653587
@@@ mem[ 3288] = 0105969300d5e5b3 : 73630527039858099
@@@ mem[ 3296] = f6dff06f00d5e5b3 : 17789201412682802611
@@@ mem[ 3304] = 0000029700279693 : 2847565911699
@@@ mem[ 3312] = 00008293005686b3 : 143567877473971
@@@ mem[ 3320] = 00028093fa0680e7 : 704322996699367
@@@ mem[ 3328] = 40f70733ff078793 : 4681218257578330003
@@@ mem[ 3336] = f6c378e300f60633 : 17781188670157882931
@@@ mem[ 3344] = 00000000f3dff06f : 4091539567
@@@
@@@ mem[ 3424] = 000040000000248b : 70368744187019
@@@ mem[ 3432] = 0000000000000d90 : 3472
@@@
@@@ mem[61728] = 000000050000f224 : 21474898468
@@@ mem[61736] = 0000000200000005 : 8589934597
@@@
@@@ mem[61752] = 0000f1ac00000000 : 265721036668928
@@@ mem[61760] = 0000f4180000f60c : 268383916455436
@@@ mem[61768] = 0000f1c00000f170 : 265806936076656
@@@ mem[61776] = 0000f2240000f184 : 266236432806276
@@@ mem[61784] = 00000bc4fffff000 : 12940736458752
@@@ mem[61792] = 0000000000000001 : 1
@@@ mem[61800] = 0000000000000002 : 2
@@@ mem[61808] = 00000007fffffffb : 34359738363
@@@ mem[61816] = fffffffb0000000a : 18446744052234715146
@@@ mem[61824] = 0000000800000000 : 34359738368
@@@ mem[61832] = fffffffe00000001 : 18446744065119617025
@@@ mem[61840] = fffffffbfffffffc : 18446744056529682428
@@@ mem[61848] = 000000000000000c : 12
@@@ mem[61856] = 000000000000007c : 124
@@@ mem[61864] = 0000000900000000 : 38654705664
@@@ mem[61872] = fffffffb00000009 : 18446744052234715145
@@@ mem[61880] = ffffffff00000003 : 18446744069414584323
@@@ mem[61888] = 0000000700000003 : 30064771075
@@@ mem[61896] = fffffffe00000001 : 18446744065119617025
@@@ mem[61904] = 0000000100000004 : 4294967300
@@@ mem[61912] = 0000000800000006 : 34359738374
@@@ mem[61920] = 0000000a00000009 : 42949672969
@@@ mem[61928] = 0000000a0000000a : 42949672970
@@@ mem[61936] = fffffffe00000002 : 18446744065119617026
@@@ mem[61944] = 00000003fffffffc : 17179869180
@@@ mem[61952] = 00000005ffffffff : 25769803775
@@@ mem[61960] = 0000000500000000 : 21474836480
@@@ mem[61968] = 00000004fffffffd : 21474836477
@@@ mem[61976] = 0000000100000007 : 4294967303
@@@ mem[61984] = 0000009e00000006 : 678604832774
@@@ mem[61992] = 00000003fffffffb : 17179869179
@@@ mem[62000] = 00000005ffffffff : 25769803775
@@@ mem[62008] = 0000000100000008 : 4294967304
@@@ mem[62016] = 0000000000000006 : 6
@@@ mem[62024] = fffffffcfffffffd : 18446744060824649725
@@@ mem[62032] = 0000000700000003 : 30064771075
@@@ mem[62040] = fffffffe00000001 : 18446744065119617025
@@@ mem[62048] = fffffffbfffffffc : 18446744056529682428
@@@ mem[62056] = ffffffff00000003 : 18446744069414584323
@@@ mem[62064] = 0000000000000005 : 5
@@@ mem[62072] = 00000004fffffffd : 21474836477
@@@ mem[62080] = 00000005ffffffff : 25769803775
@@@ mem[62088] = 0000000500000188 : 21474836872
@@@ mem[62096] = 0000000100000008 : 4294967304
@@@ mem[62104] = fffffffcfffffffe : 18446744060824649726
@@@ mem[62112] = 0000000700000003 : 30064771075
@@@ mem[62120] = 0000000200000009 : 8589934601
@@@ mem[62128] = 0000000800000006 : 34359738374
@@@ mem[62136] = 0000000600000001 : 25769803777
@@@ mem[62144] = 0000000900000008 : 38654705672
@@@ mem[62152] = 000000020000000a : 8589934602
@@@ mem[62160] = fffffffcfffffffe : 18446744060824649726
@@@ mem[62168] = 00000003fffffffb : 17179869179
@@@ mem[62176] = 0000000100000007 : 4294967303
@@@ mem[62184] = 0000009ffffffffe : 687194767358
@@@ mem[62192] = ffffffff00000003 : 18446744069414584323
@@@ mem[62200] = 00000004fffffffd : 21474836477
@@@ mem[62208] = 00000005ffffffff : 25769803775
@@@ mem[62216] = 0000000500000000 : 21474836480
@@@ mem[62224] = 0000000100000008 : 4294967304
@@@ mem[62232] = 0000000000000006 : 6
@@@ mem[62240] = 0000000800000005 : 34359738373
@@@ mem[62248] = fffffffe00000001 : 18446744065119617025
@@@ mem[62256] = 0000000700000004 : 30064771076
@@@ mem[62264] = 0000000600000001 : 25769803777
@@@ mem[62272] = 0000000100000008 : 4294967304
@@@ mem[62280] = 0000000800000006 : 34359738374
@@@ mem[62288] = 0000000a00000100 : 42949673216
@@@ mem[62296] = 000000020000000a : 8589934602
@@@ mem[62304] = fffffffcfffffffe : 18446744060824649726
@@@ mem[62312] = ffffffff00000003 : 18446744069414584323
@@@ mem[62320] = fffffffcfffffffd : 18446744060824649725
@@@ mem[62328] = 00000003fffffffb : 17179869179
@@@ mem[62336] = 00000005ffffffff : 25769803775
@@@ mem[62344] = 0000000900000008 : 38654705672
@@@ mem[62352] = fffffffe00000002 : 18446744065119617026
@@@ mem[62360] = 0000000700000004 : 30064771076
@@@ mem[62368] = 0000000200000009 : 8589934601
@@@ mem[62376] = fffffffcfffffffe : 18446744060824649726
@@@ mem[62384] = 00000091fffffffb : 627065225211
@@@ mem[62392] = 00000003fffffffb : 17179869179
@@@ mem[62400] = 00000005ffffffff : 25769803775
@@@ mem[62408] = 0000000500000000 : 21474836480
@@@ mem[62416] = fffffffd00000000 : 18446744060824649728
@@@ mem[62424] = 00000003fffffffc : 17179869180
@@@ mem[62432] = 0000000100000007 : 4294967303
@@@ mem[62440] = 0000000000000006 : 6
@@@ mem[62448] = 00000004fffffffd : 21474836477
@@@ mem[62456] = fffffffdffffffff : 18446744065119617023
@@@ mem[62464] = ffffffff00000004 : 18446744069414584324
@@@ mem[62472] = 0000000000000005 : 5
@@@ mem[62480] = 0000000800000005 : 34359738373
@@@ mem[62488] = 0000006b0000009a : 459561500826
@@@
@@@ mem[62504] = 0000009e00000000 : 678604832768
@@@ mem[62512] = 0000000000000027 : 39
@@@
@@@ mem[62584] = 000000aa00000000 : 730144440320
@@@ mem[62592] = 0000000000000188 : 392
@@@
@@@ mem[62608] = 00000183000000bf : 1662152343743
@@@
@@@ mem[62688] = 00000059ffffffdc : 386547056604
@@@
@@@ mem[62704] = 0000004900000000 : 313532612608
@@@ mem[62712] = 000000000000009f : 159
@@@
@@@ mem[62784] = 000000bb00000000 : 803158884352
@@@ mem[62792] = 0000000000000100 : 256
@@@
@@@ mem[62808] = 0000009600000030 : 644245094448
@@@
@@@ mem[62888] = ffffffccffffff98 : 18446743854666219416
@@@
@@@ mem[62904] = 0000002800000000 : 171798691840
@@@ mem[62912] = 0000000000000091 : 145
@@@
@@@ mem[62984] = 0000000200000000 : 8589934592
@@@ mem[62992] = 0000000000000006 : 6
@@@
@@@ mem[63008] = fffffffd00000000 : 18446744060824649728
@@@
@@@ mem[63088] = fffffffbfffffffc : 18446744056529682428
@@@
@@@ mem[63104] = 0000000300000000 : 12884901888
@@@ mem[63112] = 0000000000000007 : 7
@@@
@@@ mem[63184] = 0000000100000000 : 4294967296
@@@ mem[63192] = 0000000000000006 : 6
@@@
@@@ mem[63208] = 0000000500000000 : 21474836480
@@@
@@@ mem[63288] = 0000000100000008 : 4294967304
@@@
@@@ mem[63304] = fffffffe00000000 : 18446744065119617024
@@@ mem[63312] = 00000000fffffffc : 4294967292
@@@
@@@ mem[63384] = fffffffb00000000 : 18446744052234715136
@@@ mem[63392] = 00000000fffffffb : 4294967291
@@@
@@@ mem[63408] = 0000000700000003 : 30064771075
@@@
@@@ mem[63488] = 0000000a0000000a : 42949672970
@@@
@@@ mem[63504] = 0000000a00000000 : 42949672960
@@@ mem[63512] = 000000000000000a : 10
@@@
@@@ mem[63584] = 0000000a00000000 : 42949672960
@@@ mem[63592] = 000000000000000a : 10
@@@
@@@ mem[63608] = 0000000a0000000a : 42949672970
@@@
@@@ mem[63688] = 0000000a0000000a : 42949672970
@@@
@@@ mem[63704] = 0000000200000000 : 8589934592
@@@ mem[63712] = 0000000000000006 : 6
@@@
@@@ mem[63784] = 0000000800000000 : 34359738368
@@@ mem[63792] = 0000000000000001 : 1
@@@
@@@ mem[63808] = fffffffcfffffffe : 18446744060824649726
@@@
@@@ mem[63888] = fffffffbfffffffb : 18446744056529682427
@@@
@@@ mem[63904] = fffffffb00000000 : 18446744052234715136
@@@ mem[63912] = 00000000fffffffb : 4294967291
@@@
@@@ mem[63984] = 0000000300000000 : 12884901888
@@@ mem[63992] = 00000000ffffffff : 4294967295
@@@
@@@ mem[64008] = 0000000000000005 : 5
@@@
@@@ mem[64088] = 0000000800000005 : 34359738373
@@@
@@@ mem[64104] = 0000000900000000 : 38654705664
@@@ mem[64112] = 000000000000000a : 10
@@@
@@@ mem[64184] = 0000000200000000 : 8589934592
@@@ mem[64192] = 00000000fffffffe : 4294967294
@@@
@@@ mem[64208] = 00000003fffffffc : 17179869180
@@@
@@@ mem[64288] = fffffffdffffffff : 18446744065119617023
@@@
@@@ mem[64304] = 0000000400000000 : 17179869184
@@@ mem[64312] = 00000000ffffffff : 4294967295
@@@
@@@ mem[64384] = 0000000500000000 : 21474836480
@@@
@@@ mem[64408] = fffffffcfffffffd : 18446744060824649725
@@@
@@@ mem[64488] = fffffffdffffffff : 18446744065119617023
@@@
@@@ mem[64504] = 0000000400000000 : 17179869184
@@@ mem[64512] = 0000000000000007 : 7
@@@
@@@ mem[64584] = 0000000100000000 : 4294967296
@@@ mem[64592] = 00000000fffffffe : 4294967294
@@@
@@@ mem[64608] = 0000000700000004 : 30064771076
@@@
@@@ mem[64688] = 0000000200000009 : 8589934601
@@@
@@@ mem[64704] = 0000000600000000 : 25769803776
@@@ mem[64712] = 0000000000000008 : 8
@@@
@@@ mem[64784] = 0000000900000000 : 38654705664
@@@ mem[64792] = 0000000000000002 : 2
@@@
@@@ mem[64808] = 0000000000000006 : 6
@@@
@@@ mem[64888] = fffffffcfffffffd : 18446744060824649725
@@@
@@@ mem[64904] = fffffffb00000000 : 18446744052234715136
@@@ mem[64912] = 0000000000000003 : 3
@@@
@@@ mem[64984] = 0000000500000000 : 21474836480
@@@ mem[64992] = 0000000000000008 : 8
@@@
@@@ mem[65008] = 0000000a00000009 : 42949672969
@@@
@@@ mem[65088] = 000000020000000a : 8589934602
@@@
@@@ mem[65104] = fffffffe00000000 : 18446744065119617024
@@@ mem[65112] = 00000000fffffffc : 4294967292
@@@
@@@ mem[65184] = fffffffb00000000 : 18446744052234715136
@@@ mem[65192] = 00000000fffffffb : 4294967291
@@@
@@@ mem[65208] = fffffffbfffffffb : 18446744056529682427
@@@
@@@ mem[65288] = fffffffbfffffffb : 18446744056529682427
@@@
@@@ mem[65304] = fffffffb00000000 : 18446744052234715136
@@@ mem[65312] = 0000000000000003 : 3
@@@
@@@ mem[65384] = 0000000700000000 : 30064771072
@@@ mem[65392] = 0000000000000009 : 9
@@@
@@@ mem[65408] = 0000000600000002 : 25769803778
@@@
@@@ mem[65528] = 000000a000000000 : 687194767360
@@@
@@@ System halted on WFI instruction
@@@
