
Final memory state and exit status:

@@@ Unified Memory contents hex on left, decimal on right: 
@@@
@@@ mem[    0] = 0000009700000013 : 648540061715
@@@ mem[    8] = 0001011709c08093 : 282673436197011
@@@ mem[   16] = 00010413ff410113 : 285958910050579
@@@ mem[   24] = c481819300001197 : 14159741171789730199
@@@ mem[   32] = 0000029300000213 : 2830383448595
@@@ mem[   40] = 0000039300000313 : 3929895076627
@@@ mem[   48] = 0000051300000493 : 5579162518675
@@@ mem[   56] = 0000061300000593 : 6678674146707
@@@ mem[   64] = 0000071300000693 : 7778185774739
@@@ mem[   72] = 0000081300000793 : 8877697402771
@@@ mem[   80] = 0000091300000893 : 9977209030803
@@@ mem[   88] = 00000a1300000993 : 11076720658835
@@@ mem[   96] = 00000b1300000a93 : 12176232286867
@@@ mem[  104] = 00000c1300000b93 : 13275743914899
@@@ mem[  112] = 00000d1300000c93 : 14375255542931
@@@ mem[  120] = 00000e1300000d93 : 15474767170963
@@@ mem[  128] = 00000f1300000e93 : 16574278798995
@@@ mem[  136] = 2400006f00000f93 : 2594073862106779539
@@@
@@@ mem[  160] = f601011300010117 : 17726450789423055127
@@@ mem[  168] = 00000013fea12c23 : 85876354083
@@@ mem[  176] = 0005079310500073 : 1415703098818675
@@@ mem[  184] = 0000051300200713 : 5579164616467
@@@ mem[  192] = 02b7646302f76663 : 195735485228213859
@@@ mem[  200] = 02a787b300c00513 : 191270712068015379
@@@ mem[  208] = 00f6063300259593 : 69249660386383251
@@@ mem[  216] = 0006250300b60633 : 1729544687322675
@@@ mem[  224] = 0015351300150513 : 5969330232952083
@@@ mem[  232] = 0000806700008067 : 141179870019687
@@@ mem[  240] = 0106066300900813 : 73753466179160083
@@@ mem[  248] = 0103006700000317 : 72902461349692183
@@@ mem[  256] = 0000806700100513 : 141179871036691
@@@ mem[  264] = 04912223fb010113 : 329081785705103635
@@@ mem[  272] = 03312e2305212023 : 230015783917396003
@@@ mem[  280] = 03512a2303412c23 : 239018585094171683
@@@ mem[  288] = 0371262303612823 : 248021386304497699
@@@ mem[  296] = 0391222303812423 : 257024187514823715
@@@ mem[  304] = 01b12e2303a12023 : 121929392835338275
@@@ mem[  312] = 0481242304112623 : 324580380958074403
@@@ mem[  320] = 00058a1300050993 : 1559189092895123
@@@ mem[  328] = 0007091300060493 : 1980302046397587
@@@ mem[  336] = 00000d9300078d13 : 14925011848467
@@@ mem[  344] = 00160b9300c00b13 : 6205175488318227
@@@ mem[  352] = fff00c9300100c13 : 18442254299582958611
@@@ mem[  360] = 01b907b302000a93 : 124138930143496851
@@@ mem[  368] = 01bd07b30007a803 : 125264830017284099
@@@ mem[  376] = 010988330007a583 : 74740621453534595
@@@ mem[  384] = 00ba05b300068613 : 52360612025894419
@@@ mem[  392] = 00d1262300080513 : 58870201898763539
@@@ mem[  400] = 0101222300b12423 : 72376602745447459
@@@ mem[  408] = f1c080e700000097 : 17420065088294879383
@@@ mem[  416] = 0081258300412803 : 36351516570888195
@@@ mem[  424] = 0405006300c12683 : 289638176249685635
@@@ mem[  432] = 0025979303680433 : 10581231811429427
@@@ mem[  440] = 000b861300090713 : 3243640906909459
@@@ mem[  448] = 00d1222300080513 : 58865803852252435
@@@ mem[  456] = 0086843300f40433 : 37863001473418291
@@@ mem[  464] = 000d079300942023 : 3667502648533027
@@@ mem[  472] = f18080e700000097 : 17402050689785397399
@@@ mem[  480] = 0041268301850c63 : 18338217594260579
@@@ mem[  488] = 004d8d9301942023 : 21829235732914211
@@@ mem[  496] = 00000513f75d9ee3 : 5583312625379
@@@ mem[  504] = 0481240304c12083 : 324580243530653827
@@@ mem[  512] = 0401290304412483 : 288556944061441155
@@@ mem[  520] = 03812a0303c12983 : 252529246545717635
@@@ mem[  528] = 03012b0303412a83 : 216501549029993091
@@@ mem[  536] = 02812c0302c12b83 : 180473851514268547
@@@ mem[  544] = 02012d0302412c83 : 144446153998544003
@@@ mem[  552] = 0501011301c12d83 : 360570626311794051
@@@ mem[  560] = f801011300008067 : 17870565977498878055
@@@ mem[  568] = fff00793000005b7 : 18442248802023769527
@@@ mem[  576] = 0200061306812c23 : 144121866859129891
@@@ mem[  584] = 00c1051346058413 : 54330250842440723
@@@ mem[  592] = 06112e2346058593 : 437181367865148819
@@@ mem[  600] = 04f12a2304f12823 : 356112175434115107
@@@ mem[  608] = 04f12e2304f12c23 : 356116573480627235
@@@ mem[  616] = 06f1222306f12023 : 500218567450501155
@@@ mem[  624] = 06f1262306f12423 : 500222965497013283
@@@ mem[  632] = 074080e700000097 : 522559286400778391
@@@ mem[  640] = 0200061302040593 : 144121866783819155
@@@ mem[  648] = 0000009702c10513 : 648586265875
@@@ mem[  656] = 02c10793060080e7 : 198448186623295719
@@@ mem[  664] = 04c1069300c10713 : 342562275099477779
@@@ mem[  672] = 0000059300100613 : 6128919381523
@@@ mem[  680] = 0401262300000513 : 288553782894134547
@@@ mem[  688] = e58080e700000097 : 16537359561330262167
@@@ mem[  696] = 0781240307c12083 : 540753025694769283
@@@ mem[  704] = 0801011300a03533 : 576743408406639923
@@@ mem[  712] = ff01011300008067 : 18374969135764373607
@@@ mem[  720] = 0000009700112623 : 648541185571
@@@ mem[  728] = 00c12083f60080e7 : 54360421645189351
@@@ mem[  736] = 0101011300000513 : 72340250130646291
@@@ mem[  744] = 00a5c7b300008067 : 46662942770364519
@@@ mem[  752] = 00c508b30037f793 : 55460135307835283
@@@ mem[  760] = 0030079306079263 : 13519126924857955
@@@ mem[  768] = 0035779304c7fe63 : 15049647089778275
@@@ mem[  776] = 0607986300050713 : 434483440034055955
@@@ mem[  784] = fe060793ffc8f613 : 18304326067726906899
@@@ mem[  792] = 02c77c6308f76c63 : 200265473235315811
@@@ mem[  800] = 0007079300058693 : 1978652778923667
@@@ mem[  808] = 004787930006a803 : 20133788776835075
@@@ mem[  816] = ff07ae2300468693 : 18376848269860308627
@@@ mem[  824] = fff60793fec7e8e3 : 18443937656158546147
@@@ mem[  832] = ffc7f79340e787b3 : 18430972211858212787
@@@ mem[  840] = 00f7073300478793 : 69532234876946323
@@@ mem[  848] = 0117686300f585b3 : 78646292929414579
@@@ mem[  856] = 0005071300008067 : 1415153069359207
@@@ mem[  864] = 0005c783ff157ce3 : 1626744617794787
@@@ mem[  872] = 0015859300170713 : 6057840919119635
@@@ mem[  880] = ff1768e3fef70fa3 : 18381275732580437923
@@@ mem[  888] = 0005c68300008067 : 1625640826601575
@@@ mem[  896] = 0037779300170713 : 15612596964493075
@@@ mem[  904] = 00158593fed70fa3 : 6057845193117603
@@@ mem[  912] = 0005c683f80780e3 : 1625644987810019
@@@ mem[  920] = 0037779300170713 : 15612596964493075
@@@ mem[  928] = 00158593fed70fa3 : 6057845193117603
@@@ mem[  936] = f65ff06ffc079ae3 : 17753172619878177507
@@@ mem[  944] = 0005a2830045a683 : 1586058412533379
@@@ mem[  952] = 00c5af030085af83 : 55642997840523139
@@@ mem[  960] = 0145ae030105ae83 : 91670695356247683
@@@ mem[  968] = 01c5a8030185a303 : 127692895313830659
@@@ mem[  976] = 0205a68300d72223 : 145705644544434723
@@@ mem[  984] = 01f7242300572023 : 141621646033625123
@@@ mem[  992] = 01d7282301e72623 : 132618844851611171
@@@ mem[ 1000] = 00672c2301c72a23 : 29040451466504739
@@@ mem[ 1008] = 02d7202301072e23 : 204667642781838883
@@@ mem[ 1016] = 0245859302470713 : 163683827913787155
@@@ mem[ 1024] = f19ff06ffaf768e3 : 17410899048180181219
@@@
@@@ mem[ 1120] = 0000000100000002 : 4294967298
@@@ mem[ 1128] = fffffffeffffffff : 18446744069414584319
@@@ mem[ 1136] = fffffffffffffffe : 18446744073709551614
@@@ mem[ 1144] = 0000000200000001 : 8589934593
@@@ mem[ 1152] = 0000000200000001 : 8589934593
@@@ mem[ 1160] = 0000000100000002 : 4294967298
@@@ mem[ 1168] = fffffffeffffffff : 18446744069414584319
@@@ mem[ 1176] = fffffffffffffffe : 18446744073709551614
@@@
@@@ mem[64752] = 0000000400000000 : 17179869184
@@@ mem[64760] = 0000ffbc00000000 : 281182918934528
@@@
@@@ mem[64776] = 0000001c00000000 : 120259084288
@@@ mem[64784] = ffffffff0000ff9c : 18446744069414649756
@@@ mem[64792] = 0000000800000001 : 34359738369
@@@ mem[64800] = 000000200000000c : 137438953484
@@@ mem[64808] = 0000000000000002 : 2
@@@ mem[64816] = 000000070000ff7c : 30064836476
@@@ mem[64824] = 000001e00000ffd8 : 2061584367576
@@@ mem[64832] = 0000ffbc00000000 : 281182918934528
@@@ mem[64840] = 0000ffbc00000001 : 281182918934529
@@@
@@@ mem[64856] = 0000000800000000 : 34359738368
@@@ mem[64864] = ffffffff0000ff9c : 18446744069414649756
@@@ mem[64872] = 0000000700000001 : 30064771073
@@@ mem[64880] = 000000200000000c : 137438953484
@@@ mem[64888] = 0000000100000000 : 4294967296
@@@ mem[64896] = 000000060000ff7c : 25769869180
@@@ mem[64904] = 000001e00000ffc4 : 2061584367556
@@@ mem[64912] = 0000000300000000 : 12884901888
@@@ mem[64920] = 0000ffbcffffffff : 281187213901823
@@@
@@@ mem[64936] = 0000001400000000 : 85899345920
@@@ mem[64944] = ffffffff0000ff9c : 18446744069414649756
@@@ mem[64952] = 0000000600000001 : 25769803777
@@@ mem[64960] = 000000200000000c : 137438953484
@@@ mem[64968] = 0000000200000002 : 8589934594
@@@ mem[64976] = 000000050000ff7c : 21474901884
@@@ mem[64984] = 000001e00000ffc8 : 2061584367560
@@@ mem[64992] = 0000000400000000 : 17179869184
@@@ mem[65000] = 0000ffbc00000001 : 281182918934529
@@@
@@@ mem[65024] = ffffffff0000ff9c : 18446744069414649756
@@@ mem[65032] = 0000000500000001 : 21474836481
@@@ mem[65040] = 000000200000000c : 137438953484
@@@ mem[65048] = 0000000000000001 : 1
@@@ mem[65056] = 000000040000ff7c : 17179934588
@@@ mem[65064] = 000001e00000ffdc : 2061584367580
@@@ mem[65072] = 0000000200000000 : 8589934592
@@@ mem[65080] = 0000ffbc00000000 : 281182918934528
@@@
@@@ mem[65096] = 0000000c00000000 : 51539607552
@@@ mem[65104] = ffffffff0000ff9c : 18446744069414649756
@@@ mem[65112] = 0000000400000001 : 17179869185
@@@ mem[65120] = 000000200000000c : 137438953484
@@@ mem[65128] = 0000000200000000 : 8589934592
@@@ mem[65136] = 000000030000ff7c : 12884967292
@@@ mem[65144] = 000001e00000ffc0 : 2061584367552
@@@ mem[65152] = 0000000400000000 : 17179869184
@@@ mem[65160] = 0000ffbcffffffff : 281187213901823
@@@
@@@ mem[65176] = 0000001800000000 : 103079215104
@@@ mem[65184] = ffffffff0000ff9c : 18446744069414649756
@@@ mem[65192] = 0000000300000001 : 12884901889
@@@ mem[65200] = 000000200000000c : 137438953484
@@@ mem[65208] = 0000000100000002 : 4294967298
@@@ mem[65216] = 000000020000ff7c : 8589999996
@@@ mem[65224] = 000001e00000ffd4 : 2061584367572
@@@ mem[65232] = 0000000300000000 : 12884901888
@@@ mem[65240] = 0000ffbc00000001 : 281182918934529
@@@
@@@ mem[65256] = 0000000400000000 : 17179869184
@@@ mem[65264] = ffffffff0000ff9c : 18446744069414649756
@@@ mem[65272] = 0000000200000001 : 8589934593
@@@ mem[65280] = 000000200000000c : 137438953484
@@@
@@@ mem[65296] = 000000010000ff7c : 4295032700
@@@ mem[65304] = 000001e00000ffd0 : 2061584367568
@@@ mem[65312] = 0000000200000000 : 8589934592
@@@ mem[65320] = 0000ffbcffffffff : 281187213901823
@@@
@@@ mem[65384] = 000002b800000460 : 2989297239136
@@@
@@@ mem[65400] = 0000000200000000 : 8589934592
@@@ mem[65408] = ffffffff00000001 : 18446744069414584321
@@@ mem[65416] = fffffffefffffffe : 18446744069414584318
@@@ mem[65424] = 00000001ffffffff : 8589934591
@@@ mem[65432] = 0000000100000002 : 4294967298
@@@ mem[65440] = 0000000200000002 : 8589934594
@@@ mem[65448] = ffffffff00000001 : 18446744069414584321
@@@ mem[65456] = fffffffefffffffe : 18446744069414584318
@@@ mem[65464] = 00000000ffffffff : 4294967295
@@@ mem[65472] = ffffffffffffffff : 18446744073709551615
@@@ mem[65480] = ffffffffffffffff : 18446744073709551615
@@@ mem[65488] = ffffffffffffffff : 18446744073709551615
@@@ mem[65496] = ffffffffffffffff : 18446744073709551615
@@@
@@@ mem[65512] = 000002dc00010000 : 3143916126208
@@@
@@@ mem[65528] = 000000a000000000 : 687194767360
@@@
@@@ System halted on WFI instruction
@@@
