
Final memory state and exit status:

@@@ Unified Memory contents hex on left, decimal on right: 
@@@
@@@ mem[    0] = 0000009700000013 : 648540061715
@@@ mem[    8] = 0001011709c08093 : 282673436197011
@@@ mem[   16] = 00010413ff410113 : 285958910050579
@@@ mem[   24] = c881819300001197 : 14447971547941441943
@@@ mem[   32] = 0000029300000213 : 2830383448595
@@@ mem[   40] = 0000039300000313 : 3929895076627
@@@ mem[   48] = 0000051300000493 : 5579162518675
@@@ mem[   56] = 0000061300000593 : 6678674146707
@@@ mem[   64] = 0000071300000693 : 7778185774739
@@@ mem[   72] = 0000081300000793 : 8877697402771
@@@ mem[   80] = 0000091300000893 : 9977209030803
@@@ mem[   88] = 00000a1300000993 : 11076720658835
@@@ mem[   96] = 00000b1300000a93 : 12176232286867
@@@ mem[  104] = 00000c1300000b93 : 13275743914899
@@@ mem[  112] = 00000d1300000c93 : 14375255542931
@@@ mem[  120] = 00000e1300000d93 : 15474767170963
@@@ mem[  128] = 00000f1300000e93 : 16574278798995
@@@ mem[  136] = 2380006f00000f93 : 2558045065087815571
@@@
@@@ mem[  160] = f601011300010117 : 17726450789423055127
@@@ mem[  168] = 00000013fea12c23 : 85876354083
@@@ mem[  176] = 000007b710500073 : 8482834088051
@@@ mem[  184] = 00f568634ec78793 : 69076145026860947
@@@ mem[  192] = 4ec78793000047b7 : 5676654920753760183
@@@ mem[  200] = ff01011300a7fc63 : 18374969135775349859
@@@ mem[  208] = 0011262300100513 : 4827006370841875
@@@ mem[  216] = fc8080e700000097 : 18194684224202604695
@@@ mem[  224] = 4e07278300000737 : 5622506103389554487
@@@ mem[  232] = 00070613ff850693 : 1977007798027923
@@@ mem[  240] = 06d7f4630007a703 : 493131390259799811
@@@ mem[  248] = ffc5288304e6fe63 : 18430181593271696995
@@@ mem[  256] = 0106883300389813 : 73896196526610451
@@@ mem[  264] = 0047258301071a63 : 20025967934642787
@@@ mem[  272] = 011585b300072703 : 78115572394960643
@@@ mem[  280] = 0047a803feb52e23 : 20169458458111523
@@@ mem[  288] = 00381593fee52c23 : 15786324076604451
@@@ mem[  296] = 02b6906300b785b3 : 195502388725384627
@@@ mem[  304] = 01070733ffc52703 : 74035838790739715
@@@ mem[  312] = ff85270300e7a223 : 18412165545427706403
@@@ mem[  320] = 4ef6202300e7a023 : 5689770513940324387
@@@ mem[  328] = 00d7a02300008067 : 60693192177123431
@@@ mem[  336] = 00e7e863ff5ff06f : 65276235804045423
@@@ mem[  344] = 00e7e463fa5ff06f : 65271837673648239
@@@ mem[  352] = 00070793f8e6eee3 : 1978656954445539
@@@ mem[  360] = 000047b7f89ff06f : 78855475818607
@@@ mem[  368] = fe01011310a7e663 : 18302911542005851747
@@@ mem[  376] = 00112e2300812c23 : 4835802471279651
@@@ mem[  384] = 0121282300912a23 : 81390399067859491
@@@ mem[  392] = 0141242301312623 : 90393200286574115
@@@ mem[  400] = 0005041300357793 : 1411854537947027
@@@ mem[  408] = ffc5741300078663 : 18430264675037316707
@@@ mem[  416] = 000004b700440413 : 5184029983763
@@@ mem[  424] = 008409134e04a703 : 37164675443762947
@@@ mem[  432] = 0000073700071e63 : 7932805062243
@@@ mem[  440] = 4ef4a0234e470793 : 5689348302773356435
@@@ mem[  448] = 0007a22300f7a023 : 2148596060758051
@@@ mem[  456] = 000727834e470713 : 2013769744451347
@@@ mem[  464] = 00000a37000009b7 : 11231339481527
@@@ mem[  472] = 0486e8630047a683 : 326203534935041667
@@@ mem[  480] = 0007a68302869a63 : 2153406450276963
@@@ mem[  488] = 4ee4a02300d72023 : 5684844701846806563
@@@ mem[  496] = 01c1208300878513 : 126418011564770579
@@@ mem[  504] = 0141248301812403 : 90393612608676867
@@@ mem[  512] = 00c1298301012903 : 54370313139464451
@@@ mem[  520] = 0201011300812a03 : 144397844177037827
@@@ mem[  528] = 412686b300008067 : 4694587764937621607
@@@ mem[  536] = 0036969300d7a223 : 15365206860866083
@@@ mem[  544] = 0087a22300d787b3 : 38177393077618611
@@@ mem[  552] = 4e04a703fc5ff06f : 5621801870426108015
@@@ mem[  560] = 4c09a78302f71c63 : 5479094602805222499
@@@ mem[  568] = 4c4a25030327ee63 : 5497246990027189859
@@@ mem[  576] = 4cf9a023412787b3 : 5546640489360885683
@@@ mem[  584] = 0085222301250733 : 37473705640920883
@@@ mem[  592] = 4cea222300850513 : 5542279825160733971
@@@ mem[  600] = e5c080e700000097 : 16555373959839744151
@@@ mem[  608] = 000788634e04a783 : 2120284929042307
@@@ mem[  616] = 0007a78300078713 : 2154505920022291
@@@ mem[  624] = 00000513f69ff06f : 5583300194415
@@@ mem[  632] = 00000513f7dff06f : 5583321165935
@@@ mem[  640] = fe01011300008067 : 18302911541726445671
@@@ mem[  648] = 00812c2300112e23 : 36358800832278051
@@@ mem[  656] = 0000009700a12623 : 648550622755
@@@ mem[  664] = 00c12603ed8080e7 : 54366468816535783
@@@ mem[  672] = 0005041300000593 : 1411854534444435
@@@ mem[  680] = 0f8080e700000097 : 1117034437213683863
@@@ mem[  688] = 0004051301c12083 : 1131479098794115
@@@ mem[  696] = 0201011301812403 : 144397844193813507
@@@ mem[  704] = ff01011300008067 : 18374969135764373607
@@@ mem[  712] = 0011262301000513 : 4827006386570515
@@@ mem[  720] = 0091222300812423 : 40851405350708259
@@@ mem[  728] = e94080e700000097 : 16807575538972491927
@@@ mem[  736] = 00f5202300c00793 : 68996704002639763
@@@ mem[  744] = 00f5122300600793 : 68981310833559443
@@@ mem[  752] = 00f5032300100793 : 68964818153899923
@@@ mem[  760] = 00f5242305700793 : 69001102127794067
@@@ mem[  768] = 00f5262300b00793 : 69003301071357843
@@@ mem[  776] = 0100051300050413 : 72063173200774163
@@@ mem[  784] = e5c080e700000097 : 16555373959839744151
@@@ mem[  792] = 0004051300050493 : 1131479069688979
@@@ mem[  800] = d94080e700000097 : 15654654034365644951
@@@ mem[  808] = 0000009701000513 : 648556840211
@@@ mem[  816] = 7d300793e40080e7 : 9020718385389928679
@@@ mem[  824] = 7d40079300f49223 : 9025221981208089123
@@@ mem[  832] = 0100051300f51223 : 72063173216506403
@@@ mem[  840] = f3c080e700000097 : 17564180276370735255
@@@ mem[  848] = 00f512237e300793 : 68981312944342931
@@@ mem[  856] = 0007886300654783 : 2120283626751875
@@@ mem[  864] = 0000009700200513 : 648542160147
@@@ mem[  872] = 00050413d3c080e7 : 1411858087051495
@@@ mem[  880] = 0000009700048513 : 648540357907
@@@ mem[  888] = 00040513d40080e7 : 1131482626162919
@@@ mem[  896] = d34080e700000097 : 15222308470138077335
@@@ mem[  904] = 0081240300c12083 : 36349867311833219
@@@ mem[  912] = 0000051300412483 : 5579166786691
@@@ mem[  920] = 0000806701010113 : 141179886829843
@@@ mem[  928] = 0005071300f00313 : 1415153085055763
@@@ mem[  936] = 00f7779302c37e63 : 69655792537796195
@@@ mem[  944] = 080592630a079063 : 578029081254662243
@@@ mem[  952] = 00f67613ff067693 : 69372672525891219
@@@ mem[  960] = 00b7202300e686b3 : 51545255449102003
@@@ mem[  968] = 00b7242300b72223 : 51549653492507171
@@@ mem[  976] = 0107071300b72623 : 74035697072678435
@@@ mem[  984] = 00061463fed766e3 : 1711269570111203
@@@ mem[  992] = 40c306b300008067 : 4666581004754911335
@@@ mem[ 1000] = 0000029700269693 : 2847565846163
@@@ mem[ 1008] = 00c68067005686b3 : 55873225264367283
@@@ mem[ 1016] = 00b706a300b70723 : 51517217899480867
@@@ mem[ 1024] = 00b705a300b70623 : 51516118387852835
@@@ mem[ 1032] = 00b704a300b70523 : 51515018876224803
@@@ mem[ 1040] = 00b703a300b70423 : 51513919364596771
@@@ mem[ 1048] = 00b702a300b70323 : 51512819852968739
@@@ mem[ 1056] = 00b701a300b70223 : 51511720341340707
@@@ mem[ 1064] = 00b700a300b70123 : 51510620829712675
@@@ mem[ 1072] = 0000806700b70023 : 141179881979939
@@@ mem[ 1080] = 008596930ff5f593 : 37601730274653587
@@@ mem[ 1088] = 0105969300d5e5b3 : 73630527039858099
@@@ mem[ 1096] = f6dff06f00d5e5b3 : 17789201412682802611
@@@ mem[ 1104] = 0000029700279693 : 2847565911699
@@@ mem[ 1112] = 00008293005686b3 : 143567877473971
@@@ mem[ 1120] = 00028093fa0680e7 : 704322996699367
@@@ mem[ 1128] = 40f70733ff078793 : 4681218257578330003
@@@ mem[ 1136] = f6c378e300f60633 : 17781188670157882931
@@@ mem[ 1144] = 00000000f3dff06f : 4091539567
@@@
@@@ mem[ 1216] = 0000053400003fb8 : 5720896454584
@@@
@@@ mem[ 1248] = 0000050400000504 : 5514738009348
@@@ mem[ 1256] = 000004e400000000 : 5377299054592
@@@ mem[ 1264] = 0000000c00000010 : 51539607568
@@@ mem[ 1272] = 00000057000107d4 : 373662222292
@@@ mem[ 1280] = 0000051c0000000b : 5617817223179
@@@ mem[ 1288] = 0000000000000010 : 16
@@@ mem[ 1296] = 00000000000007d3 : 2003
@@@ mem[ 1304] = 000004e400000000 : 5377299054592
@@@ mem[ 1312] = 0000000000000010 : 16
@@@ mem[ 1320] = 00000000000007e3 : 2019
@@@
@@@ mem[65472] = 0000050c00000000 : 5549097746432
@@@ mem[65480] = 0000029c000004f4 : 2869038154996
@@@
@@@ mem[65496] = 0000001000000000 : 68719476736
@@@ mem[65504] = 0000050c00000000 : 5549097746432
@@@ mem[65512] = 00000350000004f4 : 3642132268276
@@@
@@@ mem[65528] = 000000a000000000 : 687194767360
@@@
@@@ System halted on WFI instruction
@@@
