
Final memory state and exit status:

@@@ Unified Memory contents hex on left, decimal on right: 
@@@
@@@ mem[    0] = 0000009700000013 : 648540061715
@@@ mem[    8] = 0001011709c08093 : 282673436197011
@@@ mem[   16] = 00010413ff410113 : 285958910050579
@@@ mem[   24] = ec81819300001197 : 17042044933306847639
@@@ mem[   32] = 0000029300000213 : 2830383448595
@@@ mem[   40] = 0000039300000313 : 3929895076627
@@@ mem[   48] = 0000051300000493 : 5579162518675
@@@ mem[   56] = 0000061300000593 : 6678674146707
@@@ mem[   64] = 0000071300000693 : 7778185774739
@@@ mem[   72] = 0000081300000793 : 8877697402771
@@@ mem[   80] = 0000091300000893 : 9977209030803
@@@ mem[   88] = 00000a1300000993 : 11076720658835
@@@ mem[   96] = 00000b1300000a93 : 12176232286867
@@@ mem[  104] = 00000c1300000b93 : 13275743914899
@@@ mem[  112] = 00000d1300000c93 : 14375255542931
@@@ mem[  120] = 00000e1300000d93 : 15474767170963
@@@ mem[  128] = 00000f1300000e93 : 16574278798995
@@@ mem[  136] = 47c0006f00000f93 : 5170132848962703251
@@@
@@@ mem[  160] = f601011300010117 : 17726450789423055127
@@@ mem[  168] = 00000013fea12c23 : 85876354083
@@@ mem[  176] = 000007b710500073 : 8482834088051
@@@ mem[  184] = 00f5686373878793 : 69076145643423635
@@@ mem[  192] = 73878793000047b7 : 8324771501647611831
@@@ mem[  200] = ff01011300a7fc63 : 18374969135775349859
@@@ mem[  208] = 0011262300100513 : 4827006370841875
@@@ mem[  216] = fc8080e700000097 : 18194684224202604695
@@@ mem[  224] = 72c7278300000737 : 8270622684283406135
@@@ mem[  232] = 00070613ff850693 : 1977007798027923
@@@ mem[  240] = 06d7f4630007a703 : 493131390259799811
@@@ mem[  248] = ffc5288304e6fe63 : 18430181593271696995
@@@ mem[  256] = 0106883300389813 : 73896196526610451
@@@ mem[  264] = 0047258301071a63 : 20025967934642787
@@@ mem[  272] = 011585b300072703 : 78115572394960643
@@@ mem[  280] = 0047a803feb52e23 : 20169458458111523
@@@ mem[  288] = 00381593fee52c23 : 15786324076604451
@@@ mem[  296] = 02b6906300b785b3 : 195502388725384627
@@@ mem[  304] = 01070733ffc52703 : 74035838790739715
@@@ mem[  312] = ff85270300e7a223 : 18412165545427706403
@@@ mem[  320] = 72f6262300e7a023 : 8283850496375496739
@@@ mem[  328] = 00d7a02300008067 : 60693192177123431
@@@ mem[  336] = 00e7e863ff5ff06f : 65276235804045423
@@@ mem[  344] = 00e7e463fa5ff06f : 65271837673648239
@@@ mem[  352] = 00070793f8e6eee3 : 1978656954445539
@@@ mem[  360] = 000047b7f89ff06f : 78855475818607
@@@ mem[  368] = fe01011310a7e663 : 18302911542005851747
@@@ mem[  376] = 00112e2300812c23 : 4835802471279651
@@@ mem[  384] = 0121282300912a23 : 81390399067859491
@@@ mem[  392] = 0141242301312623 : 90393200286574115
@@@ mem[  400] = 0005041300357793 : 1411854537947027
@@@ mem[  408] = ffc5741300078663 : 18430264675037316707
@@@ mem[  416] = 000004b700440413 : 5184029983763
@@@ mem[  424] = 0084091372c4a703 : 37164676060325635
@@@ mem[  432] = 0000073700071e63 : 7932805062243
@@@ mem[  440] = 72f4a62373070793 : 8283428285825091475
@@@ mem[  448] = 0007a22300f7a023 : 2148596060758051
@@@ mem[  456] = 0007278373070713 : 2013770361014035
@@@ mem[  464] = 00000a37000009b7 : 11231339481527
@@@ mem[  472] = 0486e8630047a683 : 326203534935041667
@@@ mem[  480] = 0007a68302869a63 : 2153406450276963
@@@ mem[  488] = 72e4a62300d72023 : 8278924684281978915
@@@ mem[  496] = 01c1208300878513 : 126418011564770579
@@@ mem[  504] = 0141248301812403 : 90393612608676867
@@@ mem[  512] = 00c1298301012903 : 54370313139464451
@@@ mem[  520] = 0201011300812a03 : 144397844177037827
@@@ mem[  528] = 412686b300008067 : 4694587764937621607
@@@ mem[  536] = 0036969300d7a223 : 15365206860866083
@@@ mem[  544] = 0087a22300d787b3 : 38177393077618611
@@@ mem[  552] = 72c4a703fc5ff06f : 8269918451319959663
@@@ mem[  560] = 7049a78302f71c63 : 8091182386680110179
@@@ mem[  568] = 708a25030327ee63 : 8109334773902077539
@@@ mem[  576] = 70f9a223412787b3 : 8140716073749546931
@@@ mem[  584] = 0085222301250733 : 37473705640920883
@@@ mem[  592] = 70ea242300850513 : 8136355409549395219
@@@ mem[  600] = e5c080e700000097 : 16555373959839744151
@@@ mem[  608] = 0007886372c4a783 : 2120285545604995
@@@ mem[  616] = 0007a78300078713 : 2154505920022291
@@@ mem[  624] = 00000513f69ff06f : 5583300194415
@@@ mem[  632] = 00000513f7dff06f : 5583321165935
@@@ mem[  640] = fe01011300008067 : 18302911541726445671
@@@ mem[  648] = 00812c2300112e23 : 36358800832278051
@@@ mem[  656] = 0000009700a12623 : 648550622755
@@@ mem[  664] = 00c12603ed8080e7 : 54366468816535783
@@@ mem[  672] = 0005041300000593 : 1411854534444435
@@@ mem[  680] = 324080e700000097 : 3621035830031679639
@@@ mem[  688] = 0004051301c12083 : 1131479098794115
@@@ mem[  696] = 0201011301812403 : 144397844193813507
@@@ mem[  704] = 0000073700008067 : 7932804628583
@@@ mem[  712] = 0017879370072783 : 6622991773804419
@@@ mem[  720] = 0000473770f72023 : 78303444017187
@@@ mem[  728] = 0027979373870713 : 11144183645931283
@@@ mem[  736] = 0000073700f707b3 : 7932820785075
@@@ mem[  744] = 7247278300a7a023 : 8234593887275425827
@@@ mem[  752] = 72f7222300178793 : 8284127573292058515
@@@ mem[  760] = 0000073700008067 : 7932804628583
@@@ mem[  768] = fff7879372472783 : 18444359866266363779
@@@ mem[  776] = 000007b772f72223 : 8484489208355
@@@ mem[  784] = 001706937287a703 : 6481154815796995
@@@ mem[  792] = 000047b772d7a423 : 78853231322147
@@@ mem[  800] = 7387879300271713 : 8324771501650155283
@@@ mem[  808] = 0007a50300e787b3 : 2151757155633075
@@@ mem[  816] = 000007b700008067 : 8482560442471
@@@ mem[  824] = 001535137247a503 : 5969332148872451
@@@ mem[  832] = ff01011300008067 : 18374969135764373607
@@@ mem[  840] = 0005041300812423 : 1411854542906403
@@@ mem[  848] = 0011262300200513 : 4827006371890451
@@@ mem[  856] = e14080e700000097 : 16231114786669068439
@@@ mem[  864] = 000007b700850023 : 8482569125923
@@@ mem[  872] = 000500a37207a703 : 1408076876326659
@@@ mem[  880] = 0017069300c12083 : 6481152906961027
@@@ mem[  888] = 000047b772d7a023 : 78853231321123
@@@ mem[  896] = 0027171300812403 : 11002894471996419
@@@ mem[  904] = 00e787b37b078793 : 65169924553148307
@@@ mem[  912] = 0101011300a7a023 : 72340250141630499
@@@ mem[  920] = 0050061300008067 : 22524676811030631
@@@ mem[  928] = 0000473702c507b3 : 78301595240371
@@@ mem[  936] = 0010069374c70713 : 4510830016530195
@@@ mem[  944] = 02c585b300b787b3 : 199712762345523123
@@@ mem[  952] = 00f707b300279793 : 69532784630667155
@@@ mem[  960] = 00a585b300d7a023 : 46590375017029667
@@@ mem[  968] = 00b705b300259593 : 51516187097798035
@@@ mem[  976] = 0000806700d5a023 : 141179883986979
@@@ mem[  984] = 7207a603000007b7 : 8216718576975873975
@@@ mem[  992] = 02f5053301400793 : 213082273992411027
@@@ mem[ 1000] = 74c78793000047b7 : 8414843494195021751
@@@ mem[ 1008] = 0010059300004737 : 4509728545720119
@@@ mem[ 1016] = 00f507b37b070713 : 68969836738709267
@@@ mem[ 1024] = 00c5466300000513 : 55527961427707155
@@@ mem[ 1032] = 00008067fff00513 : 141184163906835
@@@ mem[ 1040] = 00b69c630007a683 : 51400394777536131
@@@ mem[ 1048] = 00e686b300251693 : 64887348003149459
@@@ mem[ 1056] = 0016c6830006a683 : 6410715431085699
@@@ mem[ 1064] = 00150513fe0682e3 : 5916557935280867
@@@ mem[ 1072] = fd1ff06f00478793 : 18239561375410522003
@@@ mem[ 1080] = 00812c23fe010113 : 36358805092630803
@@@ mem[ 1088] = 7b04278300004437 : 8864253410166195255
@@@ mem[ 1096] = 0131262301212823 : 85891799681411107
@@@ mem[ 1104] = 00112e2301412423 : 4835802483860515
@@@ mem[ 1112] = 0010071300912a23 : 4511377822657059
@@@ mem[ 1120] = 0000051300e780a3 : 5579177689251
@@@ mem[ 1128] = e5c080e700000097 : 16555373959839744151
@@@ mem[ 1136] = 000009377b040413 : 10133891712019
@@@ mem[ 1144] = 00100a13fff00993 : 4514680641948051
@@@ mem[ 1152] = 0207986372492783 : 146253065799411587
@@@ mem[ 1160] = 7207268300000737 : 8216578389243332407
@@@ mem[ 1168] = 01c1208306d7c063 : 126418011670691939
@@@ mem[ 1176] = 0141248301812403 : 90393612608676867
@@@ mem[ 1184] = 00c1298301012903 : 54370313139464451
@@@ mem[ 1192] = 0201011300812a03 : 144397844177037827
@@@ mem[ 1200] = 0000009700008067 : 648540094567
@@@ mem[ 1208] = 00050493e48080e7 : 1412408123883751
@@@ mem[ 1216] = 0000009700048513 : 648540357907
@@@ mem[ 1224] = 00050793f14080e7 : 1415706872676583
@@@ mem[ 1232] = 00279793fb3508e3 : 11144185922259171
@@@ mem[ 1240] = 0007a78300f407b3 : 2154505935521715
@@@ mem[ 1248] = 00000097014780a3 : 648561524899
@@@ mem[ 1256] = fd5ff06fde0080e7 : 18257575777639891175
@@@ mem[ 1264] = 00e4073300279713 : 64184210317350675
@@@ mem[ 1272] = 0017879300072703 : 6622989894756099
@@@ mem[ 1280] = f8dff06f000700a3 : 17933316600745099427
@@@ mem[ 1288] = 00812423ff010113 : 36350009016385811
@@@ mem[ 1296] = 74c4079300004437 : 8413858331776533559
@@@ mem[ 1304] = 0647871300112623 : 452478803249276451
@@@ mem[ 1312] = 0007a02374c40413 : 2146398980277267
@@@ mem[ 1320] = 0007a4230007a223 : 2150795068285475
@@@ mem[ 1328] = 0007a8230007a623 : 2155193114797603
@@@ mem[ 1336] = fef714e301478793 : 18372176170092824467
@@@ mem[ 1344] = 0000009705300513 : 648627094803
@@@ mem[ 1352] = 04100513e00080e7 : 292739558699729127
@@@ mem[ 1360] = df4080e700000097 : 16086999598593212567
@@@ mem[ 1368] = 0000009704200513 : 648609269011
@@@ mem[ 1376] = 04300513de8080e7 : 301746757929304295
@@@ mem[ 1384] = ddc080e700000097 : 15978913207536320663
@@@ mem[ 1392] = 0000009704400513 : 648611366163
@@@ mem[ 1400] = 00100793dd0080e7 : 4511931276755175
@@@ mem[ 1408] = 00f42a2300f42223 : 68726224145621539
@@@ mem[ 1416] = 02f4242300f42423 : 212834815151711267
@@@ mem[ 1424] = 02f42e2300f42623 : 212845810267989539
@@@ mem[ 1432] = 04f42a2302f42223 : 356956600330887715
@@@ mem[ 1440] = 04f42c2302f42c23 : 356958799354145827
@@@ mem[ 1448] = 04f42e2304f42623 : 356960998410954275
@@@ mem[ 1456] = e88080e700000097 : 16753532343444045975
@@@ mem[ 1464] = 0081240300c12083 : 36349867311833219
@@@ mem[ 1472] = 0101011300000513 : 72340250130646291
@@@ mem[ 1480] = 00f0031300008067 : 67557374549852263
@@@ mem[ 1488] = 02c37e6300050713 : 199141772201625363
@@@ mem[ 1496] = 0a07906300f77793 : 722705020108634003
@@@ mem[ 1504] = ff06769308059263 : 18376505703398740579
@@@ mem[ 1512] = 00e686b300f67613 : 64887348016870931
@@@ mem[ 1520] = 00b7222300b72023 : 51547454469251107
@@@ mem[ 1528] = 00b7262300b72423 : 51551852515763235
@@@ mem[ 1536] = fed766e301070713 : 18363259130787333907
@@@ mem[ 1544] = 0000806700061463 : 141179870385251
@@@ mem[ 1552] = 0026969340c306b3 : 10861608305886899
@@@ mem[ 1560] = 005686b300000297 : 24354951354385047
@@@ mem[ 1568] = 00b7072300c68067 : 51517767656308839
@@@ mem[ 1576] = 00b7062300b706a3 : 51516668143666851
@@@ mem[ 1584] = 00b7052300b705a3 : 51515568632038819
@@@ mem[ 1592] = 00b7042300b704a3 : 51514469120410787
@@@ mem[ 1600] = 00b7032300b703a3 : 51513369608782755
@@@ mem[ 1608] = 00b7022300b702a3 : 51512270097154723
@@@ mem[ 1616] = 00b7012300b701a3 : 51511170585526691
@@@ mem[ 1624] = 00b7002300b700a3 : 51510071073898659
@@@ mem[ 1632] = 0ff5f59300008067 : 1150095291572060263
@@@ mem[ 1640] = 00d5e5b300859693 : 60206727010031251
@@@ mem[ 1648] = 00d5e5b301059693 : 60206727018419859
@@@ mem[ 1656] = 00279693f6dff06f : 11143086337945711
@@@ mem[ 1664] = 005686b300000297 : 24354951354385047
@@@ mem[ 1672] = fa0680e700008293 : 18016229088968082067
@@@ mem[ 1680] = ff07879300028093 : 18376805869938704531
@@@ mem[ 1688] = 00f6063340f70733 : 69249661473851187
@@@ mem[ 1696] = f3dff06ff6c378e3 : 17573028634695006435
@@@
@@@ mem[ 1792] = 00003fc400000004 : 70111046139908
@@@ mem[ 1800] = 0000000000000774 : 1908
@@@
@@@ mem[ 1824] = 0000000000000005 : 5
@@@ mem[ 1832] = 0000073000000005 : 7902739824645
@@@ mem[ 1840] = 0000000000000730 : 1840
@@@ mem[ 1848] = 0000000400000730 : 17179871024
@@@ mem[ 1856] = 0000073000000053 : 7902739824723
@@@ mem[ 1864] = 0000004100000004 : 279172874244
@@@ mem[ 1872] = 0000000400000730 : 17179871024
@@@ mem[ 1880] = 0000073000000042 : 7902739824706
@@@ mem[ 1888] = 0000004300000004 : 287762808836
@@@ mem[ 1896] = 0000000400000730 : 17179871024
@@@ mem[ 1904] = 0000000000000044 : 68
@@@
@@@ mem[18232] = 0000000100000000 : 4294967296
@@@ mem[18240] = 0000000300000002 : 12884901890
@@@ mem[18248] = 0000000000000004 : 4
@@@ mem[18256] = 0000000100000001 : 4294967297
@@@ mem[18264] = 0000000000000001 : 1
@@@ mem[18272] = 0000000000000001 : 1
@@@
@@@ mem[18288] = 0000000100000001 : 4294967297
@@@
@@@ mem[18304] = 0000000100000000 : 4294967296
@@@ mem[18312] = 0000000000000001 : 1
@@@
@@@ mem[18328] = 0000000000000001 : 1
@@@ mem[18336] = 0000000100000001 : 4294967297
@@@ mem[18344] = 0000000000000001 : 1
@@@ mem[18352] = 0000074c00000740 : 8022998910784
@@@ mem[18360] = 0000076400000758 : 8126078125912
@@@ mem[18368] = 0000000000000770 : 1904
@@@
@@@ mem[65512] = 000005b80000474c : 6287832139596
@@@
@@@ mem[65528] = 000000a000000000 : 687194767360
@@@
@@@ System halted on WFI instruction
@@@
