
Final memory state and exit status:

@@@ Unified Memory contents hex on left, decimal on right: 
@@@
@@@ mem[    0] = 0000009700000013 : 648540061715
@@@ mem[    8] = 0001011709c08093 : 282673436197011
@@@ mem[   16] = 00010413ff410113 : 285958910050579
@@@ mem[   24] = f681819300001197 : 17762620873686126999
@@@ mem[   32] = 0000029300000213 : 2830383448595
@@@ mem[   40] = 0000039300000313 : 3929895076627
@@@ mem[   48] = 0000051300000493 : 5579162518675
@@@ mem[   56] = 0000061300000593 : 6678674146707
@@@ mem[   64] = 0000071300000693 : 7778185774739
@@@ mem[   72] = 0000081300000793 : 8877697402771
@@@ mem[   80] = 0000091300000893 : 9977209030803
@@@ mem[   88] = 00000a1300000993 : 11076720658835
@@@ mem[   96] = 00000b1300000a93 : 12176232286867
@@@ mem[  104] = 00000c1300000b93 : 13275743914899
@@@ mem[  112] = 00000d1300000c93 : 14375255542931
@@@ mem[  120] = 00000e1300000d93 : 15474767170963
@@@ mem[  128] = 00000f1300000e93 : 16574278798995
@@@ mem[  136] = 5780006f00000f93 : 6305039955060068243
@@@
@@@ mem[  160] = f601011300010117 : 17726450789423055127
@@@ mem[  168] = 00000013fea12c23 : 85876354083
@@@ mem[  176] = 000007b710500073 : 8482834088051
@@@ mem[  184] = 00f568637cc78793 : 69076145798612883
@@@ mem[  192] = 7cc78793000047b7 : 8991304246498445239
@@@ mem[  200] = ff01011300a7fc63 : 18374969135775349859
@@@ mem[  208] = 0011262300100513 : 4827006370841875
@@@ mem[  216] = fc8080e700000097 : 18194684224202604695
@@@ mem[  224] = 7c07278300000737 : 8937155429134239543
@@@ mem[  232] = 00070613ff850693 : 1977007798027923
@@@ mem[  240] = 06d7f4630007a703 : 493131390259799811
@@@ mem[  248] = ffc5288304e6fe63 : 18430181593271696995
@@@ mem[  256] = 0106883300389813 : 73896196526610451
@@@ mem[  264] = 0047258301071a63 : 20025967934642787
@@@ mem[  272] = 011585b300072703 : 78115572394960643
@@@ mem[  280] = 0047a803feb52e23 : 20169458458111523
@@@ mem[  288] = 00381593fee52c23 : 15786324076604451
@@@ mem[  296] = 02b6906300b785b3 : 195502388725384627
@@@ mem[  304] = 01070733ffc52703 : 74035838790739715
@@@ mem[  312] = ff85270300e7a223 : 18412165545427706403
@@@ mem[  320] = 7cf6202300e7a023 : 9004419839685009443
@@@ mem[  328] = 00d7a02300008067 : 60693192177123431
@@@ mem[  336] = 00e7e863ff5ff06f : 65276235804045423
@@@ mem[  344] = 00e7e463fa5ff06f : 65271837673648239
@@@ mem[  352] = 00070793f8e6eee3 : 1978656954445539
@@@ mem[  360] = 000047b7f89ff06f : 78855475818607
@@@ mem[  368] = fe01011310a7e663 : 18302911542005851747
@@@ mem[  376] = 00112e2300812c23 : 4835802471279651
@@@ mem[  384] = 0121282300912a23 : 81390399067859491
@@@ mem[  392] = 0141242301312623 : 90393200286574115
@@@ mem[  400] = 0005041300357793 : 1411854537947027
@@@ mem[  408] = ffc5741300078663 : 18430264675037316707
@@@ mem[  416] = 000004b700440413 : 5184029983763
@@@ mem[  424] = 008409137c04a703 : 37164676215514883
@@@ mem[  432] = 0000073700071e63 : 7932805062243
@@@ mem[  440] = 7cf4a0237c470793 : 9003997629289793427
@@@ mem[  448] = 0007a22300f7a023 : 2148596060758051
@@@ mem[  456] = 000727837c470713 : 2013770516203283
@@@ mem[  464] = 00000a37000009b7 : 11231339481527
@@@ mem[  472] = 0486e8630047a683 : 326203534935041667
@@@ mem[  480] = 0007a68302869a63 : 2153406450276963
@@@ mem[  488] = 7ce4a02300d72023 : 8999494027591491619
@@@ mem[  496] = 01c1208300878513 : 126418011564770579
@@@ mem[  504] = 0141248301812403 : 90393612608676867
@@@ mem[  512] = 00c1298301012903 : 54370313139464451
@@@ mem[  520] = 0201011300812a03 : 144397844177037827
@@@ mem[  528] = 412686b300008067 : 4694587764937621607
@@@ mem[  536] = 0036969300d7a223 : 15365206860866083
@@@ mem[  544] = 0087a22300d787b3 : 38177393077618611
@@@ mem[  552] = 7c04a703fc5ff06f : 8936451196170793071
@@@ mem[  560] = 7a09a78302f71c63 : 8793743928549907555
@@@ mem[  568] = 7a4a25030327ee63 : 8811896315771874915
@@@ mem[  576] = 7af9a023412787b3 : 8861289815105570739
@@@ mem[  584] = 0085222301250733 : 37473705640920883
@@@ mem[  592] = 7aea222300850513 : 8856929150905419027
@@@ mem[  600] = e5c080e700000097 : 16555373959839744151
@@@ mem[  608] = 000788637c04a783 : 2120285700794243
@@@ mem[  616] = 0007a78300078713 : 2154505920022291
@@@ mem[  624] = 00000513f69ff06f : 5583300194415
@@@ mem[  632] = 00000513f7dff06f : 5583321165935
@@@ mem[  640] = fe01011300008067 : 18302911541726445671
@@@ mem[  648] = 00812c2300112e23 : 36358800832278051
@@@ mem[  656] = 0000009700a12623 : 648550622755
@@@ mem[  664] = 00c12603ed8080e7 : 54366468816535783
@@@ mem[  672] = 0005041300000593 : 1411854534444435
@@@ mem[  680] = 3ac080e700000097 : 4233525379354067095
@@@ mem[  688] = 0004051301c12083 : 1131479098794115
@@@ mem[  696] = 0201011301812403 : 144397844193813507
@@@ mem[  704] = 0005486300008067 : 1486964922548327
@@@ mem[  712] = 00a7cc6301000793 : 47231046701287315
@@@ mem[  720] = 0115051300008067 : 77974147711402087
@@@ mem[  728] = 4105551301051513 : 4685244527458718995
@@@ mem[  736] = fef50513fe5ff06f : 18371595838358024303
@@@ mem[  744] = 4105551301051513 : 4685244527458718995
@@@ mem[  752] = 00100713fddff06f : 4511382072455279
@@@ mem[  760] = 000080670ce61a63 : 141180086393443
@@@ mem[  768] = ffe7f71300179693 : 18439978860269770387
@@@ mem[  776] = 00d486b303010513 : 59820798470325523
@@@ mem[  784] = 0006d50300e50733 : 1923058736891699
@@@ mem[  792] = 002787930026d683 : 11126589524203139
@@@ mem[  800] = fea7102301079793 : 18349652949271549843
@@@ mem[  808] = 4107d793fed71823 : 4685950967937964067
@@@ mem[  816] = 01061993fcb7c8e3 : 73774567288981731
@@@ mem[  824] = 033985330109d993 : 232363309893540243
@@@ mem[  832] = 01010a134015d413 : 72350146810467347
@@@ mem[  840] = 00141b9302010a93 : 5659817741978259
@@@ mem[  848] = 0105151300000c13 : 73488140270046227
@@@ mem[  856] = 0000009741055513 : 649630930195
@@@ mem[  864] = 00050613f68080e7 : 1414057693315303
@@@ mem[  872] = 0004059300a12623 : 1132028835735075
@@@ mem[  880] = 0000009701010513 : 648556905747
@@@ mem[  888] = 00c12603f80080e7 : 54366468992696551
@@@ mem[  896] = 0004059302010513 : 1132028858795283
@@@ mem[  904] = f6c080e700000097 : 17780353058484519063
@@@ mem[  912] = 068c4a6300100513 : 471833850030327059
@@@ mem[  920] = 0581240305c12083 : 396637837585358979
@@@ mem[  928] = 0501290305412483 : 360614538116146307
@@@ mem[  936] = 04812a0304c12983 : 324586840600422787
@@@ mem[  944] = 04012b0304412a83 : 288559143084698243
@@@ mem[  952] = 03812c0303c12b83 : 252531445568973699
@@@ mem[  960] = 0601011303412c83 : 432628220374887555
@@@ mem[  968] = fa01011300008067 : 18014681165574733927
@@@ mem[  976] = 04112e2304912a23 : 293066178691148323
@@@ mem[  984] = 0521282304812c23 : 369620775285632035
@@@ mem[  992] = 0541242305312623 : 378623576505394723
@@@ mem[ 1000] = 0561202305512223 : 387626377715720739
@@@ mem[ 1008] = 03812c2303712e23 : 252531583002684963
@@@ mem[ 1016] = 0005049303912a23 : 1412404350102051
@@@ mem[ 1024] = f2dff06f00000793 : 17500971036517074835
@@@ mem[ 1032] = 01051913000adb03 : 73492538317265667
@@@ mem[ 1040] = 03690b3301095913 : 245739968357030163
@@@ mem[ 1048] = 001c0c13000a5c83 : 7894575092489347
@@@ mem[ 1056] = 410c5c13010c1c13 : 4687222548877548563
@@@ mem[ 1064] = 002a8a93002a0a13 : 11974312989428243
@@@ mem[ 1072] = 010b5b13010b1b13 : 75253955961756435
@@@ mem[ 1080] = 01051513016c8533 : 73488140293932339
@@@ mem[ 1088] = 0000009741055513 : 649630930195
@@@ mem[ 1096] = 00a49023e80080e7 : 46320380071149799
@@@ mem[ 1104] = 01051513416c8533 : 73488141367674163
@@@ mem[ 1112] = 0000009741055513 : 649630930195
@@@ mem[ 1120] = 017487b3e68080e7 : 104857898072441063
@@@ mem[ 1128] = 0329853300a79023 : 227859710259728419
@@@ mem[ 1136] = 0105151300248493 : 73488140272436371
@@@ mem[ 1144] = 0000009741055513 : 649630930195
@@@ mem[ 1152] = f11ff06fe48080e7 : 17374870250784325863
@@@ mem[ 1160] = 0010071301058793 : 4511377830283155
@@@ mem[ 1168] = 00068c6300157693 : 1843206691321491
@@@ mem[ 1176] = 0025859300e59023 : 10561440560025635
@@@ mem[ 1184] = feb796e340155513 : 18354304709148628243
@@@ mem[ 1192] = 0005902300008067 : 1565854881841255
@@@ mem[ 1200] = fc010113fedff06f : 18158796357926645871
@@@ mem[ 1208] = 0005841302812c23 : 1552592064818211
@@@ mem[ 1216] = 02112e2300010593 : 148950990538737043
@@@ mem[ 1224] = 0321282302912a23 : 225505587177269795
@@@ mem[ 1232] = 0341242303312623 : 234508388395984419
@@@ mem[ 1240] = fb0080e700000097 : 18086597833145712791
@@@ mem[ 1248] = 0101059300040513 : 72345197933233427
@@@ mem[ 1256] = fa0080e700000097 : 18014540239107784855
@@@ mem[ 1264] = 0080059300200613 : 36034925939394067
@@@ mem[ 1272] = 0000009700010513 : 648540128531
@@@ mem[ 1280] = 00200613df8080e7 : 9013881678627047
@@@ mem[ 1288] = 0101051300800593 : 72344648185546131
@@@ mem[ 1296] = de4080e700000097 : 16014942004555284631
@@@ mem[ 1304] = 0001049300010913 : 286504383482131
@@@ mem[ 1312] = 0100099300000413 : 72068121002771475
@@@ mem[ 1320] = 008787b301010793 : 38148324741678995
@@@ mem[ 1328] = 0004d7830007d503 : 1362857548043523
@@@ mem[ 1336] = 0024849300240413 : 10278866059002899
@@@ mem[ 1344] = 0105151302f50533 : 73488140319655219
@@@ mem[ 1352] = 0000009741055513 : 649630930195
@@@ mem[ 1360] = fea49f23d78080e7 : 18348965758102438119
@@@ mem[ 1368] = 00900613fd3418e3 : 40539079568529635
@@@ mem[ 1376] = 0001051300800593 : 287054147618195
@@@ mem[ 1384] = d8c080e700000097 : 15618625237346680983
@@@ mem[ 1392] = 0000049301010993 : 5029423548819
@@@ mem[ 1400] = 00f00a1300100413 : 67565071132263443
@@@ mem[ 1408] = 0104141300095503 : 73205565782316291
@@@ mem[ 1416] = 0345053301045413 : 235600272125350931
@@@ mem[ 1424] = 0105151300290913 : 73488140272732435
@@@ mem[ 1432] = 0000009741055513 : 649630930195
@@@ mem[ 1440] = fea91f23d28080e7 : 18350232395413749991
@@@ mem[ 1448] = 0014141302a40533 : 5651571415450931
@@@ mem[ 1456] = 0105151300950533 : 73488140279809331
@@@ mem[ 1464] = 0000009741055513 : 649630930195
@@@ mem[ 1472] = 00050493d08080e7 : 1412407788339431
@@@ mem[ 1480] = 4105551301041513 : 4685244527458653459
@@@ mem[ 1488] = cf4080e700000097 : 14934078093986365591
@@@ mem[ 1496] = fb2992e300050413 : 18098158081220609043
@@@ mem[ 1504] = 0381240303c12083 : 252522649475948675
@@@ mem[ 1512] = 02c1298303012903 : 198485501248874755
@@@ mem[ 1520] = 0004851302812a03 : 1272216599734787
@@@ mem[ 1528] = 0401011303412483 : 288513032299029635
@@@ mem[ 1536] = ff01011300008067 : 18374969135764373607
@@@ mem[ 1544] = 0030051301000593 : 13516378061407635
@@@ mem[ 1552] = 0081242300112623 : 36350004739253795
@@@ mem[ 1560] = e9c080e700000097 : 16843604335991455895
@@@ mem[ 1568] = 0170059300050413 : 103588920348181523
@@@ mem[ 1576] = 0000009700400513 : 648544257299
@@@ mem[ 1584] = 00050593e88080e7 : 1413507702620391
@@@ mem[ 1592] = 0000009700040513 : 648540325139
@@@ mem[ 1600] = 00c12083e78080e7 : 54360421401919719
@@@ mem[ 1608] = 0101011300812403 : 72340250139108355
@@@ mem[ 1616] = 00f0031300008067 : 67557374549852263
@@@ mem[ 1624] = 02c37e6300050713 : 199141772201625363
@@@ mem[ 1632] = 0a07906300f77793 : 722705020108634003
@@@ mem[ 1640] = ff06769308059263 : 18376505703398740579
@@@ mem[ 1648] = 00e686b300f67613 : 64887348016870931
@@@ mem[ 1656] = 00b7222300b72023 : 51547454469251107
@@@ mem[ 1664] = 00b7262300b72423 : 51551852515763235
@@@ mem[ 1672] = fed766e301070713 : 18363259130787333907
@@@ mem[ 1680] = 0000806700061463 : 141179870385251
@@@ mem[ 1688] = 0026969340c306b3 : 10861608305886899
@@@ mem[ 1696] = 005686b300000297 : 24354951354385047
@@@ mem[ 1704] = 00b7072300c68067 : 51517767656308839
@@@ mem[ 1712] = 00b7062300b706a3 : 51516668143666851
@@@ mem[ 1720] = 00b7052300b705a3 : 51515568632038819
@@@ mem[ 1728] = 00b7042300b704a3 : 51514469120410787
@@@ mem[ 1736] = 00b7032300b703a3 : 51513369608782755
@@@ mem[ 1744] = 00b7022300b702a3 : 51512270097154723
@@@ mem[ 1752] = 00b7012300b701a3 : 51511170585526691
@@@ mem[ 1760] = 00b7002300b700a3 : 51510071073898659
@@@ mem[ 1768] = 0ff5f59300008067 : 1150095291572060263
@@@ mem[ 1776] = 00d5e5b300859693 : 60206727010031251
@@@ mem[ 1784] = 00d5e5b301059693 : 60206727018419859
@@@ mem[ 1792] = 00279693f6dff06f : 11143086337945711
@@@ mem[ 1800] = 005686b300000297 : 24354951354385047
@@@ mem[ 1808] = fa0680e700008293 : 18016229088968082067
@@@ mem[ 1816] = ff07879300028093 : 18376805869938704531
@@@ mem[ 1824] = 00f6063340f70733 : 69249661473851187
@@@ mem[ 1832] = f3dff06ff6c378e3 : 17573028634695006435
@@@
@@@ mem[ 1920] = 001100020009000f : 4785083194605583
@@@ mem[ 1928] = 0000000000080001 : 524289
@@@
@@@ mem[ 1952] = 000007cc00004000 : 8572754739200
@@@
@@@ mem[65176] = 0000000100000000 : 4294967296
@@@ mem[65184] = 000000000000000d : 13
@@@
@@@ mem[65200] = 0000000000000001 : 1
@@@
@@@ mem[65224] = 0000000400000000 : 17179869184
@@@ mem[65232] = 0000ff1000000000 : 280444184559616
@@@ mem[65240] = 0000000d0000ff00 : 55834640128
@@@ mem[65248] = 0000ff700000ffb0 : 280856501485488
@@@ mem[65256] = 0000039000000002 : 3917010173954
@@@
@@@ mem[65272] = 0000001000000000 : 68719476736
@@@ mem[65280] = 00000000000e000c : 917516
@@@
@@@ mem[65296] = 00000000000c000e : 786446
@@@
@@@ mem[65320] = 0000000800000000 : 34359738368
@@@ mem[65328] = 0000ff7000000000 : 280856501420032
@@@ mem[65336] = 000000090000ff60 : 38654771040
@@@ mem[65344] = 0000ffb00000ffb0 : 281131379392432
@@@ mem[65352] = 0000039000000004 : 3917010173956
@@@
@@@ mem[65368] = 0000000d00000000 : 55834574848
@@@ mem[65376] = 000c000800080008 : 3377734080790536
@@@
@@@ mem[65392] = 000b000f00000009 : 3096289168326665
@@@
@@@ mem[65432] = 0000001000000000 : 68719476736
@@@ mem[65440] = 0000ffc00000ffb0 : 281200098869168
@@@ mem[65448] = 0000057000000010 : 5978594476048
@@@ mem[65456] = 0003000200010000 : 844433520132096
@@@ mem[65464] = 0000000000010002 : 65538
@@@ mem[65472] = 0005000400070003 : 1407392063881219
@@@ mem[65480] = 0006000d00030001 : 1688905695035393
@@@
@@@ mem[65512] = 000006440000000e : 6889127542798
@@@
@@@ mem[65528] = 000000a00000000d : 687194767373
@@@
@@@ System halted on WFI instruction
@@@
