
Final memory state and exit status:

@@@ Unified Memory contents hex on left, decimal on right: 
@@@
@@@ mem[    0] = 0000009700000013 : 648540061715
@@@ mem[    8] = 0001011709c08093 : 282673436197011
@@@ mem[   16] = 00010413ff410113 : 285958910050579
@@@ mem[   24] = ee81819300001197 : 17186160121382703511
@@@ mem[   32] = 0000029300000213 : 2830383448595
@@@ mem[   40] = 0000039300000313 : 3929895076627
@@@ mem[   48] = 0000051300000493 : 5579162518675
@@@ mem[   56] = 0000061300000593 : 6678674146707
@@@ mem[   64] = 0000071300000693 : 7778185774739
@@@ mem[   72] = 0000081300000793 : 8877697402771
@@@ mem[   80] = 0000091300000893 : 9977209030803
@@@ mem[   88] = 00000a1300000993 : 11076720658835
@@@ mem[   96] = 00000b1300000a93 : 12176232286867
@@@ mem[  104] = 00000c1300000b93 : 13275743914899
@@@ mem[  112] = 00000d1300000c93 : 14375255542931
@@@ mem[  120] = 00000e1300000d93 : 15474767170963
@@@ mem[  128] = 00000f1300000e93 : 16574278798995
@@@ mem[  136] = 0780006f00000f93 : 540432432025833363
@@@
@@@ mem[  160] = f601011300010117 : 17726450789423055127
@@@ mem[  168] = 00000013fea12c23 : 85876354083
@@@ mem[  176] = 0000081310500073 : 8877971079283
@@@ mem[  184] = 0000031300000793 : 3380139263891
@@@ mem[  192] = 720e288300000e37 : 8218550913103564343
@@@ mem[  200] = 00d787b301134863 : 60666322879727715
@@@ mem[  208] = 0000806700f72023 : 141179886182435
@@@ mem[  216] = 01058eb3010508b3 : 73621868388878515
@@@ mem[  224] = 0008a883000eae83 : 2437080408829571
@@@ mem[  232] = 03d888b300130313 : 277121679465054995
@@@ mem[  240] = 0048081301060eb3 : 20275076037742259
@@@ mem[  248] = 011787b3011ea023 : 78680721389953059
@@@ mem[  256] = fc010113fc5ff06f : 18158796357884702831
@@@ mem[  264] = 02912a2302812c23 : 184975389553142819
@@@ mem[  272] = 0331262303212823 : 230006987790821411
@@@ mem[  280] = 0351222303412423 : 239009789001147427
@@@ mem[  288] = 01712e2303612023 : 103914994321661987
@@@ mem[  296] = 0401041302112e23 : 288516330813992483
@@@ mem[  304] = 7207278300000737 : 8216579488754960183
@@@ mem[  312] = 00000493000109b7 : 5029406771639
@@@ mem[  320] = 00f7879300279793 : 69673384680069011
@@@ mem[  328] = 40f10133ff07f793 : 4679522810648328083
@@@ mem[  336] = 40f1013300010a93 : 4679522806369684115
@@@ mem[  344] = 40f1013300010b13 : 4679522806369684243
@@@ mem[  352] = 00000a1300010b93 : 11076720724883
@@@ mem[  360] = fff9899300070913 : 18444925013326235923
@@@ mem[  368] = 04fa4e6372092783 : 358685309351307139
@@@ mem[  376] = 0a8080e700000097 : 756746467024044183
@@@ mem[  384] = fcc4071300050693 : 18213690571179230867
@@@ mem[  392] = 000b8613000a8513 : 3243640907007251
@@@ mem[  400] = 00000097000b0593 : 648540784019
@@@ mem[  408] = fc040113f20080e7 : 18159640782640808167
@@@ mem[  416] = 0381240303c12083 : 252522649475948675
@@@ mem[  424] = 0301290303412483 : 216499350006736003
@@@ mem[  432] = 02812a0302c12983 : 180471652491012483
@@@ mem[  440] = 02012b0302412a83 : 144443954975287939
@@@ mem[  448] = 0000051301c12b83 : 5579191954307
@@@ mem[  456] = 0000806704010113 : 141179937161491
@@@ mem[  464] = 050080e700000097 : 360429699815440535
@@@ mem[  472] = 01357533009a87b3 : 87104629717501875
@@@ mem[  480] = 0000009700a7a023 : 648551047203
@@@ mem[  488] = 009b07b303c080e7 : 43637086833639655
@@@ mem[  496] = 00a7a02301357533 : 47182393315259699
@@@ mem[  504] = 0007a023009b87b3 : 2146397031466931
@@@ mem[  512] = 00448493001a0a13 : 19286065313090067
@@@ mem[  520] = 000007b7f69ff06f : 8486698086511
@@@ mem[  528] = 0aa7a4237247a783 : 767762733638068099
@@@ mem[  536] = 000080670a07a623 : 141180038260259
@@@ mem[  544] = 7247a803000007b7 : 8234735174508611511
@@@ mem[  552] = f2d585934c9585b7 : 17498038794909484471
@@@ mem[  560] = 0ac827030a882683 : 776913829736490627
@@@ mem[  568] = 0017861302b687b3 : 6621340672362419
@@@ mem[  576] = 0ac8242300f637b3 : 776910668480001971
@@@ mem[  584] = 42d606135851f637 : 4816043531675235895
@@@ mem[  592] = 02b7073302c68633 : 195633024485197363
@@@ mem[  600] = 00c7073302b6b6b3 : 56021436035675827
@@@ mem[  608] = 00e787b300d70733 : 65169922503149363
@@@ mem[  616] = 0af8262300179513 : 790423666370778387
@@@ mem[  624] = 0000806700155513 : 141179871384851
@@@
@@@ mem[  704] = 00000000000002e0 : 736
@@@
@@@ mem[  736] = 000005cc00000000 : 6373731467264
@@@ mem[  744] = 0000069c00000634 : 7267084666420
@@@
@@@ mem[  904] = ab894868b3b04fc6 : 12360490266823512006
@@@ mem[  912] = e66d1234abcd330e : 16603947418614838030
@@@ mem[  920] = 0000000b0005deec : 47245025004
@@@
@@@ mem[ 1824] = 000002e000000004 : 3161095929860
@@@
@@@ mem[65424] = 2f4ad736864e0c63 : 3407772697240669283
@@@ mem[65432] = 2cbc4540215072d0 : 3223527575029576400
@@@ mem[65440] = 0000312900008ccf : 54052163456207
@@@ mem[65448] = 000059d800005db4 : 98784247831988
@@@ mem[65456] = 0000f6460000f42d : 270780508206125
@@@ mem[65464] = 00007f7800005b04 : 140153372826372
@@@
@@@ mem[65480] = 2f2ee41100000000 : 3399905530376880128
@@@
@@@ mem[65528] = 000000a000000000 : 687194767360
@@@
@@@ System halted on WFI instruction
@@@
