
Final memory state and exit status:

@@@ Unified Memory contents hex on left, decimal on right: 
@@@
@@@ mem[    0] = 0000009700000013 : 648540061715
@@@ mem[    8] = 0001011709c08093 : 282673436197011
@@@ mem[   16] = 00010413ff410113 : 285958910050579
@@@ mem[   24] = 5881819300001197 : 6377521015693513111
@@@ mem[   32] = 0000029300000213 : 2830383448595
@@@ mem[   40] = 0000039300000313 : 3929895076627
@@@ mem[   48] = 0000051300000493 : 5579162518675
@@@ mem[   56] = 0000061300000593 : 6678674146707
@@@ mem[   64] = 0000071300000693 : 7778185774739
@@@ mem[   72] = 0000081300000793 : 8877697402771
@@@ mem[   80] = 0000091300000893 : 9977209030803
@@@ mem[   88] = 00000a1300000993 : 11076720658835
@@@ mem[   96] = 00000b1300000a93 : 12176232286867
@@@ mem[  104] = 00000c1300000b93 : 13275743914899
@@@ mem[  112] = 00000d1300000c93 : 14375255542931
@@@ mem[  120] = 00000e1300000d93 : 15474767170963
@@@ mem[  128] = 00000f1300000e93 : 16574278798995
@@@ mem[  136] = 2990006f00000f93 : 2994894228942753683
@@@
@@@ mem[  160] = f601011300010117 : 17726450789423055127
@@@ mem[  168] = 00000013fea12c23 : 85876354083
@@@ mem[  176] = 000017b710500073 : 26075020132467
@@@ mem[  184] = 00f56863df078793 : 69076147446974355
@@@ mem[  192] = df078793000057b7 : 16070962860724869047
@@@ mem[  200] = ff01011300a7fc63 : 18374969135775349859
@@@ mem[  208] = 0011262300100513 : 4827006370841875
@@@ mem[  216] = fc8080e700000097 : 18194684224202604695
@@@ mem[  224] = de47278300001737 : 16016814043360663351
@@@ mem[  232] = 00070613ff850693 : 1977007798027923
@@@ mem[  240] = 06d7f4630007a703 : 493131390259799811
@@@ mem[  248] = ffc5288304e6fe63 : 18430181593271696995
@@@ mem[  256] = 0106883300389813 : 73896196526610451
@@@ mem[  264] = 0047258301071a63 : 20025967934642787
@@@ mem[  272] = 011585b300072703 : 78115572394960643
@@@ mem[  280] = 0047a803feb52e23 : 20169458458111523
@@@ mem[  288] = 00381593fee52c23 : 15786324076604451
@@@ mem[  296] = 02b6906300b785b3 : 195502388725384627
@@@ mem[  304] = 01070733ffc52703 : 74035838790739715
@@@ mem[  312] = ff85270300e7a223 : 18412165545427706403
@@@ mem[  320] = def6222300e7a023 : 16066066254425202723
@@@ mem[  328] = 00d7a02300008067 : 60693192177123431
@@@ mem[  336] = 00e7e863ff5ff06f : 65276235804045423
@@@ mem[  344] = 00e7e463fa5ff06f : 65271837673648239
@@@ mem[  352] = 00070793f8e6eee3 : 1978656954445539
@@@ mem[  360] = 000047b7f89ff06f : 78855475818607
@@@ mem[  368] = fe01011310a7e663 : 18302911542005851747
@@@ mem[  376] = 00112e2300812c23 : 4835802471279651
@@@ mem[  384] = 0121282300912a23 : 81390399067859491
@@@ mem[  392] = 0141242301312623 : 90393200286574115
@@@ mem[  400] = 0005041300357793 : 1411854537947027
@@@ mem[  408] = ffc5741300078663 : 18430264675037316707
@@@ mem[  416] = 000014b700440413 : 22776216028179
@@@ mem[  424] = 00840913de44a703 : 37164677863876355
@@@ mem[  432] = 0000173700071e63 : 25524991106659
@@@ mem[  440] = def4a223de870793 : 16065644045678348179
@@@ mem[  448] = 0007a22300f7a023 : 2148596060758051
@@@ mem[  456] = 00072783de870713 : 2013772164564755
@@@ mem[  464] = 00001a37000019b7 : 28823525530039
@@@ mem[  472] = 0486e8630047a683 : 326203534935041667
@@@ mem[  480] = 0007a68302869a63 : 2153406450276963
@@@ mem[  488] = dee4a22300d72023 : 16061140442331684899
@@@ mem[  496] = 01c1208300878513 : 126418011564770579
@@@ mem[  504] = 0141248301812403 : 90393612608676867
@@@ mem[  512] = 00c1298301012903 : 54370313139464451
@@@ mem[  520] = 0201011300812a03 : 144397844177037827
@@@ mem[  528] = 412686b300008067 : 4694587764937621607
@@@ mem[  536] = 0036969300d7a223 : 15365206860866083
@@@ mem[  544] = 0087a22300d787b3 : 38177393077618611
@@@ mem[  552] = de44a703fc5ff06f : 16016109810397212783
@@@ mem[  560] = dc49a78302f71c63 : 15873402542776327267
@@@ mem[  568] = dc8a25030327ee63 : 15891554929998294627
@@@ mem[  576] = dcf9a223412787b3 : 15922936229845764019
@@@ mem[  584] = 0085222301250733 : 37473705640920883
@@@ mem[  592] = dcea242300850513 : 15918575565645612307
@@@ mem[  600] = e5c080e700000097 : 16555373959839744151
@@@ mem[  608] = 00078863de44a783 : 2120287349155715
@@@ mem[  616] = 0007a78300078713 : 2154505920022291
@@@ mem[  624] = 00000513f69ff06f : 5583300194415
@@@ mem[  632] = 00000513f7dff06f : 5583321165935
@@@ mem[  640] = fe01011300008067 : 18302911541726445671
@@@ mem[  648] = 00812c2300112e23 : 36358800832278051
@@@ mem[  656] = 0000009700a12623 : 648550622755
@@@ mem[  664] = 00c12603ed8080e7 : 54366468816535783
@@@ mem[  672] = 0005041300000593 : 1411854534444435
@@@ mem[  680] = 9d0080e700001097 : 11313183993580490903
@@@ mem[  688] = 0004051301c12083 : 1131479098794115
@@@ mem[  696] = 0201011301812403 : 144397844193813507
@@@ mem[  704] = ff01011300008067 : 18374969135764373607
@@@ mem[  712] = 0005041300812423 : 1411854542906403
@@@ mem[  720] = 0011262300800513 : 4827006378181907
@@@ mem[  728] = e94080e700000097 : 16807575538972491927
@@@ mem[  736] = 0085202300c12083 : 37471506611118211
@@@ mem[  744] = 0005222300812403 : 1444908611216387
@@@ mem[  752] = 0000806701010113 : 141179886829843
@@@ mem[  760] = 00912223ff010113 : 40851409620500755
@@@ mem[  768] = 00c0051300050493 : 54048774691292307
@@@ mem[  776] = 0081242300112623 : 36350004739253795
@@@ mem[  784] = 0000009701212023 : 648559009827
@@@ mem[  792] = 00249913e58080e7 : 10301409895416039
@@@ mem[  800] = 0095202300050413 : 41975106226160659
@@@ mem[  808] = 0000009700090513 : 648540652819
@@@ mem[  816] = 00a42223e40080e7 : 46199433724985575
@@@ mem[  824] = 0000009700090513 : 648540652819
@@@ mem[  832] = 00a42423e30080e7 : 46201632731463911
@@@ mem[  840] = 0297c06300000793 : 186829440993462163
@@@ mem[  848] = 0004051300c12083 : 1131479082016899
@@@ mem[  856] = 0041248300812403 : 18336018553971715
@@@ mem[  864] = 0101011300012903 : 72340250130721027
@@@ mem[  872] = 0044268300008067 : 19182642498928743
@@@ mem[  880] = 0017879300279713 : 6622989896881939
@@@ mem[  888] = 0006a02300e686b3 : 1864922059671219
@@@ mem[  896] = 0007202300e50733 : 2005659547928371
@@@ mem[  904] = ff010113fc5ff06f : 18374969139998486639
@@@ mem[  912] = 0005049300912223 : 1412404299768355
@@@ mem[  920] = 0011262300060513 : 4827006370186515
@@@ mem[  928] = 0121202300812423 : 81381602973787171
@@@ mem[  936] = 0005891300060413 : 1558089581331475
@@@ mem[  944] = f14080e700000097 : 17384036291275915415
@@@ mem[  952] = 002917130044a783 : 11565844421453699
@@@ mem[  960] = 00e787b300241413 : 65169922491421715
@@@ mem[  968] = 00e522230007a703 : 64495303386441475
@@@ mem[  976] = 0009051300a7a023 : 2538853963898915
@@@ mem[  984] = eec080e700000097 : 17203892306181095575
@@@ mem[  992] = 00c120830044a603 : 54360417522460163
@@@ mem[ 1000] = 0086043300412483 : 37722263973340291
@@@ mem[ 1008] = 0001290300042783 : 326567838623619
@@@ mem[ 1016] = 00a4202300f52223 : 46197230892556835
@@@ mem[ 1024] = 0101011300812403 : 72340250139108355
@@@ mem[ 1032] = ff01011300008067 : 18374969135764373607
@@@ mem[ 1040] = 001126230a800513 : 4827006545954067
@@@ mem[ 1048] = d54080e700000097 : 15366423658213933207
@@@ mem[ 1056] = fff0071300c12083 : 18442248252280610947
@@@ mem[ 1064] = 0ae522230ae52023 : 785071243948007459
@@@ mem[ 1072] = 0000806701010113 : 141179886829843
@@@ mem[ 1080] = 001505130a452503 : 5916553845744899
@@@ mem[ 1088] = 0000806700153513 : 141179871376659
@@@ mem[ 1096] = 027007130a452783 : 175648163825526659
@@@ mem[ 1104] = 0a05268302e78463 : 722025659394131043
@@@ mem[ 1112] = 00e69463fff00713 : 64902401860044563
@@@ mem[ 1120] = 001787930a052023 : 6622990062395427
@@@ mem[ 1128] = 002797930af52223 : 11144181891539491
@@@ mem[ 1136] = 00b5202300f50533 : 50982305496630579
@@@ mem[ 1144] = 0a45258300008067 : 740038958343290983
@@@ mem[ 1152] = 00050793fff00693 : 1415707119060627
@@@ mem[ 1160] = 0a05270302d58663 : 722026209148765795
@@@ mem[ 1168] = 00c5063300271613 : 55457386527659539
@@@ mem[ 1176] = 0006250300170713 : 1729544676902675
@@@ mem[ 1184] = 00e5da630ae7a023 : 64697888586309667
@@@ mem[ 1192] = 0ad7a0230ad7a223 : 781269132738273827
@@@ mem[ 1200] = fff0051300008067 : 18442246053244731495
@@@ mem[ 1208] = fd01011300008067 : 18230853947688517735
@@@ mem[ 1216] = 0281242302112623 : 180465192848664099
@@@ mem[ 1224] = 01312e2302912223 : 85900595798549027
@@@ mem[ 1232] = 0005041301412c23 : 1411854555491363
@@@ mem[ 1240] = 0321202300b12623 : 225496791052789283
@@@ mem[ 1248] = f2c080e700000097 : 17492122682332807319
@@@ mem[ 1256] = 0084278300c12583 : 37198140532663683
@@@ mem[ 1264] = 0025971300050493 : 10580681998795923
@@@ mem[ 1272] = 0010071300e787b3 : 4511377828317107
@@@ mem[ 1280] = 0000009700e7a023 : 648555241507
@@@ mem[ 1288] = fff00993f44080e7 : 18442251005144891623
@@@ mem[ 1296] = 0a44a78300100a13 : 739900419879209491
@@@ mem[ 1304] = 0004851305378c63 : 1272216645241955
@@@ mem[ 1312] = f5c080e700000097 : 17708295464446591127
@@@ mem[ 1320] = 0025151300442783 : 10437745491322755
@@@ mem[ 1328] = 0007a90300a787b3 : 2156155197949875
@@@ mem[ 1336] = 000925830300006f : 2574519411671151
@@@ mem[ 1344] = 0025971300842783 : 10580682007127939
@@@ mem[ 1352] = 0007a70300e787b3 : 2153956178888627
@@@ mem[ 1360] = 0147a02300071a63 : 92218389569149539
@@@ mem[ 1368] = 0000009700048513 : 648540357907
@@@ mem[ 1376] = 00492903eec080e7 : 20592770167111911
@@@ mem[ 1384] = fa9ff06ffc091ae3 : 18059417394539469539
@@@ mem[ 1392] = 0281240302c12083 : 180465055421243523
@@@ mem[ 1400] = 0201290302412483 : 144441755952030851
@@@ mem[ 1408] = 01812a0301c12983 : 108414058436307331
@@@ mem[ 1416] = 0000806703010113 : 141179920384275
@@@ mem[ 1424] = 00600513ff010113 : 27027181204996371
@@@ mem[ 1432] = 0081242300112623 : 36350004739253795
@@@ mem[ 1440] = d58080e700000097 : 15384438056723415191
@@@ mem[ 1448] = 0000059300100613 : 6128919381523
@@@ mem[ 1456] = 0000009700050413 : 648540390419
@@@ mem[ 1464] = 00040513dd8080e7 : 1131482785546471
@@@ mem[ 1472] = 0000059300200613 : 6128920430099
@@@ mem[ 1480] = dc4080e700000097 : 15870826816479428759
@@@ mem[ 1488] = 0020061300040513 : 9013877929149715
@@@ mem[ 1496] = 0000009700100593 : 648541111699
@@@ mem[ 1504] = 00040513db0080e7 : 1131482743603431
@@@ mem[ 1512] = 0010059300400613 : 4509728549897747
@@@ mem[ 1520] = d9c080e700000097 : 15690682831384608919
@@@ mem[ 1528] = 0030061300040513 : 13517477556520211
@@@ mem[ 1536] = 0000009700100593 : 648541111699
@@@ mem[ 1544] = 00040513d88080e7 : 1131482701660391
@@@ mem[ 1552] = 0020059300400613 : 9013328177268243
@@@ mem[ 1560] = d74080e700000097 : 15510538846289789079
@@@ mem[ 1568] = 0030059300040513 : 13516927800706323
@@@ mem[ 1576] = 0000009700400613 : 648544257555
@@@ mem[ 1584] = 00040513d60080e7 : 1131482659717351
@@@ mem[ 1592] = 00c1208300812403 : 54360417526424579
@@@ mem[ 1600] = 0101011300000593 : 72340250130646419
@@@ mem[ 1608] = e743006700000317 : 16664163488582599447
@@@ mem[ 1616] = 00812423ff010113 : 36350009016385811
@@@ mem[ 1624] = 0080051300050413 : 36034376181810195
@@@ mem[ 1632] = 0011262300912223 : 4827006379303459
@@@ mem[ 1640] = 0000009700058493 : 648540423315
@@@ mem[ 1648] = 00042783b00080e7 : 1169346453864679
@@@ mem[ 1656] = 00c1208300952023 : 54360417527734307
@@@ mem[ 1664] = 00a4202300f52223 : 46197230892556835
@@@ mem[ 1672] = 0041248300812403 : 18336018553971715
@@@ mem[ 1680] = 0000806701010113 : 141179886829843
@@@ mem[ 1688] = 000527830005a703 : 1450818478122755
@@@ mem[ 1696] = 00f5a02300e52023 : 69137441493426211
@@@ mem[ 1704] = 0000061300008067 : 6678674178151
@@@ mem[ 1712] = 0000806700051663 : 141179870320227
@@@ mem[ 1720] = 0005079300078613 : 1415702825633299
@@@ mem[ 1728] = 0047a70300000693 : 20168354673198739
@@@ mem[ 1736] = fe0696e300c71663 : 18304483637208749667
@@@ mem[ 1744] = 0007a583fe5ff06f : 2152311163973743
@@@ mem[ 1752] = 00b8586300072803 : 51888577940236291
@@@ mem[ 1760] = 00b720230107a023 : 51545255451271203
@@@ mem[ 1768] = 0007079300100693 : 1978652779611795
@@@ mem[ 1776] = fd010113fd5ff06f : 18230853951939407983
@@@ mem[ 1784] = 01800613000015b7 : 108093069731042743
@@@ mem[ 1792] = 00810513da058593 : 36315854815987091
@@@ mem[ 1800] = 0211262302812423 : 148942194487665699
@@@ mem[ 1808] = 0000009700810413 : 648548516883
@@@ mem[ 1816] = 00012223448080e7 : 319009845182695
@@@ mem[ 1824] = 0041051300042583 : 18301452648981891
@@@ mem[ 1832] = 0000009700440413 : 648544519187
@@@ mem[ 1840] = 02010793f24080e7 : 144404995058467047
@@@ mem[ 1848] = 00412503fef414e3 : 18336572578731235
@@@ mem[ 1856] = f6c080e700000097 : 17780353058484519063
@@@ mem[ 1864] = 0281240302c12083 : 180465055421243523
@@@ mem[ 1872] = 0000806703010113 : 141179920384275
@@@ mem[ 1880] = dc07278300001737 : 15854684456775325495
@@@ mem[ 1888] = dcf7202300178793 : 15922230342289164179
@@@ mem[ 1896] = 0027979300005737 : 11144181707724599
@@@ mem[ 1904] = 00f707b3e5470713 : 69532788474709779
@@@ mem[ 1912] = 0000806700a7a023 : 141179880972323
@@@ mem[ 1920] = dc07a703000017b7 : 15854824644507867063
@@@ mem[ 1928] = dcd7a023fff70693 : 15913363884815615635
@@@ mem[ 1936] = 00271713000057b7 : 11002894463555511
@@@ mem[ 1944] = 00e787b3e5478793 : 65169926335727507
@@@ mem[ 1952] = 000080670007a503 : 141179870487811
@@@ mem[ 1960] = dc07270300001737 : 15854683907019511607
@@@ mem[ 1968] = e5478793000057b7 : 16521322823461918647
@@@ mem[ 1976] = 00e787b300271713 : 65169922491619091
@@@ mem[ 1984] = 000080670007a503 : 141179870487811
@@@ mem[ 1992] = dc07a503000017b7 : 15854822445484611511
@@@ mem[ 2000] = 0015351300150513 : 5969330232952083
@@@ mem[ 2008] = ff01011300008067 : 18374969135764373607
@@@ mem[ 2016] = 0011262300100513 : 4827006370841875
@@@ mem[ 2024] = 984080e700000097 : 10970910421900329111
@@@ mem[ 2032] = de07a703000017b7 : 15998939832583722935
@@@ mem[ 2040] = 00c1208300050023 : 54360417518288931
@@@ mem[ 2048] = ded7a02300170693 : 16057479068598601363
@@@ mem[ 2056] = 00271713000057b7 : 11002894463555511
@@@ mem[ 2064] = 00e787b3e6878793 : 65169926356699027
@@@ mem[ 2072] = 0101011300a7a023 : 72340250141630499
@@@ mem[ 2080] = 0050061300008067 : 22524676811030631
@@@ mem[ 2088] = 0000573702c507b3 : 95893781284787
@@@ mem[ 2096] = 00100693df070713 : 4510831799109395
@@@ mem[ 2104] = 02c585b300b787b3 : 199712762345523123
@@@ mem[ 2112] = 00f707b300279793 : 69532784630667155
@@@ mem[ 2120] = 00a585b300d7a023 : 46590375017029667
@@@ mem[ 2128] = 00b705b300259593 : 51516187097798035
@@@ mem[ 2136] = 0000806700d5a023 : 141179883986979
@@@ mem[ 2144] = de07a603000017b7 : 15998938733072095159
@@@ mem[ 2152] = 02f5053301400793 : 213082273992411027
@@@ mem[ 2160] = df078793000057b7 : 16070962860724869047
@@@ mem[ 2168] = 0010059300005737 : 4509728545724215
@@@ mem[ 2176] = 00f507b3e6870713 : 68969838542259987
@@@ mem[ 2184] = 00c5466300000513 : 55527961427707155
@@@ mem[ 2192] = 00008067fff00513 : 141184163906835
@@@ mem[ 2200] = 00b69c630007a683 : 51400394777536131
@@@ mem[ 2208] = 00e686b300251693 : 64887348003149459
@@@ mem[ 2216] = 0006c6830006a683 : 1907115803715203
@@@ mem[ 2224] = 00150513fe0682e3 : 5916557935280867
@@@ mem[ 2232] = fd1ff06f00478793 : 18239561375410522003
@@@ mem[ 2240] = 00812c23fe010113 : 36358805092630803
@@@ mem[ 2248] = e684278300005437 : 16610444769243452471
@@@ mem[ 2256] = 0121282300912a23 : 81390399067859491
@@@ mem[ 2264] = 0141242301312623 : 90393200286574115
@@@ mem[ 2272] = 0010071300112e23 : 4511377814269475
@@@ mem[ 2280] = 0000051300e78023 : 5579177689123
@@@ mem[ 2288] = 00000097000054b7 : 648540083383
@@@ mem[ 2296] = e6840413e64080e7 : 16610405809163108583
@@@ mem[ 2304] = fff00913000019b7 : 18442250451291216311
@@@ mem[ 2312] = 00100a13e5448493 : 4514680194499731
@@@ mem[ 2320] = 03279a63dc09a783 : 227320059889559427
@@@ mem[ 2328] = de07a683000017b7 : 15998939282827909047
@@@ mem[ 2336] = 06d7c26300000793 : 493076414677911443
@@@ mem[ 2344] = 0181240301c12083 : 108407461366538371
@@@ mem[ 2352] = 0101290301412483 : 72384161897325699
@@@ mem[ 2360] = 00812a0300c12983 : 36356464381602179
@@@ mem[ 2368] = 0000806702010113 : 141179903607059
@@@ mem[ 2376] = 00f487b300279793 : 68829097188890515
@@@ mem[ 2384] = 000000970007a503 : 648540562691
@@@ mem[ 2392] = 01251863f0c080e7 : 82498985696198887
@@@ mem[ 2400] = e20080e700000097 : 16285157982197514391
@@@ mem[ 2408] = 00251793fa9ff06f : 10440498470711407
@@@ mem[ 2416] = 0007a78300f407b3 : 2154505935521715
@@@ mem[ 2424] = 0000009701478023 : 648561524771
@@@ mem[ 2432] = f8dff06fddc080e7 : 17933316604465021159
@@@ mem[ 2440] = 00e4073300279713 : 64184210317350675
@@@ mem[ 2448] = 0017879300072703 : 6622989894756099
@@@ mem[ 2456] = f89ff06f00070023 : 17915302202235617315
@@@ mem[ 2464] = 00812423ff010113 : 36350009016385811
@@@ mem[ 2472] = df04079300005437 : 16069977698306380855
@@@ mem[ 2480] = 0647871300112623 : 452478803249276451
@@@ mem[ 2488] = 0007a023df040413 : 2146400762856467
@@@ mem[ 2496] = 0007a4230007a223 : 2150795068285475
@@@ mem[ 2504] = 0007a8230007a623 : 2155193114797603
@@@ mem[ 2512] = fef714e301478793 : 18372176170092824467
@@@ mem[ 2520] = e04080e700000097 : 16159057192631140503
@@@ mem[ 2528] = dfc080e700000097 : 16123028395612176535
@@@ mem[ 2536] = df4080e700000097 : 16086999598593212567
@@@ mem[ 2544] = dec080e700000097 : 16050970801574248599
@@@ mem[ 2552] = de4080e700000097 : 16014942004555284631
@@@ mem[ 2560] = 00f4222300100793 : 68717428037650323
@@@ mem[ 2568] = 00f4242300f42a23 : 68719627075856931
@@@ mem[ 2576] = 00f4262302f42423 : 68721826132665379
@@@ mem[ 2584] = 02f4222302f42e23 : 212832616162012707
@@@ mem[ 2592] = 02f42c2304f42a23 : 212843611311843875
@@@ mem[ 2600] = 04f4262304f42c23 : 356952202317933603
@@@ mem[ 2608] = 0081240304f42e23 : 36349867382287907
@@@ mem[ 2616] = 0101011300c12083 : 72340250143301763
@@@ mem[ 2624] = e803006700000317 : 16718206684111045399
@@@ mem[ 2632] = 02f5026300100793 : 213079181596034963
@@@ mem[ 2640] = 00112623ff010113 : 4827010648047891
@@@ mem[ 2648] = 020080e700000097 : 144256917701656727
@@@ mem[ 2656] = 0000051300c12083 : 5579175174275
@@@ mem[ 2664] = 0000806701010113 : 141179886829843
@@@ mem[ 2672] = 0000806700000513 : 141179869988115
@@@ mem[ 2680] = 00812c23fe010113 : 36358805092630803
@@@ mem[ 2688] = fff5041300912a23 : 18443652328626137635
@@@ mem[ 2696] = 0121282300068493 : 81390399058773139
@@@ mem[ 2704] = 0006091300060693 : 1698827069687443
@@@ mem[ 2712] = 0004861300040513 : 1273316069606675
@@@ mem[ 2720] = 00112e2301312623 : 4835802482812451
@@@ mem[ 2728] = 0000009700058993 : 648540424595
@@@ mem[ 2736] = 00040513f9c080e7 : 1131483259502823
@@@ mem[ 2744] = 01c1208301812403 : 126418011581129731
@@@ mem[ 2752] = 0009061300098693 : 2539953465165459
@@@ mem[ 2760] = 0101290300c12983 : 72384161888938371
@@@ mem[ 2768] = 0141248300048593 : 90393612583732627
@@@ mem[ 2776] = 0000031702010113 : 3397352751379
@@@ mem[ 2784] = ff010113f6c30067 : 18374969139904315495
@@@ mem[ 2792] = 0420061304300693 : 297244254150854291
@@@ mem[ 2800] = 0040051304100593 : 18019977740158355
@@@ mem[ 2808] = 0000009700112623 : 648541185571
@@@ mem[ 2816] = 00c12083f7c080e7 : 54360421674549479
@@@ mem[ 2824] = 0430061304100693 : 301747853776127635
@@@ mem[ 2832] = 0040051304200593 : 18019977741206931
@@@ mem[ 2840] = 0000031701010113 : 3397335974163
@@@ mem[ 2848] = ff010113f5c30067 : 18374969139887538279
@@@ mem[ 2856] = 0000009700112623 : 648541185571
@@@ mem[ 2864] = 00000097a64080e7 : 651329306855
@@@ mem[ 2872] = 00000097bc0080e7 : 651694211303
@@@ mem[ 2880] = 00000097e64080e7 : 652403048679
@@@ mem[ 2888] = 00c12083fa0080e7 : 54360421712298215
@@@ mem[ 2896] = 0101011300000513 : 72340250130646291
@@@ mem[ 2904] = 00a5c7b300008067 : 46662942770364519
@@@ mem[ 2912] = 00c508b30037f793 : 55460135307835283
@@@ mem[ 2920] = 0030079306079263 : 13519126924857955
@@@ mem[ 2928] = 0035779304c7fe63 : 15049647089778275
@@@ mem[ 2936] = 0607986300050713 : 434483440034055955
@@@ mem[ 2944] = fe060793ffc8f613 : 18304326067726906899
@@@ mem[ 2952] = 02c77c6308f76c63 : 200265473235315811
@@@ mem[ 2960] = 0007079300058693 : 1978652778923667
@@@ mem[ 2968] = 004787930006a803 : 20133788776835075
@@@ mem[ 2976] = ff07ae2300468693 : 18376848269860308627
@@@ mem[ 2984] = fff60793fec7e8e3 : 18443937656158546147
@@@ mem[ 2992] = ffc7f79340e787b3 : 18430972211858212787
@@@ mem[ 3000] = 00f7073300478793 : 69532234876946323
@@@ mem[ 3008] = 0117686300f585b3 : 78646292929414579
@@@ mem[ 3016] = 0005071300008067 : 1415153069359207
@@@ mem[ 3024] = 0005c783ff157ce3 : 1626744617794787
@@@ mem[ 3032] = 0015859300170713 : 6057840919119635
@@@ mem[ 3040] = ff1768e3fef70fa3 : 18381275732580437923
@@@ mem[ 3048] = 0005c68300008067 : 1625640826601575
@@@ mem[ 3056] = 0037779300170713 : 15612596964493075
@@@ mem[ 3064] = 00158593fed70fa3 : 6057845193117603
@@@ mem[ 3072] = 0005c683f80780e3 : 1625644987810019
@@@ mem[ 3080] = 0037779300170713 : 15612596964493075
@@@ mem[ 3088] = 00158593fed70fa3 : 6057845193117603
@@@ mem[ 3096] = f65ff06ffc079ae3 : 17753172619878177507
@@@ mem[ 3104] = 0005a2830045a683 : 1586058412533379
@@@ mem[ 3112] = 00c5af030085af83 : 55642997840523139
@@@ mem[ 3120] = 0145ae030105ae83 : 91670695356247683
@@@ mem[ 3128] = 01c5a8030185a303 : 127692895313830659
@@@ mem[ 3136] = 0205a68300d72223 : 145705644544434723
@@@ mem[ 3144] = 01f7242300572023 : 141621646033625123
@@@ mem[ 3152] = 01d7282301e72623 : 132618844851611171
@@@ mem[ 3160] = 00672c2301c72a23 : 29040451466504739
@@@ mem[ 3168] = 02d7202301072e23 : 204667642781838883
@@@ mem[ 3176] = 0245859302470713 : 163683827913787155
@@@ mem[ 3184] = f19ff06ffaf768e3 : 17410899048180181219
@@@ mem[ 3192] = 0005071300f00313 : 1415153085055763
@@@ mem[ 3200] = 00f7779302c37e63 : 69655792537796195
@@@ mem[ 3208] = 080592630a079063 : 578029081254662243
@@@ mem[ 3216] = 00f67613ff067693 : 69372672525891219
@@@ mem[ 3224] = 00b7202300e686b3 : 51545255449102003
@@@ mem[ 3232] = 00b7242300b72223 : 51549653492507171
@@@ mem[ 3240] = 0107071300b72623 : 74035697072678435
@@@ mem[ 3248] = 00061463fed766e3 : 1711269570111203
@@@ mem[ 3256] = 40c306b300008067 : 4666581004754911335
@@@ mem[ 3264] = 0000029700269693 : 2847565846163
@@@ mem[ 3272] = 00c68067005686b3 : 55873225264367283
@@@ mem[ 3280] = 00b706a300b70723 : 51517217899480867
@@@ mem[ 3288] = 00b705a300b70623 : 51516118387852835
@@@ mem[ 3296] = 00b704a300b70523 : 51515018876224803
@@@ mem[ 3304] = 00b703a300b70423 : 51513919364596771
@@@ mem[ 3312] = 00b702a300b70323 : 51512819852968739
@@@ mem[ 3320] = 00b701a300b70223 : 51511720341340707
@@@ mem[ 3328] = 00b700a300b70123 : 51510620829712675
@@@ mem[ 3336] = 0000806700b70023 : 141179881979939
@@@ mem[ 3344] = 008596930ff5f593 : 37601730274653587
@@@ mem[ 3352] = 0105969300d5e5b3 : 73630527039858099
@@@ mem[ 3360] = f6dff06f00d5e5b3 : 17789201412682802611
@@@ mem[ 3368] = 0000029700279693 : 2847565911699
@@@ mem[ 3376] = 00008293005686b3 : 143567877473971
@@@ mem[ 3384] = 00028093fa0680e7 : 704322996699367
@@@ mem[ 3392] = 40f70733ff078793 : 4681218257578330003
@@@ mem[ 3400] = f6c378e300f60633 : 17781188670157882931
@@@ mem[ 3408] = 00000000f3dff06f : 4091539567
@@@
@@@ mem[ 3488] = 000000380000000c : 240518168588
@@@ mem[ 3496] = 0000000b00000002 : 47244640258
@@@ mem[ 3504] = 0000005a00000001 : 386547056641
@@@
@@@ mem[ 3520] = 00003d80ffffffff : 67624260075519
@@@ mem[ 3528] = 0000000000001070 : 4208
@@@
@@@ mem[ 3552] = 00000de800000005 : 15290083573765
@@@ mem[ 3560] = 0000000000000de8 : 3560
@@@ mem[ 3568] = 0000000c00000de8 : 51539611112
@@@ mem[ 3576] = 00000e0c00000006 : 15444702396422
@@@ mem[ 3584] = 00000de800000e2c : 15290083577388
@@@ mem[ 3592] = 00000e6c00000018 : 15857019256856
@@@ mem[ 3600] = 00000eec00000ecc : 16406775074508
@@@ mem[ 3608] = 00000f1c00000f0c : 16612933504780
@@@ mem[ 3616] = 00000de800000000 : 15290083573760
@@@ mem[ 3624] = 0000000100000018 : 4294967320
@@@ mem[ 3632] = 0000000100000001 : 4294967297
@@@ mem[ 3640] = 0000000100000001 : 4294967297
@@@ mem[ 3648] = 00000de800000000 : 15290083573760
@@@ mem[ 3656] = 0000000100000008 : 4294967304
@@@ mem[ 3664] = 00000de800000000 : 15290083573760
@@@ mem[ 3672] = 0000000000000008 : 8
@@@ mem[ 3680] = 00000de800000000 : 15290083573760
@@@ mem[ 3688] = 0000000200000008 : 8589934600
@@@ mem[ 3696] = 00000de800000e4c : 15290083577420
@@@ mem[ 3704] = 0000000000000008 : 8
@@@ mem[ 3712] = 00000de800000000 : 15290083573760
@@@ mem[ 3720] = 0000000200000008 : 8589934600
@@@ mem[ 3728] = 00000de800000e5c : 15290083577436
@@@ mem[ 3736] = 0000000100000008 : 4294967304
@@@ mem[ 3744] = 00000de800000e7c : 15290083577468
@@@ mem[ 3752] = 0000000400000008 : 17179869192
@@@ mem[ 3760] = 00000de800000e8c : 15290083577484
@@@ mem[ 3768] = 0000000100000008 : 4294967304
@@@ mem[ 3776] = 00000de800000000 : 15290083573760
@@@ mem[ 3784] = 0000000300000008 : 12884901896
@@@ mem[ 3792] = 00000de800000eac : 15290083577516
@@@ mem[ 3800] = 0000000100000008 : 4294967304
@@@ mem[ 3808] = 00000de800000000 : 15290083573760
@@@ mem[ 3816] = 0000000400000008 : 17179869192
@@@ mem[ 3824] = 00000de800000e9c : 15290083577500
@@@ mem[ 3832] = 0000000200000008 : 8589934600
@@@ mem[ 3840] = 00000de800000ebc : 15290083577532
@@@ mem[ 3848] = 0000000400000008 : 17179869192
@@@ mem[ 3856] = 00000de800000edc : 15290083577564
@@@ mem[ 3864] = 0000000300000008 : 12884901896
@@@ mem[ 3872] = 00000de800000efc : 15290083577596
@@@ mem[ 3880] = 00000002000000a8 : 8589934760
@@@ mem[ 3888] = 0000000400000001 : 17179869185
@@@ mem[ 3896] = 0000000000000003 : 3
@@@
@@@ mem[ 4040] = ffffffff00000000 : 18446744069414584320
@@@ mem[ 4048] = 00000de8ffffffff : 15294378541055
@@@ mem[ 4056] = 0000005a00000008 : 386547056648
@@@ mem[ 4064] = 00000de800000000 : 15290083573760
@@@ mem[ 4072] = 0000003800000008 : 240518168584
@@@ mem[ 4080] = 00000de800000fdc : 15290083577820
@@@ mem[ 4088] = 0000000c00000008 : 51539607560
@@@ mem[ 4096] = 00000de800000fec : 15290083577836
@@@ mem[ 4104] = 0000000b00000008 : 47244640264
@@@ mem[ 4112] = 00000de800000ffc : 15290083577852
@@@ mem[ 4120] = 0000000200000008 : 8589934600
@@@ mem[ 4128] = 00000de80000100c : 15290083577868
@@@ mem[ 4136] = 0000000100000008 : 4294967304
@@@ mem[ 4144] = 00000de80000101c : 15290083577884
@@@ mem[ 4152] = 0000000000000004 : 4
@@@ mem[ 4160] = 0000000400000de8 : 17179872744
@@@ mem[ 4168] = 00000de800000000 : 15290083573760
@@@ mem[ 4176] = 0000000000000004 : 4
@@@ mem[ 4184] = 0000000400000de8 : 17179872744
@@@ mem[ 4192] = 00000de800000000 : 15290083573760
@@@ mem[ 4200] = 0000000000000004 : 4
@@@
@@@ mem[19952] = 0000000100000000 : 4294967296
@@@ mem[19960] = 0000000100000001 : 4294967297
@@@ mem[19968] = 0000000100000000 : 4294967296
@@@
@@@ mem[19984] = 0000000100000000 : 4294967296
@@@ mem[19992] = 0000000000000001 : 1
@@@
@@@ mem[20008] = 0000000100000001 : 4294967297
@@@
@@@ mem[20024] = 0000000100000000 : 4294967296
@@@ mem[20032] = 0000000100000000 : 4294967296
@@@ mem[20040] = 0000000100000001 : 4294967297
@@@
@@@ mem[20056] = 0000000400000001 : 17179869185
@@@ mem[20064] = 0000000000000003 : 3
@@@ mem[20072] = 000010480000103c : 17901423693884
@@@ mem[20080] = 0000106000001054 : 18004502909012
@@@ mem[20088] = 000000000000106c : 4204
@@@
@@@ mem[65384] = 0000004100000000 : 279172874240
@@@ mem[65392] = 0000004200000043 : 283467841603
@@@ mem[65400] = 0000004200000002 : 283467841538
@@@ mem[65408] = 0000004300000041 : 287762808897
@@@ mem[65416] = 00000a6000000002 : 11407433138178
@@@ mem[65424] = 0000004100000042 : 279172874306
@@@ mem[65432] = 0000004100000002 : 279172874242
@@@ mem[65440] = 0000004200000043 : 283467841603
@@@ mem[65448] = 00000a6000000002 : 11407433138178
@@@ mem[65456] = 0000004100000043 : 279172874307
@@@ mem[65464] = 0000000000000003 : 3
@@@
@@@ mem[65480] = 00000a6000010000 : 11407433203712
@@@
@@@ mem[65496] = 00000a6000010000 : 11407433203712
@@@
@@@ mem[65512] = 00000b4c00010000 : 12421045485568
@@@
@@@ mem[65528] = 000000a000000000 : 687194767360
@@@
@@@ System halted on WFI instruction
@@@
