
Final memory state and exit status:

@@@ Unified Memory contents hex on left, decimal on right: 
@@@
@@@ mem[    0] = 0000009700000013 : 648540061715
@@@ mem[    8] = 0001011709c08093 : 282673436197011
@@@ mem[   16] = 00010413ff410113 : 285958910050579
@@@ mem[   24] = f081819300001197 : 17330275309458559383
@@@ mem[   32] = 0000029300000213 : 2830383448595
@@@ mem[   40] = 0000039300000313 : 3929895076627
@@@ mem[   48] = 0000051300000493 : 5579162518675
@@@ mem[   56] = 0000061300000593 : 6678674146707
@@@ mem[   64] = 0000071300000693 : 7778185774739
@@@ mem[   72] = 0000081300000793 : 8877697402771
@@@ mem[   80] = 0000091300000893 : 9977209030803
@@@ mem[   88] = 00000a1300000993 : 11076720658835
@@@ mem[   96] = 00000b1300000a93 : 12176232286867
@@@ mem[  104] = 00000c1300000b93 : 13275743914899
@@@ mem[  112] = 00000d1300000c93 : 14375255542931
@@@ mem[  120] = 00000e1300000d93 : 15474767170963
@@@ mem[  128] = 00000f1300000e93 : 16574278798995
@@@ mem[  136] = 08c0006f00000f93 : 630504424573243283
@@@
@@@ mem[  160] = f601011300010117 : 17726450789423055127
@@@ mem[  168] = 00000013fea12c23 : 85876354083
@@@ mem[  176] = 0005069310500073 : 1414603587190899
@@@ mem[  184] = fff58e1300000793 : 18443804061221259155
@@@ mem[  192] = 0000806701c7c463 : 141179899855971
@@@ mem[  200] = 001788930006a303 : 6624089406350083
@@@ mem[  208] = 0003061300088713 : 851103604836115
@@@ mem[  216] = 0027979302b71063 : 11144181753253987
@@@ mem[  224] = 00f507b300c6a023 : 68969834687668259
@@@ mem[  232] = 004686930067a023 : 19851214294851619
@@@ mem[  240] = fcdff06f00088793 : 18221546976896911251
@@@ mem[  248] = 0105083300271813 : 73473984060397587
@@@ mem[  256] = 00c8566300082803 : 56389978544416771
@@@ mem[  264] = 0007079300080613 : 1978652779087379
@@@ mem[  272] = fc5ff06f00170713 : 18185518179878897427
@@@ mem[  280] = 18812c23e6010113 : 1765741061600248083
@@@ mem[  288] = 18912a2300410413 : 1770242458349798419
@@@ mem[  296] = 0004049318112e23 : 1130929717325347
@@@ mem[  304] = 114080e700000097 : 1243135226780057751
@@@ mem[  312] = 000000973ff00593 : 649612756371
@@@ mem[  320] = 00a420230c4080e7 : 46197231082045671
@@@ mem[  328] = 0044041319010793 : 19144778486712211
@@@ mem[  336] = 00048513fef410e3 : 1272220835123427
@@@ mem[  344] = 0000009706300593 : 648643872147
@@@ mem[  352] = 19c12083f58080e7 : 1855800272584999143
@@@ mem[  360] = 1941248319812403 : 1819775869921600515
@@@ mem[  368] = 1a01011300000513 : 1873780101078844691
@@@ mem[  376] = 0605406300008067 : 433823733057093735
@@@ mem[  384] = 000586130605c663 : 1554791147095651
@@@ mem[  392] = fff0051300050593 : 18442246053245027731
@@@ mem[  400] = 0010069302060c63 : 4510828091280483
@@@ mem[  408] = 00c0586300b67a63 : 54140377765411427
@@@ mem[  416] = 0016969300161613 : 6358007593440787
@@@ mem[  424] = 00000513feb66ae3 : 5583435885283
@@@ mem[  432] = 40c585b300c5e663 : 4667283592697996899
@@@ mem[  440] = 0016d69300d56533 : 6428376350156083
@@@ mem[  448] = fe0696e300165613 : 18304483637197166099
@@@ mem[  456] = 0000829300008067 : 143567871836263
@@@ mem[  464] = 00058513fb5ff0ef : 1553695751794927
@@@ mem[  472] = 40a0053300028067 : 4656727731302727783
@@@ mem[  480] = 40b005b30005d863 : 4661231880686131299
@@@ mem[  488] = 40b005b3f9dff06f : 4661231884877951087
@@@ mem[  496] = f91ff0ef00008293 : 17951331549009969811
@@@ mem[  504] = 0002806740a00533 : 704130907637043
@@@ mem[  512] = 0005ca6300008293 : 1629901434159763
@@@ mem[  520] = f79ff0ef00054c63 : 17843245157953391715
@@@ mem[  528] = 0002806700058513 : 704129823769875
@@@ mem[  536] = fe0558e340b005b3 : 18304133993583347123
@@@ mem[  544] = f61ff0ef40a00533 : 17735158767980381491
@@@ mem[  552] = 0002806740b00533 : 704130908685619
@@@ mem[  560] = 7407a783000007b7 : 8360835414319171511
@@@ mem[  568] = 0a07a6230aa7a423 : 722728934649078819
@@@ mem[  576] = 000007b700008067 : 8482560442471
@@@ mem[  584] = 4c9585b77407a803 : 5518463941384579075
@@@ mem[  592] = 0a882683f2d58593 : 758898885368579475
@@@ mem[  600] = 02b687b30ac82703 : 195492836886980355
@@@ mem[  608] = 00f637b300178613 : 69304086211036691
@@@ mem[  616] = 5851f6370ac82423 : 6364138464715744291
@@@ mem[  624] = 02c6863342d60613 : 199994788187342355
@@@ mem[  632] = 02b6b6b302b70733 : 195544513798145843
@@@ mem[  640] = 00d7073300c70733 : 60525035630561075
@@@ mem[  648] = 0017951300e787b3 : 6637833316435891
@@@ mem[  656] = 001555130af82623 : 6004514787698211
@@@ mem[  664] = 0000000000008067 : 32871
@@@
@@@ mem[  736] = 0000000000000300 : 768
@@@
@@@ mem[  768] = 000005ec00000000 : 6511170420736
@@@ mem[  776] = 000006bc00000654 : 7404523619924
@@@
@@@ mem[  936] = c6755a5b8666f82c : 14300435540928297004
@@@ mem[  944] = e66d1234abcd330e : 16603947418614838030
@@@ mem[  952] = 0000000b0005deec : 47245025004
@@@
@@@ mem[ 1856] = 0000000000000300 : 768
@@@
@@@ mem[65120] = 0000000100000000 : 4294967296
@@@ mem[65128] = 0000001100000003 : 73014444035
@@@ mem[65136] = 0000001e0000001a : 128849018906
@@@ mem[65144] = 000000300000002a : 206158430250
@@@ mem[65152] = 0000003b00000038 : 253403070520
@@@ mem[65160] = 0000005500000049 : 365072220233
@@@ mem[65168] = 0000005c0000005b : 395136991323
@@@ mem[65176] = 000000600000005e : 412316860510
@@@ mem[65184] = 0000008000000079 : 549755814009
@@@ mem[65192] = 0000008c00000086 : 601295421574
@@@ mem[65200] = 000000a200000093 : 695784702099
@@@ mem[65208] = 000000d6000000bd : 919123001533
@@@ mem[65216] = 000000e1000000de : 966367641822
@@@ mem[65224] = 000000e4000000e3 : 979252543715
@@@ mem[65232] = 000000f7000000e6 : 1060856922342
@@@ mem[65240] = 000000fe000000f7 : 1090921693431
@@@ mem[65248] = 0000012000000116 : 1236950581526
@@@ mem[65256] = 000001320000012d : 1314259992877
@@@ mem[65264] = 0000013800000137 : 1340029796663
@@@ mem[65272] = 000001460000013e : 1400159338814
@@@ mem[65280] = 0000014d00000148 : 1430224109896
@@@ mem[65288] = 000001730000016c : 1593432867180
@@@ mem[65296] = 0000017800000177 : 1614907703671
@@@ mem[65304] = 0000017c0000017c : 1632087572860
@@@ mem[65312] = 0000019f00000194 : 1782411428244
@@@ mem[65320] = 000001d4000001b5 : 2010044694965
@@@ mem[65328] = 000001ed000001e1 : 2117418877409
@@@ mem[65336] = 00000202000001fd : 2207613190653
@@@ mem[65344] = 0000020a00000208 : 2241972929032
@@@ mem[65352] = 0000021800000212 : 2302102471186
@@@ mem[65360] = 0000023000000222 : 2405181686306
@@@ mem[65368] = 0000023e0000023d : 2465311228477
@@@ mem[65376] = 0000025200000242 : 2551210574402
@@@ mem[65384] = 000002660000025a : 2637109920346
@@@ mem[65392] = 000002a100000297 : 2890512990871
@@@ mem[65400] = 000002a6000002a4 : 2911987827364
@@@ mem[65408] = 000002be000002ae : 3015067042478
@@@ mem[65416] = 000002d6000002bf : 3118146257599
@@@ mem[65424] = 000002fa000002e3 : 3272765080291
@@@ mem[65432] = 0000031b0000030e : 3414499001102
@@@ mem[65440] = 0000032f00000328 : 3500398347048
@@@ mem[65448] = 000003410000033b : 3577707758395
@@@ mem[65456] = 0000035000000345 : 3642132267845
@@@ mem[65464] = 0000036f0000036f : 3775276254063
@@@ mem[65472] = 0000037900000372 : 3818225927026
@@@ mem[65480] = 0000038f00000387 : 3912715207559
@@@ mem[65488] = 0000039900000398 : 3955664880536
@@@ mem[65496] = 000003aa000003a7 : 4028679324583
@@@ mem[65504] = 000003ea000003cf : 4303557231567
@@@ mem[65512] = 000003f9000003f3 : 4367981741043
@@@
@@@ mem[65528] = 000000a000000000 : 687194767360
@@@
@@@ System halted on WFI instruction
@@@
