
Final memory state and exit status:

@@@ Unified Memory contents hex on left, decimal on right: 
@@@
@@@ mem[    0] = 0000009700000013 : 648540061715
@@@ mem[    8] = 0001011709c08093 : 282673436197011
@@@ mem[   16] = 00010413ff410113 : 285958910050579
@@@ mem[   24] = d081819300001197 : 15024432300244865431
@@@ mem[   32] = 0000029300000213 : 2830383448595
@@@ mem[   40] = 0000039300000313 : 3929895076627
@@@ mem[   48] = 0000051300000493 : 5579162518675
@@@ mem[   56] = 0000061300000593 : 6678674146707
@@@ mem[   64] = 0000071300000693 : 7778185774739
@@@ mem[   72] = 0000081300000793 : 8877697402771
@@@ mem[   80] = 0000091300000893 : 9977209030803
@@@ mem[   88] = 00000a1300000993 : 11076720658835
@@@ mem[   96] = 00000b1300000a93 : 12176232286867
@@@ mem[  104] = 00000c1300000b93 : 13275743914899
@@@ mem[  112] = 00000d1300000c93 : 14375255542931
@@@ mem[  120] = 00000e1300000d93 : 15474767170963
@@@ mem[  128] = 00000f1300000e93 : 16574278798995
@@@ mem[  136] = 2640006f00000f93 : 2756203448692117395
@@@
@@@ mem[  160] = f601011300010117 : 17726450789423055127
@@@ mem[  168] = 00000013fea12c23 : 85876354083
@@@ mem[  176] = fd01011310500073 : 18230853947962163315
@@@ mem[  184] = 0291222302812423 : 184966593460118563
@@@ mem[  192] = 01312e2303212023 : 85900595807985699
@@@ mem[  200] = 01512a2301412c23 : 94903396984761379
@@@ mem[  208] = 0171262301612823 : 103906198195087395
@@@ mem[  216] = 0191222301812423 : 112908999405413411
@@@ mem[  224] = 0211262301a12023 : 148942194472984611
@@@ mem[  232] = 0005849300050413 : 1553141778940947
@@@ mem[  240] = 00068b1300060913 : 1841763581298963
@@@ mem[  248] = 00078a1300070993 : 2122139046447507
@@@ mem[  256] = 00000cb700080b93 : 13980119075731
@@@ mem[  264] = 00000d3700000c37 : 14529874365495
@@@ mem[  272] = 568ca88319000a93 : 6236544865014909587
@@@ mem[  280] = 564c27830c88d463 : 6218388629296305251
@@@ mem[  288] = 560d23030b37d663 : 6200650757939123811
@@@ mem[  296] = 0027971306935863 : 11143632062208099
@@@ mem[  304] = 000b8813035307b3 : 3245839985346483
@@@ mem[  312] = 0004859300090613 : 1272766314120723
@@@ mem[  320] = 035888b300040513 : 241092882445108499
@@@ mem[  328] = 00e787b300fa07b3 : 65169922505443251
@@@ mem[  336] = 011706b30007a783 : 78538884371687299
@@@ mem[  344] = 011908b300231713 : 79104033350162195
@@@ mem[  352] = 0008a70300e888b3 : 2435431155665075
@@@ mem[  360] = 0013031300db86b3 : 5351404711151283
@@@ mem[  368] = 0006a78302e78733 : 1873030991546163
@@@ mem[  376] = 00e787b3566d2023 : 65169923939049507
@@@ mem[  384] = 0009871300f6a023 : 2681790480687139
@@@ mem[  392] = 000b0693000a0793 : 3103453174433683
@@@ mem[  400] = f24080e700000097 : 17456093885313843351
@@@ mem[  408] = 000b8813564c2783 : 3245841377404803
@@@ mem[  416] = 0017879300098713 : 6622989894911763
@@@ mem[  424] = 000b069356fc2223 : 3103454633140771
@@@ mem[  432] = 00090613000a0793 : 2539953465198483
@@@ mem[  440] = 0004051300048593 : 1131479069656467
@@@ mem[  448] = 00000097560d2023 : 649983762467
@@@ mem[  456] = 568ca783ef0080e7 : 6236543769093636327
@@@ mem[  464] = 00178793560c2223 : 6622991337923107
@@@ mem[  472] = f39ff06f56fca423 : 17555014233504916515
@@@ mem[  480] = 0281240302c12083 : 180465055421243523
@@@ mem[  488] = 0201290302412483 : 144441755952030851
@@@ mem[  496] = 01812a0301c12983 : 108414058436307331
@@@ mem[  504] = 01012b0301412a83 : 72386360920582787
@@@ mem[  512] = 00812c0300c12b83 : 36358663404858243
@@@ mem[  520] = 00012d0300412c83 : 330965889133699
@@@ mem[  528] = 0000806703010113 : 141179920384275
@@@ mem[  536] = 81010113ffff7337 : 9295712291280352055
@@@ mem[  544] = 7e112623b8030313 : 9084083858235917075
@@@ mem[  552] = 7e9122237e812423 : 9120108256243557411
@@@ mem[  560] = 7d312e237f212023 : 9021042258591424547
@@@ mem[  568] = 0000a4377d412c23 : 180558231579683
@@@ mem[  576] = c404041300610133 : 14124418810997965107
@@@ mem[  584] = 0101071300e12423 : 72346847215166499
@@@ mem[  592] = 00f1222300050493 : 67873003106796691
@@@ mem[  600] = 00e407b3ffff6537 : 64184764365497655
@@@ mem[  608] = 0005891300a787b3 : 1558089591916467
@@@ mem[  616] = 0000059300060993 : 6128918727059
@@@ mem[  624] = 3c07851300040613 : 4325572283763787283
@@@ mem[  632] = 00f1202300d12623 : 67870804096919075
@@@ mem[  640] = 1a8080e700000097 : 1909667971630891159
@@@ mem[  648] = 00e407b301010713 : 64184760087414547
@@@ mem[  656] = 0081270340878833 : 36353166916683827
@@@ mem[  664] = 00c1268300412783 : 54367014591997827
@@@ mem[  672] = 0009059300098613 : 2539403709351443
@@@ mem[  680] = 0000009700048513 : 648540357907
@@@ mem[  688] = 00009337e08080e7 : 161868199002343
@@@ mem[  696] = 0061013348030313 : 27304392504050451
@@@ mem[  704] = 7e8124037ec12083 : 9115606718204682371
@@@ mem[  712] = 7e0129037e412483 : 9079583418735469699
@@@ mem[  720] = 7d812a037dc12983 : 9043555721219746179
@@@ mem[  728] = 000080677f010113 : 141182000759059
@@@ mem[  736] = 0000031700b69663 : 3397331097187
@@@ mem[  744] = 00008067f3430067 : 141183951241319
@@@ mem[  752] = 7e11262381010113 : 9084083857313038611
@@@ mem[  760] = 7e9122237e812423 : 9120108256243557411
@@@ mem[  768] = 7d312e237f212023 : 9021042258591424547
@@@ mem[  776] = 7d512a237d412c23 : 9030045059768200227
@@@ mem[  784] = 7d7126237d612823 : 9039047860978526243
@@@ mem[  792] = 7d9122237d812423 : 9048050662188852259
@@@ mem[  800] = 4b000613e6010113 : 5404326235377565971
@@@ mem[  808] = 0001051300000593 : 287054139229587
@@@ mem[  816] = 0f8080e700000097 : 1117034437213683863
@@@ mem[  824] = 00200c1300100c93 : 9020474999704723
@@@ mem[  832] = 00400b1300300b93 : 18026574744914835
@@@ mem[  840] = 00600a1300500a93 : 27032674490124947
@@@ mem[  848] = 0080091300700993 : 36038774235335059
@@@ mem[  856] = 4b00061300900493 : 5404326231528178835
@@@ mem[  864] = 4b01051300000593 : 5404606606983824787
@@@ mem[  872] = 0181222301912023 : 108405399779090467
@@@ mem[  880] = 1961282301712423 : 1828787054502290467
@@@ mem[  888] = 19412c2319512a23 : 1819784253694618147
@@@ mem[  896] = 3321222333312023 : 3684263504743833635
@@@ mem[  904] = 0000009732912423 : 649388434467
@@@ mem[  912] = 000015b709c080e7 : 23875886809319
@@@ mem[  920] = 96058593fffff437 : 10810193351274394679
@@@ mem[  928] = 6a040613002585b3 : 7639237546603808179
@@@ mem[  936] = 00c586334b010793 : 55598125271811987
@@@ mem[  944] = 0030071300300513 : 13518577071031571
@@@ mem[  952] = 0030059300300693 : 13516927803590291
@@@ mem[  960] = 4b812a234b912823 : 5440676155920295971
@@@ mem[  968] = 656120234b712c23 : 7305155406533307427
@@@ mem[  976] = 6541242365512223 : 7296152605759185443
@@@ mem[  984] = 7d212a237d312823 : 9016534260885039139
@@@ mem[  992] = 000000977c912c23 : 650629950499
@@@ mem[ 1000] = 1a010113e34080e7 : 1873780104891498727
@@@ mem[ 1008] = 7e8124037ec12083 : 9115606718204682371
@@@ mem[ 1016] = 7e0129037e412483 : 9079583418735469699
@@@ mem[ 1024] = 7d812a037dc12983 : 9043555721219746179
@@@ mem[ 1032] = 7d012b037d412a83 : 9007528023704021635
@@@ mem[ 1040] = 7c812c037cc12b83 : 8971500326188297091
@@@ mem[ 1048] = 000005137c412c83 : 5581247163523
@@@ mem[ 1056] = 000080677f010113 : 141182000759059
@@@ mem[ 1064] = 0005071300f00313 : 1415153085055763
@@@ mem[ 1072] = 00f7779302c37e63 : 69655792537796195
@@@ mem[ 1080] = 080592630a079063 : 578029081254662243
@@@ mem[ 1088] = 00f67613ff067693 : 69372672525891219
@@@ mem[ 1096] = 00b7202300e686b3 : 51545255449102003
@@@ mem[ 1104] = 00b7242300b72223 : 51549653492507171
@@@ mem[ 1112] = 0107071300b72623 : 74035697072678435
@@@ mem[ 1120] = 00061463fed766e3 : 1711269570111203
@@@ mem[ 1128] = 40c306b300008067 : 4666581004754911335
@@@ mem[ 1136] = 0000029700269693 : 2847565846163
@@@ mem[ 1144] = 00c68067005686b3 : 55873225264367283
@@@ mem[ 1152] = 00b706a300b70723 : 51517217899480867
@@@ mem[ 1160] = 00b705a300b70623 : 51516118387852835
@@@ mem[ 1168] = 00b704a300b70523 : 51515018876224803
@@@ mem[ 1176] = 00b703a300b70423 : 51513919364596771
@@@ mem[ 1184] = 00b702a300b70323 : 51512819852968739
@@@ mem[ 1192] = 00b701a300b70223 : 51511720341340707
@@@ mem[ 1200] = 00b700a300b70123 : 51510620829712675
@@@ mem[ 1208] = 0000806700b70023 : 141179881979939
@@@ mem[ 1216] = 008596930ff5f593 : 37601730274653587
@@@ mem[ 1224] = 0105969300d5e5b3 : 73630527039858099
@@@ mem[ 1232] = f6dff06f00d5e5b3 : 17789201412682802611
@@@ mem[ 1240] = 0000029700279693 : 2847565911699
@@@ mem[ 1248] = 00008293005686b3 : 143567877473971
@@@ mem[ 1256] = 00028093fa0680e7 : 704322996699367
@@@ mem[ 1264] = 40f70733ff078793 : 4681218257578330003
@@@ mem[ 1272] = f6c378e300f60633 : 17781188670157882931
@@@ mem[ 1280] = 00000000f3dff06f : 4091539567
@@@
@@@ mem[ 1384] = 0000000000000027 : 39
@@@
@@@ mem[21272] = 00005a1000000000 : 99024765976576
@@@ mem[21280] = 0000019000000003 : 1717986918403
@@@ mem[21288] = 000000030000fb20 : 12884966176
@@@ mem[21296] = 000000030000f670 : 12884964976
@@@ mem[21304] = 000001cc00000003 : 1975684956163
@@@
@@@ mem[21320] = 00005a1000000000 : 99024765976576
@@@ mem[21328] = 0000019000000003 : 1717986918403
@@@ mem[21336] = 000000030000fb20 : 12884966176
@@@ mem[21344] = 000000030000f670 : 12884964976
@@@ mem[21352] = 000001cc00000003 : 1975684956163
@@@
@@@ mem[21368] = 00005a1000000000 : 99024765976576
@@@ mem[21376] = 0000019000000003 : 1717986918403
@@@ mem[21384] = 000000030000fb20 : 12884966176
@@@ mem[21392] = 000000030000f670 : 12884964976
@@@ mem[21400] = 000001cc00000003 : 1975684956163
@@@
@@@ mem[21416] = 00005a1000000000 : 99024765976576
@@@ mem[21424] = 0000019000000003 : 1717986918403
@@@ mem[21432] = 000000030000fb20 : 12884966176
@@@ mem[21440] = 000000030000f670 : 12884964976
@@@ mem[21448] = 000001cc00000003 : 1975684956163
@@@
@@@ mem[21464] = 00005a1000000000 : 99024765976576
@@@ mem[21472] = 0000019000000003 : 1717986918403
@@@ mem[21480] = 000000030000fb20 : 12884966176
@@@ mem[21488] = 000000030000f670 : 12884964976
@@@ mem[21496] = 000001cc00000003 : 1975684956163
@@@
@@@ mem[21512] = 00005a1000000000 : 99024765976576
@@@ mem[21520] = 0000019000000003 : 1717986918403
@@@ mem[21528] = 000000030000fb20 : 12884966176
@@@ mem[21536] = 000000030000f670 : 12884964976
@@@ mem[21544] = 000001cc00000003 : 1975684956163
@@@
@@@ mem[21560] = 00005a1000000000 : 99024765976576
@@@ mem[21568] = 0000019000000003 : 1717986918403
@@@ mem[21576] = 000000030000fb20 : 12884966176
@@@ mem[21584] = 000000030000f670 : 12884964976
@@@ mem[21592] = 000001cc00000003 : 1975684956163
@@@
@@@ mem[21608] = 00005a1000000000 : 99024765976576
@@@ mem[21616] = 0000019000000003 : 1717986918403
@@@ mem[21624] = 000000030000fb20 : 12884966176
@@@ mem[21632] = 000000030000f670 : 12884964976
@@@ mem[21640] = 000001cc00000003 : 1975684956163
@@@
@@@ mem[21656] = 00005a1000000000 : 99024765976576
@@@ mem[21664] = 0000019000000003 : 1717986918403
@@@ mem[21672] = 000000030000fb20 : 12884966176
@@@ mem[21680] = 000000030000f670 : 12884964976
@@@ mem[21688] = 000001cc00000003 : 1975684956163
@@@
@@@ mem[21704] = 00005a1000000000 : 99024765976576
@@@ mem[21712] = 0000019000000003 : 1717986918403
@@@ mem[21720] = 000000030000fb20 : 12884966176
@@@ mem[21728] = 000000030000f670 : 12884964976
@@@ mem[21736] = 000001cc00000003 : 1975684956163
@@@
@@@ mem[21752] = 00005a1000000000 : 99024765976576
@@@ mem[21760] = 0000019000000003 : 1717986918403
@@@ mem[21768] = 000000030000fb20 : 12884966176
@@@ mem[21776] = 000000030000f670 : 12884964976
@@@ mem[21784] = 000001cc00000003 : 1975684956163
@@@
@@@ mem[21800] = 00005a1000000000 : 99024765976576
@@@ mem[21808] = 0000019000000003 : 1717986918403
@@@ mem[21816] = 000000030000fb20 : 12884966176
@@@ mem[21824] = 000000030000f670 : 12884964976
@@@ mem[21832] = 000001cc00000003 : 1975684956163
@@@
@@@ mem[21848] = 00005a1000000000 : 99024765976576
@@@ mem[21856] = 0000019000000003 : 1717986918403
@@@ mem[21864] = 000000030000fb20 : 12884966176
@@@ mem[21872] = 000000030000f670 : 12884964976
@@@ mem[21880] = 000001cc00000003 : 1975684956163
@@@
@@@ mem[21896] = 00005a1000000000 : 99024765976576
@@@ mem[21904] = 0000019000000003 : 1717986918403
@@@ mem[21912] = 000000030000fb20 : 12884966176
@@@ mem[21920] = 000000030000f670 : 12884964976
@@@ mem[21928] = 000001cc00000003 : 1975684956163
@@@
@@@ mem[21944] = 00005a1000000000 : 99024765976576
@@@ mem[21952] = 0000019000000003 : 1717986918403
@@@ mem[21960] = 000000030000fb20 : 12884966176
@@@ mem[21968] = 000000030000f670 : 12884964976
@@@ mem[21976] = 000001cc00000003 : 1975684956163
@@@
@@@ mem[21992] = 00005a1000000000 : 99024765976576
@@@ mem[22000] = 0000019000000003 : 1717986918403
@@@ mem[22008] = 000000030000fb20 : 12884966176
@@@ mem[22016] = 000000030000f670 : 12884964976
@@@ mem[22024] = 000001cc00000003 : 1975684956163
@@@
@@@ mem[22040] = 00005a1000000000 : 99024765976576
@@@ mem[22048] = 0000019000000003 : 1717986918403
@@@ mem[22056] = 000000030000fb20 : 12884966176
@@@ mem[22064] = 000000030000f670 : 12884964976
@@@ mem[22072] = 000001cc00000003 : 1975684956163
@@@
@@@ mem[22088] = 00005a1000000000 : 99024765976576
@@@ mem[22096] = 0000019000000003 : 1717986918403
@@@ mem[22104] = 000000030000fb20 : 12884966176
@@@ mem[22112] = 000000030000f670 : 12884964976
@@@ mem[22120] = 000001cc00000003 : 1975684956163
@@@
@@@ mem[22136] = 00005a1000000000 : 99024765976576
@@@ mem[22144] = 0000019000000003 : 1717986918403
@@@ mem[22152] = 000000030000fb20 : 12884966176
@@@ mem[22160] = 000000030000f670 : 12884964976
@@@ mem[22168] = 000001cc00000003 : 1975684956163
@@@
@@@ mem[22184] = 00005a1000000000 : 99024765976576
@@@ mem[22192] = 0000019000000003 : 1717986918403
@@@ mem[22200] = 000000030000fb20 : 12884966176
@@@ mem[22208] = 000000030000f670 : 12884964976
@@@ mem[22216] = 000001cc00000003 : 1975684956163
@@@
@@@ mem[22232] = 00005a1000000000 : 99024765976576
@@@ mem[22240] = 0000019000000003 : 1717986918403
@@@ mem[22248] = 000000030000fb20 : 12884966176
@@@ mem[22256] = 000000030000f670 : 12884964976
@@@ mem[22264] = 000001cc00000003 : 1975684956163
@@@
@@@ mem[22280] = 00005a1000000000 : 99024765976576
@@@ mem[22288] = 0000019000000003 : 1717986918403
@@@ mem[22296] = 000000030000fb20 : 12884966176
@@@ mem[22304] = 000000030000f670 : 12884964976
@@@ mem[22312] = 000001cc00000003 : 1975684956163
@@@
@@@ mem[22328] = 00005a1000000000 : 99024765976576
@@@ mem[22336] = 0000019000000003 : 1717986918403
@@@ mem[22344] = 000000030000fb20 : 12884966176
@@@ mem[22352] = 000000030000f670 : 12884964976
@@@ mem[22360] = 000001cc00000003 : 1975684956163
@@@
@@@ mem[22376] = 00005a1000000000 : 99024765976576
@@@ mem[22384] = 0000019000000003 : 1717986918403
@@@ mem[22392] = 000000030000fb20 : 12884966176
@@@ mem[22400] = 000000030000f670 : 12884964976
@@@ mem[22408] = 000001cc00000003 : 1975684956163
@@@
@@@ mem[22424] = 00005a1000000000 : 99024765976576
@@@ mem[22432] = 0000019000000003 : 1717986918403
@@@ mem[22440] = 000000030000fb20 : 12884966176
@@@ mem[22448] = 000000030000f670 : 12884964976
@@@ mem[22456] = 000001cc00000003 : 1975684956163
@@@
@@@ mem[22472] = 00005a1000000000 : 99024765976576
@@@ mem[22480] = 0000019000000003 : 1717986918403
@@@ mem[22488] = 000000030000fb20 : 12884966176
@@@ mem[22496] = 000000030000f670 : 12884964976
@@@ mem[22504] = 000001cc00000003 : 1975684956163
@@@
@@@ mem[22520] = 00005a1000000000 : 99024765976576
@@@ mem[22528] = 0000019000000003 : 1717986918403
@@@ mem[22536] = 000000030000fb20 : 12884966176
@@@ mem[22544] = 000000030000f670 : 12884964976
@@@ mem[22552] = 000001cc00000003 : 1975684956163
@@@
@@@ mem[22568] = 00005a1000000000 : 99024765976576
@@@ mem[22576] = 0000019000000003 : 1717986918403
@@@ mem[22584] = 000000030000fb20 : 12884966176
@@@ mem[22592] = 000000030000f670 : 12884964976
@@@ mem[22600] = 000001cc00000003 : 1975684956163
@@@
@@@ mem[22616] = 00005a1000000000 : 99024765976576
@@@ mem[22624] = 0000019000000003 : 1717986918403
@@@ mem[22632] = 000000030000fb20 : 12884966176
@@@ mem[22640] = 000000030000f670 : 12884964976
@@@ mem[22648] = 000001cc00000003 : 1975684956163
@@@
@@@ mem[22664] = 00005a1000000000 : 99024765976576
@@@ mem[22672] = 0000019000000003 : 1717986918403
@@@ mem[22680] = 000000030000fb20 : 12884966176
@@@ mem[22688] = 000000030000f670 : 12884964976
@@@ mem[22696] = 000001cc00000003 : 1975684956163
@@@
@@@ mem[22712] = 00005a1000000000 : 99024765976576
@@@ mem[22720] = 0000019000000003 : 1717986918403
@@@ mem[22728] = 000000030000fb20 : 12884966176
@@@ mem[22736] = 000000030000f670 : 12884964976
@@@ mem[22744] = 000001cc00000003 : 1975684956163
@@@
@@@ mem[22760] = 00005a1000000000 : 99024765976576
@@@ mem[22768] = 0000019000000003 : 1717986918403
@@@ mem[22776] = 000000030000fb20 : 12884966176
@@@ mem[22784] = 000000030000f670 : 12884964976
@@@ mem[22792] = 000001cc00000003 : 1975684956163
@@@
@@@ mem[22808] = 00005a1000000000 : 99024765976576
@@@ mem[22816] = 0000019000000003 : 1717986918403
@@@ mem[22824] = 000000030000fb20 : 12884966176
@@@ mem[22832] = 000000030000f670 : 12884964976
@@@ mem[22840] = 000001cc00000003 : 1975684956163
@@@
@@@ mem[22856] = 00005a1000000000 : 99024765976576
@@@ mem[22864] = 0000019000000003 : 1717986918403
@@@ mem[22872] = 000000030000fb20 : 12884966176
@@@ mem[22880] = 000000030000f670 : 12884964976
@@@ mem[22888] = 000001cc00000003 : 1975684956163
@@@
@@@ mem[22904] = 00005a1000000000 : 99024765976576
@@@ mem[22912] = 0000019000000003 : 1717986918403
@@@ mem[22920] = 000000030000fb20 : 12884966176
@@@ mem[22928] = 000000030000f670 : 12884964976
@@@ mem[22936] = 000001cc00000003 : 1975684956163
@@@
@@@ mem[22952] = 00005a1000000000 : 99024765976576
@@@ mem[22960] = 0000019000000003 : 1717986918403
@@@ mem[22968] = 000000030000fb20 : 12884966176
@@@ mem[22976] = 000000030000f670 : 12884964976
@@@ mem[22984] = 000001cc00000003 : 1975684956163
@@@ mem[22992] = 0000000100000000 : 4294967296
@@@ mem[23000] = 0000000300000002 : 12884901890
@@@ mem[23008] = 0000000500000004 : 21474836484
@@@ mem[23016] = 0000f67000000006 : 270960896770054
@@@ mem[23024] = 0000000300000003 : 12884901891
@@@ mem[23032] = 000002b400009c40 : 2972117408832
@@@ mem[23040] = 0000fb2000005650 : 276114857547344
@@@ mem[23048] = 0000000300000003 : 12884901891
@@@ mem[23056] = 000000240000001e : 154618822686
@@@ mem[23064] = 000000000000002a : 42
@@@
@@@ mem[23456] = 0000005100000042 : 347892351042
@@@ mem[23464] = 0000000000000060 : 96
@@@
@@@ mem[23856] = 0000007e00000066 : 541165879398
@@@ mem[23864] = 0000000000000096 : 150
@@@
@@@ mem[63064] = 0000000700000006 : 30064771078
@@@ mem[63072] = 0000000900000008 : 38654705672
@@@ mem[63080] = 000003ecfffff000 : 4316442128384
@@@ mem[63088] = 0000000200000001 : 8589934593
@@@ mem[63096] = 0000000000000003 : 3
@@@
@@@ mem[63488] = 0000000500000004 : 21474836484
@@@ mem[63496] = 0000000000000006 : 6
@@@
@@@ mem[63888] = 0000000800000007 : 34359738375
@@@ mem[63896] = 0000000000000009 : 9
@@@
@@@ mem[64288] = 0000000200000001 : 8589934593
@@@ mem[64296] = 0000000000000003 : 3
@@@
@@@ mem[64688] = 0000000500000004 : 21474836484
@@@ mem[64696] = 0000000000000006 : 6
@@@
@@@ mem[65088] = 0000000800000007 : 34359738375
@@@ mem[65096] = 0000000000000009 : 9
@@@
@@@ mem[65528] = 000000a000000000 : 687194767360
@@@
@@@ System halted on WFI instruction
@@@
