
Final memory state and exit status:

@@@ Unified Memory contents hex on left, decimal on right: 
@@@
@@@ mem[    0] = 0000009700000013 : 648540061715
@@@ mem[    8] = 0001011709c08093 : 282673436197011
@@@ mem[   16] = 00010413ff410113 : 285958910050579
@@@ mem[   24] = c481819300001197 : 14159741171789730199
@@@ mem[   32] = 0000029300000213 : 2830383448595
@@@ mem[   40] = 0000039300000313 : 3929895076627
@@@ mem[   48] = 0000051300000493 : 5579162518675
@@@ mem[   56] = 0000061300000593 : 6678674146707
@@@ mem[   64] = 0000071300000693 : 7778185774739
@@@ mem[   72] = 0000081300000793 : 8877697402771
@@@ mem[   80] = 0000091300000893 : 9977209030803
@@@ mem[   88] = 00000a1300000993 : 11076720658835
@@@ mem[   96] = 00000b1300000a93 : 12176232286867
@@@ mem[  104] = 00000c1300000b93 : 13275743914899
@@@ mem[  112] = 00000d1300000c93 : 14375255542931
@@@ mem[  120] = 00000e1300000d93 : 15474767170963
@@@ mem[  128] = 00000f1300000e93 : 16574278798995
@@@ mem[  136] = 2100006f00000f93 : 2377901079992995731
@@@
@@@ mem[  160] = f601011300010117 : 17726450789423055127
@@@ mem[  168] = 00000013fea12c23 : 85876354083
@@@ mem[  176] = 40b60e3310500073 : 4662930076668526707
@@@ mem[  184] = 00281793001e0813 : 11284919198025747
@@@ mem[  192] = 00f78793ff010113 : 69673388955730195
@@@ mem[  200] = ff07f79300812623 : 18376929015249315363
@@@ mem[  208] = 40c686b301010413 : 4667566167190209555
@@@ mem[  216] = 0026979340f10133 : 10862707820527923
@@@ mem[  224] = ff07f79300f78793 : 18376929015257073555
@@@ mem[  232] = 40f1013300010f13 : 4679522806369685267
@@@ mem[  240] = 0001031300259793 : 284855118436243
@@@ mem[  248] = 0000071300f507b3 : 7778201831347
@@@ mem[  256] = 0026161307074863 : 10720320093112419
@@@ mem[  264] = 0000079300c50633 : 8327954499123
@@@ mem[  272] = 06d7cc6300460613 : 493087409798776339
@@@ mem[  280] = 0000061300000713 : 6678674147091
@@@ mem[  288] = 0025979305065263 : 10581231838581347
@@@ mem[  296] = 00f507b306d74e63 : 68969834789424739
@@@ mem[  304] = 00289e9300060893 : 11433353266202771
@@@ mem[  312] = 000eae8301df0eb3 : 4132527369293491
@@@ mem[  320] = ffd7ae2300478793 : 18435395065016190867
@@@ mem[  328] = 0018889300088e93 : 6905564383186579
@@@ mem[  336] = 00000793ffcec2e3 : 8332233327331
@@@ mem[  344] = 40c807b300c84463 : 4667989479163184227
@@@ mem[  352] = 0025959300f585b3 : 10579032747115955
@@@ mem[  360] = 08c0006f00b50533 : 630504424585102643
@@@ mem[  368] = 002718930007ae83 : 11004543731478147
@@@ mem[  376] = 01d8a023011f08b3 : 133032261210540211
@@@ mem[  384] = 0047879300170713 : 20133788777907987
@@@ mem[  392] = 00062883f79ff06f : 1733397120544879
@@@ mem[  400] = 00e3073300279713 : 63902735340640019
@@@ mem[  408] = 0017879301172023 : 6622989912580131
@@@ mem[  416] = 00261893f71ff06f : 10723072900329583
@@@ mem[  424] = 0008ae83011f08b3 : 2443677496445107
@@@ mem[  432] = 011308b300271893 : 77415183490160787
@@@ mem[  440] = 00f507b30008a883 : 68969834675218563
@@@ mem[  448] = 01d7a02301d8ca63 : 132750786246003299
@@@ mem[  456] = 0015859300160613 : 6057840919053843
@@@ mem[  464] = 0117a023f51ff06f : 78707594799083631
@@@ mem[  472] = ff1ff06f00170713 : 18383676563483199251
@@@ mem[  480] = 00f307b300271793 : 68406884723791763
@@@ mem[  488] = 001707130007a783 : 6481702650619779
@@@ mem[  496] = fef52e2300450513 : 18371640982791062803
@@@ mem[  504] = ff040113fed744e3 : 18375813564969993443
@@@ mem[  512] = 0101011300c12403 : 72340250143302659
@@@ mem[  520] = 00c5d66300008067 : 55686291102138471
@@@ mem[  528] = 00c3006700000317 : 54888062840210199
@@@ mem[  536] = fe01011300008067 : 18302911541726445671
@@@ mem[  544] = 40b6043300812c23 : 4662919081287035939
@@@ mem[  552] = 00b4043340145413 : 50670113972835347
@@@ mem[  560] = 0006091301212823 : 1698827088242723
@@@ mem[  568] = 00112e2300040613 : 4835802463077907
@@@ mem[  576] = 0131262300912a23 : 85891799671974435
@@@ mem[  584] = 0005099300058493 : 1417901848757395
@@@ mem[  592] = fbc080e700000097 : 18140641028674158743
@@@ mem[  600] = 0014059300090613 : 5635628453135891
@@@ mem[  608] = 0000009700098513 : 648540685587
@@@ mem[  616] = 00040613fa8080e7 : 1132582783713511
@@@ mem[  624] = 01c1208301812403 : 126418011581129731
@@@ mem[  632] = 0004859300090693 : 1272766314120851
@@@ mem[  640] = 0141248301012903 : 90393612600289539
@@@ mem[  648] = 00c1298300098513 : 54370313123235091
@@@ mem[  656] = 0000031702010113 : 3397352751379
@@@ mem[  664] = f9010113e2030067 : 17942623575328620647
@@@ mem[  672] = 05c00613000005b7 : 414337844392232375
@@@ mem[  680] = 0041051344058593 : 18301453789922707
@@@ mem[  688] = 0000009706112623 : 648641848867
@@@ mem[  696] = 0041051302c080e7 : 18301452694880487
@@@ mem[  704] = 0000059301700613 : 6128942450195
@@@ mem[  712] = f54080e700000097 : 17672266667427627159
@@@ mem[  720] = 0000051306c12083 : 5579275837571
@@@ mem[  728] = 0000806707010113 : 141179987493139
@@@ mem[  736] = 0037f79300a5c7b3 : 15753334462203827
@@@ mem[  744] = 0607926300c508b3 : 434476842976872627
@@@ mem[  752] = 04c7fe6300300793 : 344523597675497363
@@@ mem[  760] = 0005071300357793 : 1415153072830355
@@@ mem[  768] = ffc8f61306079863 : 18431252036579727459
@@@ mem[  776] = 08f76c63fe060793 : 646104248270325651
@@@ mem[  784] = 0005869302c77c63 : 1555340848495715
@@@ mem[  792] = 0006a80300070793 : 1873580699092883
@@@ mem[  800] = 0046869300478793 : 19851214292748179
@@@ mem[  808] = fec7e8e3ff07ae23 : 18358898471933029923
@@@ mem[  816] = 40e787b3fff60793 : 4676855945210759059
@@@ mem[  824] = 00478793ffc7f793 : 20133793067693971
@@@ mem[  832] = 00f585b300f70733 : 69108373155940147
@@@ mem[  840] = 0000806701176863 : 141179888298083
@@@ mem[  848] = ff157ce300050713 : 18380734768582297363
@@@ mem[  856] = 001707130005c783 : 6481702650496899
@@@ mem[  864] = fef70fa300158593 : 18372170397636724115
@@@ mem[  872] = 00008067ff1768e3 : 141184149711075
@@@ mem[  880] = 001707130005c683 : 6481702650496643
@@@ mem[  888] = fed70fa300377793 : 18363163198384207763
@@@ mem[  896] = f80780e300158593 : 17872395358690444691
@@@ mem[  904] = 001707130005c683 : 6481702650496643
@@@ mem[  912] = fed70fa300377793 : 18363163198384207763
@@@ mem[  920] = fc079ae300158593 : 18160654322144478611
@@@ mem[  928] = 0045a683f65ff06f : 19604859097444463
@@@ mem[  936] = 0085af830005a283 : 37629149078463107
@@@ mem[  944] = 0105ae8300c5af03 : 73656846598385411
@@@ mem[  952] = 0185a3030145ae03 : 109672999242018307
@@@ mem[  960] = 00d7222301c5a803 : 60554653741721603
@@@ mem[  968] = 005720230205a683 : 24523657703696003
@@@ mem[  976] = 01e7262301f72423 : 137120245456774179
@@@ mem[  984] = 01c72a2301d72823 : 128117444246448163
@@@ mem[  992] = 01072e2300672c23 : 74078646740397091
@@@ mem[ 1000] = 0247071302d72023 : 164107689655738403
@@@ mem[ 1008] = faf768e302458593 : 18084038152934491539
@@@ mem[ 1016] = 00000000f19ff06f : 4053790831
@@@
@@@ mem[ 1088] = 0000000f00000020 : 64424509472
@@@ mem[ 1096] = 0000000500000141 : 21474836801
@@@ mem[ 1104] = 0000000300000004 : 12884901892
@@@ mem[ 1112] = 0000004a00000002 : 317827579906
@@@ mem[ 1120] = 0000000400000009 : 17179869193
@@@ mem[ 1128] = 000005230000034e : 5647881995086
@@@ mem[ 1136] = 0000199400000054 : 28123445854292
@@@ mem[ 1144] = 000017e10000002f : 26255135080495
@@@ mem[ 1152] = 0000001100000001 : 73014444033
@@@ mem[ 1160] = 00000544000001e5 : 5789615915493
@@@ mem[ 1168] = 0000053d00000004 : 5759551143940
@@@ mem[ 1176] = 0000000000000300 : 768
@@@
@@@ mem[65248] = 0000000000000300 : 768
@@@
@@@ mem[65264] = 000000000000053d : 1341
@@@ mem[65272] = 0000ff9400000000 : 281011120242688
@@@ mem[65280] = 0000001500000000 : 90194313216
@@@ mem[65288] = 0000001600000016 : 94489280534
@@@ mem[65296] = 0000053d00000300 : 5759551144704
@@@ mem[65304] = 0000ff9400000000 : 281011120242688
@@@ mem[65312] = 0000000100000000 : 4294967296
@@@ mem[65320] = 0000001100000004 : 73014444036
@@@ mem[65328] = 000000540000002f : 360777252911
@@@ mem[65336] = 00000300000001e5 : 3298534883813
@@@ mem[65344] = 000005440000053d : 5789615916349
@@@ mem[65352] = 00001994000017e1 : 28123445860321
@@@ mem[65360] = 0000000300000002 : 12884901890
@@@ mem[65368] = 0000000400000004 : 17179869188
@@@ mem[65376] = 0000000900000005 : 38654705669
@@@ mem[65384] = 000000200000000f : 137438953487
@@@ mem[65392] = 000001410000004a : 1378684502090
@@@ mem[65400] = 000005230000034e : 5647881995086
@@@
@@@ mem[65416] = 0001000000010000 : 281474976776192
@@@
@@@ mem[65432] = 0000000200000001 : 8589934593
@@@ mem[65440] = 0000000400000003 : 17179869187
@@@ mem[65448] = 0000000400000004 : 17179869188
@@@ mem[65456] = 0000000900000005 : 38654705669
@@@ mem[65464] = 000000110000000f : 73014444047
@@@ mem[65472] = 0000002f00000020 : 201863462944
@@@ mem[65480] = 000000540000004a : 360777252938
@@@ mem[65488] = 000001e500000141 : 2083059138881
@@@ mem[65496] = 0000034e00000300 : 3633542333184
@@@ mem[65504] = 0000053d00000523 : 5759551145251
@@@ mem[65512] = 000017e100000544 : 26255135081796
@@@ mem[65520] = 0000000000001994 : 6548
@@@ mem[65528] = 000000a000000000 : 687194767360
@@@
@@@ System halted on WFI instruction
@@@
