
Final memory state and exit status:

@@@ Unified Memory contents hex on left, decimal on right: 
@@@
@@@ mem[    0] = 0000009700000013 : 648540061715
@@@ mem[    8] = 0001011709c08093 : 282673436197011
@@@ mem[   16] = 00010413ff410113 : 285958910050579
@@@ mem[   24] = d281819300001197 : 15168547488320721303
@@@ mem[   32] = 0000029300000213 : 2830383448595
@@@ mem[   40] = 0000039300000313 : 3929895076627
@@@ mem[   48] = 0000051300000493 : 5579162518675
@@@ mem[   56] = 0000061300000593 : 6678674146707
@@@ mem[   64] = 0000071300000693 : 7778185774739
@@@ mem[   72] = 0000081300000793 : 8877697402771
@@@ mem[   80] = 0000091300000893 : 9977209030803
@@@ mem[   88] = 00000a1300000993 : 11076720658835
@@@ mem[   96] = 00000b1300000a93 : 12176232286867
@@@ mem[  104] = 00000c1300000b93 : 13275743914899
@@@ mem[  112] = 00000d1300000c93 : 14375255542931
@@@ mem[  120] = 00000e1300000d93 : 15474767170963
@@@ mem[  128] = 00000f1300000e93 : 16574278798995
@@@ mem[  136] = 3280006f00000f93 : 3638908975656734611
@@@
@@@ mem[  160] = f601011300010117 : 17726450789423055127
@@@ mem[  168] = 00000013fea12c23 : 85876354083
@@@ mem[  176] = 000007b710500073 : 8482834088051
@@@ mem[  184] = 00f5686358c78793 : 69076145194633107
@@@ mem[  192] = 58c78793000047b7 : 6397230861133039543
@@@ mem[  200] = ff01011300a7fc63 : 18374969135775349859
@@@ mem[  208] = 0011262300100513 : 4827006370841875
@@@ mem[  216] = fc8080e700000097 : 18194684224202604695
@@@ mem[  224] = 5807278300000737 : 6343082043768833847
@@@ mem[  232] = 00070613ff850693 : 1977007798027923
@@@ mem[  240] = 06d7f4630007a703 : 493131390259799811
@@@ mem[  248] = ffc5288304e6fe63 : 18430181593271696995
@@@ mem[  256] = 0106883300389813 : 73896196526610451
@@@ mem[  264] = 0047258301071a63 : 20025967934642787
@@@ mem[  272] = 011585b300072703 : 78115572394960643
@@@ mem[  280] = 0047a803feb52e23 : 20169458458111523
@@@ mem[  288] = 00381593fee52c23 : 15786324076604451
@@@ mem[  296] = 02b6906300b785b3 : 195502388725384627
@@@ mem[  304] = 01070733ffc52703 : 74035838790739715
@@@ mem[  312] = ff85270300e7a223 : 18412165545427706403
@@@ mem[  320] = 58f6202300e7a023 : 6410346454319603747
@@@ mem[  328] = 00d7a02300008067 : 60693192177123431
@@@ mem[  336] = 00e7e863ff5ff06f : 65276235804045423
@@@ mem[  344] = 00e7e463fa5ff06f : 65271837673648239
@@@ mem[  352] = 00070793f8e6eee3 : 1978656954445539
@@@ mem[  360] = 000047b7f89ff06f : 78855475818607
@@@ mem[  368] = fe01011310a7e663 : 18302911542005851747
@@@ mem[  376] = 00112e2300812c23 : 4835802471279651
@@@ mem[  384] = 0121282300912a23 : 81390399067859491
@@@ mem[  392] = 0141242301312623 : 90393200286574115
@@@ mem[  400] = 0005041300357793 : 1411854537947027
@@@ mem[  408] = ffc5741300078663 : 18430264675037316707
@@@ mem[  416] = 000004b700440413 : 5184029983763
@@@ mem[  424] = 008409135804a703 : 37164675611535107
@@@ mem[  432] = 0000073700071e63 : 7932805062243
@@@ mem[  440] = 58f4a02358470793 : 6409924243320407955
@@@ mem[  448] = 0007a22300f7a023 : 2148596060758051
@@@ mem[  456] = 0007278358470713 : 2013769912223507
@@@ mem[  464] = 00000a37000009b7 : 11231339481527
@@@ mem[  472] = 0486e8630047a683 : 326203534935041667
@@@ mem[  480] = 0007a68302869a63 : 2153406450276963
@@@ mem[  488] = 58e4a02300d72023 : 6405420642226085923
@@@ mem[  496] = 01c1208300878513 : 126418011564770579
@@@ mem[  504] = 0141248301812403 : 90393612608676867
@@@ mem[  512] = 00c1298301012903 : 54370313139464451
@@@ mem[  520] = 0201011300812a03 : 144397844177037827
@@@ mem[  528] = 412686b300008067 : 4694587764937621607
@@@ mem[  536] = 0036969300d7a223 : 15365206860866083
@@@ mem[  544] = 0087a22300d787b3 : 38177393077618611
@@@ mem[  552] = 5804a703fc5ff06f : 6342377810805387375
@@@ mem[  560] = 5609a78302f71c63 : 6199670543184501859
@@@ mem[  568] = 564a25030327ee63 : 6217822930406469219
@@@ mem[  576] = 56f9a023412787b3 : 6267216429740165043
@@@ mem[  584] = 0085222301250733 : 37473705640920883
@@@ mem[  592] = 56ea222300850513 : 6262855765540013331
@@@ mem[  600] = e5c080e700000097 : 16555373959839744151
@@@ mem[  608] = 000788635804a783 : 2120285096814467
@@@ mem[  616] = 0007a78300078713 : 2154505920022291
@@@ mem[  624] = 00000513f69ff06f : 5583300194415
@@@ mem[  632] = 00000513f7dff06f : 5583321165935
@@@ mem[  640] = fe01011300008067 : 18302911541726445671
@@@ mem[  648] = 00812c2300112e23 : 36358800832278051
@@@ mem[  656] = 0000009700a12623 : 648550622755
@@@ mem[  664] = 00c12603ed8080e7 : 54366468816535783
@@@ mem[  672] = 0005041300000593 : 1411854534444435
@@@ mem[  680] = 18c080e700000097 : 1783567182064517271
@@@ mem[  688] = 0004051301c12083 : 1131479098794115
@@@ mem[  696] = 0201011301812403 : 144397844193813507
@@@ mem[  704] = ff01011300008067 : 18374969135764373607
@@@ mem[  712] = 0005049300912223 : 1412404299768355
@@@ mem[  720] = 0081242300c00513 : 36350004750714131
@@@ mem[  728] = 0005841300112623 : 1552592023922211
@@@ mem[  736] = e8c080e700000097 : 16771546741953527959
@@@ mem[  744] = 0085222300c12083 : 37473705634373763
@@@ mem[  752] = 0095202300812403 : 41975106234295299
@@@ mem[  760] = 0041248300052423 : 18336018545845283
@@@ mem[  768] = 0000806701010113 : 141179886829843
@@@ mem[  776] = 0007a50300052783 : 2151757140797315
@@@ mem[  784] = 0005079300008067 : 1415702825173095
@@@ mem[  792] = 0085270300052503 : 37479065741239555
@@@ mem[  800] = 0000031700e7a023 : 3397334310947
@@@ mem[  808] = ff010113d9030067 : 18374969139405193319
@@@ mem[  816] = 0005091301212023 : 1417352111530019
@@@ mem[  824] = 0006059300058513 : 1694978778957075
@@@ mem[  832] = 0091222300812423 : 40851405350708259
@@@ mem[  840] = 0011262300092403 : 4827006370391043
@@@ mem[  848] = 0000009700060493 : 648540456083
@@@ mem[  856] = 00092783f70080e7 : 2576722528600295
@@@ mem[  864] = 02e4d2630047a703 : 208522805414176515
@@@ mem[  872] = 00a9202300f52423 : 47604605776110627
@@@ mem[  880] = 0081240300c12083 : 36349867311833219
@@@ mem[  888] = 0001290300412483 : 326567842620547
@@@ mem[  896] = 0000806701010113 : 141179886829843
@@@ mem[  904] = 0084240300040793 : 37194292229572499
@@@ mem[  912] = 0044270300040663 : 19183192254973539
@@@ mem[  920] = 00852423fe9748e3 : 37475908916300003
@@@ mem[  928] = fcdff06f00a7a423 : 18221546976907338787
@@@ mem[  936] = 0015351300052503 : 5969330231911683
@@@ mem[  944] = fe01011300008067 : 18302911541726445671
@@@ mem[  952] = 0040051300100593 : 18019977673049491
@@@ mem[  960] = 0000009700112e23 : 648541187619
@@@ mem[  968] = 00a12623f00080e7 : 45359407042691303
@@@ mem[  976] = 0050059300200613 : 22524127057282579
@@@ mem[  984] = 0000009700c10513 : 648552711443
@@@ mem[  992] = 00300613f50080e7 : 13517481666707687
@@@ mem[ 1000] = 00c1051300600593 : 54330249673966995
@@@ mem[ 1008] = f3c080e700000097 : 17564180276370735255
@@@ mem[ 1016] = 0070059300000613 : 31531326309926419
@@@ mem[ 1024] = 0000009700c10513 : 648552711443
@@@ mem[ 1032] = 00c12783f28080e7 : 54368118167863527
@@@ mem[ 1040] = 01c1208300079a63 : 126418011556387427
@@@ mem[ 1048] = 0201011300000513 : 144397844168574227
@@@ mem[ 1056] = 00c1051300008067 : 54330249667706983
@@@ mem[ 1064] = eec080e700000097 : 17203892306181095575
@@@ mem[ 1072] = 00f00313fddff06f : 67557378809131119
@@@ mem[ 1080] = 02c37e6300050713 : 199141772201625363
@@@ mem[ 1088] = 0a07906300f77793 : 722705020108634003
@@@ mem[ 1096] = ff06769308059263 : 18376505703398740579
@@@ mem[ 1104] = 00e686b300f67613 : 64887348016870931
@@@ mem[ 1112] = 00b7222300b72023 : 51547454469251107
@@@ mem[ 1120] = 00b7262300b72423 : 51551852515763235
@@@ mem[ 1128] = fed766e301070713 : 18363259130787333907
@@@ mem[ 1136] = 0000806700061463 : 141179870385251
@@@ mem[ 1144] = 0026969340c306b3 : 10861608305886899
@@@ mem[ 1152] = 005686b300000297 : 24354951354385047
@@@ mem[ 1160] = 00b7072300c68067 : 51517767656308839
@@@ mem[ 1168] = 00b7062300b706a3 : 51516668143666851
@@@ mem[ 1176] = 00b7052300b705a3 : 51515568632038819
@@@ mem[ 1184] = 00b7042300b704a3 : 51514469120410787
@@@ mem[ 1192] = 00b7032300b703a3 : 51513369608782755
@@@ mem[ 1200] = 00b7022300b702a3 : 51512270097154723
@@@ mem[ 1208] = 00b7012300b701a3 : 51511170585526691
@@@ mem[ 1216] = 00b7002300b700a3 : 51510071073898659
@@@ mem[ 1224] = 0ff5f59300008067 : 1150095291572060263
@@@ mem[ 1232] = 00d5e5b300859693 : 60206727010031251
@@@ mem[ 1240] = 00d5e5b301059693 : 60206727018419859
@@@ mem[ 1248] = 00279693f6dff06f : 11143086337945711
@@@ mem[ 1256] = 005686b300000297 : 24354951354385047
@@@ mem[ 1264] = fa0680e700008293 : 18016229088968082067
@@@ mem[ 1272] = ff07879300028093 : 18376805869938704531
@@@ mem[ 1280] = 00f6063340f70733 : 69249661473851187
@@@ mem[ 1288] = f3dff06ff6c378e3 : 17573028634695006435
@@@
@@@ mem[ 1376] = 000005dc00003fb0 : 6442450960304
@@@
@@@ mem[ 1408] = 0000058c000005a0 : 6098853561760
@@@ mem[ 1416] = 000005a000000000 : 6184752906240
@@@ mem[ 1424] = 000000040000000c : 17179869196
@@@ mem[ 1432] = 000005a800000001 : 6219112644609
@@@ mem[ 1440] = 0000000c000005b4 : 51539609012
@@@ mem[ 1448] = 0000000200000005 : 8589934597
@@@ mem[ 1456] = 000005c8000005bc : 6356551599548
@@@ mem[ 1464] = 000000060000000c : 25769803788
@@@ mem[ 1472] = 0000000000000003 : 3
@@@ mem[ 1480] = 0000000c00000584 : 51539608964
@@@ mem[ 1488] = 0000000000000007 : 7
@@@ mem[ 1496] = 0000000000000594 : 1428
@@@
@@@ mem[65456] = 000000070000ffec : 30064836588
@@@ mem[65464] = 000002e800000000 : 3195455668224
@@@
@@@ mem[65480] = 0000035c00000594 : 3693671875988
@@@
@@@ mem[65496] = 0000040c00010000 : 4449586184192
@@@
@@@ mem[65528] = 000000a000000000 : 687194767360
@@@
@@@ System halted on WFI instruction
@@@
