
Final memory state and exit status:

@@@ Unified Memory contents hex on left, decimal on right: 
@@@
@@@ mem[    0] = 0000009700000013 : 648540061715
@@@ mem[    8] = 0001011709c08093 : 282673436197011
@@@ mem[   16] = 00010413ff410113 : 285958910050579
@@@ mem[   24] = ee81819300001197 : 17186160121382703511
@@@ mem[   32] = 0000029300000213 : 2830383448595
@@@ mem[   40] = 0000039300000313 : 3929895076627
@@@ mem[   48] = 0000051300000493 : 5579162518675
@@@ mem[   56] = 0000061300000593 : 6678674146707
@@@ mem[   64] = 0000071300000693 : 7778185774739
@@@ mem[   72] = 0000081300000793 : 8877697402771
@@@ mem[   80] = 0000091300000893 : 9977209030803
@@@ mem[   88] = 00000a1300000993 : 11076720658835
@@@ mem[   96] = 00000b1300000a93 : 12176232286867
@@@ mem[  104] = 00000c1300000b93 : 13275743914899
@@@ mem[  112] = 00000d1300000c93 : 14375255542931
@@@ mem[  120] = 00000e1300000d93 : 15474767170963
@@@ mem[  128] = 00000f1300000e93 : 16574278798995
@@@ mem[  136] = 1100006f00000f93 : 1224979575386148755
@@@
@@@ mem[  160] = f601011300010117 : 17726450789423055127
@@@ mem[  168] = 00000013fea12c23 : 85876354083
@@@ mem[  176] = 0005a70310500073 : 1591006483972211
@@@ mem[  184] = 00e5202300052783 : 64493104363022211
@@@ mem[  192] = 0000806700f5a023 : 141179886084131
@@@ mem[  200] = 00e5073300261713 : 64465685293963027
@@@ mem[  208] = 0005079300072303 : 1415702825607939
@@@ mem[  216] = 00180513fff58813 : 6760982897854483
@@@ mem[  224] = 0025169302c5c063 : 10439394800812131
@@@ mem[  232] = 00d787b300072603 : 60666322862155267
@@@ mem[  240] = 00c7a0230007a683 : 56189592550221443
@@@ mem[  248] = 0000806700d72023 : 141179884085283
@@@ mem[  256] = 00d786b300259693 : 60665223352522387
@@@ mem[  264] = 01134e630006a883 : 77491805704595587
@@@ mem[  272] = 0107883300251813 : 74177671502043155
@@@ mem[  280] = 0118202300082e03 : 78848328175463939
@@@ mem[  288] = 01c6a02300050813 : 127965711611267091
@@@ mem[  296] = fb1ff06f00158593 : 18095446187331388819
@@@ mem[  304] = 00912a23fe010113 : 40860205696745747
@@@ mem[  312] = 00112e2301212823 : 4835802481764387
@@@ mem[  320] = 0005049300812c23 : 1412404298722339
@@@ mem[  328] = 0325dc6300060913 : 226829674012346643
@@@ mem[  336] = 0004851300090613 : 1272216558306835
@@@ mem[  344] = 0000009700b12623 : 648551671331
@@@ mem[  352] = 00c12583f6c080e7 : 54365919215911143
@@@ mem[  360] = fff5061300050413 : 18443654527640208403
@@@ mem[  368] = 0000009700048513 : 648540357907
@@@ mem[  376] = 00140593fbc080e7 : 5635632676241639
@@@ mem[  384] = 01c12083fcdff06f : 126418015798423663
@@@ mem[  392] = 0141248301812403 : 90393612608676867
@@@ mem[  400] = 0201011301012903 : 144397844185426179
@@@ mem[  408] = e601011300008067 : 16573529284816175207
@@@ mem[  416] = 0041041318812c23 : 18300353548200995
@@@ mem[  424] = 18112e2318912a23 : 1734218059785251363
@@@ mem[  432] = 0000009700040493 : 648540325011
@@@ mem[  440] = 3ff5751305c080e7 : 4608718518244901095
@@@ mem[  448] = 1901079300a42023 : 1801729653877252131
@@@ mem[  456] = fef414e300440413 : 18371331745145685011
@@@ mem[  464] = 0620061300048513 : 441359442156750099
@@@ mem[  472] = 0000009700000593 : 648540063123
@@@ mem[  480] = 19c12083f54080e7 : 1855800272580804839
@@@ mem[  488] = 1941248319812403 : 1819775869921600515
@@@ mem[  496] = 1a01011300000513 : 1873780101078844691
@@@ mem[  504] = 000007b700008067 : 8482560442471
@@@ mem[  512] = 0aa7a4237207a783 : 767762733633873795
@@@ mem[  520] = 000080670a07a623 : 141180038260259
@@@ mem[  528] = 7207a803000007b7 : 8216720775999129527
@@@ mem[  536] = f2d585934c9585b7 : 17498038794909484471
@@@ mem[  544] = 0ac827030a882683 : 776913829736490627
@@@ mem[  552] = 0017861302b687b3 : 6621340672362419
@@@ mem[  560] = 0ac8242300f637b3 : 776910668480001971
@@@ mem[  568] = 42d606135851f637 : 4816043531675235895
@@@ mem[  576] = 02b7073302c68633 : 195633024485197363
@@@ mem[  584] = 00c7073302b6b6b3 : 56021436035675827
@@@ mem[  592] = 00e787b300d70733 : 65169922503149363
@@@ mem[  600] = 0af8262300179513 : 790423666370778387
@@@ mem[  608] = 0000806700155513 : 141179871384851
@@@
@@@ mem[  704] = 00000000000002e0 : 736
@@@
@@@ mem[  736] = 000005cc00000000 : 6373731467264
@@@ mem[  744] = 0000069c00000634 : 7267084666420
@@@
@@@ mem[  904] = c6755a5b8666f82c : 14300435540928297004
@@@ mem[  912] = e66d1234abcd330e : 16603947418614838030
@@@ mem[  920] = 0000000b0005deec : 47245025004
@@@
@@@ mem[ 1824] = 00000000000002e0 : 736
@@@
@@@ mem[64848] = 0000fe6400000004 : 279705450184708
@@@ mem[64856] = 0000017c00000004 : 1632087572484
@@@
@@@ mem[64872] = 0000000300000000 : 12884901888
@@@ mem[64880] = 0000fe6400000005 : 279705450184709
@@@ mem[64888] = 0000017c00000005 : 1632087572485
@@@
@@@ mem[64904] = 0000000300000000 : 12884901888
@@@ mem[64912] = 0000fe6400000014 : 279705450184724
@@@ mem[64920] = 0000017c00000013 : 1632087572499
@@@
@@@ mem[64936] = 0000001300000000 : 81604378624
@@@ mem[64944] = 0000fe6400000049 : 279705450184777
@@@ mem[64952] = 0000017c00000049 : 1632087572553
@@@
@@@ mem[64968] = 0000004800000000 : 309237645312
@@@ mem[64976] = 0000fe640000004a : 279705450184778
@@@ mem[64984] = 0000017c0000004a : 1632087572554
@@@
@@@ mem[65000] = 0000004800000000 : 309237645312
@@@ mem[65008] = 0000fe640000004b : 279705450184779
@@@ mem[65016] = 0000017c0000004b : 1632087572555
@@@
@@@ mem[65032] = 0000004800000000 : 309237645312
@@@ mem[65040] = 0000fe640000005f : 279705450184799
@@@ mem[65048] = 0000017c0000005e : 1632087572574
@@@
@@@ mem[65064] = 0000005e00000000 : 403726925824
@@@ mem[65072] = 0000fe6400000062 : 279705450184802
@@@ mem[65080] = 0000017c00000062 : 1632087572578
@@@
@@@ mem[65096] = 0000006100000000 : 416611827712
@@@ mem[65104] = 0000fe6400000000 : 279705450184704
@@@ mem[65112] = 000001e40000fff0 : 2078764236784
@@@ mem[65120] = 0000000d00000000 : 55834574848
@@@ mem[65128] = 0000002300000020 : 150323855392
@@@ mem[65136] = 0000002d0000002c : 193273528364
@@@ mem[65144] = 0000003a00000038 : 249108103224
@@@ mem[65152] = 000000400000003f : 274877907007
@@@ mem[65160] = 000000520000004e : 352187318350
@@@ mem[65168] = 0000006800000056 : 446676598870
@@@ mem[65176] = 0000009d0000007e : 674309865598
@@@ mem[65184] = 000000a50000009d : 708669603997
@@@ mem[65192] = 000000c4000000c2 : 841813590210
@@@ mem[65200] = 000000d9000000cf : 932007903439
@@@ mem[65208] = 000000fb000000e9 : 1078036791529
@@@ mem[65216] = 000001150000010f : 1189705941263
@@@ mem[65224] = 0000012b00000129 : 1284195221801
@@@ mem[65232] = 0000013500000134 : 1327144894772
@@@ mem[65240] = 000001430000013c : 1387274436924
@@@ mem[65248] = 0000015900000157 : 1481763717463
@@@ mem[65256] = 0000017100000168 : 1584842932584
@@@ mem[65264] = 0000018d00000189 : 1705102016905
@@@ mem[65272] = 000001930000018f : 1730871820687
@@@ mem[65280] = 000001a8000001a1 : 1821066133921
@@@ mem[65288] = 000001b4000001b0 : 1872605741488
@@@ mem[65296] = 000001cd000001b4 : 1979979923892
@@@ mem[65304] = 000001d8000001d4 : 2027224564180
@@@ mem[65312] = 000001fc000001f5 : 2181843386869
@@@ mem[65320] = 0000020f00000209 : 2263447765513
@@@ mem[65328] = 0000022800000224 : 2370821947940
@@@ mem[65336] = 0000022f0000022a : 2400886719018
@@@ mem[65344] = 0000024400000230 : 2491081032240
@@@ mem[65352] = 0000025700000246 : 2572685410886
@@@ mem[65360] = 0000025e0000025b : 2602750181979
@@@ mem[65368] = 000002720000026a : 2688649527914
@@@ mem[65376] = 0000029800000288 : 2851858285192
@@@ mem[65384] = 000002bd000002a7 : 3010772075175
@@@ mem[65392] = 000002cf000002c6 : 3088081486534
@@@ mem[65400] = 000002df000002d9 : 3156800963289
@@@ mem[65408] = 000002f1000002e5 : 3234110374629
@@@ mem[65416] = 00000304000002f4 : 3315714753268
@@@ mem[65424] = 0000031600000314 : 3393024164628
@@@ mem[65432] = 0000032600000325 : 3461743641381
@@@ mem[65440] = 0000032f00000329 : 3500398347049
@@@ mem[65448] = 0000037400000364 : 3796751090532
@@@ mem[65456] = 0000037800000377 : 3813930959735
@@@ mem[65464] = 0000037b0000037a : 3826815861626
@@@ mem[65472] = 0000039600000390 : 3942779978640
@@@ mem[65480] = 000003a6000003a4 : 4011499455396
@@@ mem[65488] = 000003af000003a8 : 4050154161064
@@@ mem[65496] = 000003c1000003be : 4127463572414
@@@ mem[65504] = 000003db000003d9 : 4239132722137
@@@ mem[65512] = 000003ff000003f7 : 4393751544823
@@@
@@@ mem[65528] = 000000a000000000 : 687194767360
@@@
@@@ System halted on WFI instruction
@@@
