
Final memory state and exit status:

@@@ Unified Memory contents hex on left, decimal on right: 
@@@
@@@ mem[    0] = 0000009700000013 : 648540061715
@@@ mem[    8] = 0001011709c08093 : 282673436197011
@@@ mem[   16] = 00010413ff410113 : 285958910050579
@@@ mem[   24] = ee81819300001197 : 17186160121382703511
@@@ mem[   32] = 0000029300000213 : 2830383448595
@@@ mem[   40] = 0000039300000313 : 3929895076627
@@@ mem[   48] = 0000051300000493 : 5579162518675
@@@ mem[   56] = 0000061300000593 : 6678674146707
@@@ mem[   64] = 0000071300000693 : 7778185774739
@@@ mem[   72] = 0000081300000793 : 8877697402771
@@@ mem[   80] = 0000091300000893 : 9977209030803
@@@ mem[   88] = 00000a1300000993 : 11076720658835
@@@ mem[   96] = 00000b1300000a93 : 12176232286867
@@@ mem[  104] = 00000c1300000b93 : 13275743914899
@@@ mem[  112] = 00000d1300000c93 : 14375255542931
@@@ mem[  120] = 00000e1300000d93 : 15474767170963
@@@ mem[  128] = 00000f1300000e93 : 16574278798995
@@@ mem[  136] = 0b40006f00000f93 : 810648409668063123
@@@
@@@ mem[  160] = f601011300010117 : 17726450789423055127
@@@ mem[  168] = 00000013fea12c23 : 85876354083
@@@ mem[  176] = 0005071310500073 : 1415153343004787
@@@ mem[  184] = fff5831300000793 : 18443791966593353619
@@@ mem[  192] = 000080670067c463 : 141179876787299
@@@ mem[  200] = 0007869300178793 : 2118290756831123
@@@ mem[  208] = 0047071300b69663 : 19992501544195683
@@@ mem[  216] = 00269613fe9ff06f : 10861061735444591
@@@ mem[  224] = 0006280300c50633 : 1732843223189043
@@@ mem[  232] = 0118566300072883 : 78907976681203843
@@@ mem[  240] = 0107202301162023 : 74063253589073955
@@@ mem[  248] = fd5ff06f00168693 : 18257575773916792467
@@@ mem[  256] = 02b64a6300050713 : 195425422899742483
@@@ mem[  264] = 4017d79340b607b3 : 4618396970337568691
@@@ mem[  272] = 0025179300b78533 : 10440494277952819
@@@ mem[  280] = 0007a78300f707b3 : 2154505935718323
@@@ mem[  288] = 00f6d66300d78e63 : 69478564975054435
@@@ mem[  296] = fd9ff06ffff50613 : 18275590176719046163
@@@ mem[  304] = fd1ff06f00150593 : 18239561375407211923
@@@ mem[  312] = 00008067fff00513 : 141184163906835
@@@ mem[  320] = 18912a23e6010113 : 1770242462204363027
@@@ mem[  328] = 18812c2300410493 : 1765741057745683603
@@@ mem[  336] = 0004841318112e23 : 1271117449866787
@@@ mem[  344] = 0d0080e700000097 : 936890452118864023
@@@ mem[  352] = 00a4a02301f57513 : 46337968397710611
@@@ mem[  360] = 0044849319010793 : 19286065730881427
@@@ mem[  368] = 00040513fef494e3 : 1131483346801891
@@@ mem[  376] = 0000009706300593 : 648643872147
@@@ mem[  384] = 00a00693f38080e7 : 45043228788949223
@@@ mem[  392] = 0000059306200613 : 6129021093395
@@@ mem[  400] = 0000009700040513 : 648540325139
@@@ mem[  408] = 1a400693f6c080e7 : 1891519076065378535
@@@ mem[  416] = 0000059306200613 : 6129021093395
@@@ mem[  424] = 0000009700040513 : 648540325139
@@@ mem[  432] = 02100693f54080e7 : 148626020247830759
@@@ mem[  440] = 0000059306200613 : 6129021093395
@@@ mem[  448] = 0000009700040513 : 648540325139
@@@ mem[  456] = 01700693f3c080e7 : 103590023948959975
@@@ mem[  464] = 0000059306200613 : 6129021093395
@@@ mem[  472] = 0000009700040513 : 648540325139
@@@ mem[  480] = 00040513f24080e7 : 1131483133673703
@@@ mem[  488] = 0620061300c00693 : 441359442169038483
@@@ mem[  496] = 0000009700000593 : 648540063123
@@@ mem[  504] = 19c12083f0c080e7 : 1855800272505307367
@@@ mem[  512] = 1941248319812403 : 1819775869921600515
@@@ mem[  520] = 1a01011300000513 : 1873780101078844691
@@@ mem[  528] = 000007b700008067 : 8482560442471
@@@ mem[  536] = 0aa7a4237207a783 : 767762733633873795
@@@ mem[  544] = 000080670a07a623 : 141180038260259
@@@ mem[  552] = 7207a803000007b7 : 8216720775999129527
@@@ mem[  560] = f2d585934c9585b7 : 17498038794909484471
@@@ mem[  568] = 0ac827030a882683 : 776913829736490627
@@@ mem[  576] = 0017861302b687b3 : 6621340672362419
@@@ mem[  584] = 0ac8242300f637b3 : 776910668480001971
@@@ mem[  592] = 42d606135851f637 : 4816043531675235895
@@@ mem[  600] = 02b7073302c68633 : 195633024485197363
@@@ mem[  608] = 00c7073302b6b6b3 : 56021436035675827
@@@ mem[  616] = 00e787b300d70733 : 65169922503149363
@@@ mem[  624] = 0af8262300179513 : 790423666370778387
@@@ mem[  632] = 0000806700155513 : 141179871384851
@@@
@@@ mem[  704] = 00000000000002e0 : 736
@@@
@@@ mem[  736] = 000005cc00000000 : 6373731467264
@@@ mem[  744] = 0000069c00000634 : 7267084666420
@@@
@@@ mem[  904] = c6755a5b8666f82c : 14300435540928297004
@@@ mem[  912] = e66d1234abcd330e : 16603947418614838030
@@@ mem[  920] = 0000000b0005deec : 47245025004
@@@
@@@ mem[ 1824] = 00000000000002e0 : 736
@@@
@@@ mem[65128] = 0000000100000000 : 4294967296
@@@ mem[65136] = 0000000200000001 : 8589934593
@@@ mem[65144] = 0000000300000003 : 12884901891
@@@ mem[65152] = 0000000400000004 : 17179869188
@@@ mem[65160] = 0000000400000004 : 17179869188
@@@ mem[65168] = 0000000400000004 : 17179869188
@@@ mem[65176] = 0000000500000005 : 21474836485
@@@ mem[65184] = 0000000600000005 : 25769803781
@@@ mem[65192] = 0000000600000006 : 25769803782
@@@ mem[65200] = 0000000700000006 : 30064771078
@@@ mem[65208] = 0000000800000008 : 34359738376
@@@ mem[65216] = 0000000800000008 : 34359738376
@@@ mem[65224] = 0000000800000008 : 34359738376
@@@ mem[65232] = 0000000900000009 : 38654705673
@@@ mem[65240] = 0000000900000009 : 38654705673
@@@ mem[65248] = 0000000a00000009 : 42949672969
@@@ mem[65256] = 0000000b0000000a : 47244640266
@@@ mem[65264] = 0000000d0000000c : 55834574860
@@@ mem[65272] = 0000000d0000000d : 55834574861
@@@ mem[65280] = 0000000e0000000d : 60129542157
@@@ mem[65288] = 0000000f0000000f : 64424509455
@@@ mem[65296] = 0000000f0000000f : 64424509455
@@@ mem[65304] = 0000000f0000000f : 64424509455
@@@ mem[65312] = 0000000f0000000f : 64424509455
@@@ mem[65320] = 0000001000000010 : 68719476752
@@@ mem[65328] = 0000001100000010 : 73014444048
@@@ mem[65336] = 0000001200000011 : 77309411345
@@@ mem[65344] = 0000001300000012 : 81604378642
@@@ mem[65352] = 0000001400000014 : 85899345940
@@@ mem[65360] = 0000001400000014 : 85899345940
@@@ mem[65368] = 0000001400000014 : 85899345940
@@@ mem[65376] = 0000001500000014 : 90194313236
@@@ mem[65384] = 0000001500000015 : 90194313237
@@@ mem[65392] = 0000001600000016 : 94489280534
@@@ mem[65400] = 0000001700000016 : 98784247830
@@@ mem[65408] = 0000001700000017 : 98784247831
@@@ mem[65416] = 0000001800000017 : 103079215127
@@@ mem[65424] = 0000001800000018 : 103079215128
@@@ mem[65432] = 0000001900000018 : 107374182424
@@@ mem[65440] = 0000001900000019 : 107374182425
@@@ mem[65448] = 0000001a00000019 : 111669149721
@@@ mem[65456] = 0000001b0000001a : 115964117018
@@@ mem[65464] = 0000001b0000001b : 115964117019
@@@ mem[65472] = 0000001c0000001b : 120259084315
@@@ mem[65480] = 0000001d0000001c : 124554051612
@@@ mem[65488] = 0000001d0000001d : 124554051613
@@@ mem[65496] = 0000001e0000001e : 128849018910
@@@ mem[65504] = 0000001f0000001e : 133143986206
@@@ mem[65512] = 0000001f0000001f : 133143986207
@@@
@@@ mem[65528] = 000000a000000000 : 687194767360
@@@
@@@ System halted on WFI instruction
@@@
