
Final memory state and exit status:

@@@ Unified Memory contents hex on left, decimal on right: 
@@@
@@@ mem[    0] = 0000009700000013 : 648540061715
@@@ mem[    8] = 0001011709c08093 : 282673436197011
@@@ mem[   16] = 00010413ff410113 : 285958910050579
@@@ mem[   24] = 6e81819300001197 : 7962788084527927703
@@@ mem[   32] = 0000029300000213 : 2830383448595
@@@ mem[   40] = 0000039300000313 : 3929895076627
@@@ mem[   48] = 0000051300000493 : 5579162518675
@@@ mem[   56] = 0000061300000593 : 6678674146707
@@@ mem[   64] = 0000071300000693 : 7778185774739
@@@ mem[   72] = 0000081300000793 : 8877697402771
@@@ mem[   80] = 0000091300000893 : 9977209030803
@@@ mem[   88] = 00000a1300000993 : 11076720658835
@@@ mem[   96] = 00000b1300000a93 : 12176232286867
@@@ mem[  104] = 00000c1300000b93 : 13275743914899
@@@ mem[  112] = 00000d1300000c93 : 14375255542931
@@@ mem[  120] = 00000e1300000d93 : 15474767170963
@@@ mem[  128] = 00000f1300000e93 : 16574278798995
@@@ mem[  136] = 3ad0006f00000f93 : 4237887726097010579
@@@
@@@ mem[  160] = f601011300010117 : 17726450789423055127
@@@ mem[  168] = 00000013fea12c23 : 85876354083
@@@ mem[  176] = 000017b710500073 : 26075020132467
@@@ mem[  184] = 02f56063f5078793 : 213182539798906771
@@@ mem[  192] = f5078793000057b7 : 17656229929559283639
@@@ mem[  200] = ff85069300a7ea63 : 18412129880015104611
@@@ mem[  208] = f447a783000017b7 : 17602221849683433399
@@@ mem[  216] = ff01011305c0006f : 18374969135860809839
@@@ mem[  224] = 0010051300112623 : 4509178791011875
@@@ mem[  232] = fb8080e700000097 : 18122626630164676759
@@@ mem[  240] = 00b705b300462703 : 51516187099932419
@@@ mem[  248] = 0007a703feb52e23 : 2153960437001763
@@@ mem[  256] = fee52c2300072703 : 18367135184136382211
@@@ mem[  264] = ffc527030540006f : 18430179944010088559
@@@ mem[  272] = 00c7a22300c70633 : 56191791586018867
@@@ mem[  280] = 00e7a023ff852703 : 65196796091377411
@@@ mem[  288] = 0007a7030500006f : 2153956247601263
@@@ mem[  296] = 00e6ec6300e7e463 : 64999154604565603
@@@ mem[  304] = fed7f8e300070793 : 18363419659468212115
@@@ mem[  312] = 00e6e4630007a703 : 64990358496847619
@@@ mem[  320] = ffc52583fee7e8e3 : 18430178298931177699
@@@ mem[  328] = 003597130007a603 : 15084281626338819
@@@ mem[  336] = f8e60ee300e68733 : 17935038934185051955
@@@ mem[  344] = 0047a603fec52c23 : 20167259435904035
@@@ mem[  352] = 00e7873300361713 : 65169372736788243
@@@ mem[  360] = 00d7a023fae682e3 : 60693196386501347
@@@ mem[  368] = f4f7222300001737 : 17651614798221154103
@@@ mem[  376] = 000047b700008067 : 78851304620135
@@@ mem[  384] = fe01011312a7e263 : 18302911542039405155
@@@ mem[  392] = 00812c2300112e23 : 36358800832278051
@@@ mem[  400] = 0121282300912a23 : 81390399067859491
@@@ mem[  408] = 0141242301312623 : 90393200286574115
@@@ mem[  416] = 0035779300050413 : 15049647009891347
@@@ mem[  424] = ffc5741300078663 : 18430264675037316707
@@@ mem[  432] = 0084091300440413 : 37164674139292691
@@@ mem[  440] = f447a503000017b7 : 17602219100904363959
@@@ mem[  448] = 0005278302050063 : 1450818511634531
@@@ mem[  456] = 02877a630047a703 : 182248875556841219
@@@ mem[  464] = 000019b7000014b7 : 28273769714871
@@@ mem[  472] = 0ac0006f00001a37 : 774619612649101879
@@@ mem[  480] = f4878713000017b7 : 17620200582784489399
@@@ mem[  488] = f4e6a223000016b7 : 17646970461105428151
@@@ mem[  496] = 0007222300e72023 : 2007858571321379
@@@ mem[  504] = fc9ff06ff4878513 : 18203532582489392403
@@@ mem[  512] = 4127073304e40263 : 4694729052263809635
@@@ mem[  520] = 0037171300e7a223 : 15506494106083875
@@@ mem[  528] = 0087a22300e787b3 : 38177393078667187
@@@ mem[  536] = f4a7222300001737 : 17629096800084301623
@@@ mem[  544] = 01c1208300878513 : 126418011564770579
@@@ mem[  552] = 0141248301812403 : 90393612608676867
@@@ mem[  560] = 00c1298301012903 : 54370313139464451
@@@ mem[  568] = 0201011300812a03 : 144397844177037827
@@@ mem[  576] = 0007a70300008067 : 2153956163747943
@@@ mem[  584] = fcdff06f00e52023 : 18221546976911368227
@@@ mem[  592] = 01250733f28a2503 : 82480087870088451
@@@ mem[  600] = 412787b3f2ea2423 : 4694870343501358115
@@@ mem[  608] = 00852223f2f9a223 : 37473709698163235
@@@ mem[  616] = 0000009700850513 : 648548779283
@@@ mem[  624] = f444a503e48080e7 : 17601374679807852775
@@@ mem[  632] = 00052783fa0506e3 : 1450822672385763
@@@ mem[  640] = f6877ee30047a703 : 17764306768613582595
@@@ mem[  648] = 00078513f444a703 : 2116645585987331
@@@ mem[  656] = f249a783fef716e3 : 17458669615838598883
@@@ mem[  664] = 00000513fb27fce3 : 5583376219363
@@@ mem[  672] = 00000513f85ff06f : 5583329554543
@@@ mem[  680] = ff01011300008067 : 18374969135764373607
@@@ mem[  688] = 0081242300112623 : 36350004739253795
@@@ mem[  696] = 0005049300912223 : 1412404299768355
@@@ mem[  704] = ebc080e700000097 : 16987719524067311767
@@@ mem[  712] = 0004861300050413 : 1273316069671955
@@@ mem[  720] = 0000109700000593 : 18240726107539
@@@ mem[  728] = 00040513b24080e7 : 1131482059931879
@@@ mem[  736] = 0081240300c12083 : 36349867311833219
@@@ mem[  744] = 0101011300412483 : 72340250134914179
@@@ mem[  752] = 000017b700008067 : 26074746486887
@@@ mem[  760] = 0017d713f207a783 : 6710405129283459
@@@ mem[  768] = 000798630017f793 : 2137875807729555
@@@ mem[  776] = f2e7a023000017b7 : 17503134548983027639
@@@ mem[  784] = 0000b7b70180006f : 201996632064111
@@@ mem[  792] = 00f7473340078793 : 69602604690671507
@@@ mem[  800] = f2e7a023000017b7 : 17503134548983027639
@@@ mem[  808] = f207a503000017b7 : 17440089514319026103
@@@ mem[  816] = fff5479300008067 : 18443726545651531879
@@@ mem[  824] = 00f5753341f7d793 : 69090232304654227
@@@ mem[  832] = 0af0566300008067 : 788224917991620711
@@@ mem[  840] = 00068e1300058e93 : 1845062116150931
@@@ mem[  848] = 0065033300271313 : 28432490228552467
@@@ mem[  856] = 00f68f3300279793 : 69400293479520147
@@@ mem[  864] = 002f9f9340e00fb3 : 13404778702835635
@@@ mem[  872] = 0280006f00100293 : 180144461837238931
@@@ mem[  880] = fff7c6930008a783 : 18444429133582215043
@@@ mem[  888] = 00d7f7b341f6d693 : 60789469270693523
@@@ mem[  896] = 004e8e9300f8a023 : 22111810211061795
@@@ mem[  904] = 01430313004e0e13 : 90919797621919251
@@@ mem[  912] = 000ea78307ee0063 : 4124830889541731
@@@ mem[  920] = 00fe2023000e0893 : 71529978781370515
@@@ mem[  928] = 01f307b302e05863 : 140464478807414883
@@@ mem[  936] = 0007a68300060513 : 2153406408295699
@@@ mem[  944] = 02b685b300052583 : 195490637683172739
@@@ mem[  952] = 00b686b30008a683 : 51376549119174275
@@@ mem[  960] = 0047879300d8a023 : 20133788790595619
@@@ mem[  968] = fe6790e300450513 : 18331780112871392531
@@@ mem[  976] = fa5818e3fa0800e3 : 18039195674863993059
@@@ mem[  984] = fff7c6930008a783 : 18444429133582215043
@@@ mem[  992] = 00d7f7b341f6d693 : 60789469270693523
@@@ mem[ 1000] = f99ff06f00f8a023 : 17987359796289380387
@@@ mem[ 1008] = 04b0586300008067 : 337867154277826663
@@@ mem[ 1016] = 00112623ff010113 : 4827010648047891
@@@ mem[ 1024] = 0091222300812423 : 40851405350708259
@@@ mem[ 1032] = 0025959300050413 : 10579032731354131
@@@ mem[ 1040] = 0000009700b504b3 : 648551924915
@@@ mem[ 1048] = 00f57513ee0080e7 : 69090097751949543
@@@ mem[ 1056] = 00a42023ffb50513 : 46197235166545171
@@@ mem[ 1064] = fe9414e300440413 : 18344310147381462035
@@@ mem[ 1072] = 0081240300c12083 : 36349867311833219
@@@ mem[ 1080] = 0101011300412483 : 72340250134914179
@@@ mem[ 1088] = 0000806700008067 : 141179870019687
@@@ mem[ 1096] = fe0101130ad05863 : 18302911541907839075
@@@ mem[ 1104] = 00812c2300112e23 : 36358800832278051
@@@ mem[ 1112] = 0121282300912a23 : 81390399067859491
@@@ mem[ 1120] = 0141242301312623 : 90393200286574115
@@@ mem[ 1128] = 0006091301512223 : 1698827091386915
@@@ mem[ 1136] = 00050a1300058993 : 1418451604572563
@@@ mem[ 1144] = 00d58ab300269693 : 60106671445677715
@@@ mem[ 1152] = 004989930100006f : 20698937769853039
@@@ mem[ 1160] = 05598463014a0a13 : 385484803875146259
@@@ mem[ 1168] = e64080e700000097 : 16591402756858708119
@@@ mem[ 1176] = ffb5051300f57513 : 18425639029634856211
@@@ mem[ 1184] = ff2050e300a9a023 : 18383782614825279523
@@@ mem[ 1192] = 00000413000a0493 : 4479651546259
@@@ mem[ 1200] = e44080e700000097 : 16447287568782852247
@@@ mem[ 1208] = ffb5051300f57513 : 18425639029634856211
@@@ mem[ 1216] = 0014041300a4a023 : 5633979195891747
@@@ mem[ 1224] = fe8912e300448493 : 18341211723614422163
@@@ mem[ 1232] = 01c12083fb5ff06f : 126418015773257839
@@@ mem[ 1240] = 0141248301812403 : 90393612608676867
@@@ mem[ 1248] = 00c1298301012903 : 54370313139464451
@@@ mem[ 1256] = 00412a8300812a03 : 18342615623739907
@@@ mem[ 1264] = 0000806702010113 : 141179903607059
@@@ mem[ 1272] = 0005081300008067 : 1416252580986983
@@@ mem[ 1280] = 04b7d06300100793 : 339969420511152019
@@@ mem[ 1288] = 0000051300450693 : 5579167041171
@@@ mem[ 1296] = 0100006f00100713 : 72058070780348179
@@@ mem[ 1304] = 0046869300170713 : 19851214289569555
@@@ mem[ 1312] = 0025179302e58063 : 10440494314520675
@@@ mem[ 1320] = 0007a60300f807b3 : 2152856668342195
@@@ mem[ 1328] = fef652e30006a783 : 18371962864816007043
@@@ mem[ 1336] = fddff06f00070513 : 18293604570934740243
@@@ mem[ 1344] = 0000051300008067 : 5579162550375
@@@ mem[ 1352] = fa01011300008067 : 18014681165574733927
@@@ mem[ 1360] = 04912c2304812e23 : 329092776685809187
@@@ mem[ 1368] = 0531282305212a23 : 374124374923487779
@@@ mem[ 1376] = 0551242305412623 : 383127176133813795
@@@ mem[ 1384] = 0571202305612223 : 392129977344139811
@@@ mem[ 1392] = 03912c2303812e23 : 257035182631104035
@@@ mem[ 1400] = 03b1282303a12a23 : 266037983841430051
@@@ mem[ 1408] = 00058b9300050a13 : 1560838360336915
@@@ mem[ 1416] = 0007099300c12223 : 1980851814474275
@@@ mem[ 1424] = 02f1222300078513 : 211988191182816531
@@@ mem[ 1432] = 0641270306012603 : 450684331652883971
@@@ mem[ 1440] = 0017179306812c03 : 6499844701105155
@@@ mem[ 1448] = 411787b3010787b3 : 4690366739815827379
@@@ mem[ 1456] = 00b12e2340c7d5b3 : 49871799823357363
@@@ mem[ 1464] = 00080f931ca05463 : 2268924328563811
@@@ mem[ 1472] = 00d1262300088e13 : 58870201898798611
@@@ mem[ 1480] = 02e1202300060d13 : 207482392532094227
@@@ mem[ 1488] = 0015879300012823 : 6060039940941859
@@@ mem[ 1496] = 02d1242300279693 : 202983190953432723
@@@ mem[ 1504] = 00e12c2340e00733 : 63380399683798835
@@@ mem[ 1512] = 00100d9302f12623 : 4518524688082467
@@@ mem[ 1520] = 1600006f00000593 : 1585267545575785875
@@@ mem[ 1528] = 00e5202300d70733 : 64493104376776499
@@@ mem[ 1536] = 02fe0e6300178793 : 215625650526455699
@@@ mem[ 1544] = 0005869300052703 : 1555340802205443
@@@ mem[ 1552] = 01d78f33fe0644e3 : 132732167498646755
@@@ mem[ 1560] = fdf8dee3fe0f40e3 : 18300622156621365475
@@@ mem[ 1568] = 00279293fdff5ce3 : 11138688410934499
@@@ mem[ 1576] = 005302b3005806b3 : 23365390895154867
@@@ mem[ 1584] = 0002af030006a683 : 755377373619843
@@@ mem[ 1592] = fbdff06f03e686b3 : 18149489382923863731
@@@ mem[ 1600] = 0016061301430313 : 6199128182948627
@@@ mem[ 1608] = 0026181302860063 : 10722519040786531
@@@ mem[ 1616] = 0028181300c80833 : 11285468964980787
@@@ mem[ 1624] = 0000079300780833 : 8327949453363
@@@ mem[ 1632] = fa5ff06f00060893 : 18041402991801927827
@@@ mem[ 1640] = 0643839300148493 : 451349055051957395
@@@ mem[ 1648] = 00998a6306490913 : 43217829348575507
@@@ mem[ 1656] = 01490333ffc058e3 : 92608789206816995
@@@ mem[ 1664] = fc9ff06f000b0613 : 18203532578387592723
@@@ mem[ 1672] = 05bc0863020c0e63 : 413214487140372067
@@@ mem[ 1680] = 01ae8eb3004a8a93 : 121191139440757395
@@@ mem[ 1688] = 000ba783059a8e63 : 3280405920386659
@@@ mem[ 1696] = 00faa023000a8513 : 70544816362652947
@@@ mem[ 1704] = 002e9393ff3050e3 : 13110112779522275
@@@ mem[ 1712] = 007783b300412783 : 33640327055222659
@@@ mem[ 1720] = 0000049300000913 : 5029406705939
@@@ mem[ 1728] = 00052783fb9ff06f : 1450822699315311
@@@ mem[ 1736] = 41f75713fff7c713 : 4753363675123271443
@@@ mem[ 1744] = 00f5202300e7f7b3 : 68996704005257139
@@@ mem[ 1752] = 00052783fb9ff06f : 1450822699315311
@@@ mem[ 1760] = 41f75713fff7c713 : 4753363675123271443
@@@ mem[ 1768] = 00f5202300e7f7b3 : 68996704005257139
@@@ mem[ 1776] = 01412783fa1ff06f : 90396915314716783
@@@ mem[ 1784] = 00f12a2300178793 : 67881799201032083
@@@ mem[ 1792] = 00812703014c8c93 : 36353165855853715
@@@ mem[ 1800] = 00e1242301470713 : 63371602523784979
@@@ mem[ 1808] = 01ab0b3301a40433 : 120202128754213939
@@@ mem[ 1816] = 00e7886302c12703 : 65170678449514243
@@@ mem[ 1824] = 00812a8301812e83 : 36357014150000259
@@@ mem[ 1832] = 01012783f75ff06f : 72382516759097455
@@@ mem[ 1840] = 00f1282300178793 : 67879600177776531
@@@ mem[ 1848] = 00c12703004b8b93 : 54367564348492691
@@@ mem[ 1856] = 00e1262306470713 : 63373801630926611
@@@ mem[ 1864] = 024127031f4a0a13 : 162453955925379603
@@@ mem[ 1872] = 01c1278302f70863 : 126425708187027555
@@@ mem[ 1880] = 02812703fc07cae3 : 180468358138284771
@@@ mem[ 1888] = 00f70cb300c12783 : 69538282198869891
@@@ mem[ 1896] = 40ee043302012703 : 4678681680007997187
@@@ mem[ 1904] = 00f1242301812b03 : 67875202154965763
@@@ mem[ 1912] = fa5ff06f00012a23 : 18041402991801608739
@@@ mem[ 1920] = 0581248305c12403 : 396638387341173763
@@@ mem[ 1928] = 0501298305412903 : 360615087871961347
@@@ mem[ 1936] = 04812a8304c12a03 : 324587390356236803
@@@ mem[ 1944] = 04012b8304412b03 : 288559692840512259
@@@ mem[ 1952] = 03812c8303c12c03 : 252531995324787715
@@@ mem[ 1960] = 03012d8303412d03 : 216504297809063171
@@@ mem[ 1968] = 0000806706010113 : 141179970715923
@@@ mem[ 1976] = 02812e23fc010113 : 180476192158187795
@@@ mem[ 1984] = 03212a2302912c23 : 225507786200525859
@@@ mem[ 1992] = 0341262303312823 : 234510587419240483
@@@ mem[ 2000] = 0361222303512423 : 243513388629566499
@@@ mem[ 2008] = 01812e2303712023 : 108418593950081059
@@@ mem[ 2016] = 01a12a2301912c23 : 117421395126856739
@@@ mem[ 2024] = 00c1262301b12823 : 54366602299254819
@@@ mem[ 2032] = 00d8083300181813 : 60807610107435027
@@@ mem[ 2040] = 40fcdcb340e80cb3 : 4682860375004679347
@@@ mem[ 2048] = 00058c1316c05263 : 1561388497523299
@@@ mem[ 2056] = 0008861300070593 : 2399215976646035
@@@ mem[ 2064] = 00a1242302e70d33 : 45357204041567539
@@@ mem[ 2072] = 00279b1300078913 : 11148029998893331
@@@ mem[ 2080] = 00279b1300fb07b3 : 11148030014850995
@@@ mem[ 2088] = 001c849300000d93 : 8027066242960787
@@@ mem[ 2096] = 1140006f00100813 : 1242993973896677395
@@@ mem[ 2104] = 00fa87b3002f1793 : 70517947049645971
@@@ mem[ 2112] = 005987b30007a703 : 25200475796645635
@@@ mem[ 2120] = 0ab0426300e7a023 : 770188529264730147
@@@ mem[ 2128] = 005987b307c0006f : 25200475926167663
@@@ mem[ 2136] = 08b04a630007a023 : 626082137267216419
@@@ mem[ 2144] = 0007278300598733 : 2013768437040947
@@@ mem[ 2152] = 00f7202341a787b3 : 69559655044974515
@@@ mem[ 2160] = 0003039305c0006f : 848354921676911
@@@ mem[ 2168] = 00d5546300032503 : 60046954218071299
@@@ mem[ 2176] = 00a3a02300068513 : 46056493388563731
@@@ mem[ 2184] = 0047071300178793 : 19992501533771667
@@@ mem[ 2192] = 0007268302b7d063 : 2012668965146723
@@@ mem[ 2200] = ff0616e3fc060ee3 : 18376400497973530339
@@@ mem[ 2208] = 00d506b30008a503 : 59961535908848899
@@@ mem[ 2216] = fddff06f00d8a023 : 18293604570948476963
@@@ mem[ 2224] = 014e0e13001e8e93 : 94028116990529171
@@@ mem[ 2232] = 000e071300bed863 : 3948427872229475
@@@ mem[ 2240] = fd1ff06f00000793 : 18239561375405836179
@@@ mem[ 2248] = 001f8f93f9060ce3 : 8883589978918115
@@@ mem[ 2256] = 0043031300488893 : 18862203583629459
@@@ mem[ 2264] = 00428293012f0f33 : 18720916354567987
@@@ mem[ 2272] = f4060ae3029f8063 : 17583753765232541795
@@@ mem[ 2280] = feb050e3f70606e3 : 18352257421566936803
@@@ mem[ 2288] = 008e0e33002f1e13 : 39985058902122003
@@@ mem[ 2296] = fc1ff06f00000e93 : 18167503781367910035
@@@ mem[ 2304] = 01640433001b8b93 : 100209708800641939
@@@ mem[ 2312] = 016a8ab3014a0a13 : 102046442994666003
@@@ mem[ 2320] = 018a08b3009b8e63 : 110910705726361187
@@@ mem[ 2328] = 00088313000a0293 : 2395917441958547
@@@ mem[ 2336] = 00000f9300000f13 : 17124034613011
@@@ mem[ 2344] = 001d8d93fbdff06f : 8318441050075247
@@@ mem[ 2352] = 00812783064c0c13 : 36353715695520787
@@@ mem[ 2360] = 00f1242306478793 : 67875202235074451
@@@ mem[ 2368] = 03b7806300c12783 : 267823865554610051
@@@ mem[ 2376] = 000c0993fe0cc2e3 : 3388230947619555
@@@ mem[ 2384] = 00040a9300812403 : 1137526391776259
@@@ mem[ 2392] = 00000b9300000a13 : 12725988100627
@@@ mem[ 2400] = 03c12403fb5ff06f : 270537052139810927
@@@ mem[ 2408] = 0341290303812483 : 234513748520412291
@@@ mem[ 2416] = 02c12a0303012983 : 198486051004688771
@@@ mem[ 2424] = 02412b0302812a83 : 162458353488964227
@@@ mem[ 2432] = 01c12c0302012b83 : 126430655973239683
@@@ mem[ 2440] = 01412d0301812c83 : 90402958457515139
@@@ mem[ 2448] = 0401011301012d83 : 288513032261283203
@@@ mem[ 2456] = 0cb0566300008067 : 914325707557994599
@@@ mem[ 2464] = 02112623fd010113 : 148942198690349331
@@@ mem[ 2472] = 0291222302812423 : 184966593460118563
@@@ mem[ 2480] = 01312e2303212023 : 85900595807985699
@@@ mem[ 2488] = 01512a2301412c23 : 94903396984761379
@@@ mem[ 2496] = 0171262301612823 : 103906198195087395
@@@ mem[ 2504] = 00058b1301812423 : 1560288629433379
@@@ mem[ 2512] = 00050a9300060993 : 1419001360419219
@@@ mem[ 2520] = 40c00a3300261b93 : 4665740428117941139
@@@ mem[ 2528] = 00000c13002a1a13 : 13275746671123
@@@ mem[ 2536] = 001909130400006f : 7046851693903983
@@@ mem[ 2544] = 0329846301448493 : 227858816916817043
@@@ mem[ 2552] = 0000009701448433 : 648561329203
@@@ mem[ 2560] = 00f575138f8080e7 : 69090096166502631
@@@ mem[ 2568] = 00a42023ffb50513 : 46197235166545171
@@@ mem[ 2576] = fe9414e300440413 : 18344310147381462035
@@@ mem[ 2584] = 001c0c13fd5ff06f : 7894579342733423
@@@ mem[ 2592] = 018b0a63064a8a93 : 111194036224297619
@@@ mem[ 2600] = 015b84b3ff305ae3 : 97817725533969123
@@@ mem[ 2608] = fc5ff06f00000913 : 18185518179877390611
@@@ mem[ 2616] = 0281240302c12083 : 180465055421243523
@@@ mem[ 2624] = 0201290302412483 : 144441755952030851
@@@ mem[ 2632] = 01812a0301c12983 : 108414058436307331
@@@ mem[ 2640] = 01012b0301412a83 : 72386360920582787
@@@ mem[ 2648] = 00812c0300c12b83 : 36358663404858243
@@@ mem[ 2656] = 0000806703010113 : 141179920384275
@@@ mem[ 2664] = 12d0526300008067 : 1355674072993792103
@@@ mem[ 2672] = 02112e23fc010113 : 148950994766594323
@@@ mem[ 2680] = 02912a2302812c23 : 184975389553142819
@@@ mem[ 2688] = 0331262303212823 : 230006987790821411
@@@ mem[ 2696] = 0351222303412423 : 239009789001147427
@@@ mem[ 2704] = 01712e2303612023 : 103914994321661987
@@@ mem[ 2712] = 01912a2301812c23 : 112917795498437667
@@@ mem[ 2720] = 01b1262301a12823 : 121920596708763683
@@@ mem[ 2728] = 00060c1300050b93 : 1702125604506515
@@@ mem[ 2736] = 00058d1300070913 : 1562487627909395
@@@ mem[ 2744] = 00f58db300269793 : 69117169235302291
@@@ mem[ 2752] = 06c0006f00000c93 : 486389236497386643
@@@ mem[ 2760] = 01498993001a0713 : 92756531792709395
@@@ mem[ 2768] = 00070a1302fa0c63 : 1981401607572579
@@@ mem[ 2776] = 0000041300098493 : 4479651513491
@@@ mem[ 2784] = 814080e700000097 : 9313585759027986583
@@@ mem[ 2792] = ffb5051300f57513 : 18425639029634856211
@@@ mem[ 2800] = 0004079300a4a023 : 1134227859218467
@@@ mem[ 2808] = 0044849300140413 : 19286065312695315
@@@ mem[ 2816] = fc5ff06ffe8910e3 : 18185518184147783907
@@@ mem[ 2824] = 064b0b13001a8a93 : 453468363714890387
@@@ mem[ 2832] = ff205ae3015c0a63 : 18383793609953249891
@@@ mem[ 2840] = 000c8a13017b09b3 : 3529513954380211
@@@ mem[ 2848] = 004d0d13fb9ff06f : 21687952683823215
@@@ mem[ 2856] = 03bd04631f4b8b93 : 269376376485415827
@@@ mem[ 2864] = 7c4080e7fffff097 : 8953297793133310103
@@@ mem[ 2872] = ffb7879300f57793 : 18426345465855702931
@@@ mem[ 2880] = 00000b1300fd2023 : 12176248872995
@@@ mem[ 2888] = fd8044e300000a93 : 18266675830362999443
@@@ mem[ 2896] = 03c12083fd5ff06f : 270533203882668143
@@@ mem[ 2904] = 0341248303812403 : 234508800718087171
@@@ mem[ 2912] = 02c1298303012903 : 198485501248874755
@@@ mem[ 2920] = 02412a8302812a03 : 162457803733150211
@@@ mem[ 2928] = 01c12b8302012b03 : 126430106217425667
@@@ mem[ 2936] = 01412c8301812c03 : 90402408701701123
@@@ mem[ 2944] = 00c12d8301012d03 : 54374711185976579
@@@ mem[ 2952] = 0000806704010113 : 141179937161491
@@@ mem[ 2960] = 0ab0506300008067 : 770203922412372071
@@@ mem[ 2968] = 00812623ff010113 : 36352208039641363
@@@ mem[ 2976] = 02c6043300050f13 : 199851850554740499
@@@ mem[ 2984] = 007683b300261393 : 33358852076737427
@@@ mem[ 2992] = 002e9e9340c00eb3 : 13122204212399795
@@@ mem[ 3000] = 00000f9300000293 : 17124034609811
@@@ mem[ 3008] = 003e1e1340c00e33 : 17484516595600947
@@@ mem[ 3016] = 001808130480006f : 6764277213954159
@@@ mem[ 3024] = 41c3053301488893 : 4738636949546895507
@@@ mem[ 3032] = 01d5033303060463 : 132015281706239075
@@@ mem[ 3040] = 0008871300030793 : 2400315488012179
@@@ mem[ 3048] = 00d7a02300072683 : 60693192177559171
@@@ mem[ 3056] = 0047879300470713 : 20133788781053715
@@@ mem[ 3064] = fd1ff06ffea798e3 : 18239561379678230755
@@@ mem[ 3072] = 064f0f13001f8f93 : 454598661668573075
@@@ mem[ 3080] = 01f58e63008282b3 : 141175519193498291
@@@ mem[ 3088] = 00229513fec058e3 : 9734062319098083
@@@ mem[ 3096] = 000f089300750533 : 4231552111543603
@@@ mem[ 3104] = fb9ff06f00000813 : 18131474984348944403
@@@ mem[ 3112] = 0101011300c12403 : 72340250143302659
@@@ mem[ 3120] = 0000806700008067 : 141179870019687
@@@ mem[ 3128] = 7e11262381010113 : 9084083857313038611
@@@ mem[ 3136] = 7e9122237e812423 : 9120108256243557411
@@@ mem[ 3144] = 7d312e237f212023 : 9021042258591424547
@@@ mem[ 3152] = 7d512a237d412c23 : 9030045059768200227
@@@ mem[ 3160] = 960101137d612823 : 10808921763885426723
@@@ mem[ 3168] = fffff4b700300913 : 18446731665552181523
@@@ mem[ 3176] = 000017b739448413 : 26075707245587
@@@ mem[ 3184] = 00270733e7078713 : 10985443592472339
@@@ mem[ 3192] = 58848a1300870433 : 6378374786481325107
@@@ mem[ 3200] = 00270733e7078713 : 10985443592472339
@@@ mem[ 3208] = 59c4899301470a33 : 6468446229285505587
@@@ mem[ 3216] = 00270733e7078713 : 10985443592472339
@@@ mem[ 3224] = 1a048493013709b3 : 1874769111808412083
@@@ mem[ 3232] = 00100a93009704b3 : 4515226113737907
@@@ mem[ 3240] = 0050059300500613 : 22524127060428307
@@@ mem[ 3248] = 0000009700040513 : 648540325139
@@@ mem[ 3256] = 00200713ce8080e7 : 9014980905042151
@@@ mem[ 3264] = 0050061300500693 : 22524676816242323
@@@ mem[ 3272] = 00098513000a0593 : 2679591441925523
@@@ mem[ 3280] = d9c080e700000097 : 15690682831384608919
@@@ mem[ 3288] = 00f1242300200793 : 67875202131822483
@@@ mem[ 3296] = 0151202300012223 : 94892401847509539
@@@ mem[ 3304] = 0050081300200893 : 22526875836352659
@@@ mem[ 3312] = 0050071300500793 : 22525776327870355
@@@ mem[ 3320] = 0004061300048693 : 1132578581284499
@@@ mem[ 3328] = 00098513000a0593 : 2679591441925523
@@@ mem[ 3336] = 844080e700000097 : 9529758541141770391
@@@ mem[ 3344] = 0000081300000893 : 8877697403027
@@@ mem[ 3352] = 0020071300200793 : 9014977442613139
@@@ mem[ 3360] = 0050061300400693 : 22524676815193747
@@@ mem[ 3368] = 0004851300040593 : 1272216557979027
@@@ mem[ 3376] = a88080e700000097 : 12141846325016658071
@@@ mem[ 3384] = de4b069300001b37 : 16017903728103267127
@@@ mem[ 3392] = 000a8613002686b3 : 2962165932132019
@@@ mem[ 3400] = 0004051300500593 : 1131479074604435
@@@ mem[ 3408] = e44080e700000097 : 16447287568782852247
@@@ mem[ 3416] = de4b051300500593 : 16017902078841062803
@@@ mem[ 3424] = fffff09700250533 : 18446727130065995059
@@@ mem[ 3432] = 00500693690080e7 : 22525228328452327
@@@ mem[ 3440] = df8b059300500613 : 16107974621144286739
@@@ mem[ 3448] = e0cb0513002585b3 : 16198046063933097395
@@@ mem[ 3456] = fffff09700250533 : 18446727130065995059
@@@ mem[ 3464] = 000008136c4080e7 : 8879513567463
@@@ mem[ 3472] = 0050071300500793 : 22525776327870355
@@@ mem[ 3480] = 00d106b3dd0b0693 : 58835639709927059
@@@ mem[ 3488] = 00260633de4b0613 : 10702868957562387
@@@ mem[ 3496] = 002585b3df8b0593 : 10561581734364563
@@@ mem[ 3504] = 00250533e0cb0513 : 10420294511166739
@@@ mem[ 3512] = 58c080e7fffff097 : 6395253204786868375
@@@ mem[ 3520] = ee0912e3fff90913 : 17152261426278631699
@@@ mem[ 3528] = 6a01011300000513 : 7638387624113079571
@@@ mem[ 3536] = 7e8124037ec12083 : 9115606718204682371
@@@ mem[ 3544] = 7e0129037e412483 : 9079583418735469699
@@@ mem[ 3552] = 7d812a037dc12983 : 9043555721219746179
@@@ mem[ 3560] = 7d012b037d412a83 : 9007528023704021635
@@@ mem[ 3568] = 000080677f010113 : 141182000759059
@@@ mem[ 3576] = 0005071300f00313 : 1415153085055763
@@@ mem[ 3584] = 00f7779302c37e63 : 69655792537796195
@@@ mem[ 3592] = 080592630a079063 : 578029081254662243
@@@ mem[ 3600] = 00f67613ff067693 : 69372672525891219
@@@ mem[ 3608] = 00b7202300e686b3 : 51545255449102003
@@@ mem[ 3616] = 00b7242300b72223 : 51549653492507171
@@@ mem[ 3624] = 0107071300b72623 : 74035697072678435
@@@ mem[ 3632] = 00061463fed766e3 : 1711269570111203
@@@ mem[ 3640] = 40c306b300008067 : 4666581004754911335
@@@ mem[ 3648] = 0000029700269693 : 2847565846163
@@@ mem[ 3656] = 00c68067005686b3 : 55873225264367283
@@@ mem[ 3664] = 00b706a300b70723 : 51517217899480867
@@@ mem[ 3672] = 00b705a300b70623 : 51516118387852835
@@@ mem[ 3680] = 00b704a300b70523 : 51515018876224803
@@@ mem[ 3688] = 00b703a300b70423 : 51513919364596771
@@@ mem[ 3696] = 00b702a300b70323 : 51512819852968739
@@@ mem[ 3704] = 00b701a300b70223 : 51511720341340707
@@@ mem[ 3712] = 00b700a300b70123 : 51510620829712675
@@@ mem[ 3720] = 0000806700b70023 : 141179881979939
@@@ mem[ 3728] = 008596930ff5f593 : 37601730274653587
@@@ mem[ 3736] = 0105969300d5e5b3 : 73630527039858099
@@@ mem[ 3744] = f6dff06f00d5e5b3 : 17789201412682802611
@@@ mem[ 3752] = 0000029700279693 : 2847565911699
@@@ mem[ 3760] = 00008293005686b3 : 143567877473971
@@@ mem[ 3768] = 00028093fa0680e7 : 704322996699367
@@@ mem[ 3776] = 40f70733ff078793 : 4681218257578330003
@@@ mem[ 3784] = f6c378e300f60633 : 17781188670157882931
@@@ mem[ 3792] = 00000000f3dff06f : 4091539567
@@@
@@@ mem[ 3872] = 000040000000248b : 70368744187019
@@@ mem[ 3880] = 0000000000000f50 : 3920
@@@
@@@ mem[61712] = 0000f37400000000 : 267679541755904
@@@ mem[61720] = 0000f3740000f338 : 267679541818168
@@@ mem[61728] = 0000000200000005 : 8589934597
@@@ mem[61736] = 0000000100000000 : 4294967296
@@@ mem[61744] = 0000000500000000 : 21474836480
@@@ mem[61752] = 000000050000f374 : 21474898804
@@@
@@@ mem[61776] = 0000000100000000 : 4294967296
@@@ mem[61784] = 0000f57c0000f568 : 269912924812648
@@@ mem[61792] = 0000f18000000001 : 265532058107905
@@@ mem[61800] = 00000d8c0000f374 : 14894946644852
@@@ mem[61808] = 0000000000000001 : 1
@@@ mem[61816] = 0000000000000002 : 2
@@@ mem[61824] = 0000006b0000009a : 459561500826
@@@
@@@ mem[61840] = 0000009e00000000 : 678604832768
@@@ mem[61848] = 0000000000000027 : 39
@@@
@@@ mem[61920] = 000000aa00000000 : 730144440320
@@@ mem[61928] = 0000000000000188 : 392
@@@
@@@ mem[61944] = 00000183000000bf : 1662152343743
@@@
@@@ mem[62024] = 00000059ffffffdc : 386547056604
@@@
@@@ mem[62040] = 0000004900000000 : 313532612608
@@@ mem[62048] = 000000000000009f : 159
@@@
@@@ mem[62120] = 000000bb00000000 : 803158884352
@@@ mem[62128] = 0000000000000100 : 256
@@@
@@@ mem[62144] = 0000009600000030 : 644245094448
@@@
@@@ mem[62224] = ffffffccffffff98 : 18446743854666219416
@@@
@@@ mem[62240] = 0000002800000000 : 171798691840
@@@ mem[62248] = 0000000000000091 : 145
@@@
@@@ mem[62320] = 0000009e00000000 : 678604832768
@@@ mem[62328] = 00000003fffffffb : 17179869179
@@@ mem[62336] = 00000005ffffffff : 25769803775
@@@ mem[62344] = 0000000100000008 : 4294967304
@@@ mem[62352] = 0000000000000006 : 6
@@@ mem[62360] = fffffffcfffffffd : 18446744060824649725
@@@ mem[62368] = 0000000700000003 : 30064771075
@@@ mem[62376] = fffffffe00000001 : 18446744065119617025
@@@ mem[62384] = fffffffbfffffffc : 18446744056529682428
@@@ mem[62392] = ffffffff00000003 : 18446744069414584323
@@@ mem[62400] = 0000000000000005 : 5
@@@ mem[62408] = 00000004fffffffd : 21474836477
@@@ mem[62416] = 00000005ffffffff : 25769803775
@@@ mem[62424] = 0000000500000188 : 21474836872
@@@ mem[62432] = 0000000100000008 : 4294967304
@@@ mem[62440] = fffffffcfffffffe : 18446744060824649726
@@@ mem[62448] = 0000000700000003 : 30064771075
@@@ mem[62456] = 0000000200000009 : 8589934601
@@@ mem[62464] = 0000000800000006 : 34359738374
@@@ mem[62472] = 0000000600000001 : 25769803777
@@@ mem[62480] = 0000000900000008 : 38654705672
@@@ mem[62488] = 000000020000000a : 8589934602
@@@ mem[62496] = fffffffcfffffffe : 18446744060824649726
@@@ mem[62504] = 00000003fffffffb : 17179869179
@@@ mem[62512] = 0000000100000007 : 4294967303
@@@ mem[62520] = 0000009ffffffffe : 687194767358
@@@ mem[62528] = ffffffff00000003 : 18446744069414584323
@@@ mem[62536] = 00000004fffffffd : 21474836477
@@@ mem[62544] = 00000005ffffffff : 25769803775
@@@ mem[62552] = 0000000500000000 : 21474836480
@@@ mem[62560] = 0000000100000008 : 4294967304
@@@ mem[62568] = 0000000000000006 : 6
@@@ mem[62576] = 0000000800000005 : 34359738373
@@@ mem[62584] = fffffffe00000001 : 18446744065119617025
@@@ mem[62592] = 0000000700000004 : 30064771076
@@@ mem[62600] = 0000000600000001 : 25769803777
@@@ mem[62608] = 0000000100000008 : 4294967304
@@@ mem[62616] = 0000000800000006 : 34359738374
@@@ mem[62624] = 0000000a00000100 : 42949673216
@@@ mem[62632] = 000000020000000a : 8589934602
@@@ mem[62640] = fffffffcfffffffe : 18446744060824649726
@@@ mem[62648] = ffffffff00000003 : 18446744069414584323
@@@ mem[62656] = fffffffcfffffffd : 18446744060824649725
@@@ mem[62664] = 00000003fffffffb : 17179869179
@@@ mem[62672] = 00000005ffffffff : 25769803775
@@@ mem[62680] = 0000000900000008 : 38654705672
@@@ mem[62688] = fffffffe00000002 : 18446744065119617026
@@@ mem[62696] = 0000000700000004 : 30064771076
@@@ mem[62704] = 0000000200000009 : 8589934601
@@@ mem[62712] = fffffffcfffffffe : 18446744060824649726
@@@ mem[62720] = 00000091fffffffb : 627065225211
@@@ mem[62728] = 00000003fffffffb : 17179869179
@@@ mem[62736] = 00000005ffffffff : 25769803775
@@@ mem[62744] = 0000000500000000 : 21474836480
@@@ mem[62752] = fffffffd00000000 : 18446744060824649728
@@@ mem[62760] = 00000003fffffffc : 17179869180
@@@ mem[62768] = 0000000100000007 : 4294967303
@@@ mem[62776] = 0000000000000006 : 6
@@@ mem[62784] = 00000004fffffffd : 21474836477
@@@ mem[62792] = fffffffdffffffff : 18446744065119617023
@@@ mem[62800] = ffffffff00000004 : 18446744069414584324
@@@ mem[62808] = 0000000000000005 : 5
@@@ mem[62816] = 0000000800000005 : 34359738373
@@@ mem[62824] = 0000000900000009 : 38654705673
@@@ mem[62832] = 00000003fffffffb : 17179869179
@@@ mem[62840] = 00000002ffffffff : 12884901887
@@@ mem[62848] = 0000000000000006 : 6
@@@
@@@ mem[62864] = fffffffd00000000 : 18446744060824649728
@@@
@@@ mem[62944] = fffffffbfffffffc : 18446744056529682428
@@@
@@@ mem[62960] = 0000000300000000 : 12884901888
@@@ mem[62968] = 0000000000000007 : 7
@@@
@@@ mem[63040] = 0000000100000000 : 4294967296
@@@ mem[63048] = 0000000000000006 : 6
@@@
@@@ mem[63064] = 0000000500000000 : 21474836480
@@@
@@@ mem[63144] = 0000000100000008 : 4294967304
@@@
@@@ mem[63160] = fffffffe00000000 : 18446744065119617024
@@@ mem[63168] = 00000000fffffffc : 4294967292
@@@
@@@ mem[63240] = fffffffb00000000 : 18446744052234715136
@@@ mem[63248] = 00000000fffffffb : 4294967291
@@@
@@@ mem[63264] = 0000000700000003 : 30064771075
@@@
@@@ mem[63344] = 0000000a0000000a : 42949672970
@@@
@@@ mem[63360] = 0000000a00000000 : 42949672960
@@@ mem[63368] = 000000000000000a : 10
@@@
@@@ mem[63440] = 0000000a00000000 : 42949672960
@@@ mem[63448] = 000000000000000a : 10
@@@
@@@ mem[63464] = 0000000a0000000a : 42949672970
@@@
@@@ mem[63544] = 0000000a0000000a : 42949672970
@@@
@@@ mem[63560] = 0000000200000000 : 8589934592
@@@ mem[63568] = 0000000000000006 : 6
@@@
@@@ mem[63640] = 0000000800000000 : 34359738368
@@@ mem[63648] = 0000000000000001 : 1
@@@
@@@ mem[63664] = fffffffcfffffffe : 18446744060824649726
@@@
@@@ mem[63744] = fffffffbfffffffb : 18446744056529682427
@@@
@@@ mem[63760] = fffffffb00000000 : 18446744052234715136
@@@ mem[63768] = 00000000fffffffb : 4294967291
@@@
@@@ mem[63840] = 0000000300000000 : 12884901888
@@@ mem[63848] = 00000000ffffffff : 4294967295
@@@
@@@ mem[63864] = 0000000000000005 : 5
@@@
@@@ mem[63944] = 0000000800000005 : 34359738373
@@@
@@@ mem[63960] = 0000000900000000 : 38654705664
@@@ mem[63968] = 000000000000000a : 10
@@@
@@@ mem[64040] = 0000000200000000 : 8589934592
@@@ mem[64048] = 00000000fffffffe : 4294967294
@@@
@@@ mem[64064] = 00000003fffffffc : 17179869180
@@@
@@@ mem[64144] = fffffffdffffffff : 18446744065119617023
@@@
@@@ mem[64160] = 0000000400000000 : 17179869184
@@@ mem[64168] = 00000000ffffffff : 4294967295
@@@
@@@ mem[64240] = 0000000500000000 : 21474836480
@@@
@@@ mem[64264] = fffffffcfffffffd : 18446744060824649725
@@@
@@@ mem[64344] = fffffffdffffffff : 18446744065119617023
@@@
@@@ mem[64360] = 0000000400000000 : 17179869184
@@@ mem[64368] = 0000000000000007 : 7
@@@
@@@ mem[64440] = 0000000100000000 : 4294967296
@@@ mem[64448] = 00000000fffffffe : 4294967294
@@@
@@@ mem[64464] = 0000000700000004 : 30064771076
@@@
@@@ mem[64544] = 0000000200000009 : 8589934601
@@@
@@@ mem[64560] = 0000000600000000 : 25769803776
@@@ mem[64568] = 0000000000000008 : 8
@@@
@@@ mem[64640] = 0000000900000000 : 38654705664
@@@ mem[64648] = 0000000000000002 : 2
@@@
@@@ mem[64664] = 0000000000000006 : 6
@@@
@@@ mem[64744] = fffffffcfffffffd : 18446744060824649725
@@@
@@@ mem[64760] = fffffffb00000000 : 18446744052234715136
@@@ mem[64768] = 0000000000000003 : 3
@@@
@@@ mem[64840] = 0000000500000000 : 21474836480
@@@ mem[64848] = 0000000000000008 : 8
@@@
@@@ mem[64864] = 0000000a00000009 : 42949672969
@@@
@@@ mem[64944] = 000000020000000a : 8589934602
@@@
@@@ mem[64960] = fffffffe00000000 : 18446744065119617024
@@@ mem[64968] = 00000000fffffffc : 4294967292
@@@
@@@ mem[65040] = fffffffb00000000 : 18446744052234715136
@@@ mem[65048] = 00000000fffffffb : 4294967291
@@@
@@@ mem[65064] = fffffffbfffffffb : 18446744056529682427
@@@
@@@ mem[65144] = fffffffbfffffffb : 18446744056529682427
@@@
@@@ mem[65160] = fffffffb00000000 : 18446744052234715136
@@@ mem[65168] = 0000000000000003 : 3
@@@
@@@ mem[65240] = 0000000700000000 : 30064771072
@@@ mem[65248] = 0000000000000009 : 9
@@@
@@@ mem[65264] = 0000000600000002 : 25769803778
@@@
@@@ mem[65344] = 000000000000000c : 12
@@@ mem[65352] = 000000000000007c : 124
@@@ mem[65360] = 0000000800000000 : 34359738368
@@@ mem[65368] = fffffffe00000001 : 18446744065119617025
@@@ mem[65376] = fffffffbfffffffc : 18446744056529682428
@@@ mem[65384] = 00000007fffffffb : 34359738363
@@@ mem[65392] = fffffffb0000000a : 18446744052234715146
@@@ mem[65400] = 0000000300000000 : 12884901888
@@@ mem[65408] = 0000000100000007 : 4294967303
@@@ mem[65416] = 00000004fffffffe : 21474836478
@@@ mem[65424] = 0000000600000001 : 25769803777
@@@ mem[65432] = 0000000900000008 : 38654705672
@@@ mem[65440] = 0000000a0000000a : 42949672970
@@@ mem[65448] = 000000020000000a : 8589934602
@@@ mem[65456] = fffffffcfffffffe : 18446744060824649726
@@@ mem[65464] = ffffffff00000003 : 18446744069414584323
@@@ mem[65472] = 0000000000000005 : 5
@@@ mem[65480] = fffffffd00000005 : 18446744060824649733
@@@ mem[65488] = 0000000700000004 : 30064771076
@@@ mem[65496] = 0000000600000001 : 25769803777
@@@
@@@ mem[65528] = 000000a000000000 : 687194767360
@@@
@@@ System halted on WFI instruction
@@@
