
Final memory state and exit status:

@@@ Unified Memory contents hex on left, decimal on right: 
@@@
@@@ mem[    0] = 0000009700000013 : 648540061715
@@@ mem[    8] = 0001011709c08093 : 282673436197011
@@@ mem[   16] = 00010413ff410113 : 285958910050579
@@@ mem[   24] = b681819300001197 : 13150934855258739095
@@@ mem[   32] = 0000029300000213 : 2830383448595
@@@ mem[   40] = 0000039300000313 : 3929895076627
@@@ mem[   48] = 0000051300000493 : 5579162518675
@@@ mem[   56] = 0000061300000593 : 6678674146707
@@@ mem[   64] = 0000071300000693 : 7778185774739
@@@ mem[   72] = 0000081300000793 : 8877697402771
@@@ mem[   80] = 0000091300000893 : 9977209030803
@@@ mem[   88] = 00000a1300000993 : 11076720658835
@@@ mem[   96] = 00000b1300000a93 : 12176232286867
@@@ mem[  104] = 00000c1300000b93 : 13275743914899
@@@ mem[  112] = 00000d1300000c93 : 14375255542931
@@@ mem[  120] = 00000e1300000d93 : 15474767170963
@@@ mem[  128] = 00000f1300000e93 : 16574278798995
@@@ mem[  136] = 28c0006f00000f93 : 2936347433786937235
@@@
@@@ mem[  160] = f601011300010117 : 17726450789423055127
@@@ mem[  168] = 00000013fea12c23 : 85876354083
@@@ mem[  176] = 0005079310500073 : 1415703098818675
@@@ mem[  184] = 02a76a6300200713 : 191238482622940947
@@@ mem[  192] = 02b7686300000513 : 195739883224958227
@@@ mem[  200] = 00f507b300179513 : 68969834676196627
@@@ mem[  208] = 00f6063300279793 : 69249660386514835
@@@ mem[  216] = 00b605b300259593 : 51234712121087379
@@@ mem[  224] = 001505130005a503 : 5916553673811203
@@@ mem[  232] = 0000806700153513 : 141179871376659
@@@ mem[  240] = 0000806700000513 : 141179869988115
@@@ mem[  248] = 04112623fb010113 : 293057386732650771
@@@ mem[  256] = 0491222304812423 : 329081781569528867
@@@ mem[  264] = 03312e2305212023 : 230015783917396003
@@@ mem[  272] = 03512a2303412c23 : 239018585094171683
@@@ mem[  280] = 0371262303612823 : 248021386304497699
@@@ mem[  288] = 0391222303812423 : 257024187514823715
@@@ mem[  296] = 01b12e2303a12023 : 121929392835338275
@@@ mem[  304] = 00078a1300e12223 : 2122139060740643
@@@ mem[  312] = 0090079300f12423 : 40540724603724835
@@@ mem[  320] = 00050b130ef60463 : 1419551366841443
@@@ mem[  328] = 00060c1300058b93 : 1702125604539283
@@@ mem[  336] = 0007091300068a93 : 1980302046431891
@@@ mem[  344] = 0016079302070c93 : 6200777463237779
@@@ mem[  352] = 00100d1300f12623 : 4517974898714147
@@@ mem[  360] = 0100006ffff00d93 : 72058075073219987
@@@ mem[  368] = 004a0a1300490913 : 20840225002031379
@@@ mem[  376] = 0009240307990863 : 2572870221367395
@@@ mem[  384] = 000a2483008b0433 : 2854894835532851
@@@ mem[  392] = 000a8613009b84b3 : 2962165939799219
@@@ mem[  400] = 0004051300048593 : 1131479069656467
@@@ mem[  408] = f1c080e700000097 : 17420065088294879383
@@@ mem[  416] = 00141993fc0508e3 : 5657622913288419
@@@ mem[  424] = 013489b3008989b3 : 86845694728047027
@@@ mem[  432] = 013a89b300299993 : 88534544582023571
@@@ mem[  440] = 008127830189a023 : 36353715615670307
@@@ mem[  448] = 000a869300412703 : 2962715689690883
@@@ mem[  456] = 0004859300c12603 : 1272766326187523
@@@ mem[  464] = 0000009700040513 : 648540325139
@@@ mem[  472] = 01a50863f24080e7 : 118510190554284263
@@@ mem[  480] = f8dff06f01b9a023 : 17933316600773582883
@@@ mem[  488] = 04c1208300000513 : 342590793669674259
@@@ mem[  496] = 0441248304812403 : 306566394772792323
@@@ mem[  504] = 03c1298304012903 : 270543095303579907
@@@ mem[  512] = 03412a8303812a03 : 234515397787855363
@@@ mem[  520] = 02c12b8303012b03 : 198487700272130819
@@@ mem[  528] = 02412c8302812c03 : 162460002756406275
@@@ mem[  536] = 01c12d8302012d03 : 126432305240681731
@@@ mem[  544] = 0000806705010113 : 141179953938707
@@@ mem[  552] = fc1ff06f00100513 : 18167503781368956179
@@@ mem[  560] = 06112e23f8010113 : 437181370851197203
@@@ mem[  568] = 04f12823fff00793 : 356109980621866899
@@@ mem[  576] = 04f12c2304f12a23 : 356114374457371171
@@@ mem[  584] = 06f1202304f12e23 : 500216368393694755
@@@ mem[  592] = 06f1242306f12223 : 500220766473757219
@@@ mem[  600] = 000007b706f12623 : 8482676876835
@@@ mem[  608] = 0007a30338078793 : 2149559057221523
@@@ mem[  616] = 0087a8030047a883 : 38183852699003011
@@@ mem[  624] = 0107a58300c7a503 : 74209900947285251
@@@ mem[  632] = 0187a6830147a603 : 110239797486265859
@@@ mem[  640] = 0261262301c7a703 : 171460192612361987
@@@ mem[  648] = 03012a2303112823 : 216500586954172451
@@@ mem[  656] = 02b12e2302a12c23 : 193986986856492067
@@@ mem[  664] = 04d1222304c12023 : 347096180083204131
@@@ mem[  672] = 0207a88304e12423 : 146270793588876323
@@@ mem[  680] = 0287a5030247a803 : 182295742273529859
@@@ mem[  688] = 0307a60302c7a583 : 218325638812509571
@@@ mem[  696] = 0387a7030347a683 : 254355535351490179
@@@ mem[  704] = 0111262303c7a783 : 76884600471136131
@@@ mem[  712] = 00a12a2301012823 : 45363801079490595
@@@ mem[  720] = 00c12e2300b12c23 : 54375398375500835
@@@ mem[  728] = 02e1222302d12023 : 207484591602212899
@@@ mem[  736] = 0401262302f12423 : 288553782943491107
@@@ mem[  744] = 02c1071300c10793 : 198447636779435923
@@@ mem[  752] = 0010061304c10693 : 4510278381274771
@@@ mem[  760] = 0000051300000593 : 5579162518931
@@@ mem[  768] = df8080e700000097 : 16105013997102694551
@@@ mem[  776] = 07c1208300a03533 : 558763575793956147
@@@ mem[  784] = 0000806708010113 : 141180004270355
@@@ mem[  792] = 00112623ff010113 : 4827010648047891
@@@ mem[  800] = f10080e700000097 : 17366021892766433431
@@@ mem[  808] = 00c1208300000513 : 54360417517962515
@@@ mem[  816] = 0000806701010113 : 141179886829843
@@@
@@@ mem[  896] = 0000000100000002 : 4294967298
@@@ mem[  904] = fffffffeffffffff : 18446744069414584319
@@@ mem[  912] = fffffffffffffffe : 18446744073709551614
@@@ mem[  920] = 0000000200000001 : 8589934593
@@@ mem[  928] = 0000000200000001 : 8589934593
@@@ mem[  936] = 0000000100000002 : 4294967298
@@@ mem[  944] = fffffffeffffffff : 18446744069414584319
@@@ mem[  952] = fffffffffffffffe : 18446744073709551614
@@@
@@@ mem[64752] = 0000ff9c00000000 : 281045479981056
@@@ mem[64760] = 000000090000ff7c : 38654771068
@@@
@@@ mem[64776] = ffffffff00000000 : 18446744069414584320
@@@ mem[64784] = 0000ffbc00000001 : 281182918934529
@@@ mem[64792] = 0000000200000007 : 8589934599
@@@ mem[64800] = 0000ffbc00000000 : 281182918934528
@@@ mem[64808] = 0000ffd80000ff98 : 281303178084248
@@@ mem[64816] = 000000010000ffb8 : 4295032760
@@@ mem[64824] = 000001dc00000002 : 2044404432898
@@@ mem[64832] = 0000ff9c00000000 : 281045479981056
@@@ mem[64840] = 000000080000ff7c : 34359803772
@@@
@@@ mem[64856] = ffffffff00000000 : 18446744069414584320
@@@ mem[64864] = 0000ffbc00000001 : 281182918934529
@@@ mem[64872] = 0000000000000006 : 6
@@@ mem[64880] = 0000ffbc00000001 : 281182918934529
@@@ mem[64888] = 0000ffc40000ff84 : 281217278738308
@@@ mem[64896] = 000000020000ffa4 : 8590000036
@@@ mem[64904] = 000001dc00000000 : 2044404432896
@@@ mem[64912] = 0000ff9c00000000 : 281045479981056
@@@ mem[64920] = 000000070000ff7c : 30064836476
@@@
@@@ mem[64936] = ffffffff00000000 : 18446744069414584320
@@@ mem[64944] = 0000ffbc00000001 : 281182918934529
@@@ mem[64952] = 0000000200000005 : 8589934597
@@@ mem[64960] = 0000ffbc00000002 : 281182918934530
@@@ mem[64968] = 0000ffc80000ff90 : 281234458607504
@@@ mem[64976] = 000000000000ffb0 : 65456
@@@ mem[64984] = 000001dc00000001 : 2044404432897
@@@ mem[64992] = 0000ff9c00000000 : 281045479981056
@@@ mem[65000] = 000000060000ff7c : 25769869180
@@@
@@@ mem[65016] = ffffffff00000000 : 18446744069414584320
@@@ mem[65024] = 0000ffbc00000001 : 281182918934529
@@@ mem[65032] = 0000000100000004 : 4294967300
@@@ mem[65040] = 0000ffbc00000000 : 281182918934528
@@@ mem[65048] = 0000ffdc0000ff7c : 281320357953404
@@@ mem[65056] = 000000020000ff9c : 8590000028
@@@ mem[65064] = 000001dc00000002 : 2044404432898
@@@ mem[65072] = 0000ff9c00000000 : 281045479981056
@@@ mem[65080] = 000000050000ff7c : 21474901884
@@@
@@@ mem[65096] = ffffffff00000000 : 18446744069414584320
@@@ mem[65104] = 0000ffbc00000001 : 281182918934529
@@@ mem[65112] = 0000000000000003 : 3
@@@ mem[65120] = 0000ffbc00000002 : 281182918934530
@@@ mem[65128] = 0000ffc00000ff88 : 281200098869128
@@@ mem[65136] = 000000010000ffa8 : 4295032744
@@@ mem[65144] = 000001dc00000000 : 2044404432896
@@@ mem[65152] = 0000ff9c00000000 : 281045479981056
@@@ mem[65160] = 000000040000ff7c : 17179934588
@@@
@@@ mem[65176] = ffffffff00000000 : 18446744069414584320
@@@ mem[65184] = 0000ffbc00000001 : 281182918934529
@@@ mem[65192] = 0000000200000002 : 8589934594
@@@ mem[65200] = 0000ffbc00000001 : 281182918934529
@@@ mem[65208] = 0000ffd40000ff94 : 281285998215060
@@@ mem[65216] = 000000000000ffb4 : 65460
@@@ mem[65224] = 000001dc00000002 : 2044404432898
@@@ mem[65232] = 0000ff9c00000000 : 281045479981056
@@@ mem[65240] = 000000030000ff7c : 12884967292
@@@
@@@ mem[65256] = ffffffff00000000 : 18446744069414584320
@@@ mem[65264] = 0000ffbc00000001 : 281182918934529
@@@ mem[65272] = 0000000000000001 : 1
@@@ mem[65280] = 0000ffbc00000000 : 281182918934528
@@@ mem[65288] = 0000ffd00000ff80 : 281268818345856
@@@ mem[65296] = 000000020000ffa0 : 8590000032
@@@ mem[65304] = 000001dc00000001 : 2044404432897
@@@ mem[65312] = 0000ff9c00000000 : 281045479981056
@@@ mem[65320] = 000000020000ff7c : 8589999996
@@@
@@@ mem[65384] = 0000030800010000 : 3332894687232
@@@
@@@ mem[65400] = 0000000100000000 : 4294967296
@@@ mem[65408] = 0000000200000002 : 8589934594
@@@ mem[65416] = ffffffff00000001 : 18446744069414584321
@@@ mem[65424] = fffffffefffffffe : 18446744069414584318
@@@ mem[65432] = 00000002ffffffff : 12884901887
@@@ mem[65440] = ffffffff00000001 : 18446744069414584321
@@@ mem[65448] = fffffffefffffffe : 18446744069414584318
@@@ mem[65456] = 00000001ffffffff : 8589934591
@@@ mem[65464] = 0000000000000002 : 2
@@@ mem[65472] = ffffffffffffffff : 18446744073709551615
@@@ mem[65480] = ffffffffffffffff : 18446744073709551615
@@@ mem[65488] = ffffffffffffffff : 18446744073709551615
@@@ mem[65496] = ffffffffffffffff : 18446744073709551615
@@@
@@@ mem[65512] = 0000032800000000 : 3470333575168
@@@
@@@ mem[65528] = 000000a000000000 : 687194767360
@@@
@@@ System halted on WFI instruction
@@@
