
Final memory state and exit status:

@@@ Unified Memory contents hex on left, decimal on right: 
@@@
@@@ mem[    0] = 0000009700000013 : 648540061715
@@@ mem[    8] = 0001011709c08093 : 282673436197011
@@@ mem[   16] = 00010413ff410113 : 285958910050579
@@@ mem[   24] = cc81819300001197 : 14736201924093153687
@@@ mem[   32] = 0000029300000213 : 2830383448595
@@@ mem[   40] = 0000039300000313 : 3929895076627
@@@ mem[   48] = 0000051300000493 : 5579162518675
@@@ mem[   56] = 0000061300000593 : 6678674146707
@@@ mem[   64] = 0000071300000693 : 7778185774739
@@@ mem[   72] = 0000081300000793 : 8877697402771
@@@ mem[   80] = 0000091300000893 : 9977209030803
@@@ mem[   88] = 00000a1300000993 : 11076720658835
@@@ mem[   96] = 00000b1300000a93 : 12176232286867
@@@ mem[  104] = 00000c1300000b93 : 13275743914899
@@@ mem[  112] = 00000d1300000c93 : 14375255542931
@@@ mem[  120] = 00000e1300000d93 : 15474767170963
@@@ mem[  128] = 00000f1300000e93 : 16574278798995
@@@ mem[  136] = 2680006f00000f93 : 2774217847201599379
@@@
@@@ mem[  160] = f601011300010117 : 17726450789423055127
@@@ mem[  168] = 00000013fea12c23 : 85876354083
@@@ mem[  176] = 000007b710500073 : 8482834088051
@@@ mem[  184] = 02f5606352c78793 : 213182537076803475
@@@ mem[  192] = 52c78793000047b7 : 5964885296905471927
@@@ mem[  200] = ff85069300a7ea63 : 18412129880015104611
@@@ mem[  208] = 5207a783000007b7 : 5910877217029621687
@@@ mem[  216] = ff01011305c0006f : 18374969135860809839
@@@ mem[  224] = 0010051300112623 : 4509178791011875
@@@ mem[  232] = fb8080e700000097 : 18122626630164676759
@@@ mem[  240] = 00b705b300462703 : 51516187099932419
@@@ mem[  248] = 0007a703feb52e23 : 2153960437001763
@@@ mem[  256] = fee52c2300072703 : 18367135184136382211
@@@ mem[  264] = ffc527030540006f : 18430179944010088559
@@@ mem[  272] = 00c7a22300c70633 : 56191791586018867
@@@ mem[  280] = 00e7a023ff852703 : 65196796091377411
@@@ mem[  288] = 0007a7030500006f : 2153956247601263
@@@ mem[  296] = 00e6ec6300e7e463 : 64999154604565603
@@@ mem[  304] = fed7f8e300070793 : 18363419659468212115
@@@ mem[  312] = 00e6e4630007a703 : 64990358496847619
@@@ mem[  320] = ffc52583fee7e8e3 : 18430178298931177699
@@@ mem[  328] = 003597130007a603 : 15084281626338819
@@@ mem[  336] = f8e60ee300e68733 : 17935038934185051955
@@@ mem[  344] = 0047a603fec52c23 : 20167259435904035
@@@ mem[  352] = 00e7873300361713 : 65169372736788243
@@@ mem[  360] = 00d7a023fae682e3 : 60693196386501347
@@@ mem[  368] = 52f7202300000737 : 5978282365053568823
@@@ mem[  376] = 000047b700008067 : 78851304620135
@@@ mem[  384] = fe01011312a7e263 : 18302911542039405155
@@@ mem[  392] = 00812c2300112e23 : 36358800832278051
@@@ mem[  400] = 0121282300912a23 : 81390399067859491
@@@ mem[  408] = 0141242301312623 : 90393200286574115
@@@ mem[  416] = 0035779300050413 : 15049647009891347
@@@ mem[  424] = ffc5741300078663 : 18430264675037316707
@@@ mem[  432] = 0084091300440413 : 37164674139292691
@@@ mem[  440] = 5207a503000007b7 : 5910874468250552247
@@@ mem[  448] = 0005278302050063 : 1450818511634531
@@@ mem[  456] = 02877a630047a703 : 182248875556841219
@@@ mem[  464] = 000009b7000004b7 : 10681583666359
@@@ mem[  472] = 0ac0006f00000a37 : 774619612649097783
@@@ mem[  480] = 52478713000007b7 : 5928855950130677687
@@@ mem[  488] = 52e6a023000006b7 : 5973638027937842871
@@@ mem[  496] = 0007222300e72023 : 2007858571321379
@@@ mem[  504] = fc9ff06f52478513 : 18203532579767289107
@@@ mem[  512] = 4127073304e40263 : 4694729052263809635
@@@ mem[  520] = 0037171300e7a223 : 15506494106083875
@@@ mem[  528] = 0087a22300e787b3 : 38177393078667187
@@@ mem[  536] = 52a7202300000737 : 5955764366916716343
@@@ mem[  544] = 01c1208300878513 : 126418011564770579
@@@ mem[  552] = 0141248301812403 : 90393612608676867
@@@ mem[  560] = 00c1298301012903 : 54370313139464451
@@@ mem[  568] = 0201011300812a03 : 144397844177037827
@@@ mem[  576] = 0007a70300008067 : 2153956163747943
@@@ mem[  584] = fcdff06f00e52023 : 18221546976911368227
@@@ mem[  592] = 01250733504a2503 : 82480085147985155
@@@ mem[  600] = 412787b350ea2223 : 4694870340783448611
@@@ mem[  608] = 0085222350f9a023 : 37473706980253731
@@@ mem[  616] = 0000009700850513 : 648548779283
@@@ mem[  624] = 5204a503e48080e7 : 5910030047154045159
@@@ mem[  632] = 00052783fa0506e3 : 1450822672385763
@@@ mem[  640] = f6877ee30047a703 : 17764306768613582595
@@@ mem[  648] = 000785135204a703 : 2116642863884035
@@@ mem[  656] = 5009a783fef716e3 : 5767324983184791267
@@@ mem[  664] = 00000513fb27fce3 : 5583376219363
@@@ mem[  672] = 00000513f85ff06f : 5583329554543
@@@ mem[  680] = ff01011300008067 : 18374969135764373607
@@@ mem[  688] = 0081242300112623 : 36350004739253795
@@@ mem[  696] = 0005049300912223 : 1412404299768355
@@@ mem[  704] = ebc080e700000097 : 16987719524067311767
@@@ mem[  712] = 0004861300050413 : 1273316069671955
@@@ mem[  720] = 0000009700000593 : 648540063123
@@@ mem[  728] = 000405130fc080e7 : 1131479333634279
@@@ mem[  736] = 0081240300c12083 : 36349867311833219
@@@ mem[  744] = 0101011300412483 : 72340250134914179
@@@ mem[  752] = ff01011300008067 : 18374969135764373607
@@@ mem[  760] = 0081242300112623 : 36350004739253795
@@@ mem[  768] = 0100051300912223 : 72063173209956899
@@@ mem[  776] = e74080e700000097 : 16663460350896636055
@@@ mem[  784] = 00c0079300050413 : 54051523470361619
@@@ mem[  792] = 0060079300f52023 : 27029925721874467
@@@ mem[  800] = 0010079300f51223 : 4511927585018403
@@@ mem[  808] = 0570079300f50323 : 391821495538877219
@@@ mem[  816] = 00b0079300f52423 : 49547923858727971
@@@ mem[  824] = 0100051300f52623 : 72063173216511523
@@@ mem[  832] = e3c080e700000097 : 16411258771763888279
@@@ mem[  840] = 0004051300050493 : 1131479069688979
@@@ mem[  848] = d64080e700000097 : 15438481252251861143
@@@ mem[  856] = 0000009701000513 : 648556840211
@@@ mem[  864] = 7d300793e20080e7 : 9020718385356374247
@@@ mem[  872] = 7d40079300f49223 : 9025221981208089123
@@@ mem[  880] = 0100051300f51223 : 72063173216506403
@@@ mem[  888] = f34080e700000097 : 17528151479351771287
@@@ mem[  896] = 00f512237e300793 : 68981312944342931
@@@ mem[  904] = 02079c6300654783 : 146257461935163267
@@@ mem[  912] = 0004851300050413 : 1272216558044179
@@@ mem[  920] = d1c080e700000097 : 15114222079081185431
@@@ mem[  928] = 0000009700040513 : 648540325139
@@@ mem[  936] = 00000513d10080e7 : 5582668988647
@@@ mem[  944] = 0081240300c12083 : 36349867311833219
@@@ mem[  952] = 0101011300412483 : 72340250134914179
@@@ mem[  960] = 0020051300008067 : 9012778417291367
@@@ mem[  968] = cd8080e700000097 : 14807977304419991703
@@@ mem[  976] = 0005071300f00313 : 1415153085055763
@@@ mem[  984] = 00f7779302c37e63 : 69655792537796195
@@@ mem[  992] = 080592630a079063 : 578029081254662243
@@@ mem[ 1000] = 00f67613ff067693 : 69372672525891219
@@@ mem[ 1008] = 00b7202300e686b3 : 51545255449102003
@@@ mem[ 1016] = 00b7242300b72223 : 51549653492507171
@@@ mem[ 1024] = 0107071300b72623 : 74035697072678435
@@@ mem[ 1032] = 00061463fed766e3 : 1711269570111203
@@@ mem[ 1040] = 40c306b300008067 : 4666581004754911335
@@@ mem[ 1048] = 0000029700269693 : 2847565846163
@@@ mem[ 1056] = 00c68067005686b3 : 55873225264367283
@@@ mem[ 1064] = 00b706a300b70723 : 51517217899480867
@@@ mem[ 1072] = 00b705a300b70623 : 51516118387852835
@@@ mem[ 1080] = 00b704a300b70523 : 51515018876224803
@@@ mem[ 1088] = 00b703a300b70423 : 51513919364596771
@@@ mem[ 1096] = 00b702a300b70323 : 51512819852968739
@@@ mem[ 1104] = 00b701a300b70223 : 51511720341340707
@@@ mem[ 1112] = 00b700a300b70123 : 51510620829712675
@@@ mem[ 1120] = 0000806700b70023 : 141179881979939
@@@ mem[ 1128] = 008596930ff5f593 : 37601730274653587
@@@ mem[ 1136] = 0105969300d5e5b3 : 73630527039858099
@@@ mem[ 1144] = f6dff06f00d5e5b3 : 17789201412682802611
@@@ mem[ 1152] = 0000029700279693 : 2847565911699
@@@ mem[ 1160] = 00008293005686b3 : 143567877473971
@@@ mem[ 1168] = 00028093fa0680e7 : 704322996699367
@@@ mem[ 1176] = 40f70733ff078793 : 4681218257578330003
@@@ mem[ 1184] = f6c378e300f60633 : 17781188670157882931
@@@ mem[ 1192] = 00000000f3dff06f : 4091539567
@@@
@@@ mem[ 1280] = 0000057400003fb8 : 5995774361528
@@@
@@@ mem[ 1312] = 0000054400000544 : 5789615916356
@@@ mem[ 1320] = 0000052400000000 : 5652176961536
@@@ mem[ 1328] = 0000000c00000010 : 51539607568
@@@ mem[ 1336] = 00000057000107d4 : 373662222292
@@@ mem[ 1344] = 0000055c0000000b : 5892695130123
@@@ mem[ 1352] = 0000000000000010 : 16
@@@ mem[ 1360] = 00000000000007d3 : 2003
@@@ mem[ 1368] = 0000052400000000 : 5652176961536
@@@ mem[ 1376] = 0000000000000010 : 16
@@@ mem[ 1384] = 00000000000007e3 : 2019
@@@
@@@ mem[65488] = 0000001000000000 : 68719476736
@@@ mem[65496] = 000002c800000534 : 3058016716084
@@@ mem[65504] = 0000054c00000000 : 5823975653376
@@@ mem[65512] = 0000038000000534 : 3848290698548
@@@
@@@ mem[65528] = 000000a000000000 : 687194767360
@@@
@@@ System halted on WFI instruction
@@@
