
Final memory state and exit status:

@@@ Unified Memory contents hex on left, decimal on right: 
@@@
@@@ mem[    0] = 0000009700000013 : 648540061715
@@@ mem[    8] = 0001011709c08093 : 282673436197011
@@@ mem[   16] = 00010413ff410113 : 285958910050579
@@@ mem[   24] = f281819300001197 : 17474390497534415255
@@@ mem[   32] = 0000029300000213 : 2830383448595
@@@ mem[   40] = 0000039300000313 : 3929895076627
@@@ mem[   48] = 0000051300000493 : 5579162518675
@@@ mem[   56] = 0000061300000593 : 6678674146707
@@@ mem[   64] = 0000071300000693 : 7778185774739
@@@ mem[   72] = 0000081300000793 : 8877697402771
@@@ mem[   80] = 0000091300000893 : 9977209030803
@@@ mem[   88] = 00000a1300000993 : 11076720658835
@@@ mem[   96] = 00000b1300000a93 : 12176232286867
@@@ mem[  104] = 00000c1300000b93 : 13275743914899
@@@ mem[  112] = 00000d1300000c93 : 14375255542931
@@@ mem[  120] = 00000e1300000d93 : 15474767170963
@@@ mem[  128] = 00000f1300000e93 : 16574278798995
@@@ mem[  136] = 4e40006f00000f93 : 5638507210209234835
@@@
@@@ mem[  160] = f601011300010117 : 17726450789423055127
@@@ mem[  168] = 00000013fea12c23 : 85876354083
@@@ mem[  176] = 000007b710500073 : 8482834088051
@@@ mem[  184] = 02f5606379878793 : 213182537726920595
@@@ mem[  192] = 79878793000047b7 : 8757117065875179447
@@@ mem[  200] = ff85069300a7ea63 : 18412129880015104611
@@@ mem[  208] = 78c7a783000007b7 : 8703108985999329207
@@@ mem[  216] = ff01011305c0006f : 18374969135860809839
@@@ mem[  224] = 0010051300112623 : 4509178791011875
@@@ mem[  232] = fb8080e700000097 : 18122626630164676759
@@@ mem[  240] = 00b705b300462703 : 51516187099932419
@@@ mem[  248] = 0007a703feb52e23 : 2153960437001763
@@@ mem[  256] = fee52c2300072703 : 18367135184136382211
@@@ mem[  264] = ffc527030540006f : 18430179944010088559
@@@ mem[  272] = 00c7a22300c70633 : 56191791586018867
@@@ mem[  280] = 00e7a023ff852703 : 65196796091377411
@@@ mem[  288] = 0007a7030500006f : 2153956247601263
@@@ mem[  296] = 00e6ec6300e7e463 : 64999154604565603
@@@ mem[  304] = fed7f8e300070793 : 18363419659468212115
@@@ mem[  312] = 00e6e4630007a703 : 64990358496847619
@@@ mem[  320] = ffc52583fee7e8e3 : 18430178298931177699
@@@ mem[  328] = 003597130007a603 : 15084281626338819
@@@ mem[  336] = f8e60ee300e68733 : 17935038934185051955
@@@ mem[  344] = 0047a603fec52c23 : 20167259435904035
@@@ mem[  352] = 00e7873300361713 : 65169372736788243
@@@ mem[  360] = 00d7a023fae682e3 : 60693196386501347
@@@ mem[  368] = 78f7262300000737 : 8716477535564597047
@@@ mem[  376] = 000047b700008067 : 78851304620135
@@@ mem[  384] = fe01011312a7e263 : 18302911542039405155
@@@ mem[  392] = 00812c2300112e23 : 36358800832278051
@@@ mem[  400] = 0121282300912a23 : 81390399067859491
@@@ mem[  408] = 0141242301312623 : 90393200286574115
@@@ mem[  416] = 0035779300050413 : 15049647009891347
@@@ mem[  424] = ffc5741300078663 : 18430264675037316707
@@@ mem[  432] = 0084091300440413 : 37164674139292691
@@@ mem[  440] = 78c7a503000007b7 : 8703106237220259767
@@@ mem[  448] = 0005278302050063 : 1450818511634531
@@@ mem[  456] = 02877a630047a703 : 182248875556841219
@@@ mem[  464] = 000009b7000004b7 : 10681583666359
@@@ mem[  472] = 0ac0006f00000a37 : 774619612649097783
@@@ mem[  480] = 79078713000007b7 : 8721087719100385207
@@@ mem[  488] = 78e6a623000006b7 : 8711833198448871095
@@@ mem[  496] = 0007222300e72023 : 2007858571321379
@@@ mem[  504] = fc9ff06f79078513 : 18203532580417406227
@@@ mem[  512] = 4127073304e40263 : 4694729052263809635
@@@ mem[  520] = 0037171300e7a223 : 15506494106083875
@@@ mem[  528] = 0087a22300e787b3 : 38177393078667187
@@@ mem[  536] = 78a7262300000737 : 8693959537427744567
@@@ mem[  544] = 01c1208300878513 : 126418011564770579
@@@ mem[  552] = 0141248301812403 : 90393612608676867
@@@ mem[  560] = 00c1298301012903 : 54370313139464451
@@@ mem[  568] = 0201011300812a03 : 144397844177037827
@@@ mem[  576] = 0007a70300008067 : 2153956163747943
@@@ mem[  584] = fcdff06f00e52023 : 18221546976911368227
@@@ mem[  592] = 01250733768a2503 : 82480085789713667
@@@ mem[  600] = 412787b376ea2423 : 4694870341420983331
@@@ mem[  608] = 0085222376f9a223 : 37473707617788451
@@@ mem[  616] = 0000009700850513 : 648548779283
@@@ mem[  624] = 78c4a503e48080e7 : 8702261816123752679
@@@ mem[  632] = 00052783fa0506e3 : 1450822672385763
@@@ mem[  640] = f6877ee30047a703 : 17764306768613582595
@@@ mem[  648] = 0007851378c4a703 : 2116643514001155
@@@ mem[  656] = 7649a783fef716e3 : 8523527955135534819
@@@ mem[  664] = 00000513fb27fce3 : 5583376219363
@@@ mem[  672] = 00000513f85ff06f : 5583329554543
@@@ mem[  680] = ff01011300008067 : 18374969135764373607
@@@ mem[  688] = 0081242300112623 : 36350004739253795
@@@ mem[  696] = 0005049300912223 : 1412404299768355
@@@ mem[  704] = ebc080e700000097 : 16987719524067311767
@@@ mem[  712] = 0004861300050413 : 1273316069671955
@@@ mem[  720] = 0000009700000593 : 648540063123
@@@ mem[  728] = 0004051335c080e7 : 1131479971168487
@@@ mem[  736] = 0081240300c12083 : 36349867311833219
@@@ mem[  744] = 0101011300412483 : 72340250134914179
@@@ mem[  752] = 0000073700008067 : 7932804628583
@@@ mem[  760] = 0017879376072783 : 6622991874467715
@@@ mem[  768] = 0000473776f72023 : 78303544680483
@@@ mem[  776] = 7987071300279793 : 8756975778633586579
@@@ mem[  784] = 00a7a02300f707b3 : 47182393311168435
@@@ mem[  792] = 7847278300000737 : 8666939451492009783
@@@ mem[  800] = 78f7222300178793 : 8716473137519626131
@@@ mem[  808] = 0000073700008067 : 7932804628583
@@@ mem[  816] = fff7879378472783 : 18444359866367027075
@@@ mem[  824] = 000007b778f72223 : 8484589871651
@@@ mem[  832] = 001706937887a703 : 6481154916460291
@@@ mem[  840] = 000047b778d7a423 : 78853331985443
@@@ mem[  848] = 7987879300271713 : 8757117065877722899
@@@ mem[  856] = 0007a50300e787b3 : 2151757155633075
@@@ mem[  864] = 000007b700008067 : 8482560442471
@@@ mem[  872] = 001535137847a503 : 5969332249535747
@@@ mem[  880] = ff01011300008067 : 18374969135764373607
@@@ mem[  888] = 0081242300112623 : 36350004739253795
@@@ mem[  896] = 0020051300050413 : 9012778417587219
@@@ mem[  904] = df4080e700000097 : 16086999598593212567
@@@ mem[  912] = 000500a300850023 : 1408074971938851
@@@ mem[  920] = 7807a703000007b7 : 8649065240715069367
@@@ mem[  928] = 78d7a02300170693 : 8707604476729951891
@@@ mem[  936] = 00271713000057b7 : 11002894463555511
@@@ mem[  944] = 00e787b381078793 : 65169924653811603
@@@ mem[  952] = 00c1208300a7a023 : 54360417528946723
@@@ mem[  960] = 0101011300812403 : 72340250139108355
@@@ mem[  968] = 0000473700008067 : 78301548806247
@@@ mem[  976] = 002517937ac70713 : 10440496325789459
@@@ mem[  984] = 00b787b300a787b3 : 51659123617925043
@@@ mem[  992] = 00f707b300279793 : 69532784630667155
@@@ mem[ 1000] = 00d7a02300100693 : 60693192178140819
@@@ mem[ 1008] = 00b785b300259793 : 51656924586153875
@@@ mem[ 1016] = 0025151300a58533 : 10437745497703731
@@@ mem[ 1024] = 00d5202300a70533 : 59989504746259763
@@@ mem[ 1032] = 000007b700008067 : 8482560442471
@@@ mem[ 1040] = 06d052637807a683 : 490982946552391299
@@@ mem[ 1048] = 00a787b300251793 : 47155523982006163
@@@ mem[ 1056] = 0000473700279793 : 78301551368083
@@@ mem[ 1064] = 00e787b37ac70713 : 65169924548921107
@@@ mem[ 1072] = 0010061300000513 : 4510278301517075
@@@ mem[ 1080] = 81058593000055b7 : 9296983872182965687
@@@ mem[ 1088] = 001505130100006f : 5916553690218607
@@@ mem[ 1096] = 02d5026300478793 : 204071982344931219
@@@ mem[ 1104] = fec718e30007a703 : 18358669769236260611
@@@ mem[ 1112] = 00b7073300251713 : 51517836365207315
@@@ mem[ 1120] = 0017470300072703 : 6552002675287811
@@@ mem[ 1128] = 00008067fc071ee3 : 141184098311907
@@@ mem[ 1136] = 00008067fff00513 : 141184163906835
@@@ mem[ 1144] = ff1ff06ffff00513 : 18383676567775610131
@@@ mem[ 1152] = 00112e23fe010113 : 4835806724292883
@@@ mem[ 1160] = 00912a2300812c23 : 40860201443732515
@@@ mem[ 1168] = 0131262301212823 : 85891799681411107
@@@ mem[ 1176] = 000057b701412423 : 96443511677987
@@@ mem[ 1184] = 001007138107a783 : 4511379977906051
@@@ mem[ 1192] = 0000051300e780a3 : 5579177689251
@@@ mem[ 1200] = e44080e700000097 : 16447287568782852247
@@@ mem[ 1208] = 7847a783000007b7 : 8667080188980365239
@@@ mem[ 1216] = fff0049304078e63 : 18442245503556488803
@@@ mem[ 1224] = 8109091300005937 : 9297972882892151095
@@@ mem[ 1232] = 00000a3700100993 : 11231340530067
@@@ mem[ 1240] = 002517930340006f : 10440494320451695
@@@ mem[ 1248] = 0007a78300f907b3 : 2154505935849395
@@@ mem[ 1256] = 00000097013780a3 : 648560476323
@@@ mem[ 1264] = 00040513e08080e7 : 1131482835878119
@@@ mem[ 1272] = f14080e700000097 : 17384036291275915415
@@@ mem[ 1280] = 784a2783fc951ee3 : 8667783880659771107
@@@ mem[ 1288] = 0000009700078a63 : 648540555875
@@@ mem[ 1296] = 00050413e20080e7 : 1411858326126823
@@@ mem[ 1304] = 000007b7fddff06f : 8486819721327
@@@ mem[ 1312] = 02f056637807a783 : 211764167701931907
@@@ mem[ 1320] = 81078793000057b7 : 9297549021159643063
@@@ mem[ 1328] = 0000063700000713 : 6833292969747
@@@ mem[ 1336] = 000680a30007a683 : 1830287428789891
@@@ mem[ 1344] = 0047879300170713 : 20133788777907987
@@@ mem[ 1352] = fed746e378062683 : 18363223948411676291
@@@ mem[ 1360] = 0181240301c12083 : 108407461366538371
@@@ mem[ 1368] = 0101290301412483 : 72384161897325699
@@@ mem[ 1376] = 00812a0300c12983 : 36356464381602179
@@@ mem[ 1384] = 0000806702010113 : 141179903607059
@@@ mem[ 1392] = 00112623ff010113 : 4827010648047891
@@@ mem[ 1400] = 7ac78793000047b7 : 8847189058422589367
@@@ mem[ 1408] = 0007a02306478713 : 2146397126625043
@@@ mem[ 1416] = 0007a4230007a223 : 2150795068285475
@@@ mem[ 1424] = 0007a8230007a623 : 2155193114797603
@@@ mem[ 1432] = fef714e301478793 : 18372176170092824467
@@@ mem[ 1440] = 0000009705300513 : 648627094803
@@@ mem[ 1448] = 04100513dd0080e7 : 292739558649397479
@@@ mem[ 1456] = dc4080e700000097 : 15870826816479428759
@@@ mem[ 1464] = 0000009704200513 : 648609269011
@@@ mem[ 1472] = 04300513db8080e7 : 301746757878972647
@@@ mem[ 1480] = dac080e700000097 : 15762740425422536855
@@@ mem[ 1488] = 0000009704400513 : 648611366163
@@@ mem[ 1496] = 000047b7da0080e7 : 78854962053351
@@@ mem[ 1504] = 001007137ac78793 : 4511379873040275
@@@ mem[ 1512] = 00e7aa2300e7a223 : 65207786935919139
@@@ mem[ 1520] = 02e7a42300e7a423 : 209316377942008867
@@@ mem[ 1528] = 02e7ae2300e7a623 : 209327373058287139
@@@ mem[ 1536] = 04e7aa2302e7a223 : 353438163121185315
@@@ mem[ 1544] = 04e7ac2302e7ac23 : 353440362144443427
@@@ mem[ 1552] = 04e7ae2304e7a623 : 353442561201251875
@@@ mem[ 1560] = e68080e700000097 : 16609417155368190103
@@@ mem[ 1568] = 00c1208300000513 : 54360417517962515
@@@ mem[ 1576] = 0000806701010113 : 141179886829843
@@@ mem[ 1584] = 0005071300f00313 : 1415153085055763
@@@ mem[ 1592] = 00f7779302c37e63 : 69655792537796195
@@@ mem[ 1600] = 080592630a079063 : 578029081254662243
@@@ mem[ 1608] = 00f67613ff067693 : 69372672525891219
@@@ mem[ 1616] = 00b7202300e686b3 : 51545255449102003
@@@ mem[ 1624] = 00b7242300b72223 : 51549653492507171
@@@ mem[ 1632] = 0107071300b72623 : 74035697072678435
@@@ mem[ 1640] = 00061463fed766e3 : 1711269570111203
@@@ mem[ 1648] = 40c306b300008067 : 4666581004754911335
@@@ mem[ 1656] = 0000029700269693 : 2847565846163
@@@ mem[ 1664] = 00c68067005686b3 : 55873225264367283
@@@ mem[ 1672] = 00b706a300b70723 : 51517217899480867
@@@ mem[ 1680] = 00b705a300b70623 : 51516118387852835
@@@ mem[ 1688] = 00b704a300b70523 : 51515018876224803
@@@ mem[ 1696] = 00b703a300b70423 : 51513919364596771
@@@ mem[ 1704] = 00b702a300b70323 : 51512819852968739
@@@ mem[ 1712] = 00b701a300b70223 : 51511720341340707
@@@ mem[ 1720] = 00b700a300b70123 : 51510620829712675
@@@ mem[ 1728] = 0000806700b70023 : 141179881979939
@@@ mem[ 1736] = 008596930ff5f593 : 37601730274653587
@@@ mem[ 1744] = 0105969300d5e5b3 : 73630527039858099
@@@ mem[ 1752] = f6dff06f00d5e5b3 : 17789201412682802611
@@@ mem[ 1760] = 0000029700279693 : 2847565911699
@@@ mem[ 1768] = 00008293005686b3 : 143567877473971
@@@ mem[ 1776] = 00028093fa0680e7 : 704322996699367
@@@ mem[ 1784] = 40f70733ff078793 : 4681218257578330003
@@@ mem[ 1792] = f6c378e300f60633 : 17781188670157882931
@@@ mem[ 1800] = 00000000f3dff06f : 4091539567
@@@
@@@ mem[ 1888] = 00003fc400000004 : 70111046139908
@@@ mem[ 1896] = 00000000000007d4 : 2004
@@@
@@@ mem[ 1920] = 0000000000000005 : 5
@@@ mem[ 1928] = 0000079000000005 : 8315056685061
@@@ mem[ 1936] = 0000000000000790 : 1936
@@@ mem[ 1944] = 0000000400000790 : 17179871120
@@@ mem[ 1952] = 0000079000000053 : 8315056685139
@@@ mem[ 1960] = 0000004100000004 : 279172874244
@@@ mem[ 1968] = 0000000400000790 : 17179871120
@@@ mem[ 1976] = 0000079000000042 : 8315056685122
@@@ mem[ 1984] = 0000004300000004 : 287762808836
@@@ mem[ 1992] = 0000000400000790 : 17179871120
@@@ mem[ 2000] = 0000000000000044 : 68
@@@
@@@ mem[18328] = 0000000100000000 : 4294967296
@@@ mem[18336] = 0000000300000002 : 12884901890
@@@ mem[18344] = 0000000000000004 : 4
@@@ mem[18352] = 0000000100000001 : 4294967297
@@@ mem[18360] = 0000000000000001 : 1
@@@ mem[18368] = 0000000000000001 : 1
@@@
@@@ mem[18384] = 0000000100000001 : 4294967297
@@@
@@@ mem[18400] = 0000000100000000 : 4294967296
@@@ mem[18408] = 0000000000000001 : 1
@@@
@@@ mem[18424] = 0000000000000001 : 1
@@@ mem[18432] = 0000000100000001 : 4294967297
@@@ mem[18440] = 0000000000000001 : 1
@@@ mem[18448] = 000007ac000007a0 : 8435315771296
@@@ mem[18456] = 000007c4000007b8 : 8538394986424
@@@ mem[18464] = 00000000000007d0 : 2000
@@@
@@@ mem[65512] = 0000062000010000 : 6734508785664
@@@
@@@ mem[65528] = 000000a000000000 : 687194767360
@@@
@@@ System halted on WFI instruction
@@@
