
Final memory state and exit status:

@@@ Unified Memory contents hex on left, decimal on right: 
@@@
@@@ mem[    0] = 0000009700000013 : 648540061715
@@@ mem[    8] = 0001011709c08093 : 282673436197011
@@@ mem[   16] = 00010413ff410113 : 285958910050579
@@@ mem[   24] = f881819300001197 : 17906736061761982871
@@@ mem[   32] = 0000029300000213 : 2830383448595
@@@ mem[   40] = 0000039300000313 : 3929895076627
@@@ mem[   48] = 0000051300000493 : 5579162518675
@@@ mem[   56] = 0000061300000593 : 6678674146707
@@@ mem[   64] = 0000071300000693 : 7778185774739
@@@ mem[   72] = 0000081300000793 : 8877697402771
@@@ mem[   80] = 0000091300000893 : 9977209030803
@@@ mem[   88] = 00000a1300000993 : 11076720658835
@@@ mem[   96] = 00000b1300000a93 : 12176232286867
@@@ mem[  104] = 00000c1300000b93 : 13275743914899
@@@ mem[  112] = 00000d1300000c93 : 14375255542931
@@@ mem[  120] = 00000e1300000d93 : 15474767170963
@@@ mem[  128] = 00000f1300000e93 : 16574278798995
@@@ mem[  136] = 59c0006f00000f93 : 6467169541645406099
@@@
@@@ mem[  160] = f601011300010117 : 17726450789423055127
@@@ mem[  168] = 00000013fea12c23 : 85876354083
@@@ mem[  176] = 000007b710500073 : 8482834088051
@@@ mem[  184] = 02f560637ec78793 : 213182537815000979
@@@ mem[  192] = 7ec78793000047b7 : 9135419434574301111
@@@ mem[  200] = ff85069300a7ea63 : 18412129880015104611
@@@ mem[  208] = 7e07a783000007b7 : 9081411354698450871
@@@ mem[  216] = ff01011305c0006f : 18374969135860809839
@@@ mem[  224] = 0010051300112623 : 4509178791011875
@@@ mem[  232] = fb8080e700000097 : 18122626630164676759
@@@ mem[  240] = 00b705b300462703 : 51516187099932419
@@@ mem[  248] = 0007a703feb52e23 : 2153960437001763
@@@ mem[  256] = fee52c2300072703 : 18367135184136382211
@@@ mem[  264] = ffc527030540006f : 18430179944010088559
@@@ mem[  272] = 00c7a22300c70633 : 56191791586018867
@@@ mem[  280] = 00e7a023ff852703 : 65196796091377411
@@@ mem[  288] = 0007a7030500006f : 2153956247601263
@@@ mem[  296] = 00e6ec6300e7e463 : 64999154604565603
@@@ mem[  304] = fed7f8e300070793 : 18363419659468212115
@@@ mem[  312] = 00e6e4630007a703 : 64990358496847619
@@@ mem[  320] = ffc52583fee7e8e3 : 18430178298931177699
@@@ mem[  328] = 003597130007a603 : 15084281626338819
@@@ mem[  336] = f8e60ee300e68733 : 17935038934185051955
@@@ mem[  344] = 0047a603fec52c23 : 20167259435904035
@@@ mem[  352] = 00e7873300361713 : 65169372736788243
@@@ mem[  360] = 00d7a023fae682e3 : 60693196386501347
@@@ mem[  368] = 7ef7202300000737 : 9148816502722398007
@@@ mem[  376] = 000047b700008067 : 78851304620135
@@@ mem[  384] = fe01011312a7e263 : 18302911542039405155
@@@ mem[  392] = 00812c2300112e23 : 36358800832278051
@@@ mem[  400] = 0121282300912a23 : 81390399067859491
@@@ mem[  408] = 0141242301312623 : 90393200286574115
@@@ mem[  416] = 0035779300050413 : 15049647009891347
@@@ mem[  424] = ffc5741300078663 : 18430264675037316707
@@@ mem[  432] = 0084091300440413 : 37164674139292691
@@@ mem[  440] = 7e07a503000007b7 : 9081408605919381431
@@@ mem[  448] = 0005278302050063 : 1450818511634531
@@@ mem[  456] = 02877a630047a703 : 182248875556841219
@@@ mem[  464] = 000009b7000004b7 : 10681583666359
@@@ mem[  472] = 0ac0006f00000a37 : 774619612649097783
@@@ mem[  480] = 7e478713000007b7 : 9099390087799506871
@@@ mem[  488] = 7ee6a023000006b7 : 9144172165606672055
@@@ mem[  496] = 0007222300e72023 : 2007858571321379
@@@ mem[  504] = fc9ff06f7e478513 : 18203532580505486611
@@@ mem[  512] = 4127073304e40263 : 4694729052263809635
@@@ mem[  520] = 0037171300e7a223 : 15506494106083875
@@@ mem[  528] = 0087a22300e787b3 : 38177393078667187
@@@ mem[  536] = 7ea7202300000737 : 9126298504585545527
@@@ mem[  544] = 01c1208300878513 : 126418011564770579
@@@ mem[  552] = 0141248301812403 : 90393612608676867
@@@ mem[  560] = 00c1298301012903 : 54370313139464451
@@@ mem[  568] = 0201011300812a03 : 144397844177037827
@@@ mem[  576] = 0007a70300008067 : 2153956163747943
@@@ mem[  584] = fcdff06f00e52023 : 18221546976911368227
@@@ mem[  592] = 012507337c4a2503 : 82480085886182659
@@@ mem[  600] = 412787b37cea2223 : 4694870341521646115
@@@ mem[  608] = 008522237cf9a023 : 37473707718451235
@@@ mem[  616] = 0000009700850513 : 648548779283
@@@ mem[  624] = 7e04a503e48080e7 : 9080564184822874343
@@@ mem[  632] = 00052783fa0506e3 : 1450822672385763
@@@ mem[  640] = f6877ee30047a703 : 17764306768613582595
@@@ mem[  648] = 000785137e04a703 : 2116643602081539
@@@ mem[  656] = 7c09a783fef716e3 : 8937859120853620451
@@@ mem[  664] = 00000513fb27fce3 : 5583376219363
@@@ mem[  672] = 00000513f85ff06f : 5583329554543
@@@ mem[  680] = ff01011300008067 : 18374969135764373607
@@@ mem[  688] = 0081242300112623 : 36350004739253795
@@@ mem[  696] = 0005049300912223 : 1412404299768355
@@@ mem[  704] = ebc080e700000097 : 16987719524067311767
@@@ mem[  712] = 0004861300050413 : 1273316069671955
@@@ mem[  720] = 0000009700000593 : 648540063123
@@@ mem[  728] = 000405133a4080e7 : 1131480046665959
@@@ mem[  736] = 0081240300c12083 : 36349867311833219
@@@ mem[  744] = 0101011300412483 : 72340250134914179
@@@ mem[  752] = 00055c6300008067 : 1508955155103847
@@@ mem[  760] = 0107951301150793 : 74191827729975187
@@@ mem[  768] = 0107971341055513 : 74194027825943827
@@@ mem[  776] = 01000793fe0748e3 : 72065926241405155
@@@ mem[  784] = fef5051300a7da63 : 18371595834101324387
@@@ mem[  792] = 4105551301051513 : 4685244527458718995
@@@ mem[  800] = 00008067fea7cae3 : 141184142396131
@@@ mem[  808] = 18f6066300100793 : 1798632123453671315
@@@ mem[  816] = 04112623fb010113 : 293057386732650771
@@@ mem[  824] = 0491222304812423 : 329081781569528867
@@@ mem[  832] = 03312e2305212023 : 230015783917396003
@@@ mem[  840] = 03512a2303412c23 : 239018585094171683
@@@ mem[  848] = 0371262303612823 : 248021386304497699
@@@ mem[  856] = 0005091303812423 : 1417352151376931
@@@ mem[  864] = 0000079302b05e63 : 8327986699875
@@@ mem[  872] = ffe7f71300179693 : 18439978860269770387
@@@ mem[  880] = 00e5073302010513 : 64465685325088019
@@@ mem[  888] = 0006d80300d906b3 : 1926357270988467
@@@ mem[  896] = 0026d683ff071023 : 10931911522717731
@@@ mem[  904] = 00278793fed71823 : 11126593797167139
@@@ mem[  912] = 4107d79301079793 : 4685950963679729555
@@@ mem[  920] = 4015da13fcb7c8e3 : 4617836772317448419
@@@ mem[  928] = 010b5b1301061b13 : 75253955961428755
@@@ mem[  936] = 01051513036b0533 : 73488140327388467
@@@ mem[  944] = 0000009741055513 : 649630930195
@@@ mem[  952] = 00050413f40080e7 : 1411858628116711
@@@ mem[  960] = 000a059300050613 : 2820878685767187
@@@ mem[  968] = 0000009700010513 : 648540128531
@@@ mem[  976] = 00040613f5c080e7 : 1132582704021735
@@@ mem[  984] = 01010513000a0593 : 72344648177812883
@@@ mem[  992] = f48080e700000097 : 17618223471899181207
@@@ mem[ 1000] = 000109930b405063 : 292002130317411
@@@ mem[ 1008] = fffa0b9301010a93 : 18445067949854231187
@@@ mem[ 1016] = 010bdb93010b9b93 : 75395243205958547
@@@ mem[ 1024] = 00210793001b9b93 : 9297002174847891
@@@ mem[ 1032] = 001a1a1300fb8bb3 : 7347018317663155
@@@ mem[ 1040] = 0009dc0300100513 : 2775180234458387
@@@ mem[ 1048] = 0104541301051413 : 73275934542992403
@@@ mem[ 1056] = 029404b3000ad483 : 185778651475399811
@@@ mem[ 1064] = 0104d49301049493 : 73417221787128979
@@@ mem[ 1072] = 01051513009c0533 : 73488140280268083
@@@ mem[ 1080] = 0000009741055513 : 649630930195
@@@ mem[ 1088] = 00a91023eb8080e7 : 47587017525068007
@@@ mem[ 1096] = 01051513409c0533 : 73488141354009907
@@@ mem[ 1104] = 0000009741055513 : 649630930195
@@@ mem[ 1112] = 014907b3ea0080e7 : 92613736644247783
@@@ mem[ 1120] = 028b053300a79023 : 183245926451089443
@@@ mem[ 1128] = 4105551301051513 : 4685244527458718995
@@@ mem[ 1136] = e84080e700000097 : 16735517944934563991
@@@ mem[ 1144] = 002a8a9300298993 : 11974312989395347
@@@ mem[ 1152] = f97998e300290913 : 17976567488353732883
@@@ mem[ 1160] = 0481240304c12083 : 324580243530653827
@@@ mem[ 1168] = 0401290304412483 : 288556944061441155
@@@ mem[ 1176] = 03812a0303c12983 : 252529246545717635
@@@ mem[ 1184] = 03012b0303412a83 : 216501549029993091
@@@ mem[ 1192] = 02812c0302c12b83 : 180473851514268547
@@@ mem[ 1200] = 0000806705010113 : 141179953938707
@@@ mem[ 1208] = 0105871300008067 : 73613484595642471
@@@ mem[ 1216] = 0140006f00100693 : 90072469289830035
@@@ mem[ 1224] = 4015551300059023 : 4617690533031415843
@@@ mem[ 1232] = 00e58a6300258593 : 64609927475594643
@@@ mem[ 1240] = fe0786e300157793 : 18304747519987775379
@@@ mem[ 1248] = fe9ff06f00d59023 : 18347647766476722211
@@@ mem[ 1256] = fc01011300008067 : 18158796353650589799
@@@ mem[ 1264] = 02812c2302112e23 : 180473988941688355
@@@ mem[ 1272] = 0321282302912a23 : 225505587177269795
@@@ mem[ 1280] = 0005841303312623 : 1552592076351011
@@@ mem[ 1288] = 0000009700010593 : 648540128659
@@@ mem[ 1296] = 01010593fb0080e7 : 72345202144084199
@@@ mem[ 1304] = 0000009700040513 : 648540325139
@@@ mem[ 1312] = 00200613fa0080e7 : 9013882123223271
@@@ mem[ 1320] = 0001051300800593 : 287054147618195
@@@ mem[ 1328] = df8080e700000097 : 16105013997102694551
@@@ mem[ 1336] = 0080059300200613 : 36034925939394067
@@@ mem[ 1344] = 0000009701010513 : 648556905747
@@@ mem[ 1352] = 00010493de4080e7 : 286508112183527
@@@ mem[ 1360] = 0009099301010913 : 2543801772083475
@@@ mem[ 1368] = 0004550300010413 : 1219371280172051
@@@ mem[ 1376] = 02f5053300095783 : 213082273972049795
@@@ mem[ 1384] = 4105551301051513 : 4685244527458718995
@@@ mem[ 1392] = d84080e700000097 : 15582596440327717015
@@@ mem[ 1400] = 0024041300a41023 : 10137578823225379
@@@ mem[ 1408] = fd341ce300290913 : 18245239751670565139
@@@ mem[ 1416] = 0080059300900613 : 36034925946734099
@@@ mem[ 1424] = 0000009700010513 : 648540128531
@@@ mem[ 1432] = 00000913d94080e7 : 9980853911783
@@@ mem[ 1440] = 0004d78300100413 : 1362857548579859
@@@ mem[ 1448] = 40f5053300479513 : 4680653104327660819
@@@ mem[ 1456] = 4105551301051513 : 4685244527458718995
@@@ mem[ 1464] = d3c080e700000097 : 15258337267157041303
@@@ mem[ 1472] = 0104141300a49023 : 73205565792489507
@@@ mem[ 1480] = 02a4053301045413 : 190282800874935315
@@@ mem[ 1488] = 0105151301250533 : 73488140289246515
@@@ mem[ 1496] = 0000009741055513 : 649630930195
@@@ mem[ 1504] = 00050913d18080e7 : 1417355607441639
@@@ mem[ 1512] = 0104151300141413 : 73206665294648339
@@@ mem[ 1520] = 0000009741055513 : 649630930195
@@@ mem[ 1528] = 00050413d00080e7 : 1411858024136935
@@@ mem[ 1536] = fb3490e300248493 : 18101252106943235219
@@@ mem[ 1544] = 03c1208300090513 : 270533199632336147
@@@ mem[ 1552] = 0341248303812403 : 234508800718087171
@@@ mem[ 1560] = 02c1298303012903 : 198485501248874755
@@@ mem[ 1568] = 0000806704010113 : 141179937161491
@@@ mem[ 1576] = 00112623ff010113 : 4827010648047891
@@@ mem[ 1584] = 0100059300812423 : 72063722964722723
@@@ mem[ 1592] = 0000009700300513 : 648543208723
@@@ mem[ 1600] = 00050413eb0080e7 : 1411858477121767
@@@ mem[ 1608] = 0040051301700593 : 18019977696118163
@@@ mem[ 1616] = e9c080e700000097 : 16843604335991455895
@@@ mem[ 1624] = 0004051300050593 : 1131479069689235
@@@ mem[ 1632] = e8c080e700000097 : 16771546741953527959
@@@ mem[ 1640] = 0081240300c12083 : 36349867311833219
@@@ mem[ 1648] = 0000806701010113 : 141179886829843
@@@ mem[ 1656] = 0005071300f00313 : 1415153085055763
@@@ mem[ 1664] = 00f7779302c37e63 : 69655792537796195
@@@ mem[ 1672] = 080592630a079063 : 578029081254662243
@@@ mem[ 1680] = 00f67613ff067693 : 69372672525891219
@@@ mem[ 1688] = 00b7202300e686b3 : 51545255449102003
@@@ mem[ 1696] = 00b7242300b72223 : 51549653492507171
@@@ mem[ 1704] = 0107071300b72623 : 74035697072678435
@@@ mem[ 1712] = 00061463fed766e3 : 1711269570111203
@@@ mem[ 1720] = 40c306b300008067 : 4666581004754911335
@@@ mem[ 1728] = 0000029700269693 : 2847565846163
@@@ mem[ 1736] = 00c68067005686b3 : 55873225264367283
@@@ mem[ 1744] = 00b706a300b70723 : 51517217899480867
@@@ mem[ 1752] = 00b705a300b70623 : 51516118387852835
@@@ mem[ 1760] = 00b704a300b70523 : 51515018876224803
@@@ mem[ 1768] = 00b703a300b70423 : 51513919364596771
@@@ mem[ 1776] = 00b702a300b70323 : 51512819852968739
@@@ mem[ 1784] = 00b701a300b70223 : 51511720341340707
@@@ mem[ 1792] = 00b700a300b70123 : 51510620829712675
@@@ mem[ 1800] = 0000806700b70023 : 141179881979939
@@@ mem[ 1808] = 008596930ff5f593 : 37601730274653587
@@@ mem[ 1816] = 0105969300d5e5b3 : 73630527039858099
@@@ mem[ 1824] = f6dff06f00d5e5b3 : 17789201412682802611
@@@ mem[ 1832] = 0000029700279693 : 2847565911699
@@@ mem[ 1840] = 00008293005686b3 : 143567877473971
@@@ mem[ 1848] = 00028093fa0680e7 : 704322996699367
@@@ mem[ 1856] = 40f70733ff078793 : 4681218257578330003
@@@ mem[ 1864] = f6c378e300f60633 : 17781188670157882931
@@@ mem[ 1872] = 00000000f3dff06f : 4091539567
@@@
@@@ mem[ 1952] = 001100020009000f : 4785083194605583
@@@ mem[ 1960] = 0000000000080001 : 524289
@@@
@@@ mem[ 1984] = 000007ec00004000 : 8710193692672
@@@
@@@ mem[65216] = 000000000000000d : 13
@@@
@@@ mem[65232] = 0000000000000001 : 1
@@@
@@@ mem[65264] = 000000000000000d : 13
@@@ mem[65272] = 0000ffc000000002 : 281200098803714
@@@ mem[65280] = 0000ffb00000ff70 : 281131379392368
@@@ mem[65288] = 000003e800000010 : 4294967296016
@@@ mem[65296] = 00000000000e000c : 917516
@@@
@@@ mem[65312] = 00000000000c000e : 786446
@@@
@@@ mem[65344] = 0000000000000009 : 9
@@@ mem[65352] = 0000ffc000000004 : 281200098803716
@@@ mem[65360] = 0000ffb00000ffb0 : 281131379392432
@@@ mem[65368] = 000003e80000000d : 4294967296013
@@@ mem[65376] = 000c000800080008 : 3377734080790536
@@@
@@@ mem[65392] = 000b000f00000009 : 3096289168326665
@@@
@@@ mem[65432] = 0000ffc000000000 : 281200098803712
@@@ mem[65440] = 0000ffb00000ffd0 : 281131379392464
@@@ mem[65448] = 0000059c0000ffc0 : 6167573102528
@@@ mem[65456] = 0003000200010000 : 844433520132096
@@@ mem[65464] = 0000000000010002 : 65538
@@@ mem[65472] = 0005000400070003 : 1407392063881219
@@@ mem[65480] = 0006000d00030001 : 1688905695035393
@@@
@@@ mem[65512] = 000006680000000e : 7043746365454
@@@
@@@ mem[65528] = 000000a00000000d : 687194767373
@@@
@@@ System halted on WFI instruction
@@@
