
Final memory state and exit status:

@@@ Unified Memory contents hex on left, decimal on right: 
@@@
@@@ mem[    0] = 0000009700000013 : 648540061715
@@@ mem[    8] = 0001011709c08093 : 282673436197011
@@@ mem[   16] = 00010413ff410113 : 285958910050579
@@@ mem[   24] = f081819300001197 : 17330275309458559383
@@@ mem[   32] = 0000029300000213 : 2830383448595
@@@ mem[   40] = 0000039300000313 : 3929895076627
@@@ mem[   48] = 0000051300000493 : 5579162518675
@@@ mem[   56] = 0000061300000593 : 6678674146707
@@@ mem[   64] = 0000071300000693 : 7778185774739
@@@ mem[   72] = 0000081300000793 : 8877697402771
@@@ mem[   80] = 0000091300000893 : 9977209030803
@@@ mem[   88] = 00000a1300000993 : 11076720658835
@@@ mem[   96] = 00000b1300000a93 : 12176232286867
@@@ mem[  104] = 00000c1300000b93 : 13275743914899
@@@ mem[  112] = 00000d1300000c93 : 14375255542931
@@@ mem[  120] = 00000e1300000d93 : 15474767170963
@@@ mem[  128] = 00000f1300000e93 : 16574278798995
@@@ mem[  136] = 0800006f00000f93 : 576461229044797331
@@@
@@@ mem[  160] = f601011300010117 : 17726450789423055127
@@@ mem[  168] = 00000013fea12c23 : 85876354083
@@@ mem[  176] = 000007b710500073 : 8482834088051
@@@ mem[  184] = 04f054637407a783 : 355877156687423363
@@@ mem[  192] = 0000081300000893 : 8877697403027
@@@ mem[  200] = 0005278300000e37 : 1450818477755959
@@@ mem[  208] = 026787b30005a303 : 173256313546318595
@@@ mem[  216] = 00f888b300f62023 : 69956096620896291
@@@ mem[  224] = 0045051300180813 : 19427352557127699
@@@ mem[  232] = 0046061300458593 : 19709927048447379
@@@ mem[  240] = fcf84ce3740e2783 : 18228404031570454403
@@@ mem[  248] = 00d72023011686b3 : 60552454706988723
@@@ mem[  256] = 0000089300008067 : 9427453247591
@@@ mem[  264] = fc010113ff1ff06f : 18158796357930840175
@@@ mem[  272] = 02812c2302112e23 : 180473988941688355
@@@ mem[  280] = 0321282302912a23 : 225505587177269795
@@@ mem[  288] = 0341242303312623 : 234508388395984419
@@@ mem[  296] = 0361202303512223 : 243511189606310435
@@@ mem[  304] = 01812c2301712e23 : 108416394893274659
@@@ mem[  312] = 0401041301912a23 : 288516330805602851
@@@ mem[  320] = 7407a703000007b7 : 8360834864563357623
@@@ mem[  328] = 00f7879300271793 : 69673384680036243
@@@ mem[  336] = 40f10133ff07f793 : 4679522810648328083
@@@ mem[  344] = 40f1013300010b93 : 4679522806369684371
@@@ mem[  352] = 40f1013300010c13 : 4679522806369684499
@@@ mem[  360] = 04e05e6300010c93 : 351384550229740691
@@@ mem[  368] = 000c0993000b8a13 : 3388226686126611
@@@ mem[  376] = 00000493000c8913 : 5029407525139
@@@ mem[  384] = fffa8a9300010ab7 : 18445207587814181559
@@@ mem[  392] = 0000009700000b37 : 648540064567
@@@ mem[  400] = 015575330b0080e7 : 96111829146697959
@@@ mem[  408] = 0000009700aa2023 : 648551211043
@@@ mem[  416] = 015575330a0080e7 : 96111829129920743
@@@ mem[  424] = 0009202300a9a023 : 2568609497456675
@@@ mem[  432] = 004a0a1300148493 : 20840224998589587
@@@ mem[  440] = 0049091300498993 : 20557650513725843
@@@ mem[  448] = fcf4c4e3740b2783 : 18227410073058748291
@@@ mem[  456] = 074080e700000097 : 522559286400778391
@@@ mem[  464] = fcc4071300050693 : 18213690571179230867
@@@ mem[  472] = 000c0593000c8613 : 3383828639680019
@@@ mem[  480] = 00000097000b8513 : 648540816659
@@@ mem[  488] = 00000513ed0080e7 : 5583138750695
@@@ mem[  496] = 03c12083fc040113 : 270533203859865875
@@@ mem[  504] = 0341248303812403 : 234508800718087171
@@@ mem[  512] = 02c1298303012903 : 198485501248874755
@@@ mem[  520] = 02412a8302812a03 : 162457803733150211
@@@ mem[  528] = 01c12b8302012b03 : 126430106217425667
@@@ mem[  536] = 01412c8301812c03 : 90402408701701123
@@@ mem[  544] = 0000806704010113 : 141179937161491
@@@ mem[  552] = 7447a783000007b7 : 8378849812828653495
@@@ mem[  560] = 0a07a6230aa7a423 : 722728934649078819
@@@ mem[  568] = 000007b700008067 : 8482560442471
@@@ mem[  576] = 4c9585b77447a803 : 5518463941388773379
@@@ mem[  584] = 0a882683f2d58593 : 758898885368579475
@@@ mem[  592] = 02b687b30ac82703 : 195492836886980355
@@@ mem[  600] = 00f637b300178613 : 69304086211036691
@@@ mem[  608] = 5851f6370ac82423 : 6364138464715744291
@@@ mem[  616] = 02c6863342d60613 : 199994788187342355
@@@ mem[  624] = 02b6b6b302b70733 : 195544513798145843
@@@ mem[  632] = 00d7073300c70733 : 60525035630561075
@@@ mem[  640] = 0017951300e787b3 : 6637833316435891
@@@ mem[  648] = 001555130af82623 : 6004514787698211
@@@ mem[  656] = 0000000000008067 : 32871
@@@
@@@ mem[  736] = 0000000000000300 : 768
@@@
@@@ mem[  768] = 000005ec00000000 : 6511170420736
@@@ mem[  776] = 000006bc00000654 : 7404523619924
@@@
@@@ mem[  936] = ab894868b3b04fc6 : 12360490266823512006
@@@ mem[  944] = e66d1234abcd330e : 16603947418614838030
@@@ mem[  952] = 0000000b0005deec : 47245025004
@@@
@@@ mem[ 1856] = 0000030000000004 : 3298534883332
@@@
@@@ mem[65424] = 2f4ad736864e0c63 : 3407772697240669283
@@@ mem[65432] = 2cbc4540215072d0 : 3223527575029576400
@@@ mem[65440] = 0000312900008ccf : 54052163456207
@@@ mem[65448] = 000059d800005db4 : 98784247831988
@@@ mem[65456] = 0000f6460000f42d : 270780508206125
@@@ mem[65464] = 00007f7800005b04 : 140153372826372
@@@
@@@ mem[65480] = 2f2ee41100000000 : 3399905530376880128
@@@
@@@ mem[65528] = 000000a000000000 : 687194767360
@@@
@@@ System halted on WFI instruction
@@@
