
Final memory state and exit status:

@@@ Unified Memory contents hex on left, decimal on right: 
@@@
@@@ mem[    0] = 0000009700000013 : 648540061715
@@@ mem[    8] = 0001011709c08093 : 282673436197011
@@@ mem[   16] = 00010413ff410113 : 285958910050579
@@@ mem[   24] = 5281819300001197 : 5945175451465945495
@@@ mem[   32] = 0000029300000213 : 2830383448595
@@@ mem[   40] = 0000039300000313 : 3929895076627
@@@ mem[   48] = 0000051300000493 : 5579162518675
@@@ mem[   56] = 0000061300000593 : 6678674146707
@@@ mem[   64] = 0000071300000693 : 7778185774739
@@@ mem[   72] = 0000081300000793 : 8877697402771
@@@ mem[   80] = 0000091300000893 : 9977209030803
@@@ mem[   88] = 00000a1300000993 : 11076720658835
@@@ mem[   96] = 00000b1300000a93 : 12176232286867
@@@ mem[  104] = 00000c1300000b93 : 13275743914899
@@@ mem[  112] = 00000d1300000c93 : 14375255542931
@@@ mem[  120] = 00000e1300000d93 : 15474767170963
@@@ mem[  128] = 00000f1300000e93 : 16574278798995
@@@ mem[  136] = 3450006f00000f93 : 3769513364850478995
@@@
@@@ mem[  160] = f601011300010117 : 17726450789423055127
@@@ mem[  168] = 00000013fea12c23 : 85876354083
@@@ mem[  176] = 000017b710500073 : 26075020132467
@@@ mem[  184] = 02f56063d9078793 : 213182539329144723
@@@ mem[  192] = d9078793000057b7 : 15638617296497301431
@@@ mem[  200] = ff85069300a7ea63 : 18412129880015104611
@@@ mem[  208] = d847a783000017b7 : 15584609216621451191
@@@ mem[  216] = ff01011305c0006f : 18374969135860809839
@@@ mem[  224] = 0010051300112623 : 4509178791011875
@@@ mem[  232] = fb8080e700000097 : 18122626630164676759
@@@ mem[  240] = 00b705b300462703 : 51516187099932419
@@@ mem[  248] = 0007a703feb52e23 : 2153960437001763
@@@ mem[  256] = fee52c2300072703 : 18367135184136382211
@@@ mem[  264] = ffc527030540006f : 18430179944010088559
@@@ mem[  272] = 00c7a22300c70633 : 56191791586018867
@@@ mem[  280] = 00e7a023ff852703 : 65196796091377411
@@@ mem[  288] = 0007a7030500006f : 2153956247601263
@@@ mem[  296] = 00e6ec6300e7e463 : 64999154604565603
@@@ mem[  304] = fed7f8e300070793 : 18363419659468212115
@@@ mem[  312] = 00e6e4630007a703 : 64990358496847619
@@@ mem[  320] = ffc52583fee7e8e3 : 18430178298931177699
@@@ mem[  328] = 003597130007a603 : 15084281626338819
@@@ mem[  336] = f8e60ee300e68733 : 17935038934185051955
@@@ mem[  344] = 0047a603fec52c23 : 20167259435904035
@@@ mem[  352] = 00e7873300361713 : 65169372736788243
@@@ mem[  360] = 00d7a023fae682e3 : 60693196386501347
@@@ mem[  368] = d8f7222300001737 : 15634002165159171895
@@@ mem[  376] = 000047b700008067 : 78851304620135
@@@ mem[  384] = fe01011312a7e263 : 18302911542039405155
@@@ mem[  392] = 00812c2300112e23 : 36358800832278051
@@@ mem[  400] = 0121282300912a23 : 81390399067859491
@@@ mem[  408] = 0141242301312623 : 90393200286574115
@@@ mem[  416] = 0035779300050413 : 15049647009891347
@@@ mem[  424] = ffc5741300078663 : 18430264675037316707
@@@ mem[  432] = 0084091300440413 : 37164674139292691
@@@ mem[  440] = d847a503000017b7 : 15584606467842381751
@@@ mem[  448] = 0005278302050063 : 1450818511634531
@@@ mem[  456] = 02877a630047a703 : 182248875556841219
@@@ mem[  464] = 000019b7000014b7 : 28273769714871
@@@ mem[  472] = 0ac0006f00001a37 : 774619612649101879
@@@ mem[  480] = d8878713000017b7 : 15602587949722507191
@@@ mem[  488] = d8e6a223000016b7 : 15629357828043445943
@@@ mem[  496] = 0007222300e72023 : 2007858571321379
@@@ mem[  504] = fc9ff06fd8878513 : 18203532582019630355
@@@ mem[  512] = 4127073304e40263 : 4694729052263809635
@@@ mem[  520] = 0037171300e7a223 : 15506494106083875
@@@ mem[  528] = 0087a22300e787b3 : 38177393078667187
@@@ mem[  536] = d8a7222300001737 : 15611484167022319415
@@@ mem[  544] = 01c1208300878513 : 126418011564770579
@@@ mem[  552] = 0141248301812403 : 90393612608676867
@@@ mem[  560] = 00c1298301012903 : 54370313139464451
@@@ mem[  568] = 0201011300812a03 : 144397844177037827
@@@ mem[  576] = 0007a70300008067 : 2153956163747943
@@@ mem[  584] = fcdff06f00e52023 : 18221546976911368227
@@@ mem[  592] = 01250733d68a2503 : 82480087400326403
@@@ mem[  600] = 412787b3d6ea2423 : 4694870343031596067
@@@ mem[  608] = 00852223d6f9a223 : 37473709228401187
@@@ mem[  616] = 0000009700850513 : 648548779283
@@@ mem[  624] = d844a503e48080e7 : 15583762046745870567
@@@ mem[  632] = 00052783fa0506e3 : 1450822672385763
@@@ mem[  640] = f6877ee30047a703 : 17764306768613582595
@@@ mem[  648] = 00078513d844a703 : 2116645116225283
@@@ mem[  656] = d649a783fef716e3 : 15441056982776616675
@@@ mem[  664] = 00000513fb27fce3 : 5583376219363
@@@ mem[  672] = 00000513f85ff06f : 5583329554543
@@@ mem[  680] = ff01011300008067 : 18374969135764373607
@@@ mem[  688] = 0081242300112623 : 36350004739253795
@@@ mem[  696] = 0005049300912223 : 1412404299768355
@@@ mem[  704] = ebc080e700000097 : 16987719524067311767
@@@ mem[  712] = 0004861300050413 : 1273316069671955
@@@ mem[  720] = 0000109700000593 : 18240726107539
@@@ mem[  728] = 00040513934080e7 : 1131481539838183
@@@ mem[  736] = 0081240300c12083 : 36349867311833219
@@@ mem[  744] = 0101011300412483 : 72340250134914179
@@@ mem[  752] = ff01011300008067 : 18374969135764373607
@@@ mem[  760] = 0081242300112623 : 36350004739253795
@@@ mem[  768] = 0080051300050413 : 36034376181810195
@@@ mem[  776] = e74080e700000097 : 16663460350896636055
@@@ mem[  784] = 0005222300852023 : 1444908611477539
@@@ mem[  792] = 0081240300c12083 : 36349867311833219
@@@ mem[  800] = 0000806701010113 : 141179886829843
@@@ mem[  808] = 00112623ff010113 : 4827010648047891
@@@ mem[  816] = 0091222300812423 : 40851405350708259
@@@ mem[  824] = 0005049301212023 : 1412404309205027
@@@ mem[  832] = 0000009700c00513 : 648552645907
@@@ mem[  840] = 00050413e38080e7 : 1411858351292647
@@@ mem[  848] = 0024991300952023 : 10301406054785059
@@@ mem[  856] = 0000009700090513 : 648540652819
@@@ mem[  864] = 00a42223e20080e7 : 46199433691431143
@@@ mem[  872] = 0000009700090513 : 648540652819
@@@ mem[  880] = 00a42423e10080e7 : 46201632697909479
@@@ mem[  888] = 0000079302905663 : 8327984600675
@@@ mem[  896] = 0044268300279613 : 19182642501490195
@@@ mem[  904] = 0006a02300c686b3 : 1864922057574067
@@@ mem[  912] = 00c7073300842703 : 56021435998807811
@@@ mem[  920] = 0017879300072023 : 6622989894754339
@@@ mem[  928] = 00040513fef490e3 : 1131483346800867
@@@ mem[  936] = 0081240300c12083 : 36349867311833219
@@@ mem[  944] = 0001290300412483 : 326567842620547
@@@ mem[  952] = 0000806701010113 : 141179886829843
@@@ mem[  960] = 00112623ff010113 : 4827010648047891
@@@ mem[  968] = 0091222300812423 : 40851405350708259
@@@ mem[  976] = 0005049301212023 : 1412404309205027
@@@ mem[  984] = 0006041300058913 : 1693329511516435
@@@ mem[  992] = 0000009700060513 : 648540456211
@@@ mem[ 1000] = 00291693f10080e7 : 11565298704482535
@@@ mem[ 1008] = 00d707330044a703 : 60525035622016771
@@@ mem[ 1016] = 00f5222300072783 : 68998903013779331
@@@ mem[ 1024] = 00d787b30044a783 : 60666322866186115
@@@ mem[ 1032] = 0009051300a7a023 : 2538853963898915
@@@ mem[ 1040] = ee4080e700000097 : 17167863509162131607
@@@ mem[ 1048] = 0044a78300241413 : 19324479501243411
@@@ mem[ 1056] = 0007a783008787b3 : 2154505928411059
@@@ mem[ 1064] = 0044a60300f52223 : 19322830247502371
@@@ mem[ 1072] = 00a4202300860433 : 46197230885274675
@@@ mem[ 1080] = 0081240300c12083 : 36349867311833219
@@@ mem[ 1088] = 0001290300412483 : 326567842620547
@@@ mem[ 1096] = 0000806701010113 : 141179886829843
@@@ mem[ 1104] = 00112623ff010113 : 4827010648047891
@@@ mem[ 1112] = 000000970a800513 : 648716223763
@@@ mem[ 1120] = fff00713d20080e7 : 18442248255791202535
@@@ mem[ 1128] = 0ae522230ae52023 : 785071243948007459
@@@ mem[ 1136] = 0101011300c12083 : 72340250143301763
@@@ mem[ 1144] = 0a45250300008067 : 740038408587477095
@@@ mem[ 1152] = 0015351300150513 : 5969330232952083
@@@ mem[ 1160] = 0a45278300008067 : 740041157366546535
@@@ mem[ 1168] = 02e7826302700713 : 209279269450286867
@@@ mem[ 1176] = fff007130a052683 : 18442248252436063875
@@@ mem[ 1184] = 0017879300e68e63 : 6622989909397091
@@@ mem[ 1192] = 002797930af52223 : 11144181891539491
@@@ mem[ 1200] = 00b5202300f50533 : 50982305496630579
@@@ mem[ 1208] = 0a05202300008067 : 722018649958809703
@@@ mem[ 1216] = 00050793fe5ff06f : 1415707092840559
@@@ mem[ 1224] = fff007130a452603 : 18442248252440258051
@@@ mem[ 1232] = 0a05270302e60863 : 722026209149847651
@@@ mem[ 1240] = 00d506b300271693 : 59961535910844051
@@@ mem[ 1248] = 001707130006a503 : 6481702650553603
@@@ mem[ 1256] = 00e65c630ae7a023 : 64840825097920547
@@@ mem[ 1264] = 0ae7a223fff00713 : 785774935500916499
@@@ mem[ 1272] = 000080670ae7a023 : 141180052938787
@@@ mem[ 1280] = 0000806700060513 : 141179870381331
@@@ mem[ 1288] = 00112e23fe010113 : 4835806724292883
@@@ mem[ 1296] = 00912a2300812c23 : 40860201443732515
@@@ mem[ 1304] = 0131262301212823 : 85891799681411107
@@@ mem[ 1312] = 0005049301412423 : 1412404311303203
@@@ mem[ 1320] = 0000009700058413 : 648540423187
@@@ mem[ 1328] = 00050913f24080e7 : 1417356156895463
@@@ mem[ 1336] = 002417130084a783 : 10158469542094723
@@@ mem[ 1344] = 0010071300e787b3 : 4511377828317107
@@@ mem[ 1352] = 0004059300e7a023 : 1132028840353827
@@@ mem[ 1360] = f3c080e700000097 : 17564180276370735255
@@@ mem[ 1368] = fff007930a492703 : 18442248802196334339
@@@ mem[ 1376] = 0010099306f70863 : 4514126709065827
@@@ mem[ 1384] = 0400006ffff00a13 : 288230857187002899
@@@ mem[ 1392] = 000905130137a023 : 2538853973336099
@@@ mem[ 1400] = f14080e700000097 : 17384036291275915415
@@@ mem[ 1408] = 0204006300442403 : 145241513188926467
@@@ mem[ 1416] = 0025971300042583 : 10580681998738819
@@@ mem[ 1424] = 00e787b30084a783 : 65169922497750915
@@@ mem[ 1432] = fe0712e30007a703 : 18304619976638048003
@@@ mem[ 1440] = 0a492783fd1ff06f : 741167061520085103
@@@ mem[ 1448] = 0009051303478463 : 2538854007932003
@@@ mem[ 1456] = f14080e700000097 : 17384036291275915415
@@@ mem[ 1464] = 002515130044a783 : 10437745491355523
@@@ mem[ 1472] = 0007a40300a787b3 : 2150657639810995
@@@ mem[ 1480] = fd9ff06ffc0410e3 : 18275590176652923107
@@@ mem[ 1488] = 0181240301c12083 : 108407461366538371
@@@ mem[ 1496] = 0101290301412483 : 72384161897325699
@@@ mem[ 1504] = 00812a0300c12983 : 36356464381602179
@@@ mem[ 1512] = 0000806702010113 : 141179903607059
@@@ mem[ 1520] = 00112623ff010113 : 4827010648047891
@@@ mem[ 1528] = 0060051300812423 : 27027176935203875
@@@ mem[ 1536] = d28080e700000097 : 15168265274609631383
@@@ mem[ 1544] = 0010061300050413 : 4510278301844499
@@@ mem[ 1552] = 0000009700000593 : 648540063123
@@@ mem[ 1560] = 00200613dac080e7 : 9013881598935271
@@@ mem[ 1568] = 0004051300000593 : 1131479069361555
@@@ mem[ 1576] = d98080e700000097 : 15672668432875126935
@@@ mem[ 1584] = 0010059300200613 : 4509728547800595
@@@ mem[ 1592] = 0000009700040513 : 648540325139
@@@ mem[ 1600] = 00400613d84080e7 : 18021080811733223
@@@ mem[ 1608] = 0004051300100593 : 1131479070410131
@@@ mem[ 1616] = d70080e700000097 : 15492524447780307095
@@@ mem[ 1624] = 0010059300300613 : 4509728548849171
@@@ mem[ 1632] = 0000009700040513 : 648540325139
@@@ mem[ 1640] = 00400613d5c080e7 : 18021080769790183
@@@ mem[ 1648] = 0004051300200593 : 1131479071458707
@@@ mem[ 1656] = d48080e700000097 : 15312380462685487255
@@@ mem[ 1664] = 0030059300400613 : 13516927804638739
@@@ mem[ 1672] = 0000009700040513 : 648540325139
@@@ mem[ 1680] = 00000593d34080e7 : 6132462551271
@@@ mem[ 1688] = 0000009700040513 : 648540325139
@@@ mem[ 1696] = 00c12083e6c080e7 : 54360421389336807
@@@ mem[ 1704] = 0101011300812403 : 72340250139108355
@@@ mem[ 1712] = ff01011300008067 : 18374969135764373607
@@@ mem[ 1720] = 0081242300112623 : 36350004739253795
@@@ mem[ 1728] = 0005041300912223 : 1411854543954467
@@@ mem[ 1736] = 0080051300058493 : 36034376181843091
@@@ mem[ 1744] = aac080e700000097 : 12303975911601995927
@@@ mem[ 1752] = 0004278300952023 : 1169343510814755
@@@ mem[ 1760] = 00a4202300f52223 : 46197230892556835
@@@ mem[ 1768] = 0081240300c12083 : 36349867311833219
@@@ mem[ 1776] = 0101011300412483 : 72340250134914179
@@@ mem[ 1784] = 0005278300008067 : 1450818477785191
@@@ mem[ 1792] = 00e520230005a703 : 64493104363054851
@@@ mem[ 1800] = 0000806700f5a023 : 141179886084131
@@@ mem[ 1808] = 0000806700051463 : 141179870319715
@@@ mem[ 1816] = 0000031300000593 : 3380139263379
@@@ mem[ 1824] = 0045270300100893 : 19464667232471187
@@@ mem[ 1832] = 00050793fee586e3 : 1415707101595363
@@@ mem[ 1840] = 01c0006f00030813 : 126101266307942419
@@@ mem[ 1848] = 00d7202300c7a023 : 60552454701817891
@@@ mem[ 1856] = 0047a78300088813 : 20168904429570067
@@@ mem[ 1864] = 00b70a630047a703 : 51521341060785923
@@@ mem[ 1872] = 000726030007a683 : 2012119164233347
@@@ mem[ 1880] = fddff06ffed656e3 : 18293604575209740003
@@@ mem[ 1888] = 00078593fa080ae3 : 2117195438492387
@@@ mem[ 1896] = fd010113fbdff06f : 18230853951914242159
@@@ mem[ 1904] = 0281242302112623 : 180465192848664099
@@@ mem[ 1912] = 000017b702912223 : 26074789519907
@@@ mem[ 1920] = 0007a503d4078793 : 2151760697722771
@@@ mem[ 1928] = 0087a6030047a583 : 38181653675746691
@@@ mem[ 1936] = 0107a70300c7a683 : 74211550214727299
@@@ mem[ 1944] = 00a124230147a783 : 45357204014344067
@@@ mem[ 1952] = 00c1282300b12623 : 54368801305732643
@@@ mem[ 1960] = 00e12c2300d12a23 : 63380398609082915
@@@ mem[ 1968] = 0001222300f12e23 : 319008711716387
@@@ mem[ 1976] = 0201049300810413 : 144401692467725331
@@@ mem[ 1984] = 0041051300042583 : 18301452648981891
@@@ mem[ 1992] = eec080e700000097 : 17203892306181095575
@@@ mem[ 2000] = fe9416e300440413 : 18344312346404717587
@@@ mem[ 2008] = 0000009700412503 : 648544331011
@@@ mem[ 2016] = 02c12083f34080e7 : 198475609674907879
@@@ mem[ 2024] = 0241248302812403 : 162451206663382019
@@@ mem[ 2032] = 0000806703010113 : 141179920384275
@@@ mem[ 2040] = d607278300001737 : 15422338892547757879
@@@ mem[ 2048] = d6f7202300178793 : 15489884778061596563
@@@ mem[ 2056] = 0027979300005737 : 11144181707724599
@@@ mem[ 2064] = 00f707b3df470713 : 69532788374046483
@@@ mem[ 2072] = 0000806700a7a023 : 141179880972323
@@@ mem[ 2080] = d607a703000017b7 : 15422479080280299447
@@@ mem[ 2088] = d6d7a023fff70693 : 15481018320588048019
@@@ mem[ 2096] = 00271713000057b7 : 11002894463555511
@@@ mem[ 2104] = 00e787b3df478793 : 65169926235064211
@@@ mem[ 2112] = 000080670007a503 : 141179870487811
@@@ mem[ 2120] = 00001737000057b7 : 25524990662583
@@@ mem[ 2128] = 00271713d6072703 : 11002898054326019
@@@ mem[ 2136] = 00e787b3df478793 : 65169926235064211
@@@ mem[ 2144] = 000080670007a503 : 141179870487811
@@@ mem[ 2152] = d607a503000017b7 : 15422476881257043895
@@@ mem[ 2160] = 0015351300150513 : 5969330232952083
@@@ mem[ 2168] = ff01011300008067 : 18374969135764373607
@@@ mem[ 2176] = 0010051300112623 : 4509178791011875
@@@ mem[ 2184] = 8f4080e700000097 : 10322392075558977687
@@@ mem[ 2192] = 000017b700050023 : 26074746781731
@@@ mem[ 2200] = 00170693d807a703 : 6481156518684419
@@@ mem[ 2208] = 000057b7d8d7a023 : 96447128641571
@@@ mem[ 2216] = e087879300271713 : 16179049251784300307
@@@ mem[ 2224] = 00a7a02300e787b3 : 47182393310152627
@@@ mem[ 2232] = 0101011300c12083 : 72340250143301763
@@@ mem[ 2240] = 0000573700008067 : 95893734850663
@@@ mem[ 2248] = 00251793d9070713 : 10440497907042067
@@@ mem[ 2256] = 00b787b300a787b3 : 51659123617925043
@@@ mem[ 2264] = 00f707b300279793 : 69532784630667155
@@@ mem[ 2272] = 00d7a02300100693 : 60693192178140819
@@@ mem[ 2280] = 00b785b300259793 : 51656924586153875
@@@ mem[ 2288] = 0025151300a58533 : 10437745497703731
@@@ mem[ 2296] = 00d5202300a70533 : 59989504746259763
@@@ mem[ 2304] = 000017b700008067 : 26074746486887
@@@ mem[ 2312] = 06d05263d807a683 : 490982948163004035
@@@ mem[ 2320] = 00a787b300251793 : 47155523982006163
@@@ mem[ 2328] = 0000573700279793 : 95893737412499
@@@ mem[ 2336] = 00e787b3d9070713 : 65169926130173715
@@@ mem[ 2344] = 0010061300000513 : 4510278301517075
@@@ mem[ 2352] = e0858593000055b7 : 16178484102805083575
@@@ mem[ 2360] = 001505130100006f : 5916553690218607
@@@ mem[ 2368] = 02d5026300478793 : 204071982344931219
@@@ mem[ 2376] = fec718e30007a703 : 18358669769236260611
@@@ mem[ 2384] = 00b7073300251713 : 51517836365207315
@@@ mem[ 2392] = 0007470300072703 : 2048403047917315
@@@ mem[ 2400] = 00008067fc071ee3 : 141184098311907
@@@ mem[ 2408] = 00008067fff00513 : 141184163906835
@@@ mem[ 2416] = ff1ff06ffff00513 : 18383676567775610131
@@@ mem[ 2424] = 00112e23fe010113 : 4835806724292883
@@@ mem[ 2432] = 00912a2300812c23 : 40860201443732515
@@@ mem[ 2440] = 0131262301212823 : 85891799681411107
@@@ mem[ 2448] = 000057b701412423 : 96443511677987
@@@ mem[ 2456] = 00100713e087a783 : 4511381580130179
@@@ mem[ 2464] = 0000051300e78023 : 5579177689123
@@@ mem[ 2472] = e50080e700000097 : 16501330764311298199
@@@ mem[ 2480] = d607a783000017b7 : 15422479630036113335
@@@ mem[ 2488] = 06e78463fff00713 : 497511848878278419
@@@ mem[ 2496] = df448493000054b7 : 16088129535769334967
@@@ mem[ 2504] = 000059b7fff00413 : 98646807806995
@@@ mem[ 2512] = 00100a13e0898993 : 4514680115136915
@@@ mem[ 2520] = 0240006f00001937 : 162130063326714167
@@@ mem[ 2528] = 00f987b300251793 : 70236472072279955
@@@ mem[ 2536] = 014780230007a783 : 92183205197096835
@@@ mem[ 2544] = e08080e700000097 : 16177071591140622487
@@@ mem[ 2552] = 02878463d6092783 : 182259874259347331
@@@ mem[ 2560] = 00f487b300279793 : 68829097188890515
@@@ mem[ 2568] = 000000970007a503 : 648540562691
@@@ mem[ 2576] = fc8516e3ef8080e7 : 18195975037691920615
@@@ mem[ 2584] = e08080e700000097 : 16177071591140622487
@@@ mem[ 2592] = 000017b7fd9ff06f : 26079001571439
@@@ mem[ 2600] = 02f05663d807a783 : 211764169312544643
@@@ mem[ 2608] = e0878793000057b7 : 16179049251781760951
@@@ mem[ 2616] = 0000163700000713 : 24425479014163
@@@ mem[ 2624] = 000680230007a683 : 1829737672976003
@@@ mem[ 2632] = 0047879300170713 : 20133788777907987
@@@ mem[ 2640] = fed746e3d8062683 : 18363223950022289027
@@@ mem[ 2648] = 0181240301c12083 : 108407461366538371
@@@ mem[ 2656] = 0101290301412483 : 72384161897325699
@@@ mem[ 2664] = 00812a0300c12983 : 36356464381602179
@@@ mem[ 2672] = 0000806702010113 : 141179903607059
@@@ mem[ 2680] = 00112623ff010113 : 4827010648047891
@@@ mem[ 2688] = d9078793000057b7 : 15638617296497301431
@@@ mem[ 2696] = 0007a02306478713 : 2146397126625043
@@@ mem[ 2704] = 0007a4230007a223 : 2150795068285475
@@@ mem[ 2712] = 0007a8230007a623 : 2155193114797603
@@@ mem[ 2720] = fef714e301478793 : 18372176170092824467
@@@ mem[ 2728] = dd4080e700000097 : 15942884410517356695
@@@ mem[ 2736] = dcc080e700000097 : 15906855613498392727
@@@ mem[ 2744] = dc4080e700000097 : 15870826816479428759
@@@ mem[ 2752] = dbc080e700000097 : 15834798019460464791
@@@ mem[ 2760] = db4080e700000097 : 15798769222441500823
@@@ mem[ 2768] = d9078793000057b7 : 15638617296497301431
@@@ mem[ 2776] = 00e7a22300100713 : 65198990828766995
@@@ mem[ 2784] = 00e7a42300e7aa23 : 65201189866154531
@@@ mem[ 2792] = 00e7a62302e7a423 : 65203388922962979
@@@ mem[ 2800] = 02e7a22302e7ae23 : 209314178952310307
@@@ mem[ 2808] = 02e7ac2304e7aa23 : 209325174102141475
@@@ mem[ 2816] = 04e7a62304e7ac23 : 353433765108231203
@@@ mem[ 2824] = 0000009704e7ae23 : 648622353955
@@@ mem[ 2832] = 00c12083e6c080e7 : 54360421389336807
@@@ mem[ 2840] = 0000806701010113 : 141179886829843
@@@ mem[ 2848] = 06f50c6300100793 : 501320552864024467
@@@ mem[ 2856] = 00112e23fe010113 : 4835806724292883
@@@ mem[ 2864] = 00912a2300812c23 : 40860201443732515
@@@ mem[ 2872] = 0131262301212823 : 85891799681411107
@@@ mem[ 2880] = 0006091300058993 : 1698827069655443
@@@ mem[ 2888] = fff5041300068493 : 18443652328617051283
@@@ mem[ 2896] = 0004861300060693 : 1273316069738131
@@@ mem[ 2904] = 0000009700040513 : 648540325139
@@@ mem[ 2912] = 00098693fc4080e7 : 2681244940796135
@@@ mem[ 2920] = 0004859300090613 : 1272766314120723
@@@ mem[ 2928] = 0000009700040513 : 648540325139
@@@ mem[ 2936] = 00000513fac080e7 : 5583369437415
@@@ mem[ 2944] = 0181240301c12083 : 108407461366538371
@@@ mem[ 2952] = 0101290301412483 : 72384161897325699
@@@ mem[ 2960] = 0201011300c12983 : 144397844181232003
@@@ mem[ 2968] = 0000051300008067 : 5579162550375
@@@ mem[ 2976] = ff01011300008067 : 18374969135764373607
@@@ mem[ 2984] = 0420069300112623 : 297244803837535779
@@@ mem[ 2992] = 0410059304300613 : 292740104767669779
@@@ mem[ 3000] = 0000009700500513 : 648545305875
@@@ mem[ 3008] = 00c12083f64080e7 : 54360421649383655
@@@ mem[ 3016] = 0000806701010113 : 141179886829843
@@@ mem[ 3024] = 00112623ff010113 : 4827010648047891
@@@ mem[ 3032] = a18080e700000097 : 11637443166751162519
@@@ mem[ 3040] = b8c080e700000097 : 13312782228132987031
@@@ mem[ 3048] = e90080e700000097 : 16789561140463009943
@@@ mem[ 3056] = fb4080e700000097 : 18104612231655194775
@@@ mem[ 3064] = 00c1208300000513 : 54360417517962515
@@@ mem[ 3072] = 0000806701010113 : 141179886829843
@@@ mem[ 3080] = 0005071300f00313 : 1415153085055763
@@@ mem[ 3088] = 00f7779302c37e63 : 69655792537796195
@@@ mem[ 3096] = 080592630a079063 : 578029081254662243
@@@ mem[ 3104] = 00f67613ff067693 : 69372672525891219
@@@ mem[ 3112] = 00b7202300e686b3 : 51545255449102003
@@@ mem[ 3120] = 00b7242300b72223 : 51549653492507171
@@@ mem[ 3128] = 0107071300b72623 : 74035697072678435
@@@ mem[ 3136] = 00061463fed766e3 : 1711269570111203
@@@ mem[ 3144] = 40c306b300008067 : 4666581004754911335
@@@ mem[ 3152] = 0000029700269693 : 2847565846163
@@@ mem[ 3160] = 00c68067005686b3 : 55873225264367283
@@@ mem[ 3168] = 00b706a300b70723 : 51517217899480867
@@@ mem[ 3176] = 00b705a300b70623 : 51516118387852835
@@@ mem[ 3184] = 00b704a300b70523 : 51515018876224803
@@@ mem[ 3192] = 00b703a300b70423 : 51513919364596771
@@@ mem[ 3200] = 00b702a300b70323 : 51512819852968739
@@@ mem[ 3208] = 00b701a300b70223 : 51511720341340707
@@@ mem[ 3216] = 00b700a300b70123 : 51510620829712675
@@@ mem[ 3224] = 0000806700b70023 : 141179881979939
@@@ mem[ 3232] = 008596930ff5f593 : 37601730274653587
@@@ mem[ 3240] = 0105969300d5e5b3 : 73630527039858099
@@@ mem[ 3248] = f6dff06f00d5e5b3 : 17789201412682802611
@@@ mem[ 3256] = 0000029700279693 : 2847565911699
@@@ mem[ 3264] = 00008293005686b3 : 143567877473971
@@@ mem[ 3272] = 00028093fa0680e7 : 704322996699367
@@@ mem[ 3280] = 40f70733ff078793 : 4681218257578330003
@@@ mem[ 3288] = f6c378e300f60633 : 17781188670157882931
@@@ mem[ 3296] = 00000000f3dff06f : 4091539567
@@@
@@@ mem[ 3392] = 000000380000000c : 240518168588
@@@ mem[ 3400] = 0000000b00000002 : 47244640258
@@@ mem[ 3408] = 0000005a00000001 : 386547056641
@@@
@@@ mem[ 3424] = 00003d80ffffffff : 67624260075519
@@@ mem[ 3432] = 0000000000001010 : 4112
@@@
@@@ mem[ 3456] = 00000d8800000005 : 14877766713349
@@@ mem[ 3464] = 0000000000000d88 : 3464
@@@ mem[ 3472] = 0000000c00000d88 : 51539611016
@@@ mem[ 3480] = 00000dac00000006 : 15032385536006
@@@ mem[ 3488] = 00000d8800000dcc : 14877766716876
@@@ mem[ 3496] = 00000e0c00000018 : 15444702396440
@@@ mem[ 3504] = 00000e8c00000e6c : 15994458213996
@@@ mem[ 3512] = 00000ebc00000eac : 16200616644268
@@@ mem[ 3520] = 00000d8800000000 : 14877766713344
@@@ mem[ 3528] = 0000000100000018 : 4294967320
@@@ mem[ 3536] = 0000000100000001 : 4294967297
@@@ mem[ 3544] = 0000000100000001 : 4294967297
@@@ mem[ 3552] = 00000d8800000000 : 14877766713344
@@@ mem[ 3560] = 0000000100000008 : 4294967304
@@@ mem[ 3568] = 00000d8800000000 : 14877766713344
@@@ mem[ 3576] = 0000000000000008 : 8
@@@ mem[ 3584] = 00000d8800000000 : 14877766713344
@@@ mem[ 3592] = 0000000200000008 : 8589934600
@@@ mem[ 3600] = 00000d8800000dec : 14877766716908
@@@ mem[ 3608] = 0000000000000008 : 8
@@@ mem[ 3616] = 00000d8800000000 : 14877766713344
@@@ mem[ 3624] = 0000000200000008 : 8589934600
@@@ mem[ 3632] = 00000d8800000dfc : 14877766716924
@@@ mem[ 3640] = 0000000100000008 : 4294967304
@@@ mem[ 3648] = 00000d8800000e1c : 14877766716956
@@@ mem[ 3656] = 0000000400000008 : 17179869192
@@@ mem[ 3664] = 00000d8800000e2c : 14877766716972
@@@ mem[ 3672] = 0000000100000008 : 4294967304
@@@ mem[ 3680] = 00000d8800000000 : 14877766713344
@@@ mem[ 3688] = 0000000300000008 : 12884901896
@@@ mem[ 3696] = 00000d8800000e4c : 14877766717004
@@@ mem[ 3704] = 0000000100000008 : 4294967304
@@@ mem[ 3712] = 00000d8800000000 : 14877766713344
@@@ mem[ 3720] = 0000000400000008 : 17179869192
@@@ mem[ 3728] = 00000d8800000e3c : 14877766716988
@@@ mem[ 3736] = 0000000200000008 : 8589934600
@@@ mem[ 3744] = 00000d8800000e5c : 14877766717020
@@@ mem[ 3752] = 0000000400000008 : 17179869192
@@@ mem[ 3760] = 00000d8800000e7c : 14877766717052
@@@ mem[ 3768] = 0000000300000008 : 12884901896
@@@ mem[ 3776] = 00000d8800000e9c : 14877766717084
@@@ mem[ 3784] = 00000002000000a8 : 8589934760
@@@ mem[ 3792] = 0000000400000001 : 17179869185
@@@ mem[ 3800] = 0000000000000003 : 3
@@@
@@@ mem[ 3944] = ffffffff00000000 : 18446744069414584320
@@@ mem[ 3952] = 00000d88ffffffff : 14882061680639
@@@ mem[ 3960] = 0000005a00000008 : 386547056648
@@@ mem[ 3968] = 00000d8800000000 : 14877766713344
@@@ mem[ 3976] = 0000003800000008 : 240518168584
@@@ mem[ 3984] = 00000d8800000f7c : 14877766717308
@@@ mem[ 3992] = 0000000c00000008 : 51539607560
@@@ mem[ 4000] = 00000d8800000f8c : 14877766717324
@@@ mem[ 4008] = 0000000b00000008 : 47244640264
@@@ mem[ 4016] = 00000d8800000f9c : 14877766717340
@@@ mem[ 4024] = 0000000200000008 : 8589934600
@@@ mem[ 4032] = 00000d8800000fac : 14877766717356
@@@ mem[ 4040] = 0000000100000008 : 4294967304
@@@ mem[ 4048] = 00000d8800000fbc : 14877766717372
@@@ mem[ 4056] = 0000000000000004 : 4
@@@ mem[ 4064] = 0000000400000d88 : 17179872648
@@@ mem[ 4072] = 00000d8800000000 : 14877766713344
@@@ mem[ 4080] = 0000000000000004 : 4
@@@ mem[ 4088] = 0000000400000d88 : 17179872648
@@@ mem[ 4096] = 00000d8800000000 : 14877766713344
@@@ mem[ 4104] = 0000000000000004 : 4
@@@
@@@ mem[19856] = 0000000100000000 : 4294967296
@@@ mem[19864] = 0000000100000001 : 4294967297
@@@ mem[19872] = 0000000100000000 : 4294967296
@@@
@@@ mem[19888] = 0000000100000000 : 4294967296
@@@ mem[19896] = 0000000000000001 : 1
@@@
@@@ mem[19912] = 0000000100000001 : 4294967297
@@@
@@@ mem[19928] = 0000000100000000 : 4294967296
@@@ mem[19936] = 0000000100000000 : 4294967296
@@@ mem[19944] = 0000000100000001 : 4294967297
@@@
@@@ mem[19960] = 0000000400000001 : 17179869185
@@@ mem[19968] = 0000000000000003 : 3
@@@ mem[19976] = 00000fe800000fdc : 17489106833372
@@@ mem[19984] = 0000100000000ff4 : 17592186048500
@@@ mem[19992] = 000000000000100c : 4108
@@@
@@@ mem[65384] = 0000004100000000 : 279172874240
@@@ mem[65392] = 0000004200000043 : 283467841603
@@@ mem[65400] = 00000b7c00000002 : 12627203850242
@@@
@@@ mem[65416] = 0000004200000000 : 283467841536
@@@ mem[65424] = 0000004100000043 : 279172874307
@@@ mem[65432] = 00000b7c00000003 : 12627203850243
@@@ mem[65440] = 0000005a00000000 : 386547056640
@@@ mem[65448] = 000000410000ffc4 : 279172939716
@@@ mem[65456] = 0000004200000043 : 283467841603
@@@ mem[65464] = 00000b7c00000004 : 12627203850244
@@@
@@@ mem[65496] = 00000bc400010000 : 12936441561088
@@@
@@@ mem[65512] = 00000bf800010000 : 13159779860480
@@@
@@@ mem[65528] = 000000a000000000 : 687194767360
@@@
@@@ System halted on WFI instruction
@@@
