
Final memory state and exit status:

@@@ Unified Memory contents hex on left, decimal on right: 
@@@
@@@ mem[    0] = 0000009700000013 : 648540061715
@@@ mem[    8] = 0001011709c08093 : 282673436197011
@@@ mem[   16] = 00010413ff410113 : 285958910050579
@@@ mem[   24] = e881819300001197 : 16753814557155135895
@@@ mem[   32] = 0000029300000213 : 2830383448595
@@@ mem[   40] = 0000039300000313 : 3929895076627
@@@ mem[   48] = 0000051300000493 : 5579162518675
@@@ mem[   56] = 0000061300000593 : 6678674146707
@@@ mem[   64] = 0000071300000693 : 7778185774739
@@@ mem[   72] = 0000081300000793 : 8877697402771
@@@ mem[   80] = 0000091300000893 : 9977209030803
@@@ mem[   88] = 00000a1300000993 : 11076720658835
@@@ mem[   96] = 00000b1300000a93 : 12176232286867
@@@ mem[  104] = 00000c1300000b93 : 13275743914899
@@@ mem[  112] = 00000d1300000c93 : 14375255542931
@@@ mem[  120] = 00000e1300000d93 : 15474767170963
@@@ mem[  128] = 00000f1300000e93 : 16574278798995
@@@ mem[  136] = 0a40006f00000f93 : 738590815630135187
@@@
@@@ mem[  160] = f601011300010117 : 17726450789423055127
@@@ mem[  168] = 00000013fea12c23 : 85876354083
@@@ mem[  176] = 0010079310500073 : 4511927842635891
@@@ mem[  184] = 0005031306b7da63 : 1410755135527523
@@@ mem[  192] = 00000893fff58f13 : 9431747497747
@@@ mem[  200] = 001787930400006f : 6622989961396335
@@@ mem[  208] = 00f58e6300470713 : 69117925151672083
@@@ mem[  216] = fec6d8e300472683 : 18358599400496244355
@@@ mem[  224] = 0007881300068613 : 2119940023158291
@@@ mem[  232] = 000e0613fe5ff06f : 3947332615794799
@@@ mem[  240] = 0028181300cea023 : 11285468965412899
@@@ mem[  248] = 01c8202301050833 : 128387924093110323
@@@ mem[  256] = 03e8846300430313 : 281620537451676435
@@@ mem[  264] = 00032e0300030e93 : 895015350111891
@@@ mem[  272] = 0018889300088813 : 6905564383184915
@@@ mem[  280] = 00030713fcb8dae3 : 852207355878115
@@@ mem[  288] = 000e061300088793 : 3947328348653459
@@@ mem[  296] = 00008067fb1ff06f : 141184083161199
@@@ mem[  304] = 18112e23e6010113 : 1734218063231910163
@@@ mem[  312] = 18912a2318812c23 : 1770242458756656163
@@@ mem[  320] = 0041041319212823 : 18300353558685731
@@@ mem[  328] = 802014b719010913 : 9232402012740585747
@@@ mem[  336] = 0000009780348493 : 650690987155
@@@ mem[  344] = 029517b3074080e7 : 186081017293996263
@@@ mem[  352] = 4097d79300f507b3 : 4654425766286919603
@@@ mem[  360] = 40e787b341f55713 : 4676855942023042835
@@@ mem[  368] = 40f707b300a79713 : 4681218803066443539
@@@ mem[  376] = 00a4202340f50533 : 46197231966291251
@@@ mem[  384] = fd2418e300440413 : 18240731753998451731
@@@ mem[  392] = 0041051306300593 : 18301452752520595
@@@ mem[  400] = f24080e700000097 : 17456093885313843351
@@@ mem[  408] = 19c1208300000513 : 1855800268466160915
@@@ mem[  416] = 1941248319812403 : 1819775869921600515
@@@ mem[  424] = 1a01011319012903 : 1873780101498349827
@@@ mem[  432] = 000007b700008067 : 8482560442471
@@@ mem[  440] = 0aa7a4236c07a783 : 767762733533210499
@@@ mem[  448] = 000080670a07a623 : 141180038260259
@@@ mem[  456] = 6c07a803000007b7 : 7784375211771561911
@@@ mem[  464] = f2d585934c9585b7 : 17498038794909484471
@@@ mem[  472] = 0ac827030a882683 : 776913829736490627
@@@ mem[  480] = 0017861302b687b3 : 6621340672362419
@@@ mem[  488] = 0ac8242300f637b3 : 776910668480001971
@@@ mem[  496] = 42d606135851f637 : 4816043531675235895
@@@ mem[  504] = 02b7073302c68633 : 195633024485197363
@@@ mem[  512] = 00c7073302b6b6b3 : 56021436035675827
@@@ mem[  520] = 00e787b300d70733 : 65169922503149363
@@@ mem[  528] = 0af8262300179513 : 790423666370778387
@@@ mem[  536] = 0000806700155513 : 141179871384851
@@@
@@@ mem[  608] = 0000000000000280 : 640
@@@
@@@ mem[  640] = 0000056c00000000 : 5961414606848
@@@ mem[  648] = 0000063c000005d4 : 6854767805908
@@@
@@@ mem[  808] = c6755a5b8666f82c : 14300435540928297004
@@@ mem[  816] = e66d1234abcd330e : 16603947418614838030
@@@ mem[  824] = 0000000b0005deec : 47245025004
@@@
@@@ mem[ 1728] = 0000000000000280 : 640
@@@
@@@ mem[65120] = 0000000100000000 : 4294967296
@@@ mem[65128] = 0000001100000003 : 73014444035
@@@ mem[65136] = 0000001e0000001a : 128849018906
@@@ mem[65144] = 000000300000002a : 206158430250
@@@ mem[65152] = 0000003b00000038 : 253403070520
@@@ mem[65160] = 0000005500000049 : 365072220233
@@@ mem[65168] = 0000005c0000005b : 395136991323
@@@ mem[65176] = 000000600000005e : 412316860510
@@@ mem[65184] = 0000008000000079 : 549755814009
@@@ mem[65192] = 0000008c00000086 : 601295421574
@@@ mem[65200] = 000000a200000093 : 695784702099
@@@ mem[65208] = 000000d6000000bd : 919123001533
@@@ mem[65216] = 000000e1000000de : 966367641822
@@@ mem[65224] = 000000e4000000e3 : 979252543715
@@@ mem[65232] = 000000f7000000e6 : 1060856922342
@@@ mem[65240] = 000000fe000000f7 : 1090921693431
@@@ mem[65248] = 0000012000000116 : 1236950581526
@@@ mem[65256] = 000001320000012d : 1314259992877
@@@ mem[65264] = 0000013800000137 : 1340029796663
@@@ mem[65272] = 000001460000013e : 1400159338814
@@@ mem[65280] = 0000014d00000148 : 1430224109896
@@@ mem[65288] = 000001730000016c : 1593432867180
@@@ mem[65296] = 0000017800000177 : 1614907703671
@@@ mem[65304] = 0000017c0000017c : 1632087572860
@@@ mem[65312] = 0000019f00000194 : 1782411428244
@@@ mem[65320] = 000001d4000001b5 : 2010044694965
@@@ mem[65328] = 000001ed000001e1 : 2117418877409
@@@ mem[65336] = 00000202000001fd : 2207613190653
@@@ mem[65344] = 0000020a00000208 : 2241972929032
@@@ mem[65352] = 0000021800000212 : 2302102471186
@@@ mem[65360] = 0000023000000222 : 2405181686306
@@@ mem[65368] = 0000023e0000023d : 2465311228477
@@@ mem[65376] = 0000025200000242 : 2551210574402
@@@ mem[65384] = 000002660000025a : 2637109920346
@@@ mem[65392] = 000002a100000297 : 2890512990871
@@@ mem[65400] = 000002a6000002a4 : 2911987827364
@@@ mem[65408] = 000002be000002ae : 3015067042478
@@@ mem[65416] = 000002d6000002bf : 3118146257599
@@@ mem[65424] = 000002fa000002e3 : 3272765080291
@@@ mem[65432] = 0000031b0000030e : 3414499001102
@@@ mem[65440] = 0000032f00000328 : 3500398347048
@@@ mem[65448] = 000003410000033b : 3577707758395
@@@ mem[65456] = 0000035000000345 : 3642132267845
@@@ mem[65464] = 0000036f0000036f : 3775276254063
@@@ mem[65472] = 0000037900000372 : 3818225927026
@@@ mem[65480] = 0000038f00000387 : 3912715207559
@@@ mem[65488] = 0000039900000398 : 3955664880536
@@@ mem[65496] = 000003aa000003a7 : 4028679324583
@@@ mem[65504] = 000003ea000003cf : 4303557231567
@@@ mem[65512] = 000003f9000003f3 : 4367981741043
@@@
@@@ mem[65528] = 000000a000000000 : 687194767360
@@@
@@@ System halted on WFI instruction
@@@
