
Final memory state and exit status:

@@@ Unified Memory contents hex on left, decimal on right: 
@@@
@@@ mem[    0] = 0000009700000013 : 648540061715
@@@ mem[    8] = 0001011709c08093 : 282673436197011
@@@ mem[   16] = 00010413ff410113 : 285958910050579
@@@ mem[   24] = ba81819300001197 : 13439165231410450839
@@@ mem[   32] = 0000029300000213 : 2830383448595
@@@ mem[   40] = 0000039300000313 : 3929895076627
@@@ mem[   48] = 0000051300000493 : 5579162518675
@@@ mem[   56] = 0000061300000593 : 6678674146707
@@@ mem[   64] = 0000071300000693 : 7778185774739
@@@ mem[   72] = 0000081300000793 : 8877697402771
@@@ mem[   80] = 0000091300000893 : 9977209030803
@@@ mem[   88] = 00000a1300000993 : 11076720658835
@@@ mem[   96] = 00000b1300000a93 : 12176232286867
@@@ mem[  104] = 00000c1300000b93 : 13275743914899
@@@ mem[  112] = 00000d1300000c93 : 14375255542931
@@@ mem[  120] = 00000e1300000d93 : 15474767170963
@@@ mem[  128] = 00000f1300000e93 : 16574278798995
@@@ mem[  136] = 2440006f00000f93 : 2612088260616261523
@@@
@@@ mem[  160] = f601011300010117 : 17726450789423055127
@@@ mem[  168] = 00000013fea12c23 : 85876354083
@@@ mem[  176] = ff01011310500073 : 18374969136038019187
@@@ mem[  184] = 0101041300812623 : 72343548673992227
@@@ mem[  192] = 001e881340b60eb3 : 8593865572748979
@@@ mem[  200] = 0028179340c686b3 : 11284920282810035
@@@ mem[  208] = ff07f79300f78793 : 18376929015257073555
@@@ mem[  216] = 00010f9340f10133 : 298600100856115
@@@ mem[  224] = 00fe079300269e13 : 71502972028624403
@@@ mem[  232] = 40f10133ff07f793 : 4679522810648328083
@@@ mem[  240] = 07005e6300010313 : 504506937560335123
@@@ mem[  248] = 00f507b300259793 : 68969834677114771
@@@ mem[  256] = 00be8f33000f8713 : 53637694782146323
@@@ mem[  264] = 00450893002f1f13 : 19431200849338131
@@@ mem[  272] = 0007a883011f0f33 : 2155605449969459
@@@ mem[  280] = 0047879301172023 : 20133788794691619
@@@ mem[  288] = ffe798e300470713 : 18439875300021438227
@@@ mem[  296] = 0016079304d05863 : 6200777509984355
@@@ mem[  304] = 00f507b300279793 : 68969834677245843
@@@ mem[  312] = 006e08b300030713 : 30971812330538771
@@@ mem[  320] = 00c720230007a603 : 56048855061865987
@@@ mem[  328] = 0047071300478793 : 19992501536917395
@@@ mem[  336] = 00000793ff1718e3 : 8332221290723
@@@ mem[  344] = 0025989307005a63 : 10582331383372387
@@@ mem[  352] = 00000613011508b3 : 6678692300979
@@@ mem[  360] = 0b00006f00000793 : 792634011158579091
@@@ mem[  368] = 09005063fad04ee3 : 648606736681291491
@@@ mem[  376] = 0000061300000793 : 6678674147219
@@@ mem[  384] = 0026181300060293 : 10722518998844051
@@@ mem[  392] = 00259713010f8833 : 10580682016262195
@@@ mem[  400] = 0006089300e50733 : 1698277328488243
@@@ mem[  408] = 01e7202300082f03 : 137113648354569987
@@@ mem[  416] = 0018889300088f13 : 6905564383186707
@@@ mem[  424] = 0047071300480813 : 19992501536950291
@@@ mem[  432] = 00158593ffdf44e3 : 6057845210432739
@@@ mem[  440] = 00cec46300000713 : 58199774683203347
@@@ mem[  448] = 00b705b3405e8733 : 51516188175271731
@@@ mem[  456] = 0027979302d7d663 : 11144181755401827
@@@ mem[  464] = 0025959300f307b3 : 10579032746952627
@@@ mem[  472] = 01c3033300b50533 : 126948732086584627
@@@ mem[  480] = 00e520230007a703 : 64493104363185923
@@@ mem[  488] = 0045051300478793 : 19427352560240531
@@@ mem[  496] = ff040113fe6798e3 : 18375813564962674915
@@@ mem[  504] = 0101011300c12403 : 72340250143302659
@@@ mem[  512] = 00e8a02300008067 : 65478266781204583
@@@ mem[  520] = 0015859300178793 : 6057840919152531
@@@ mem[  528] = 00488893fb065ce3 : 20416367476235491
@@@ mem[  536] = 00261713f6d7d4e3 : 10721423628162275
@@@ mem[  544] = 00072f0300ef8733 : 2022014784079667
@@@ mem[  552] = 00e3073300279713 : 63902735340640019
@@@ mem[  560] = fde748e300072703 : 18295672151011174147
@@@ mem[  568] = 0016061301e8a023 : 6199128193802275
@@@ mem[  576] = 00c5c463fcdff06f : 55666504135340143
@@@ mem[  584] = fe01011300008067 : 18302911541726445671
@@@ mem[  592] = 00812c2300112e23 : 36358800832278051
@@@ mem[  600] = 0121282300912a23 : 81390399067859491
@@@ mem[  608] = 0005091301312623 : 1417352112580131
@@@ mem[  616] = 0006049300058413 : 1693879267329043
@@@ mem[  624] = 4019d99340b609b3 : 4618962119314246067
@@@ mem[  632] = 0009861300b989b3 : 2680690965055923
@@@ mem[  640] = fc4080e700000097 : 18176669825693122711
@@@ mem[  648] = 0019859300048613 : 7183740824749587
@@@ mem[  656] = 0000009700090513 : 648540652819
@@@ mem[  664] = 00048693fb0080e7 : 1273870036271335
@@@ mem[  672] = 0004059300098613 : 1132028825798163
@@@ mem[  680] = 0000009700090513 : 648540652819
@@@ mem[  688] = 01c12083e08080e7 : 126418015322407143
@@@ mem[  696] = 0141248301812403 : 90393612608676867
@@@ mem[  704] = 00c1298301012903 : 54370313139464451
@@@ mem[  712] = 0000806702010113 : 141179903607059
@@@ mem[  720] = 06112623f9010113 : 437172574774952211
@@@ mem[  728] = 3a078793000007b7 : 4181459844466739127
@@@ mem[  736] = 0507869300410713 : 362406260949190419
@@@ mem[  744] = 0047a5030007a803 : 20166155650443267
@@@ mem[  752] = 00c7a6030087a583 : 56196052189422979
@@@ mem[  760] = 00a7222301072023 : 47043854847123491
@@@ mem[  768] = 00c7262300b72423 : 56055452143133731
@@@ mem[  776] = 0107071301078793 : 74035697077946259
@@@ mem[  784] = 0007a603fcd79ce3 : 2152860894076131
@@@ mem[  792] = 0087a7830047a683 : 38183302943188611
@@@ mem[  800] = 00d7222300c72023 : 60554653725040675
@@@ mem[  808] = 0170061300f72423 : 103589470119863331
@@@ mem[  816] = 0041051300000593 : 18301452648711571
@@@ mem[  824] = f0c080e700000097 : 17348007494256951447
@@@ mem[  832] = 06c1208300000513 : 486705981745530131
@@@ mem[  840] = 0000806707010113 : 141179987493139
@@@
@@@ mem[  928] = 0000000f00000020 : 64424509472
@@@ mem[  936] = 0000000500000141 : 21474836801
@@@ mem[  944] = 0000000300000004 : 12884901892
@@@ mem[  952] = 0000004a00000002 : 317827579906
@@@ mem[  960] = 0000000400000009 : 17179869193
@@@ mem[  968] = 000005230000034e : 5647881995086
@@@ mem[  976] = 0000199400000054 : 28123445854292
@@@ mem[  984] = 000017e10000002f : 26255135080495
@@@ mem[  992] = 0000001100000001 : 73014444033
@@@ mem[ 1000] = 00000544000001e5 : 5789615915493
@@@ mem[ 1008] = 0000053d00000004 : 5759551143940
@@@ mem[ 1016] = 0000000000000300 : 768
@@@
@@@ mem[65216] = 0000000000000300 : 768
@@@
@@@ mem[65232] = 000000000000053d : 1341
@@@
@@@ mem[65256] = 0000001500000000 : 90194313216
@@@ mem[65264] = 0000053d00000300 : 5759551144704
@@@ mem[65272] = 0000001600000000 : 94489280512
@@@ mem[65280] = 0000000100000000 : 4294967296
@@@ mem[65288] = 0000001100000004 : 73014444036
@@@ mem[65296] = 000000540000002f : 360777252911
@@@ mem[65304] = 00000300000001e5 : 3298534883813
@@@ mem[65312] = 000005440000053d : 5789615916349
@@@ mem[65320] = 00001994000017e1 : 28123445860321
@@@ mem[65328] = 0000000300000002 : 12884901890
@@@ mem[65336] = 0000000400000004 : 17179869188
@@@ mem[65344] = 0000000900000005 : 38654705669
@@@ mem[65352] = 000000200000000f : 137438953487
@@@ mem[65360] = 000001410000004a : 1378684502090
@@@ mem[65368] = 000005230000034e : 5647881995086
@@@ mem[65376] = 000000170000ff94 : 98784313236
@@@
@@@ mem[65416] = 0000034000010000 : 3573412855808
@@@
@@@ mem[65432] = 0000000200000001 : 8589934593
@@@ mem[65440] = 0000000400000003 : 17179869187
@@@ mem[65448] = 0000000400000004 : 17179869188
@@@ mem[65456] = 0000000900000005 : 38654705669
@@@ mem[65464] = 000000110000000f : 73014444047
@@@ mem[65472] = 0000002f00000020 : 201863462944
@@@ mem[65480] = 000000540000004a : 360777252938
@@@ mem[65488] = 000001e500000141 : 2083059138881
@@@ mem[65496] = 0000034e00000300 : 3633542333184
@@@ mem[65504] = 0000053d00000523 : 5759551145251
@@@ mem[65512] = 000017e100000544 : 26255135081796
@@@ mem[65520] = 0000000000001994 : 6548
@@@ mem[65528] = 000000a000000000 : 687194767360
@@@
@@@ System halted on WFI instruction
@@@
