
Final memory state and exit status:

@@@ Unified Memory contents hex on left, decimal on right: 
@@@
@@@ mem[    0] = 0000009700000013 : 648540061715
@@@ mem[    8] = 0001011709c08093 : 282673436197011
@@@ mem[   16] = 00010413ff410113 : 285958910050579
@@@ mem[   24] = d681819300001197 : 15456777864472433047
@@@ mem[   32] = 0000029300000213 : 2830383448595
@@@ mem[   40] = 0000039300000313 : 3929895076627
@@@ mem[   48] = 0000051300000493 : 5579162518675
@@@ mem[   56] = 0000061300000593 : 6678674146707
@@@ mem[   64] = 0000071300000693 : 7778185774739
@@@ mem[   72] = 0000081300000793 : 8877697402771
@@@ mem[   80] = 0000091300000893 : 9977209030803
@@@ mem[   88] = 00000a1300000993 : 11076720658835
@@@ mem[   96] = 00000b1300000a93 : 12176232286867
@@@ mem[  104] = 00000c1300000b93 : 13275743914899
@@@ mem[  112] = 00000d1300000c93 : 14375255542931
@@@ mem[  120] = 00000e1300000d93 : 15474767170963
@@@ mem[  128] = 00000f1300000e93 : 16574278798995
@@@ mem[  136] = 36c0006f00000f93 : 3945153750317928339
@@@
@@@ mem[  160] = f601011300010117 : 17726450789423055127
@@@ mem[  168] = 00000013fea12c23 : 85876354083
@@@ mem[  176] = 000007b710500073 : 8482834088051
@@@ mem[  184] = 02f560635cc78793 : 213182537244575635
@@@ mem[  192] = 5cc78793000047b7 : 6685461237284751287
@@@ mem[  200] = ff85069300a7ea63 : 18412129880015104611
@@@ mem[  208] = 5c07a783000007b7 : 6631453157408901047
@@@ mem[  216] = ff01011305c0006f : 18374969135860809839
@@@ mem[  224] = 0010051300112623 : 4509178791011875
@@@ mem[  232] = fb8080e700000097 : 18122626630164676759
@@@ mem[  240] = 00b705b300462703 : 51516187099932419
@@@ mem[  248] = 0007a703feb52e23 : 2153960437001763
@@@ mem[  256] = fee52c2300072703 : 18367135184136382211
@@@ mem[  264] = ffc527030540006f : 18430179944010088559
@@@ mem[  272] = 00c7a22300c70633 : 56191791586018867
@@@ mem[  280] = 00e7a023ff852703 : 65196796091377411
@@@ mem[  288] = 0007a7030500006f : 2153956247601263
@@@ mem[  296] = 00e6ec6300e7e463 : 64999154604565603
@@@ mem[  304] = fed7f8e300070793 : 18363419659468212115
@@@ mem[  312] = 00e6e4630007a703 : 64990358496847619
@@@ mem[  320] = ffc52583fee7e8e3 : 18430178298931177699
@@@ mem[  328] = 003597130007a603 : 15084281626338819
@@@ mem[  336] = f8e60ee300e68733 : 17935038934185051955
@@@ mem[  344] = 0047a603fec52c23 : 20167259435904035
@@@ mem[  352] = 00e7873300361713 : 65169372736788243
@@@ mem[  360] = 00d7a023fae682e3 : 60693196386501347
@@@ mem[  368] = 5cf7202300000737 : 6698858305432848183
@@@ mem[  376] = 000047b700008067 : 78851304620135
@@@ mem[  384] = fe01011312a7e263 : 18302911542039405155
@@@ mem[  392] = 00812c2300112e23 : 36358800832278051
@@@ mem[  400] = 0121282300912a23 : 81390399067859491
@@@ mem[  408] = 0141242301312623 : 90393200286574115
@@@ mem[  416] = 0035779300050413 : 15049647009891347
@@@ mem[  424] = ffc5741300078663 : 18430264675037316707
@@@ mem[  432] = 0084091300440413 : 37164674139292691
@@@ mem[  440] = 5c07a503000007b7 : 6631450408629831607
@@@ mem[  448] = 0005278302050063 : 1450818511634531
@@@ mem[  456] = 02877a630047a703 : 182248875556841219
@@@ mem[  464] = 000009b7000004b7 : 10681583666359
@@@ mem[  472] = 0ac0006f00000a37 : 774619612649097783
@@@ mem[  480] = 5c478713000007b7 : 6649431890509957047
@@@ mem[  488] = 5ce6a023000006b7 : 6694213968317122231
@@@ mem[  496] = 0007222300e72023 : 2007858571321379
@@@ mem[  504] = fc9ff06f5c478513 : 18203532579935061267
@@@ mem[  512] = 4127073304e40263 : 4694729052263809635
@@@ mem[  520] = 0037171300e7a223 : 15506494106083875
@@@ mem[  528] = 0087a22300e787b3 : 38177393078667187
@@@ mem[  536] = 5ca7202300000737 : 6676340307295995703
@@@ mem[  544] = 01c1208300878513 : 126418011564770579
@@@ mem[  552] = 0141248301812403 : 90393612608676867
@@@ mem[  560] = 00c1298301012903 : 54370313139464451
@@@ mem[  568] = 0201011300812a03 : 144397844177037827
@@@ mem[  576] = 0007a70300008067 : 2153956163747943
@@@ mem[  584] = fcdff06f00e52023 : 18221546976911368227
@@@ mem[  592] = 012507335a4a2503 : 82480085315757315
@@@ mem[  600] = 412787b35aea2223 : 4694870340951220771
@@@ mem[  608] = 008522235af9a023 : 37473707148025891
@@@ mem[  616] = 0000009700850513 : 648548779283
@@@ mem[  624] = 5c04a503e48080e7 : 6630605987533324519
@@@ mem[  632] = 00052783fa0506e3 : 1450822672385763
@@@ mem[  640] = f6877ee30047a703 : 17764306768613582595
@@@ mem[  648] = 000785135c04a703 : 2116643031656195
@@@ mem[  656] = 5a09a783fef716e3 : 6487900923564070627
@@@ mem[  664] = 00000513fb27fce3 : 5583376219363
@@@ mem[  672] = 00000513f85ff06f : 5583329554543
@@@ mem[  680] = ff01011300008067 : 18374969135764373607
@@@ mem[  688] = 0081242300112623 : 36350004739253795
@@@ mem[  696] = 0005049300912223 : 1412404299768355
@@@ mem[  704] = ebc080e700000097 : 16987719524067311767
@@@ mem[  712] = 0004861300050413 : 1273316069671955
@@@ mem[  720] = 0000009700000593 : 648540063123
@@@ mem[  728] = 000405131a8080e7 : 1131479513989351
@@@ mem[  736] = 0081240300c12083 : 36349867311833219
@@@ mem[  744] = 0101011300412483 : 72340250134914179
@@@ mem[  752] = ff01011300008067 : 18374969135764373607
@@@ mem[  760] = 0081242300112623 : 36350004739253795
@@@ mem[  768] = 0005049300912223 : 1412404299768355
@@@ mem[  776] = 00c0051300058413 : 54048774691324947
@@@ mem[  784] = e6c080e700000097 : 16627431553877672087
@@@ mem[  792] = 0085222300952023 : 37473705631490083
@@@ mem[  800] = 00c1208300052423 : 54360417518298147
@@@ mem[  808] = 0041248300812403 : 18336018553971715
@@@ mem[  816] = 0000806701010113 : 141179886829843
@@@ mem[  824] = 0007a50300052783 : 2151757140797315
@@@ mem[  832] = ff01011300008067 : 18374969135764373607
@@@ mem[  840] = 0005079300112623 : 1415702826264099
@@@ mem[  848] = 0085270300052503 : 37479065741239555
@@@ mem[  856] = 0000009700e7a023 : 648555241507
@@@ mem[  864] = 00c12083d58080e7 : 54360421099929831
@@@ mem[  872] = 0000806701010113 : 141179886829843
@@@ mem[  880] = 00112623ff010113 : 4827010648047891
@@@ mem[  888] = 0091222300812423 : 40851405350708259
@@@ mem[  896] = 0005091301212023 : 1417352111530019
@@@ mem[  904] = 0006049300058513 : 1693879267329299
@@@ mem[  912] = 0006059300092403 : 1694978779194371
@@@ mem[  920] = f5c080e700000097 : 17708295464446591127
@@@ mem[  928] = 0047a70300092783 : 20168354673796995
@@@ mem[  936] = 00f5242302e4d263 : 69001102085116515
@@@ mem[  944] = 00c1208300a92023 : 54360417529045027
@@@ mem[  952] = 0041248300812403 : 18336018553971715
@@@ mem[  960] = 0101011300012903 : 72340250130721027
@@@ mem[  968] = 0004071300008067 : 1133678092648551
@@@ mem[  976] = 0004066300842403 : 1132922187031555
@@@ mem[  984] = fe97c8e300442783 : 18345352484404602755
@@@ mem[  992] = 00a7242300852423 : 47046053861860387
@@@ mem[ 1000] = 00052503fcdff06f : 1448073941217391
@@@ mem[ 1008] = 0000806700153513 : 141179871376659
@@@ mem[ 1016] = 00112e23fe010113 : 4835806724292883
@@@ mem[ 1024] = 0040051300100593 : 18019977673049491
@@@ mem[ 1032] = eec080e700000097 : 17203892306181095575
@@@ mem[ 1040] = 0020061300a12623 : 9013877939447331
@@@ mem[ 1048] = 00c1051300500593 : 54330249672918419
@@@ mem[ 1056] = f50080e700000097 : 17654252268918145175
@@@ mem[ 1064] = 0060059300300613 : 27027726685701651
@@@ mem[ 1072] = 0000009700c10513 : 648552711443
@@@ mem[ 1080] = 00000613f3c080e7 : 6682763624679
@@@ mem[ 1088] = 00c1051300700593 : 54330249675015571
@@@ mem[ 1096] = f28080e700000097 : 17474108283823325335
@@@ mem[ 1104] = 00078c6300c12783 : 2124681679284099
@@@ mem[ 1112] = 0000009700c10513 : 648552711443
@@@ mem[ 1120] = 00c12783ee8080e7 : 54368118100754663
@@@ mem[ 1128] = 00000513fe0798e3 : 5583424428259
@@@ mem[ 1136] = 0201011301c12083 : 144397844198006915
@@@ mem[ 1144] = 00f0031300008067 : 67557374549852263
@@@ mem[ 1152] = 02c37e6300050713 : 199141772201625363
@@@ mem[ 1160] = 0a07906300f77793 : 722705020108634003
@@@ mem[ 1168] = ff06769308059263 : 18376505703398740579
@@@ mem[ 1176] = 00e686b300f67613 : 64887348016870931
@@@ mem[ 1184] = 00b7222300b72023 : 51547454469251107
@@@ mem[ 1192] = 00b7262300b72423 : 51551852515763235
@@@ mem[ 1200] = fed766e301070713 : 18363259130787333907
@@@ mem[ 1208] = 0000806700061463 : 141179870385251
@@@ mem[ 1216] = 0026969340c306b3 : 10861608305886899
@@@ mem[ 1224] = 005686b300000297 : 24354951354385047
@@@ mem[ 1232] = 00b7072300c68067 : 51517767656308839
@@@ mem[ 1240] = 00b7062300b706a3 : 51516668143666851
@@@ mem[ 1248] = 00b7052300b705a3 : 51515568632038819
@@@ mem[ 1256] = 00b7042300b704a3 : 51514469120410787
@@@ mem[ 1264] = 00b7032300b703a3 : 51513369608782755
@@@ mem[ 1272] = 00b7022300b702a3 : 51512270097154723
@@@ mem[ 1280] = 00b7012300b701a3 : 51511170585526691
@@@ mem[ 1288] = 00b7002300b700a3 : 51510071073898659
@@@ mem[ 1296] = 0ff5f59300008067 : 1150095291572060263
@@@ mem[ 1304] = 00d5e5b300859693 : 60206727010031251
@@@ mem[ 1312] = 00d5e5b301059693 : 60206727018419859
@@@ mem[ 1320] = 00279693f6dff06f : 11143086337945711
@@@ mem[ 1328] = 005686b300000297 : 24354951354385047
@@@ mem[ 1336] = fa0680e700008293 : 18016229088968082067
@@@ mem[ 1344] = ff07879300028093 : 18376805869938704531
@@@ mem[ 1352] = 00f6063340f70733 : 69249661473851187
@@@ mem[ 1360] = f3dff06ff6c378e3 : 17573028634695006435
@@@
@@@ mem[ 1440] = 0000061c00003fb0 : 6717328867248
@@@
@@@ mem[ 1472] = 000005cc000005e0 : 6373731468768
@@@ mem[ 1480] = 000005e000000000 : 6459630813184
@@@ mem[ 1488] = 000000040000000c : 17179869196
@@@ mem[ 1496] = 000005e800000001 : 6493990551553
@@@ mem[ 1504] = 0000000c000005f4 : 51539609076
@@@ mem[ 1512] = 0000000200000005 : 8589934597
@@@ mem[ 1520] = 00000608000005fc : 6631429506556
@@@ mem[ 1528] = 000000060000000c : 25769803788
@@@ mem[ 1536] = 0000000000000003 : 3
@@@ mem[ 1544] = 0000000c000005c4 : 51539609028
@@@ mem[ 1552] = 0000000000000007 : 7
@@@ mem[ 1560] = 00000000000005d4 : 1492
@@@
@@@ mem[65456] = 000000070000ffec : 30064836588
@@@ mem[65464] = 0000031800000000 : 3401614098432
@@@
@@@ mem[65480] = 000003a0000005d4 : 3985729652180
@@@
@@@ mem[65496] = 0000046400010000 : 4827543306240
@@@
@@@ mem[65528] = 000000a000000000 : 687194767360
@@@
@@@ System halted on WFI instruction
@@@
