
Final memory state and exit status:

@@@ Unified Memory contents hex on left, decimal on right: 
@@@
@@@ mem[    0] = 0000009700000013 : 648540061715
@@@ mem[    8] = 0001011709c08093 : 282673436197011
@@@ mem[   16] = 00010413ff410113 : 285958910050579
@@@ mem[   24] = ee81819300001197 : 17186160121382703511
@@@ mem[   32] = 0000029300000213 : 2830383448595
@@@ mem[   40] = 0000039300000313 : 3929895076627
@@@ mem[   48] = 0000051300000493 : 5579162518675
@@@ mem[   56] = 0000061300000593 : 6678674146707
@@@ mem[   64] = 0000071300000693 : 7778185774739
@@@ mem[   72] = 0000081300000793 : 8877697402771
@@@ mem[   80] = 0000091300000893 : 9977209030803
@@@ mem[   88] = 00000a1300000993 : 11076720658835
@@@ mem[   96] = 00000b1300000a93 : 12176232286867
@@@ mem[  104] = 00000c1300000b93 : 13275743914899
@@@ mem[  112] = 00000d1300000c93 : 14375255542931
@@@ mem[  120] = 00000e1300000d93 : 15474767170963
@@@ mem[  128] = 00000f1300000e93 : 16574278798995
@@@ mem[  136] = 12c0006f00000f93 : 1351080364952522643
@@@
@@@ mem[  160] = f601011300010117 : 17726450789423055127
@@@ mem[  168] = 00000013fea12c23 : 85876354083
@@@ mem[  176] = 0005278310500073 : 1450818751430771
@@@ mem[  184] = 00e520230005a703 : 64493104363054851
@@@ mem[  192] = 0000806700f5a023 : 141179886084131
@@@ mem[  200] = 0026171300050893 : 10721419487152275
@@@ mem[  208] = 0003250300e50333 : 885119760270131
@@@ mem[  216] = 04c5d063fff58813 : 343910074478331923
@@@ mem[  224] = 00b887b300259593 : 51940598586119571
@@@ mem[  232] = 0240006f00030613 : 162130063326905875
@@@ mem[  240] = 0028169300180813 : 11283819686004755
@@@ mem[  248] = 0006a58300d886b3 : 1870831933753011
@@@ mem[  256] = 00b7a02300e6a023 : 51685992937463843
@@@ mem[  264] = 00c7886300478793 : 56163479153248147
@@@ mem[  272] = fee54ae30007a703 : 18367168994118969091
@@@ mem[  280] = 00180513fd9ff06f : 6760982858690671
@@@ mem[  288] = 00f888b300251793 : 69956096607197075
@@@ mem[  296] = 000327030008a783 : 887318769084291
@@@ mem[  304] = 00f3202300e8a023 : 68433754051878947
@@@ mem[  312] = 00c5c46300008067 : 55666499892838503
@@@ mem[  320] = fe01011300008067 : 18302911541726445671
@@@ mem[  328] = 00812c2300112e23 : 36358800832278051
@@@ mem[  336] = 0121282300912a23 : 81390399067859491
@@@ mem[  344] = 0005091301312623 : 1417352112580131
@@@ mem[  352] = 0006041300058493 : 1693329511515283
@@@ mem[  360] = f60080e700000097 : 17726309862956073111
@@@ mem[  368] = fff5061300050993 : 18443654527640209811
@@@ mem[  376] = 0009051300048593 : 2538853953209747
@@@ mem[  384] = fbc080e700000097 : 18140641028674158743
@@@ mem[  392] = 0019859300040613 : 7183740824716819
@@@ mem[  400] = 0000009700090513 : 648540652819
@@@ mem[  408] = 01c12083fa8080e7 : 126418015758614759
@@@ mem[  416] = 0141248301812403 : 90393612608676867
@@@ mem[  424] = 00c1298301012903 : 54370313139464451
@@@ mem[  432] = 0000806702010113 : 141179903607059
@@@ mem[  440] = 18112e23e6010113 : 1734218063231910163
@@@ mem[  448] = 18912a2318812c23 : 1770242458756656163
@@@ mem[  456] = 1901049300410413 : 1801726355335873555
@@@ mem[  464] = 058080e700000097 : 396458496834404503
@@@ mem[  472] = 00a420233ff57513 : 46197231949542675
@@@ mem[  480] = fe9416e300440413 : 18344312346404717587
@@@ mem[  488] = 0000059306200613 : 6129021093395
@@@ mem[  496] = 0000009700410513 : 648544322835
@@@ mem[  504] = 00000513f48080e7 : 5583264579815
@@@ mem[  512] = 1981240319c12083 : 1837789718679462019
@@@ mem[  520] = 1a01011319412483 : 1873780101502542979
@@@ mem[  528] = 000007b700008067 : 8482560442471
@@@ mem[  536] = 0aa7a4237207a783 : 767762733633873795
@@@ mem[  544] = 000080670a07a623 : 141180038260259
@@@ mem[  552] = 7207a803000007b7 : 8216720775999129527
@@@ mem[  560] = f2d585934c9585b7 : 17498038794909484471
@@@ mem[  568] = 0ac827030a882683 : 776913829736490627
@@@ mem[  576] = 0017861302b687b3 : 6621340672362419
@@@ mem[  584] = 0ac8242300f637b3 : 776910668480001971
@@@ mem[  592] = 42d606135851f637 : 4816043531675235895
@@@ mem[  600] = 02b7073302c68633 : 195633024485197363
@@@ mem[  608] = 00c7073302b6b6b3 : 56021436035675827
@@@ mem[  616] = 00e787b300d70733 : 65169922503149363
@@@ mem[  624] = 0af8262300179513 : 790423666370778387
@@@ mem[  632] = 0000806700155513 : 141179871384851
@@@
@@@ mem[  704] = 00000000000002e0 : 736
@@@
@@@ mem[  736] = 000005cc00000000 : 6373731467264
@@@ mem[  744] = 0000069c00000634 : 7267084666420
@@@
@@@ mem[  904] = c6755a5b8666f82c : 14300435540928297004
@@@ mem[  912] = e66d1234abcd330e : 16603947418614838030
@@@ mem[  920] = 0000000b0005deec : 47245025004
@@@
@@@ mem[ 1824] = 00000000000002e0 : 736
@@@
@@@ mem[64744] = 0000002400000000 : 154618822656
@@@ mem[64752] = 000000230000fe64 : 150323920484
@@@ mem[64760] = 0000019c00000026 : 1769526525990
@@@
@@@ mem[64776] = 0000002200000000 : 146028888064
@@@ mem[64784] = 000000220000fe64 : 146028953188
@@@ mem[64792] = 0000019c00000026 : 1769526525990
@@@
@@@ mem[64808] = 0000002700000000 : 167503724544
@@@ mem[64816] = 000000220000fe64 : 146028953188
@@@ mem[64824] = 0000018800000028 : 1683627180072
@@@
@@@ mem[64840] = 0000006000000000 : 412316860416
@@@ mem[64848] = 0000005e0000fe64 : 403726990948
@@@ mem[64856] = 0000019c00000062 : 1769526526050
@@@
@@@ mem[64872] = 0000005d00000000 : 399431958528
@@@ mem[64880] = 0000005d0000fe64 : 399432023652
@@@ mem[64888] = 0000019c00000062 : 1769526526050
@@@
@@@ mem[64904] = 0000005c00000000 : 395136991232
@@@ mem[64912] = 0000005b0000fe64 : 390842089060
@@@ mem[64920] = 0000019c00000062 : 1769526526050
@@@
@@@ mem[64936] = 0000005a00000000 : 386547056640
@@@ mem[64944] = 000000570000fe64 : 373662219876
@@@ mem[64952] = 0000019c00000062 : 1769526526050
@@@
@@@ mem[64968] = 0000005600000000 : 369367187456
@@@ mem[64976] = 000000530000fe64 : 356482350692
@@@ mem[64984] = 0000019c00000062 : 1769526526050
@@@
@@@ mem[65000] = 0000005200000000 : 352187318272
@@@ mem[65008] = 0000004f0000fe64 : 339302481508
@@@ mem[65016] = 0000019c00000062 : 1769526526050
@@@
@@@ mem[65032] = 0000004e00000000 : 335007449088
@@@ mem[65040] = 0000003c0000fe64 : 257698102884
@@@ mem[65048] = 0000019c00000062 : 1769526526050
@@@
@@@ mem[65064] = 0000003b00000000 : 253403070464
@@@ mem[65072] = 000000000000fe64 : 65124
@@@ mem[65080] = 0000019c00000062 : 1769526526050
@@@
@@@ mem[65104] = 0000fff000000000 : 281406257233920
@@@ mem[65112] = 000001fc0000fff0 : 2181843451888
@@@ mem[65120] = 0000000d00000000 : 55834574848
@@@ mem[65128] = 0000002300000020 : 150323855392
@@@ mem[65136] = 0000002d0000002c : 193273528364
@@@ mem[65144] = 0000003a00000038 : 249108103224
@@@ mem[65152] = 000000400000003f : 274877907007
@@@ mem[65160] = 000000520000004e : 352187318350
@@@ mem[65168] = 0000006800000056 : 446676598870
@@@ mem[65176] = 0000009d0000007e : 674309865598
@@@ mem[65184] = 000000a50000009d : 708669603997
@@@ mem[65192] = 000000c4000000c2 : 841813590210
@@@ mem[65200] = 000000d9000000cf : 932007903439
@@@ mem[65208] = 000000fb000000e9 : 1078036791529
@@@ mem[65216] = 000001150000010f : 1189705941263
@@@ mem[65224] = 0000012b00000129 : 1284195221801
@@@ mem[65232] = 0000013500000134 : 1327144894772
@@@ mem[65240] = 000001430000013c : 1387274436924
@@@ mem[65248] = 0000015900000157 : 1481763717463
@@@ mem[65256] = 0000017100000168 : 1584842932584
@@@ mem[65264] = 0000018d00000189 : 1705102016905
@@@ mem[65272] = 000001930000018f : 1730871820687
@@@ mem[65280] = 000001a8000001a1 : 1821066133921
@@@ mem[65288] = 000001b4000001b0 : 1872605741488
@@@ mem[65296] = 000001cd000001b4 : 1979979923892
@@@ mem[65304] = 000001d8000001d4 : 2027224564180
@@@ mem[65312] = 000001fc000001f5 : 2181843386869
@@@ mem[65320] = 0000020f00000209 : 2263447765513
@@@ mem[65328] = 0000022800000224 : 2370821947940
@@@ mem[65336] = 0000022f0000022a : 2400886719018
@@@ mem[65344] = 0000024400000230 : 2491081032240
@@@ mem[65352] = 0000025700000246 : 2572685410886
@@@ mem[65360] = 0000025e0000025b : 2602750181979
@@@ mem[65368] = 000002720000026a : 2688649527914
@@@ mem[65376] = 0000029800000288 : 2851858285192
@@@ mem[65384] = 000002bd000002a7 : 3010772075175
@@@ mem[65392] = 000002cf000002c6 : 3088081486534
@@@ mem[65400] = 000002df000002d9 : 3156800963289
@@@ mem[65408] = 000002f1000002e5 : 3234110374629
@@@ mem[65416] = 00000304000002f4 : 3315714753268
@@@ mem[65424] = 0000031600000314 : 3393024164628
@@@ mem[65432] = 0000032600000325 : 3461743641381
@@@ mem[65440] = 0000032f00000329 : 3500398347049
@@@ mem[65448] = 0000037400000364 : 3796751090532
@@@ mem[65456] = 0000037800000377 : 3813930959735
@@@ mem[65464] = 0000037b0000037a : 3826815861626
@@@ mem[65472] = 0000039600000390 : 3942779978640
@@@ mem[65480] = 000003a6000003a4 : 4011499455396
@@@ mem[65488] = 000003af000003a8 : 4050154161064
@@@ mem[65496] = 000003c1000003be : 4127463572414
@@@ mem[65504] = 000003db000003d9 : 4239132722137
@@@ mem[65512] = 000003ff000003f7 : 4393751544823
@@@
@@@ mem[65528] = 000000a000000000 : 687194767360
@@@
@@@ System halted on WFI instruction
@@@
