
Final memory state and exit status:

@@@ Unified Memory contents hex on left, decimal on right: 
@@@
@@@ mem[    0] = 0000009700000013 : 648540061715
@@@ mem[    8] = 0001011709c08093 : 282673436197011
@@@ mem[   16] = 00010413ff410113 : 285958910050579
@@@ mem[   24] = f281819300001197 : 17474390497534415255
@@@ mem[   32] = 0000029300000213 : 2830383448595
@@@ mem[   40] = 0000039300000313 : 3929895076627
@@@ mem[   48] = 0000051300000493 : 5579162518675
@@@ mem[   56] = 0000061300000593 : 6678674146707
@@@ mem[   64] = 0000071300000693 : 7778185774739
@@@ mem[   72] = 0000081300000793 : 8877697402771
@@@ mem[   80] = 0000091300000893 : 9977209030803
@@@ mem[   88] = 00000a1300000993 : 11076720658835
@@@ mem[   96] = 00000b1300000a93 : 12176232286867
@@@ mem[  104] = 00000c1300000b93 : 13275743914899
@@@ mem[  112] = 00000d1300000c93 : 14375255542931
@@@ mem[  120] = 00000e1300000d93 : 15474767170963
@@@ mem[  128] = 00000f1300000e93 : 16574278798995
@@@ mem[  136] = 0f80006f00000f93 : 1116893184329256851
@@@
@@@ mem[  160] = f601011300010117 : 17726450789423055127
@@@ mem[  168] = 00000013fea12c23 : 85876354083
@@@ mem[  176] = 0010079310500073 : 4511927842635891
@@@ mem[  184] = 0045061304b7da63 : 19428452146338403
@@@ mem[  192] = 00259793fff58893 : 10581236048562323
@@@ mem[  200] = 0000081300f50533 : 8877713458483
@@@ mem[  208] = 0047879302c0006f : 20133788822536303
@@@ mem[  216] = 0007a70300a78e63 : 2153956174696035
@@@ mem[  224] = fed758e3ffc62683 : 18363243741898483331
@@@ mem[  232] = fee62e2300d7a023 : 18367418858150010915
@@@ mem[  240] = 00460613fe5ff06f : 19709931311591535
@@@ mem[  248] = 0018081301180a63 : 6764277156809315
@@@ mem[  256] = 00060793feb85ae3 : 1697182075345635
@@@ mem[  264] = 00008067fd5ff06f : 141184120909935
@@@ mem[  272] = 0005071306b64463 : 1415153181934691
@@@ mem[  280] = 01f5579340b60533 : 141115253289518387
@@@ mem[  288] = 4017d79300a787b3 : 4618396969262876595
@@@ mem[  296] = 0025179300b78533 : 10440494277952819
@@@ mem[  304] = 0007a78300f707b3 : 2154505935718323
@@@ mem[  312] = ff01011304d78463 : 18374969135845573731
@@@ mem[  320] = 02f6d06300112623 : 213587155968140835
@@@ mem[  328] = 00070513fff50613 : 1975908293740051
@@@ mem[  336] = fc0080e700000097 : 18158655427183640727
@@@ mem[  344] = 0101011300c12083 : 72340250143301763
@@@ mem[  352] = 0015059300008067 : 5917103429288039
@@@ mem[  360] = 0000009700070513 : 648540521747
@@@ mem[  368] = fe5ff06ffa4080e7 : 18329633372151775463
@@@ mem[  376] = 00008067fff00513 : 141184163906835
@@@ mem[  384] = e601011300008067 : 16573529284816175207
@@@ mem[  392] = 18812c2318112e23 : 1765741058145201699
@@@ mem[  400] = 0041041318912a23 : 18300353549249059
@@@ mem[  408] = 0000009719010493 : 648959558803
@@@ mem[  416] = 01f575130cc080e7 : 141147688010809575
@@@ mem[  424] = 0044041300a42023 : 19144778077970467
@@@ mem[  432] = 06300593fe9416e3 : 445862496299128547
@@@ mem[  440] = 0000009700410513 : 648544322835
@@@ mem[  448] = 00a00693ef8080e7 : 45043228721840359
@@@ mem[  456] = 0000059306200613 : 6129021093395
@@@ mem[  464] = 0000009700410513 : 648544322835
@@@ mem[  472] = 1a400693f3c080e7 : 1891519076015046887
@@@ mem[  480] = 0000059306200613 : 6129021093395
@@@ mem[  488] = 0000009700410513 : 648544322835
@@@ mem[  496] = 02100693f24080e7 : 148626020197499111
@@@ mem[  504] = 0000059306200613 : 6129021093395
@@@ mem[  512] = 0000009700410513 : 648544322835
@@@ mem[  520] = 01700693f0c080e7 : 103590023898628327
@@@ mem[  528] = 0000059306200613 : 6129021093395
@@@ mem[  536] = 0000009700410513 : 648544322835
@@@ mem[  544] = 00c00693ef4080e7 : 54050427972387047
@@@ mem[  552] = 0000059306200613 : 6129021093395
@@@ mem[  560] = 0000009700410513 : 648544322835
@@@ mem[  568] = 00000513edc080e7 : 5583151333607
@@@ mem[  576] = 1981240319c12083 : 1837789718679462019
@@@ mem[  584] = 1a01011319412483 : 1873780101502542979
@@@ mem[  592] = 000007b700008067 : 8482560442471
@@@ mem[  600] = 0aa7a4237607a783 : 767762733700982659
@@@ mem[  608] = 000080670a07a623 : 141180038260259
@@@ mem[  616] = 7607a803000007b7 : 8504951152150841271
@@@ mem[  624] = f2d585934c9585b7 : 17498038794909484471
@@@ mem[  632] = 0ac827030a882683 : 776913829736490627
@@@ mem[  640] = 0017861302b687b3 : 6621340672362419
@@@ mem[  648] = 0ac8242300f637b3 : 776910668480001971
@@@ mem[  656] = 42d606135851f637 : 4816043531675235895
@@@ mem[  664] = 02b7073302c68633 : 195633024485197363
@@@ mem[  672] = 00c7073302b6b6b3 : 56021436035675827
@@@ mem[  680] = 00e787b300d70733 : 65169922503149363
@@@ mem[  688] = 0af8262300179513 : 790423666370778387
@@@ mem[  696] = 0000806700155513 : 141179871384851
@@@
@@@ mem[  768] = 0000000000000320 : 800
@@@
@@@ mem[  800] = 0000060c00000000 : 6648609374208
@@@ mem[  808] = 000006dc00000674 : 7541962573428
@@@
@@@ mem[  968] = c6755a5b8666f82c : 14300435540928297004
@@@ mem[  976] = e66d1234abcd330e : 16603947418614838030
@@@ mem[  984] = 0000000b0005deec : 47245025004
@@@
@@@ mem[ 1888] = 0000000000000320 : 800
@@@
@@@ mem[65016] = 0000017400000000 : 1597727834112
@@@
@@@ mem[65032] = 0000017400000000 : 1597727834112
@@@
@@@ mem[65048] = 0000017400000000 : 1597727834112
@@@
@@@ mem[65064] = 0000015800000000 : 1477468749824
@@@
@@@ mem[65080] = 0000017400000000 : 1597727834112
@@@
@@@ mem[65096] = 0000015800000000 : 1477468749824
@@@
@@@ mem[65112] = 0000023c00000000 : 2456721293312
@@@
@@@ mem[65128] = 0000000100000000 : 4294967296
@@@ mem[65136] = 0000000200000001 : 8589934593
@@@ mem[65144] = 0000000300000003 : 12884901891
@@@ mem[65152] = 0000000400000004 : 17179869188
@@@ mem[65160] = 0000000400000004 : 17179869188
@@@ mem[65168] = 0000000400000004 : 17179869188
@@@ mem[65176] = 0000000500000005 : 21474836485
@@@ mem[65184] = 0000000600000005 : 25769803781
@@@ mem[65192] = 0000000600000006 : 25769803782
@@@ mem[65200] = 0000000700000006 : 30064771078
@@@ mem[65208] = 0000000800000008 : 34359738376
@@@ mem[65216] = 0000000800000008 : 34359738376
@@@ mem[65224] = 0000000800000008 : 34359738376
@@@ mem[65232] = 0000000900000009 : 38654705673
@@@ mem[65240] = 0000000900000009 : 38654705673
@@@ mem[65248] = 0000000a00000009 : 42949672969
@@@ mem[65256] = 0000000b0000000a : 47244640266
@@@ mem[65264] = 0000000d0000000c : 55834574860
@@@ mem[65272] = 0000000d0000000d : 55834574861
@@@ mem[65280] = 0000000e0000000d : 60129542157
@@@ mem[65288] = 0000000f0000000f : 64424509455
@@@ mem[65296] = 0000000f0000000f : 64424509455
@@@ mem[65304] = 0000000f0000000f : 64424509455
@@@ mem[65312] = 0000000f0000000f : 64424509455
@@@ mem[65320] = 0000001000000010 : 68719476752
@@@ mem[65328] = 0000001100000010 : 73014444048
@@@ mem[65336] = 0000001200000011 : 77309411345
@@@ mem[65344] = 0000001300000012 : 81604378642
@@@ mem[65352] = 0000001400000014 : 85899345940
@@@ mem[65360] = 0000001400000014 : 85899345940
@@@ mem[65368] = 0000001400000014 : 85899345940
@@@ mem[65376] = 0000001500000014 : 90194313236
@@@ mem[65384] = 0000001500000015 : 90194313237
@@@ mem[65392] = 0000001600000016 : 94489280534
@@@ mem[65400] = 0000001700000016 : 98784247830
@@@ mem[65408] = 0000001700000017 : 98784247831
@@@ mem[65416] = 0000001800000017 : 103079215127
@@@ mem[65424] = 0000001800000018 : 103079215128
@@@ mem[65432] = 0000001900000018 : 107374182424
@@@ mem[65440] = 0000001900000019 : 107374182425
@@@ mem[65448] = 0000001a00000019 : 111669149721
@@@ mem[65456] = 0000001b0000001a : 115964117018
@@@ mem[65464] = 0000001b0000001b : 115964117019
@@@ mem[65472] = 0000001c0000001b : 120259084315
@@@ mem[65480] = 0000001d0000001c : 124554051612
@@@ mem[65488] = 0000001d0000001d : 124554051613
@@@ mem[65496] = 0000001e0000001e : 128849018910
@@@ mem[65504] = 0000001f0000001e : 133143986206
@@@ mem[65512] = 0000001f0000001f : 133143986207
@@@
@@@ mem[65528] = 000000a000000000 : 687194767360
@@@
@@@ System halted on WFI instruction
@@@
