
Final memory state and exit status:

@@@ Unified Memory contents hex on left, decimal on right: 
@@@
@@@ mem[    0] = 0000009700000013 : 648540061715
@@@ mem[    8] = 0001011709c08093 : 282673436197011
@@@ mem[   16] = 00010413ff410113 : 285958910050579
@@@ mem[   24] = f481819300002197 : 17618505685610275223
@@@ mem[   32] = 0000029300000213 : 2830383448595
@@@ mem[   40] = 0000039300000313 : 3929895076627
@@@ mem[   48] = 0000051300000493 : 5579162518675
@@@ mem[   56] = 0000061300000593 : 6678674146707
@@@ mem[   64] = 0000071300000693 : 7778185774739
@@@ mem[   72] = 0000081300000793 : 8877697402771
@@@ mem[   80] = 0000091300000893 : 9977209030803
@@@ mem[   88] = 00000a1300000993 : 11076720658835
@@@ mem[   96] = 00000b1300000a93 : 12176232286867
@@@ mem[  104] = 00000c1300000b93 : 13275743914899
@@@ mem[  112] = 00000d1300000c93 : 14375255542931
@@@ mem[  120] = 00000e1300000d93 : 15474767170963
@@@ mem[  128] = 00000f1300000e93 : 16574278798995
@@@ mem[  136] = 06c0106f00000f93 : 486406828683431827
@@@
@@@ mem[  160] = f601011300010117 : 17726450789423055127
@@@ mem[  168] = 00000013fea12c23 : 85876354083
@@@ mem[  176] = 000017b710500073 : 26075020132467
@@@ mem[  184] = 0af566637b078793 : 789649887125276563
@@@ mem[  192] = 7b078793000057b7 : 8865203456932075447
@@@ mem[  200] = 000018370aa7e063 : 26624681042019
@@@ mem[  208] = ff8506937a482783 : 18412129882055649155
@@@ mem[  216] = 00d7fc630007a703 : 60794622125254403
@@@ mem[  224] = 00e7fc6300e6ee63 : 65298221767257699
@@@ mem[  232] = 0007a70300070793 : 2153956164175763
@@@ mem[  240] = fee7eae3fed7e8e3 : 18367907870207895779
@@@ mem[  248] = ffc52583fee6f8e3 : 18430178298931116259
@@@ mem[  256] = 00c6863300359613 : 55879598993675795
@@@ mem[  264] = 0047a88302c70263 : 20170003987235427
@@@ mem[  272] = 00389613fee52c23 : 15927611320773667
@@@ mem[  280] = 02c68a6300c78633 : 199999391284037171
@@@ mem[  288] = 7af8222300d7a023 : 8860869800584781859
@@@ mem[  296] = 0047260300008067 : 20026517673246823
@@@ mem[  304] = 00c585b300072703 : 55597574258108163
@@@ mem[  312] = 0047a883feb52e23 : 20170008213925411
@@@ mem[  320] = 00389613fee52c23 : 15927611320773667
@@@ mem[  328] = fcc69ae300c78633 : 18214416042707879475
@@@ mem[  336] = 0007069300b885b3 : 1977553279026611
@@@ mem[  344] = 00d7a02300b7a223 : 60693192189125155
@@@ mem[  352] = 000080677af82223 : 141181933068835
@@@ mem[  360] = 00100513ff010113 : 4509183068143891
@@@ mem[  368] = 0000009700112623 : 648541185571
@@@ mem[  376] = 000047b7f2c080e7 : 78855377289447
@@@ mem[  384] = fe01011314a7ea63 : 18302911542072961635
@@@ mem[  392] = 00112e2300812c23 : 4835802471279651
@@@ mem[  400] = 0121282300912a23 : 81390399067859491
@@@ mem[  408] = 0141242301312623 : 90393200286574115
@@@ mem[  416] = 0005041300357793 : 1411854537947027
@@@ mem[  424] = 000019b70e079463 : 28274005087331
@@@ mem[  432] = 008404937a49a603 : 37159728384157187
@@@ mem[  440] = 000627830e060863 : 1732293689739363
@@@ mem[  448] = 1086fc630047a683 : 1190916653622732419
@@@ mem[  456] = 00001a3700001937 : 28823525529911
@@@ mem[  464] = 000727830100006f : 2013768447950959
@@@ mem[  472] = 0486f8630047a683 : 326221127121086083
@@@ mem[  480] = fec798e300078713 : 18358810506724607763
@@@ mem[  488] = 4097873378492783 : 4654337395041838979
@@@ mem[  496] = 788a25030697ee63 : 8685795526263172707
@@@ mem[  504] = 009507b378e92223 : 41948238938972707
@@@ mem[  512] = 0085051300852223 : 37441751073759779
@@@ mem[  520] = 0000009778fa2423 : 650569720867
@@@ mem[  528] = 7a49a703ea8080e7 : 8811757781188116711
@@@ mem[  536] = 0007278304070a63 : 2013768498743907
@@@ mem[  544] = 0047a68300070613 : 20167804917843475
@@@ mem[  552] = 08d40e63fa86ece3 : 636149269933780195
@@@ mem[  560] = 00369613409686b3 : 15364658174527155
@@@ mem[  568] = 00c787b300d7a223 : 56162723248448035
@@@ mem[  576] = 01c120830087a223 : 126418011564778019
@@@ mem[  584] = 7ae9a22301812403 : 8856788413433586691
@@@ mem[  592] = 0101290301412483 : 72384161897325699
@@@ mem[  600] = 00812a0300c12983 : 36356464381602179
@@@ mem[  608] = 0201011300878513 : 144397844177454355
@@@ mem[  616] = 01c1208300008067 : 126418011555922023
@@@ mem[  624] = 0141248301812403 : 90393612608676867
@@@ mem[  632] = 00c1298301012903 : 54370313139464451
@@@ mem[  640] = 0000051300812a03 : 5579170982403
@@@ mem[  648] = 0000806702010113 : 141179903607059
@@@ mem[  656] = 7a49a603000019b7 : 8811756677742205367
@@@ mem[  664] = 00440413ffc57413 : 19144782358344723
@@@ mem[  672] = f0061ce300840493 : 17295543180254774419
@@@ mem[  680] = 7a86079300001637 : 8828752447448028727
@@@ mem[  688] = 00f7a0237af9a223 : 69700393495011875
@@@ mem[  696] = 000006930007a223 : 7228430459427
@@@ mem[  704] = f01ff06f7a860613 : 17302812654968374803
@@@ mem[  712] = 00d720230007a683 : 60552454689236611
@@@ mem[  720] = 00000513f75ff06f : 5583312777327
@@@ mem[  728] = 0006071300008067 : 1696628046069863
@@@ mem[  736] = fe5ff06ff4d418e3 : 18329633372060784867
@@@ mem[  744] = 00112623ff010113 : 4827010648047891
@@@ mem[  752] = 0091222300812423 : 40851405350708259
@@@ mem[  760] = 0000009700050493 : 648540390547
@@@ mem[  768] = 00048613e80080e7 : 1273319961690343
@@@ mem[  776] = 0005041300000593 : 1411854534444435
@@@ mem[  784] = 338080e700001097 : 3711107822579093655
@@@ mem[  792] = 0004051300c12083 : 1131479082016899
@@@ mem[  800] = 0041248300812403 : 18336018553971715
@@@ mem[  808] = 0000806701010113 : 141179886829843
@@@ mem[  816] = 7807a503000017b7 : 8649063041691817911
@@@ mem[  824] = 0015551300157713 : 6004514605070099
@@@ mem[  832] = 0000b73700070863 : 201446851545187
@@@ mem[  840] = 00e5453340070713 : 64533856086591251
@@@ mem[  848] = 0000806778a7a023 : 141181894238243
@@@ mem[  856] = 41f7d793fff54793 : 4753504962367276947
@@@ mem[  864] = 0000806700f57533 : 141179886073139
@@@ mem[  872] = ff01011312f05a63 : 18374969136082082403
@@@ mem[  880] = 0081262300279793 : 36352203763980179
@@@ mem[  888] = 0121222300912423 : 81383801998091299
@@@ mem[  896] = 0027141300f68e33 : 10999595944807987
@@@ mem[  904] = 00200e9300100313 : 9023223778771731
@@@ mem[  912] = 00400f9300300f13 : 18031522547240723
@@@ mem[  920] = 0060039300500293 : 27025527664542355
@@@ mem[  928] = 00f6a0230005a783 : 69418916455491459
@@@ mem[  936] = 000628830ae05e63 : 1733393148567139
@@@ mem[  944] = 029888b300052483 : 187049686916736131
@@@ mem[  952] = 00f6a023011787b3 : 69418916473440179
@@@ mem[  960] = 004628830a670263 : 19747791650095715
@@@ mem[  968] = 029888b300452483 : 187049686920930435
@@@ mem[  976] = 00f6a023011787b3 : 69418916473440179
@@@ mem[  984] = 0085288309d70663 : 37480715173430883
@@@ mem[  992] = 029888b300862483 : 187049686925190275
@@@ mem[ 1000] = 00f6a023011787b3 : 69418916473440179
@@@ mem[ 1008] = 00c5288307e70a63 : 55495113650408035
@@@ mem[ 1016] = 029888b300c62483 : 187049686929384579
@@@ mem[ 1024] = 00f6a023011787b3 : 69418916473440179
@@@ mem[ 1032] = 0105288305f70e63 : 73509512127385187
@@@ mem[ 1040] = 029888b301062483 : 187049686933578883
@@@ mem[ 1048] = 00f6a023011787b3 : 69418916473440179
@@@ mem[ 1056] = 0145288304570263 : 91523910609601123
@@@ mem[ 1064] = 029888b301462483 : 187049686937773187
@@@ mem[ 1072] = 00f6a023011787b3 : 69418916473440179
@@@ mem[ 1080] = 0180089302770663 : 108095818551461475
@@@ mem[ 1088] = 01160933011504b3 : 78260158191699123
@@@ mem[ 1096] = 000929030004a483 : 2578367652340867
@@@ mem[ 1104] = 032484b300488893 : 226451785614133395
@@@ mem[ 1112] = 00f6a023009787b3 : 69418916465051571
@@@ mem[ 1120] = 01036a63ff1410e3 : 73018996681871587
@@@ mem[ 1128] = 41f8d893fff7c893 : 4753787536855779475
@@@ mem[ 1136] = 00f6a0230117f7b3 : 69418916473468851
@@@ mem[ 1144] = 0045859300468693 : 19568639804343955
@@@ mem[ 1152] = f1c69ee301450513 : 17421786906345407763
@@@ mem[ 1160] = 0081248300c12403 : 36350417067648003
@@@ mem[ 1168] = 0101011300412903 : 72340250134915331
@@@ mem[ 1176] = 0000806700008067 : 141179870019687
@@@ mem[ 1184] = 0025959306b05063 : 10579032843243619
@@@ mem[ 1192] = 00b508b30000b337 : 50956535676842807
@@@ mem[ 1200] = 000015b740030313 : 23876797137683
@@@ mem[ 1208] = 0017f8137805a783 : 6746686966048643
@@@ mem[ 1216] = 0067c6330017d793 : 29209844948391827
@@@ mem[ 1224] = 00f7f71300f67693 : 69795980240123539
@@@ mem[ 1232] = ffb70713ffb68693 : 18426204182885598867
@@@ mem[ 1240] = 78c5a02300080c63 : 8702537927148178531
@@@ mem[ 1248] = 0045051300d52023 : 19427352569520163
@@@ mem[ 1256] = 00008067fca898e3 : 141184108894435
@@@ mem[ 1264] = 00e5202378f5a023 : 64493106392047651
@@@ mem[ 1272] = faa89ee300450513 : 18061861003368662291
@@@ mem[ 1280] = 28d0506300008067 : 2940938942804951143
@@@ mem[ 1288] = 0000b83700269693 : 202546365240979
@@@ mem[ 1296] = 4008081300d588b3 : 4613946695952468147
@@@ mem[ 1304] = 00100313000016b7 : 4506979766638263
@@@ mem[ 1312] = 00300e9300200e13 : 13526823407193619
@@@ mem[ 1320] = 00500f9300400f13 : 22535122175659795
@@@ mem[ 1328] = 7806a78300600293 : 8648784315500462739
@@@ mem[ 1336] = 0017d7930017f713 : 6710950826080019
@@@ mem[ 1344] = 0107c7b300070463 : 74247490488435811
@@@ mem[ 1352] = 00f7f79378f6a023 : 69796532009213987
@@@ mem[ 1360] = 00f5a023ffb78793 : 69137445768628115
@@@ mem[ 1368] = 7806a7831ec05c63 : 8648784316010093667
@@@ mem[ 1376] = 0017d7930017f713 : 6710950826080019
@@@ mem[ 1384] = 0107c7b300070463 : 74247490488435811
@@@ mem[ 1392] = ffb7071300f7f713 : 18426204178611697427
@@@ mem[ 1400] = 1c66086300e52023 : 2046332301996269603
@@@ mem[ 1408] = 0017d7930017f713 : 6710950826080019
@@@ mem[ 1416] = 00f7f7131c071c63 : 69795980694199395
@@@ mem[ 1424] = 00e52223ffb70713 : 64495307676124947
@@@ mem[ 1432] = 0017f7131bc60a63 : 6745585906748003
@@@ mem[ 1440] = 1c0712630017d793 : 2019603174311581587
@@@ mem[ 1448] = ffb7071300f7f713 : 18426204178611697427
@@@ mem[ 1456] = 19d60c6300e52423 : 1861689115320591395
@@@ mem[ 1464] = 0017d7930017f713 : 6710950826080019
@@@ mem[ 1472] = 00f7f7131a071863 : 69795980660643939
@@@ mem[ 1480] = 00e52623ffb70713 : 64499705722636051
@@@ mem[ 1488] = 0017f71317e60e63 : 6745585841737315
@@@ mem[ 1496] = 000704630017d793 : 1975148086810515
@@@ mem[ 1504] = 00f7f7130107c7b3 : 69795980241258419
@@@ mem[ 1512] = 00e52823ffb70713 : 64501904745891603
@@@ mem[ 1520] = 0017f71315f60e63 : 6745585809231459
@@@ mem[ 1528] = 000704630017d793 : 1975148086810515
@@@ mem[ 1536] = 00f7f7130107c7b3 : 69795980241258419
@@@ mem[ 1544] = 00e52a23ffb70713 : 64504103769147155
@@@ mem[ 1552] = ff01011312560e63 : 18374969136071970403
@@@ mem[ 1560] = 0060071300812623 : 27029375958459939
@@@ mem[ 1568] = 0017f41300271393 : 6742286908461971
@@@ mem[ 1576] = 00170713007503b3 : 6481702657786803
@@@ mem[ 1584] = 000404630017d793 : 1130723156678547
@@@ mem[ 1592] = 00f7f4130107c7b3 : 69792681706375091
@@@ mem[ 1600] = 0083a023ffb40413 : 37049298423383059
@@@ mem[ 1608] = 78f6a023fce61ce3 : 8716330205249412323
@@@ mem[ 1616] = 0145051300458593 : 91484946598036883
@@@ mem[ 1624] = 7806a78313158063 : 8648784315814346851
@@@ mem[ 1632] = 0017d7930017f713 : 6710950826080019
@@@ mem[ 1640] = 0107c7b300070463 : 74247490488435811
@@@ mem[ 1648] = 00f7f79378f6a023 : 69796532009213987
@@@ mem[ 1656] = 00f5a023ffb78793 : 69137445768628115
@@@ mem[ 1664] = 7806a783fcc058e3 : 8648784319734634723
@@@ mem[ 1672] = 0017d7930017f713 : 6710950826080019
@@@ mem[ 1680] = 0107c7b300070463 : 74247490488435811
@@@ mem[ 1688] = ffb7071300f7f713 : 18426204178611697427
@@@ mem[ 1696] = fa6604e300e52023 : 18043114330125574179
@@@ mem[ 1704] = 0017d7930017f713 : 6710950826080019
@@@ mem[ 1712] = 0107c7b300070463 : 74247490488435811
@@@ mem[ 1720] = ffb7071300f7f713 : 18426204178611697427
@@@ mem[ 1728] = f9c604e300e52223 : 17998078333851869731
@@@ mem[ 1736] = 0017d7930017f713 : 6710950826080019
@@@ mem[ 1744] = 0107c7b300070463 : 74247490488435811
@@@ mem[ 1752] = ffb7071300f7f713 : 18426204178611697427
@@@ mem[ 1760] = f7d604e300e52423 : 17858466745403384867
@@@ mem[ 1768] = 0017d7930017f713 : 6710950826080019
@@@ mem[ 1776] = 0107c7b300070463 : 74247490488435811
@@@ mem[ 1784] = ffb7071300f7f713 : 18426204178611697427
@@@ mem[ 1792] = f5e604e300e52623 : 17718855156954900003
@@@ mem[ 1800] = 0017d7930017f713 : 6710950826080019
@@@ mem[ 1808] = 0107c7b300070463 : 74247490488435811
@@@ mem[ 1816] = ffb7071300f7f713 : 18426204178611697427
@@@ mem[ 1824] = f3f604e300e52823 : 17579243568506415139
@@@ mem[ 1832] = 0017d7930017f713 : 6710950826080019
@@@ mem[ 1840] = 0107c7b300070463 : 74247490488435811
@@@ mem[ 1848] = ffb7071300f7f713 : 18426204178611697427
@@@ mem[ 1856] = ec561ce300e52a23 : 17029830802246281763
@@@ mem[ 1864] = 78f6a023f05ff06f : 8716330205039292527
@@@ mem[ 1872] = 0145051300458593 : 91484946598036883
@@@ mem[ 1880] = 00008067dd159ee3 : 141183579168483
@@@ mem[ 1888] = e29ff06f0107c7b3 : 16330035133418031027
@@@ mem[ 1896] = e3dff06f0107c7b3 : 16420107125965440947
@@@ mem[ 1904] = e51ff06f0107c7b3 : 16510179118512850867
@@@ mem[ 1912] = 0101011300c12403 : 72340250143302659
@@@ mem[ 1920] = 0000806700008067 : 141179870019687
@@@ mem[ 1928] = 02b7da6300100793 : 195865227551573907
@@@ mem[ 1936] = 0045079300052603 : 19430101334959619
@@@ mem[ 1944] = 0000051300100713 : 5579163567891
@@@ mem[ 1952] = 004787930007a683 : 20133788776900227
@@@ mem[ 1960] = 0007051300d65663 : 1975904013538915
@@@ mem[ 1968] = 0017071300068613 : 6481702650545683
@@@ mem[ 1976] = 00008067fee594e3 : 141184146445539
@@@ mem[ 1984] = 0000806700000513 : 141179869988115
@@@ mem[ 1992] = 00080313f7010113 : 2255184096985363
@@@ mem[ 2000] = 0771282309412803 : 536253961578031107
@@@ mem[ 2008] = 00181e1309012b83 : 6788466545339267
@@@ mem[ 2016] = 411e0e33006e0e33 : 4692203473979969075
@@@ mem[ 2024] = 0881262300088813 : 612812956065368083
@@@ mem[ 2032] = 0891242300078893 : 617314356669417619
@@@ mem[ 2040] = 0931202309212223 : 662345955049284131
@@@ mem[ 2048] = 07512c2307412e23 : 527251160336248355
@@@ mem[ 2056] = 0781262307612a23 : 540755362150689315
@@@ mem[ 2064] = 07a1222307912423 : 549758163362063395
@@@ mem[ 2072] = 00c1262307b12023 : 54366602399916067
@@@ mem[ 2080] = 417e57b302e12223 : 4719305885889929763
@@@ mem[ 2088] = 3407ca6335105c63 : 3749187742250064995
@@@ mem[ 2096] = 00070f13002b9e13 : 1986899118628371
@@@ mem[ 2104] = 00058f9309412703 : 1565236561782531
@@@ mem[ 2112] = 00b12e2303c12423 : 49871798799508515
@@@ mem[ 2120] = 09412e03017e05b3 : 666864810272359859
@@@ mem[ 2128] = 0017879300271713 : 6622989896849171
@@@ mem[ 2136] = 06400e1340ee0733 : 450375438593558323
@@@ mem[ 2144] = 03cf0e3300371713 : 274453714502620947
@@@ mem[ 2152] = 0941270304e12623 : 666857113747793443
@@@ mem[ 2160] = 0028989300279613 : 11426756198635027
@@@ mem[ 2168] = 04e12e2340e80733 : 351612974859290419
@@@ mem[ 2176] = 00f60eb309412703 : 69259006388020995
@@@ mem[ 2184] = 40e0073302d12c23 : 4674744328882564131
@@@ mem[ 2192] = 40f007b3011f86b3 : 4679248478237329075
@@@ mem[ 2200] = 04e1202304d12223 : 351597580688368163
@@@ mem[ 2208] = 41d0073300259693 : 4742298323248322195
@@@ mem[ 2216] = 03d1282300279793 : 275045183037872019
@@@ mem[ 2224] = 04d1242303c12623 : 347098379089684003
@@@ mem[ 2232] = 04e12c2304c12a23 : 351610774826854947
@@@ mem[ 2240] = 00400c1304f12823 : 18027674336307235
@@@ mem[ 2248] = 00200d9300300c93 : 9022124269243539
@@@ mem[ 2256] = 00050a9300100d13 : 1419001361075475
@@@ mem[ 2264] = 0541278303812703 : 378627287328827139
@@@ mem[ 2272] = 05c1250304012b03 : 414653335577111299
@@@ mem[ 2280] = 00f12c2300e787b3 : 67883998237919155
@@@ mem[ 2288] = 0581278303012703 : 396641685829920515
@@@ mem[ 2296] = 02f12e2300e787b3 : 212001385337030579
@@@ mem[ 2304] = 02f12a2304c12783 : 211996987355113347
@@@ mem[ 2312] = 000b0a93000a8793 : 3107851220977555
@@@ mem[ 2320] = 0501278300078b13 : 360612888761043731
@@@ mem[ 2328] = 0341268301812703 : 234510999707789059
@@@ mem[ 2336] = 00e7873304012e83 : 65169372800429699
@@@ mem[ 2344] = 00d78a3300c12783 : 60669071653414787
@@@ mem[ 2352] = 0050079309412683 : 22526326233704067
@@@ mem[ 2360] = 40dc09b340d78433 : 4673621178795394099
@@@ mem[ 2368] = 40dd83b340dc84b3 : 4674036794191021235
@@@ mem[ 2376] = 01c1278340dd02b3 : 126425709225509555
@@@ mem[ 2384] = 00f720230007a783 : 69559653943977859
@@@ mem[ 2392] = 16f05c6302412783 : 1652922643554314115
@@@ mem[ 2400] = 0371202317005a63 : 248014789563931235
@@@ mem[ 2408] = 0000089302c12b83 : 9427499428739
@@@ mem[ 2416] = 0007268300c12e03 : 2012668932206083
@@@ mem[ 2424] = 01688633014885b3 : 101478545238820275
@@@ mem[ 2432] = 011e0933000a8793 : 80511957987919763
@@@ mem[ 2440] = 2267d6632207c863 : 2479185841151789155
@@@ mem[ 2448] = 006eda63000ecc63 : 31202366175759459
@@@ mem[ 2456] = 00062f030005ae03 : 1740539792043523
@@@ mem[ 2464] = 01c686b303ee0e33 : 127937742849838643
@@@ mem[ 2472] = 11a8066300d72023 : 1272273917017792547
@@@ mem[ 2480] = 0062da630002cc63 : 27824666454445155
@@@ mem[ 2488] = 00462f030045ae03 : 19754938305719811
@@@ mem[ 2496] = 01c686b303ee0e33 : 127937742849838643
@@@ mem[ 2504] = 0fb8066300d72023 : 1132662328569307171
@@@ mem[ 2512] = 0063da630003cc63 : 28106141431221347
@@@ mem[ 2520] = 00862f030085ae03 : 37769336819396099
@@@ mem[ 2528] = 01c686b303ee0e33 : 127937742849838643
@@@ mem[ 2536] = 0d98066300d72023 : 979539941238710307
@@@ mem[ 2544] = 0064da630004cc63 : 28387616407997539
@@@ mem[ 2552] = 00c62f0300c5ae03 : 55783735333072387
@@@ mem[ 2560] = 01c686b303ee0e33 : 127937742849838643
@@@ mem[ 2568] = 0b88066300d72023 : 830921153535483939
@@@ mem[ 2576] = 0069da630009cc63 : 29794991291878499
@@@ mem[ 2584] = 01062f030105ae03 : 73798133846748675
@@@ mem[ 2592] = 01c686b303ee0e33 : 127937742849838643
@@@ mem[ 2600] = 00500e1300d72023 : 22533472918118435
@@@ mem[ 2608] = 00044c6309c80463 : 1209888156419171
@@@ mem[ 2616] = 0145ae0300645a63 : 91670695345674851
@@@ mem[ 2624] = 03ee0e3301462f03 : 283179438798417667
@@@ mem[ 2632] = 00d7202301c686b3 : 60552454718523059
@@@ mem[ 2640] = 07c8026300600e13 : 560700777838939667
@@@ mem[ 2648] = 00ff0f3300279f13 : 71792830781562643
@@@ mem[ 2656] = 012f0f33002f1f13 : 85303629664165651
@@@ mem[ 2664] = 00140e1301e12823 : 5644974332913699
@@@ mem[ 2672] = 00f12a2300600f13 : 67881799205785363
@@@ mem[ 2680] = 01012783020e4663 : 72382512643327587
@@@ mem[ 2688] = 01f787b3002e1f93 : 141731116157378451
@@@ mem[ 2696] = 01f60fb3002f1f93 : 141317699785400211
@@@ mem[ 2704] = 0007a783006e5a63 : 2154505926761059
@@@ mem[ 2712] = 03f78fb3000faf83 : 285855100324261763
@@@ mem[ 2720] = 00d7202301f686b3 : 60552454721668787
@@@ mem[ 2728] = 001e0e13001f0f13 : 8459724070522643
@@@ mem[ 2736] = 01412783fde814e3 : 90396915378164963
@@@ mem[ 2744] = 0145859300178793 : 91626233839191955
@@@ mem[ 2752] = eca792e301460613 : 17052760017738270227
@@@ mem[ 2760] = eb7892e306488893 : 16967473099878992019
@@@ mem[ 2768] = 0981278302012b83 : 684872061964856195
@@@ mem[ 2776] = 01a79c6300078463 : 119235864164795491
@@@ mem[ 2784] = fff7c69300072783 : 18444429133582116739
@@@ mem[ 2792] = 00d7f7b341f6d693 : 60789469270693523
@@@ mem[ 2800] = 0281278300f72023 : 180468903681925155
@@@ mem[ 2808] = 0174043300470713 : 104713308430862099
@@@ mem[ 2816] = 0181278300fa0a33 : 108411309644188211
@@@ mem[ 2824] = 017989b3017e8eb3 : 106267468137139891
@@@ mem[ 2832] = 017383b3017484b3 : 104572021206451379
@@@ mem[ 2840] = e2f718e3017282b3 : 16354567935080170163
@@@ mem[ 2848] = 0481268301470713 : 324582992251389715
@@@ mem[ 2856] = 0341270300e12c23 : 234511549453118499
@@@ mem[ 2864] = 0175053303c12783 : 104995882977535875
@@@ mem[ 2872] = 02e12a2300d70733 : 207493387662067507
@@@ mem[ 2880] = 0057879303012703 : 24637388454176515
@@@ mem[ 2888] = 017a8ab302f12e23 : 106550042649767459
@@@ mem[ 2896] = 01970713dce792e3 : 114568097413173987
@@@ mem[ 2904] = 0381270302e12823 : 252525947996153891
@@@ mem[ 2912] = 1f4b0a9301c12783 : 2254907664934971267
@@@ mem[ 2920] = 02e12c2306470713 : 207495586776549139
@@@ mem[ 2928] = 0047879304412703 : 20133788847777539
@@@ mem[ 2936] = d4e79ee300f12e23 : 15341405353471454755
@@@ mem[ 2944] = 0881248308c12403 : 612811169505289219
@@@ mem[ 2952] = 0801298308412903 : 576787870036076803
@@@ mem[ 2960] = 07812a8307c12a03 : 540760172520352259
@@@ mem[ 2968] = 07012b8307412b03 : 504732475004627715
@@@ mem[ 2976] = 06812c8306c12c03 : 468704777488903171
@@@ mem[ 2984] = 06012d8306412d03 : 432677079973178627
@@@ mem[ 2992] = 0000806709010113 : 141180021047571
@@@ mem[ 3000] = efdff06f00d72023 : 17284798254417387555
@@@ mem[ 3008] = 00d3033300181313 : 59394737665741587
@@@ mem[ 3016] = 40f35fb340e30333 : 4680189661260481331
@@@ mem[ 3024] = fd01011320c05e63 : 18230853948237962851
@@@ mem[ 3032] = 0281262301712823 : 180467391861434403
@@@ mem[ 3040] = 0321222302912423 : 225498990107501603
@@@ mem[ 3048] = 01412e2303312023 : 90404195436404771
@@@ mem[ 3056] = 01612a2301512c23 : 99406996613180451
@@@ mem[ 3064] = 0191242301812623 : 112911198428669475
@@@ mem[ 3072] = 0007081302e70bb3 : 1979202583071667
@@@ mem[ 3080] = 06400a93100fc863 : 450371589482989667
@@@ mem[ 3088] = 00f287b300279293 : 68266147235467923
@@@ mem[ 3096] = 0027949300050913 : 11140883173148947
@@@ mem[ 3104] = 40900c3300058b13 : 4652231828256951059
@@@ mem[ 3112] = 0008859303560733 : 2398666276341555
@@@ mem[ 3120] = 00100513001f8f93 : 4509178791956371
@@@ mem[ 3128] = 0030031300200893 : 13514179023472787
@@@ mem[ 3136] = 00e90ab300400e93 : 65595433493204627
@@@ mem[ 3144] = 00000393000b0a13 : 3929895799315
@@@ mem[ 3152] = 0000099300000413 : 10526964843539
@@@ mem[ 3160] = 000a069301238e33 : 2821978216173107
@@@ mem[ 3168] = 1405846300000f13 : 1442704816378744595
@@@ mem[ 3176] = 07005e6314a58e63 : 504506937906663011
@@@ mem[ 3184] = 00000613000e0793 : 6678675064723
@@@ mem[ 3192] = 0006a70305c0006f : 1872481283473519
@@@ mem[ 3200] = 00e6a02301970733 : 64915316854425395
@@@ mem[ 3208] = 0047ac830505de63 : 20174402071420515
@@@ mem[ 3216] = 00e6a02301970733 : 64915316854425395
@@@ mem[ 3224] = 0087ac830308d863 : 38188800547543139
@@@ mem[ 3232] = 00e6a02301970733 : 64915316854425395
@@@ mem[ 3240] = 00c7ac8303035063 : 56203199056662627
@@@ mem[ 3248] = 00e6a02301970733 : 64915316854425395
@@@ mem[ 3256] = 0107ac83010ed863 : 74217597533345891
@@@ mem[ 3264] = 00e6a02301970733 : 64915316854425395
@@@ mem[ 3272] = 0147879300160613 : 92191382815770131
@@@ mem[ 3280] = 0007ac8301065a63 : 2160003494861411
@@@ mem[ 3288] = faa580e306058863 : 18060983593186199651
@@@ mem[ 3296] = 0ea58c63ff0544e3 : 1055404048796435683
@@@ mem[ 3304] = 00468693001f0f13 : 19851214290095891
@@@ mem[ 3312] = f7ff18e3005e0e33 : 17870029209672224307
@@@ mem[ 3320] = 014a0a1300198993 : 92897819036846483
@@@ mem[ 3328] = 009383b301840433 : 41521626424280115
@@@ mem[ 3336] = 06490913f5f998e3 : 452903218863249635
@@@ mem[ 3344] = f3591ae3064b0b13 : 17535076186509216531
@@@ mem[ 3352] = 0281248302c12403 : 180465605177058307
@@@ mem[ 3360] = 0201298302412903 : 144442305707845891
@@@ mem[ 3368] = 01812a8301c12a03 : 108414608192121347
@@@ mem[ 3376] = 01012b8301412b03 : 72386910676396803
@@@ mem[ 3384] = 00812c8300c12c03 : 36359213160672259
@@@ mem[ 3392] = 0000806703010113 : 141179920384275
@@@ mem[ 3400] = 019754630006a703 : 114653099700168451
@@@ mem[ 3408] = 00e6a023000c8713 : 64915316828571411
@@@ mem[ 3416] = 0047ac83f90556e3 : 20174406165026531
@@@ mem[ 3424] = 000c871301975463 : 3526215421351011
@@@ mem[ 3432] = f508dee300e6a023 : 17656607405660086307
@@@ mem[ 3440] = 019754630087ac83 : 114653099708624003
@@@ mem[ 3448] = 00e6a023000c8713 : 64915316828571411
@@@ mem[ 3456] = 00c7ac83f50354e3 : 56203203116750051
@@@ mem[ 3464] = 00070c9300ecd463 : 1984150352221283
@@@ mem[ 3472] = f30edae30196a023 : 17514176669409517603
@@@ mem[ 3480] = 00ecd4630107a703 : 66661616187844355
@@@ mem[ 3488] = 0196a02300070c93 : 114454912729287827
@@@ mem[ 3496] = 008e07b3f21ff06f : 39977916135633007
@@@ mem[ 3504] = 0007a783007787b3 : 2154505927362483
@@@ mem[ 3512] = eb004ae300f6a023 : 16933616937747259427
@@@ mem[ 3520] = 0006a023f29ff06f : 1864926115131503
@@@ mem[ 3528] = eb0042e300000793 : 16933608141638076307
@@@ mem[ 3536] = 00f6a023417787b3 : 69418917553473459
@@@ mem[ 3544] = 0006a783f11ff06f : 1873034988220527
@@@ mem[ 3552] = 00f6a023417787b3 : 69418917553473459
@@@ mem[ 3560] = 00008067f01ff06f : 141183898611823
@@@ mem[ 3568] = 000012b70eb05e63 : 20577434754659
@@@ mem[ 3576] = 0000b8377802a783 : 202548376151939
@@@ mem[ 3584] = 0000069300050e93 : 7228430290579
@@@ mem[ 3592] = 4008081300000f13 : 4613946695938477843
@@@ mem[ 3600] = 0020031300100893 : 9010579395053715
@@@ mem[ 3608] = 00400f9300300e13 : 18031522547240467
@@@ mem[ 3616] = 00000513000e8713 : 5579163469587
@@@ mem[ 3624] = 0017f6930ac05863 : 6745035865348195
@@@ mem[ 3632] = 000684630017d793 : 1834410598455187
@@@ mem[ 3640] = 00f7f6930107c7b3 : 69795430485444531
@@@ mem[ 3648] = 00d72023ffb68693 : 60552458978887315
@@@ mem[ 3656] = 0017f69309160063 : 6745035837407331
@@@ mem[ 3664] = 000684630017d793 : 1834410598455187
@@@ mem[ 3672] = 00f7f6930107c7b3 : 69795430485444531
@@@ mem[ 3680] = 00d72223ffb68693 : 60554658002142867
@@@ mem[ 3688] = 0017f69306660063 : 6745035792318563
@@@ mem[ 3696] = 000684630017d793 : 1834410598455187
@@@ mem[ 3704] = 00f7f6930107c7b3 : 69795430485444531
@@@ mem[ 3712] = 00d72423ffb68693 : 60556857025398419
@@@ mem[ 3720] = 0017f69305c60063 : 6745035781832803
@@@ mem[ 3728] = 000684630017d793 : 1834410598455187
@@@ mem[ 3736] = 00f7f6930107c7b3 : 69795430485444531
@@@ mem[ 3744] = 00d72623ffb68693 : 60559056048653971
@@@ mem[ 3752] = 0017f69303f60063 : 6745035751424099
@@@ mem[ 3760] = 000684630017d793 : 1834410598455187
@@@ mem[ 3768] = 00f7f6930107c7b3 : 69795430485444531
@@@ mem[ 3776] = 00d72823ffb68693 : 60561255071909523
@@@ mem[ 3784] = 0147071300150513 : 92050095571535123
@@@ mem[ 3792] = 00100693f4a61ee3 : 4510832161857251
@@@ mem[ 3800] = 064e8e93001f0f13 : 454457374424370963
@@@ mem[ 3808] = 00068463f5e590e3 : 1834414722355427
@@@ mem[ 3816] = 0000806778f2a023 : 141181899153443
@@@ mem[ 3824] = 16d0526300068793 : 1643904449145898899
@@@ mem[ 3832] = 00279793ff010113 : 11144185985958163
@@@ mem[ 3840] = 0000b53700050393 : 199247828157331
@@@ mem[ 3848] = 0091242300812623 : 40853604373964323
@@@ mem[ 3856] = 0007069300060f93 : 1977553267330963
@@@ mem[ 3864] = 00f584b300058293 : 69107273628484243
@@@ mem[ 3872] = 4005051300001437 : 4613098972473463863
@@@ mem[ 3880] = 0020089300100813 : 9016626709006355
@@@ mem[ 3888] = 00400f1300300313 : 18030972791423763
@@@ mem[ 3896] = 0017f71378042783 : 6745587454322563
@@@ mem[ 3904] = 000704630017d793 : 1975148086810515
@@@ mem[ 3912] = 78f4202300a7c7b3 : 8715626513575692211
@@@ mem[ 3920] = ffb7879300f7f793 : 18426345465855866771
@@@ mem[ 3928] = 0ff0506300f2a023 : 1148506291127361571
@@@ mem[ 3936] = 00038e9378042783 : 1001188955006851
@@@ mem[ 3944] = 00000e1300000613 : 15474767169043
@@@ mem[ 3952] = 00000593000e8713 : 6128919283475
@@@ mem[ 3960] = 0017f6130ad05863 : 6744486110582883
@@@ mem[ 3968] = 000604630017d793 : 1693673110099859
@@@ mem[ 3976] = 00f7f61300a7c7b3 : 69794880723339187
@@@ mem[ 3984] = 00c72023ffb60613 : 56048859351483923
@@@ mem[ 3992] = 0017f61309068063 : 6744486080577635
@@@ mem[ 4000] = 000604630017d793 : 1693673110099859
@@@ mem[ 4008] = 00f7f61300a7c7b3 : 69794880723339187
@@@ mem[ 4016] = 00c72223ffb60613 : 56051058374739475
@@@ mem[ 4024] = 0017f61307168063 : 6744486048071779
@@@ mem[ 4032] = 000604630017d793 : 1693673110099859
@@@ mem[ 4040] = 00f7f61300a7c7b3 : 69794880723339187
@@@ mem[ 4048] = 00c72423ffb60613 : 56053257397995027
@@@ mem[ 4056] = 0017f61304668063 : 6744486002983011
@@@ mem[ 4064] = 000604630017d793 : 1693673110099859
@@@ mem[ 4072] = 00f7f61300a7c7b3 : 69794880723339187
@@@ mem[ 4080] = 00c72623ffb60613 : 56055456421250579
@@@ mem[ 4088] = 0017f61303e68063 : 6744485994594403
@@@ mem[ 4096] = 000604630017d793 : 1693673110099859
@@@ mem[ 4104] = 00f7f61300a7c7b3 : 69794880723339187
@@@ mem[ 4112] = 00c72823ffb60613 : 56057655444506131
@@@ mem[ 4120] = 0147071300158593 : 92050095571568019
@@@ mem[ 4128] = 00100613f4b69ee3 : 4510282407124707
@@@ mem[ 4136] = 064e8e93001e0e13 : 454457374424305171
@@@ mem[ 4144] = 00060463f5cf90e3 : 1693677232558307
@@@ mem[ 4152] = 0042829378f42023 : 18720918363971619
@@@ mem[ 4160] = ee929ae31f438393 : 17190973027899376531
@@@ mem[ 4168] = 0081248300c12403 : 36350417067648003
@@@ mem[ 4176] = 0000806701010113 : 141179886829843
@@@ mem[ 4184] = 08b05c6300008067 : 626101928476049511
@@@ mem[ 4192] = 0640029308c05a63 : 450362793267321443
@@@ mem[ 4200] = 00050e13025585b3 : 1422849689879987
@@@ mem[ 4208] = 00000f9300261893 : 17124037105811
@@@ mem[ 4216] = 0020031300100813 : 9010579395053587
@@@ mem[ 4224] = 00400f1300300e93 : 18030972791426707
@@@ mem[ 4232] = 00b502b302c603b3 : 50949938653561779
@@@ mem[ 4240] = 00f687b3002f9793 : 69392047142836115
@@@ mem[ 4248] = 00000593000e0713 : 6128919250707
@@@ mem[ 4256] = 00a7a02300072503 : 47182393295447299
@@@ mem[ 4264] = 0047250303060863 : 20025418212313187
@@@ mem[ 4272] = 0266026300a7a223 : 172828259936346659
@@@ mem[ 4280] = 00a7a42300872503 : 47186791350347011
@@@ mem[ 4288] = 00c7250301d60c63 : 56054215211355235
@@@ mem[ 4296] = 01e6066300a7a623 : 136803860963894819
@@@ mem[ 4304] = 00a7a82301072503 : 47191189405246723
@@@ mem[ 4312] = 0147071300158593 : 92050095571568019
@@@ mem[ 4320] = fab61ee3011787b3 : 18065660915568052147
@@@ mem[ 4328] = 007f8fb3064e0e13 : 35905321109949971
@@@ mem[ 4336] = 00008067fa5e10e3 : 141184070455523
@@@ mem[ 4344] = 7806278300001637 : 8648643578005820983
@@@ mem[ 4352] = 003006930000b737 : 13518027312117559
@@@ mem[ 4360] = 0050059340070713 : 22524128129386259
@@@ mem[ 4368] = 0017d7930017f513 : 6710950826079507
@@@ mem[ 4376] = 00e7c7b300050463 : 65240291233563747
@@@ mem[ 4384] = 0017d7930017f513 : 6710950826079507
@@@ mem[ 4392] = 00e7c7b300050463 : 65240291233563747
@@@ mem[ 4400] = 0017d7930017f513 : 6710950826079507
@@@ mem[ 4408] = 00e7c7b300050463 : 65240291233563747
@@@ mem[ 4416] = 0017d7930017f513 : 6710950826079507
@@@ mem[ 4424] = 00e7c7b300050463 : 65240291233563747
@@@ mem[ 4432] = 0017d7930017f513 : 6710950826079507
@@@ mem[ 4440] = 00e7c7b300050463 : 65240291233563747
@@@ mem[ 4448] = 0017d7930017f513 : 6710950826079507
@@@ mem[ 4456] = 00e7c7b300050463 : 65240291233563747
@@@ mem[ 4464] = 0017d7930017f513 : 6710950826079507
@@@ mem[ 4472] = 00e7c7b300050463 : 65240291233563747
@@@ mem[ 4480] = 0017d7930017f513 : 6710950826079507
@@@ mem[ 4488] = 00e7c7b300050463 : 65240291233563747
@@@ mem[ 4496] = 0017d7930017f513 : 6710950826079507
@@@ mem[ 4504] = 00e7c7b300050463 : 65240291233563747
@@@ mem[ 4512] = 0017d7930017f513 : 6710950826079507
@@@ mem[ 4520] = 00e7c7b300050463 : 65240291233563747
@@@ mem[ 4528] = 0017d7930017f513 : 6710950826079507
@@@ mem[ 4536] = 00e7c7b300050463 : 65240291233563747
@@@ mem[ 4544] = 0017d7930017f513 : 6710950826079507
@@@ mem[ 4552] = 00e7c7b300050463 : 65240291233563747
@@@ mem[ 4560] = 0017d7930017f513 : 6710950826079507
@@@ mem[ 4568] = 00e7c7b300050463 : 65240291233563747
@@@ mem[ 4576] = 0017d7930017f513 : 6710950826079507
@@@ mem[ 4584] = 00e7c7b300050463 : 65240291233563747
@@@ mem[ 4592] = 0017d7930017f513 : 6710950826079507
@@@ mem[ 4600] = 00e7c7b300050463 : 65240291233563747
@@@ mem[ 4608] = 0017d7930017f513 : 6710950826079507
@@@ mem[ 4616] = 00e7c7b300050463 : 65240291233563747
@@@ mem[ 4624] = 0017d7930017f513 : 6710950826079507
@@@ mem[ 4632] = 00e7c7b300050463 : 65240291233563747
@@@ mem[ 4640] = 0017d7930017f513 : 6710950826079507
@@@ mem[ 4648] = 00e7c7b300050463 : 65240291233563747
@@@ mem[ 4656] = 0017d7930017f513 : 6710950826079507
@@@ mem[ 4664] = 00e7c7b300050463 : 65240291233563747
@@@ mem[ 4672] = 0017d7930017f513 : 6710950826079507
@@@ mem[ 4680] = 00e7c7b300050463 : 65240291233563747
@@@ mem[ 4688] = 0017d7930017f513 : 6710950826079507
@@@ mem[ 4696] = 00e7c7b300050463 : 65240291233563747
@@@ mem[ 4704] = 0017d7930017f513 : 6710950826079507
@@@ mem[ 4712] = 00e7c7b300050463 : 65240291233563747
@@@ mem[ 4720] = 0017d7930017f513 : 6710950826079507
@@@ mem[ 4728] = 00e7c7b300050463 : 65240291233563747
@@@ mem[ 4736] = 0017d7930017f513 : 6710950826079507
@@@ mem[ 4744] = 00e7c7b300050463 : 65240291233563747
@@@ mem[ 4752] = 0017d7930017f513 : 6710950826079507
@@@ mem[ 4760] = 00e7c7b300050463 : 65240291233563747
@@@ mem[ 4768] = e60596e3fff58593 : 16574819909603001747
@@@ mem[ 4776] = 0017f51300500593 : 6743386422773139
@@@ mem[ 4784] = 000504630017d793 : 1412198133389203
@@@ mem[ 4792] = 0017f51300e7c7b3 : 6743386432718771
@@@ mem[ 4800] = 000504630017d793 : 1412198133389203
@@@ mem[ 4808] = 0017f51300e7c7b3 : 6743386432718771
@@@ mem[ 4816] = 000504630017d793 : 1412198133389203
@@@ mem[ 4824] = 0017f51300e7c7b3 : 6743386432718771
@@@ mem[ 4832] = 000504630017d793 : 1412198133389203
@@@ mem[ 4840] = 0017f51300e7c7b3 : 6743386432718771
@@@ mem[ 4848] = 000504630017d793 : 1412198133389203
@@@ mem[ 4856] = 0017f51300e7c7b3 : 6743386432718771
@@@ mem[ 4864] = 000504630017d793 : 1412198133389203
@@@ mem[ 4872] = 0017f51300e7c7b3 : 6743386432718771
@@@ mem[ 4880] = 000504630017d793 : 1412198133389203
@@@ mem[ 4888] = 0017f51300e7c7b3 : 6743386432718771
@@@ mem[ 4896] = 000504630017d793 : 1412198133389203
@@@ mem[ 4904] = 0017f51300e7c7b3 : 6743386432718771
@@@ mem[ 4912] = 000504630017d793 : 1412198133389203
@@@ mem[ 4920] = 0017f51300e7c7b3 : 6743386432718771
@@@ mem[ 4928] = 000504630017d793 : 1412198133389203
@@@ mem[ 4936] = 0017f51300e7c7b3 : 6743386432718771
@@@ mem[ 4944] = 000504630017d793 : 1412198133389203
@@@ mem[ 4952] = 0017f51300e7c7b3 : 6743386432718771
@@@ mem[ 4960] = 000504630017d793 : 1412198133389203
@@@ mem[ 4968] = 0017f51300e7c7b3 : 6743386432718771
@@@ mem[ 4976] = 000504630017d793 : 1412198133389203
@@@ mem[ 4984] = 0017f51300e7c7b3 : 6743386432718771
@@@ mem[ 4992] = 000504630017d793 : 1412198133389203
@@@ mem[ 5000] = 0017f51300e7c7b3 : 6743386432718771
@@@ mem[ 5008] = 000504630017d793 : 1412198133389203
@@@ mem[ 5016] = 0017f51300e7c7b3 : 6743386432718771
@@@ mem[ 5024] = 000504630017d793 : 1412198133389203
@@@ mem[ 5032] = 0017f51300e7c7b3 : 6743386432718771
@@@ mem[ 5040] = 000504630017d793 : 1412198133389203
@@@ mem[ 5048] = 0017f51300e7c7b3 : 6743386432718771
@@@ mem[ 5056] = 000504630017d793 : 1412198133389203
@@@ mem[ 5064] = 0017f51300e7c7b3 : 6743386432718771
@@@ mem[ 5072] = 000504630017d793 : 1412198133389203
@@@ mem[ 5080] = 0017f51300e7c7b3 : 6743386432718771
@@@ mem[ 5088] = 000504630017d793 : 1412198133389203
@@@ mem[ 5096] = 0017f51300e7c7b3 : 6743386432718771
@@@ mem[ 5104] = 000504630017d793 : 1412198133389203
@@@ mem[ 5112] = fff5859300e7c7b3 : 18443794715387611059
@@@ mem[ 5120] = 0017f593ea0596e3 : 6743940099577571
@@@ mem[ 5128] = 000584630017d793 : 1552935621744531
@@@ mem[ 5136] = 0017f59300e7c7b3 : 6743936188532659
@@@ mem[ 5144] = 000584630017d793 : 1552935621744531
@@@ mem[ 5152] = 0017f59300e7c7b3 : 6743936188532659
@@@ mem[ 5160] = 000584630017d793 : 1552935621744531
@@@ mem[ 5168] = 0017f59300e7c7b3 : 6743936188532659
@@@ mem[ 5176] = 000584630017d793 : 1552935621744531
@@@ mem[ 5184] = 0017f59300e7c7b3 : 6743936188532659
@@@ mem[ 5192] = 000584630017d793 : 1552935621744531
@@@ mem[ 5200] = 0017f59300e7c7b3 : 6743936188532659
@@@ mem[ 5208] = 000584630017d793 : 1552935621744531
@@@ mem[ 5216] = 0017f59300e7c7b3 : 6743936188532659
@@@ mem[ 5224] = 000584630017d793 : 1552935621744531
@@@ mem[ 5232] = 0017f59300e7c7b3 : 6743936188532659
@@@ mem[ 5240] = 000584630017d793 : 1552935621744531
@@@ mem[ 5248] = 0017f59300e7c7b3 : 6743936188532659
@@@ mem[ 5256] = 000584630017d793 : 1552935621744531
@@@ mem[ 5264] = 0017f59300e7c7b3 : 6743936188532659
@@@ mem[ 5272] = 000584630017d793 : 1552935621744531
@@@ mem[ 5280] = 0017f59300e7c7b3 : 6743936188532659
@@@ mem[ 5288] = 000584630017d793 : 1552935621744531
@@@ mem[ 5296] = 0017f59300e7c7b3 : 6743936188532659
@@@ mem[ 5304] = 000584630017d793 : 1552935621744531
@@@ mem[ 5312] = 0017f59300e7c7b3 : 6743936188532659
@@@ mem[ 5320] = 000584630017d793 : 1552935621744531
@@@ mem[ 5328] = 0017f59300e7c7b3 : 6743936188532659
@@@ mem[ 5336] = 000584630017d793 : 1552935621744531
@@@ mem[ 5344] = 0017f59300e7c7b3 : 6743936188532659
@@@ mem[ 5352] = 000584630017d793 : 1552935621744531
@@@ mem[ 5360] = 0017f59300e7c7b3 : 6743936188532659
@@@ mem[ 5368] = 000584630017d793 : 1552935621744531
@@@ mem[ 5376] = 0017f59300e7c7b3 : 6743936188532659
@@@ mem[ 5384] = 000584630017d793 : 1552935621744531
@@@ mem[ 5392] = 0017f59300e7c7b3 : 6743936188532659
@@@ mem[ 5400] = 000584630017d793 : 1552935621744531
@@@ mem[ 5408] = 0017f59300e7c7b3 : 6743936188532659
@@@ mem[ 5416] = 000584630017d793 : 1552935621744531
@@@ mem[ 5424] = 0017f59300e7c7b3 : 6743936188532659
@@@ mem[ 5432] = 000584630017d793 : 1552935621744531
@@@ mem[ 5440] = 0017f59300e7c7b3 : 6743936188532659
@@@ mem[ 5448] = 000584630017d793 : 1552935621744531
@@@ mem[ 5456] = 0017f59300e7c7b3 : 6743936188532659
@@@ mem[ 5464] = 000584630017d793 : 1552935621744531
@@@ mem[ 5472] = 0017f59300e7c7b3 : 6743936188532659
@@@ mem[ 5480] = 000584630017d793 : 1552935621744531
@@@ mem[ 5488] = 0017f59300e7c7b3 : 6743936188532659
@@@ mem[ 5496] = 000584630017d793 : 1552935621744531
@@@ mem[ 5504] = 0017f59300e7c7b3 : 6743936188532659
@@@ mem[ 5512] = 000584630017d793 : 1552935621744531
@@@ mem[ 5520] = 0017f59300e7c7b3 : 6743936188532659
@@@ mem[ 5528] = 000584630017d793 : 1552935621744531
@@@ mem[ 5536] = 0017f59300e7c7b3 : 6743936188532659
@@@ mem[ 5544] = 000584630017d793 : 1552935621744531
@@@ mem[ 5552] = 0017f59300e7c7b3 : 6743936188532659
@@@ mem[ 5560] = 000584630017d793 : 1552935621744531
@@@ mem[ 5568] = 0017f59300e7c7b3 : 6743936188532659
@@@ mem[ 5576] = 000584630017d793 : 1552935621744531
@@@ mem[ 5584] = 0017f59300e7c7b3 : 6743936188532659
@@@ mem[ 5592] = 000584630017d793 : 1552935621744531
@@@ mem[ 5600] = 0017f59300e7c7b3 : 6743936188532659
@@@ mem[ 5608] = 000584630017d793 : 1552935621744531
@@@ mem[ 5616] = 0017f59300e7c7b3 : 6743936188532659
@@@ mem[ 5624] = 000584630017d793 : 1552935621744531
@@@ mem[ 5632] = 0017f59300e7c7b3 : 6743936188532659
@@@ mem[ 5640] = 000584630017d793 : 1552935621744531
@@@ mem[ 5648] = 0017f59300e7c7b3 : 6743936188532659
@@@ mem[ 5656] = 000584630017d793 : 1552935621744531
@@@ mem[ 5664] = 0017f59300e7c7b3 : 6743936188532659
@@@ mem[ 5672] = 000584630017d793 : 1552935621744531
@@@ mem[ 5680] = fff6869300e7c7b3 : 18444077289875949491
@@@ mem[ 5688] = 78f62023ac069ae3 : 8716189466404231907
@@@ mem[ 5696] = 0000806700000513 : 141179869988115
@@@ mem[ 5704] = 0005071300f00313 : 1415153085055763
@@@ mem[ 5712] = 00f7779302c37e63 : 69655792537796195
@@@ mem[ 5720] = 080592630a079063 : 578029081254662243
@@@ mem[ 5728] = 00f67613ff067693 : 69372672525891219
@@@ mem[ 5736] = 00b7202300e686b3 : 51545255449102003
@@@ mem[ 5744] = 00b7242300b72223 : 51549653492507171
@@@ mem[ 5752] = 0107071300b72623 : 74035697072678435
@@@ mem[ 5760] = 00061463fed766e3 : 1711269570111203
@@@ mem[ 5768] = 40c306b300008067 : 4666581004754911335
@@@ mem[ 5776] = 0000029700269693 : 2847565846163
@@@ mem[ 5784] = 00c68067005686b3 : 55873225264367283
@@@ mem[ 5792] = 00b706a300b70723 : 51517217899480867
@@@ mem[ 5800] = 00b705a300b70623 : 51516118387852835
@@@ mem[ 5808] = 00b704a300b70523 : 51515018876224803
@@@ mem[ 5816] = 00b703a300b70423 : 51513919364596771
@@@ mem[ 5824] = 00b702a300b70323 : 51512819852968739
@@@ mem[ 5832] = 00b701a300b70223 : 51511720341340707
@@@ mem[ 5840] = 00b700a300b70123 : 51510620829712675
@@@ mem[ 5848] = 0000806700b70023 : 141179881979939
@@@ mem[ 5856] = 008596930ff5f593 : 37601730274653587
@@@ mem[ 5864] = 0105969300d5e5b3 : 73630527039858099
@@@ mem[ 5872] = f6dff06f00d5e5b3 : 17789201412682802611
@@@ mem[ 5880] = 0000029700279693 : 2847565911699
@@@ mem[ 5888] = 00008293005686b3 : 143567877473971
@@@ mem[ 5896] = 00028093fa0680e7 : 704322996699367
@@@ mem[ 5904] = 40f70733ff078793 : 4681218257578330003
@@@ mem[ 5912] = f6c378e300f60633 : 17781188670157882931
@@@ mem[ 5920] = 00000000f3dff06f : 4091539567
@@@
@@@ mem[ 6016] = 000040000000248b : 70368744187019
@@@ mem[ 6024] = 00000000000017b0 : 6064
@@@
@@@
@@@ System halted on WFI instruction
@@@
