
Final memory state and exit status:

@@@ Unified Memory contents hex on left, decimal on right: 
@@@
@@@ mem[    0] = 0000009700000013 : 648540061715
@@@ mem[    8] = 0001011709c08093 : 282673436197011
@@@ mem[   16] = 00010413ff410113 : 285958910050579
@@@ mem[   24] = de81819300002197 : 16033238616775860631
@@@ mem[   32] = 0000029300000213 : 2830383448595
@@@ mem[   40] = 0000039300000313 : 3929895076627
@@@ mem[   48] = 0000051300000493 : 5579162518675
@@@ mem[   56] = 0000061300000593 : 6678674146707
@@@ mem[   64] = 0000071300000693 : 7778185774739
@@@ mem[   72] = 0000081300000793 : 8877697402771
@@@ mem[   80] = 0000091300000893 : 9977209030803
@@@ mem[   88] = 00000a1300000993 : 11076720658835
@@@ mem[   96] = 00000b1300000a93 : 12176232286867
@@@ mem[  104] = 00000c1300000b93 : 13275743914899
@@@ mem[  112] = 00000d1300000c93 : 14375255542931
@@@ mem[  120] = 00000e1300000d93 : 15474767170963
@@@ mem[  128] = 00000f1300000e93 : 16574278798995
@@@ mem[  136] = 5100106f00000f93 : 5836683185999581075
@@@
@@@ mem[  160] = f601011300010117 : 17726450789423055127
@@@ mem[  168] = 00000013fea12c23 : 85876354083
@@@ mem[  176] = fd01011310500073 : 18230853947962163315
@@@ mem[  184] = 0291222302812423 : 184966593460118563
@@@ mem[  192] = 01312e2303212023 : 85900595807985699
@@@ mem[  200] = 01512a2301412c23 : 94903396984761379
@@@ mem[  208] = 00060a9301612823 : 1700476359878691
@@@ mem[  216] = 0211262300160b13 : 148942194447092499
@@@ mem[  224] = 0181242301712623 : 108407598800250403
@@@ mem[  232] = 0005041300900613 : 1411854543881747
@@@ mem[  240] = 00068a1300058993 : 1840664069638547
@@@ mem[  248] = 0007891300070493 : 2121039534818451
@@@ mem[  256] = 0007250324cb0263 : 2011020269388387
@@@ mem[  264] = 00a4053300200613 : 46167612784117267
@@@ mem[  272] = 0007a58302a66863 : 2152306940733539
@@@ mem[  280] = 02b6626300b985b3 : 195451811190638003
@@@ mem[  288] = 00ab8bb300151b93 : 48285821934312339
@@@ mem[  296] = 002b9b9301758bb3 : 12274479685536691
@@@ mem[  304] = 000bac0301768bb3 : 3285353653242803
@@@ mem[  312] = 44cc0663fff00613 : 4957344316393522707
@@@ mem[  320] = 002007930044a503 : 9015527200826627
@@@ mem[  328] = 02a7e86300a40533 : 191377021096690995
@@@ mem[  336] = 00b985b300492583 : 52219874541905283
@@@ mem[  344] = 00151b9302b7e263 : 5941292730671715
@@@ mem[  352] = 01758bb300ab8bb3 : 105143767239723955
@@@ mem[  360] = 017a0bb3002b9b93 : 106410404626537363
@@@ mem[  368] = fff00793000bac03 : 18442248802024532995
@@@ mem[  376] = 0084a5033efc0263 : 37336130285994595
@@@ mem[  384] = 00a4053300200793 : 46167612784117651
@@@ mem[  392] = 0089258302a7e863 : 38603316424861795
@@@ mem[  400] = 02b7e26300b985b3 : 195874023655703987
@@@ mem[  408] = 00ab8bb300151b93 : 48285821934312339
@@@ mem[  416] = 002b9b9301758bb3 : 12274479685536691
@@@ mem[  424] = 000bac03017a0bb3 : 3285353653472179
@@@ mem[  432] = 3efc0a63fff00793 : 4538513949094578067
@@@ mem[  440] = 0020079300c4a503 : 9015527209215235
@@@ mem[  448] = 02a7e86300a40533 : 191377021096690995
@@@ mem[  456] = 00b985b300c92583 : 52219874550293891
@@@ mem[  464] = 00151b9302b7e263 : 5941292730671715
@@@ mem[  472] = 01758bb300ab8bb3 : 105143767239723955
@@@ mem[  480] = 017a0bb3002b9b93 : 106410404626537363
@@@ mem[  488] = fff00793000bac03 : 18442248802024532995
@@@ mem[  496] = 0104a50342fc0e63 : 73364927372070499
@@@ mem[  504] = 00a4053300200793 : 46167612784117651
@@@ mem[  512] = 0109258302a7e863 : 74632113443825763
@@@ mem[  520] = 02b7e26300b985b3 : 195874023655703987
@@@ mem[  528] = 00ab8bb300151b93 : 48285821934312339
@@@ mem[  536] = 002b9b9301758bb3 : 12274479685536691
@@@ mem[  544] = 000bac03017a0bb3 : 3285353653472179
@@@ mem[  552] = 3cfc0a63fff00793 : 4394398761018722195
@@@ mem[  560] = 002007930144a503 : 9015527217603843
@@@ mem[  568] = 02a7e86300a40533 : 191377021096690995
@@@ mem[  576] = 00b985b301492583 : 52219874558682499
@@@ mem[  584] = 00151b9302b7e263 : 5941292730671715
@@@ mem[  592] = 00bb8bb300ab8bb3 : 52789421571541939
@@@ mem[  600] = 017a0bb3002b9b93 : 106410404626537363
@@@ mem[  608] = fff00793000bac03 : 18442248802024532995
@@@ mem[  616] = 0184a50336fc0663 : 109393724189705827
@@@ mem[  624] = 00a4053300200793 : 46167612784117651
@@@ mem[  632] = 0189258302a7e863 : 110660910462789731
@@@ mem[  640] = 02b7e26300b985b3 : 195874023655703987
@@@ mem[  648] = 00ab8bb300151b93 : 48285821934312339
@@@ mem[  656] = 002b9b9301758bb3 : 12274479685536691
@@@ mem[  664] = 000bac03017a0bb3 : 3285353653472179
@@@ mem[  672] = 3afc0a63fff00793 : 4250283572942866323
@@@ mem[  680] = 0020079301c4a503 : 9015527225992451
@@@ mem[  688] = 02a7fc6300a40533 : 191399011329246515
@@@ mem[  696] = 02c1208300000513 : 198475605593818387
@@@ mem[  704] = 0241248302812403 : 162451206663382019
@@@ mem[  712] = 01c1298302012903 : 126427907194169603
@@@ mem[  720] = 01412a8301812a03 : 90400209678445059
@@@ mem[  728] = 00c12b8301012b03 : 54372512162720515
@@@ mem[  736] = 0301011300812c03 : 216455438214966275
@@@ mem[  744] = 01c9258300008067 : 128675308927746151
@@@ mem[  752] = fcb7e2e300b985b3 : 18210273082893501875
@@@ mem[  760] = 00a4043300151413 : 46166513271772179
@@@ mem[  768] = 0024141300858433 : 10155171007267891
@@@ mem[  776] = 00042983008a0433 : 1171542533342259
@@@ mem[  784] = faf992e3fff00793 : 18084647286632089491
@@@ mem[  792] = 0154202300090793 : 95736826778158995
@@@ mem[  800] = 000a069300048713 : 2821978197362451
@@@ mem[  808] = 00000097000b0613 : 648540784147
@@@ mem[  816] = 00100793d88080e7 : 4511931201257703
@@@ mem[  824] = 0134202304f50c63 : 86729627605994595
@@@ mem[  832] = 00072703f79ff06f : 2013222829813871
@@@ mem[  840] = 00e5073300200693 : 64465685293565587
@@@ mem[  848] = 0007a78304e6e463 : 2154506001769571
@@@ mem[  856] = 02f6ee6300f587b3 : 213620141331941299
@@@ mem[  864] = 00e6873300171693 : 64887897758045843
@@@ mem[  872] = 00ea073300271713 : 65873060177581843
@@@ mem[  880] = 00f706b300279793 : 69531685119039379
@@@ mem[  888] = fff006930006a603 : 18442247702512576003
@@@ mem[  896] = 00f7073300d61c63 : 69532234886290531
@@@ mem[  904] = 00f7202300800793 : 69559653951866771
@@@ mem[  912] = f29ff06f00100513 : 17482956638008640787
@@@ mem[  920] = 002006930044a703 : 9014427689199363
@@@ mem[  928] = 02e6ea6300e40733 : 209112143656912691
@@@ mem[  936] = 00f987b300492783 : 70236472074643331
@@@ mem[  944] = 0017169302f6e463 : 6498745130083427
@@@ mem[  952] = 0027171300e68733 : 11002894478640947
@@@ mem[  960] = 0027979300ea0733 : 11144181723039539
@@@ mem[  968] = 0006a60300f706b3 : 1871381691565747
@@@ mem[  976] = fad608e3fff00693 : 18074643929842583187
@@@ mem[  984] = 002006930084a703 : 9014427693393667
@@@ mem[  992] = 02e6ea6300e40733 : 209112143656912691
@@@ mem[ 1000] = 00f987b300892783 : 70236472078837635
@@@ mem[ 1008] = 0017169302f6e463 : 6498745130083427
@@@ mem[ 1016] = 0027171300e68733 : 11002894478640947
@@@ mem[ 1024] = 0027979300ea0733 : 11144181723039539
@@@ mem[ 1032] = 0006a60300f706b3 : 1871381691565747
@@@ mem[ 1040] = f6d608e3fff00693 : 17786413553690871443
@@@ mem[ 1048] = 0020069300c4a703 : 9014427697587971
@@@ mem[ 1056] = 02e6ea6300e40733 : 209112143656912691
@@@ mem[ 1064] = 00f987b300c92783 : 70236472083031939
@@@ mem[ 1072] = 0017169302f6e463 : 6498745130083427
@@@ mem[ 1080] = 0027171300e68733 : 11002894478640947
@@@ mem[ 1088] = 0027979300ea0733 : 11144181723039539
@@@ mem[ 1096] = 0006a60300f706b3 : 1871381691565747
@@@ mem[ 1104] = f2d608e3fff00693 : 17498183177539159699
@@@ mem[ 1112] = 002006930104a703 : 9014427701782275
@@@ mem[ 1120] = 02e6ea6300e40733 : 209112143656912691
@@@ mem[ 1128] = 00f987b301092783 : 70236472087226243
@@@ mem[ 1136] = 0017169302f6e463 : 6498745130083427
@@@ mem[ 1144] = 0027171300e68733 : 11002894478640947
@@@ mem[ 1152] = 0027979300ea0733 : 11144181723039539
@@@ mem[ 1160] = 0006a60300f706b3 : 1871381691565747
@@@ mem[ 1168] = eed608e3fff00693 : 17209952801387447955
@@@ mem[ 1176] = 002006930144a703 : 9014427705976579
@@@ mem[ 1184] = 02e6ea6300e40733 : 209112143656912691
@@@ mem[ 1192] = 00f987b301492783 : 70236472091420547
@@@ mem[ 1200] = 0017169302f6e463 : 6498745130083427
@@@ mem[ 1208] = 0027171300e68733 : 11002894478640947
@@@ mem[ 1216] = 0027979300ea0733 : 11144181723039539
@@@ mem[ 1224] = 0006a60300f706b3 : 1871381691565747
@@@ mem[ 1232] = ead608e3fff00693 : 16921722425235736211
@@@ mem[ 1240] = 002006930184a703 : 9014427710170883
@@@ mem[ 1248] = 02e6ea6300e40733 : 209112143656912691
@@@ mem[ 1256] = 00f987b301892783 : 70236472095614851
@@@ mem[ 1264] = 0017169302f6e463 : 6498745130083427
@@@ mem[ 1272] = 0027171300e68733 : 11002894478640947
@@@ mem[ 1280] = 0027979300ea0733 : 11144181723039539
@@@ mem[ 1288] = 0006a60300f706b3 : 1871381691565747
@@@ mem[ 1296] = e6d608e3fff00693 : 16633492049084024467
@@@ mem[ 1304] = 0020071301c4a783 : 9014977470179203
@@@ mem[ 1312] = d8876ae300f40433 : 15602556957254485043
@@@ mem[ 1320] = 00f987b301c92783 : 70236472099809155
@@@ mem[ 1328] = 00141713d8f764e3 : 5654873546122467
@@@ mem[ 1336] = 0027171300870733 : 11002894472382259
@@@ mem[ 1344] = 0027979300ea0733 : 11144181723039539
@@@ mem[ 1352] = 0006a60300f706b3 : 1871381691565747
@@@ mem[ 1360] = d6d612e3fff00693 : 15480581539593455251
@@@ mem[ 1368] = 00090793e2dff06f : 2541606538309743
@@@ mem[ 1376] = 00048713015ba023 : 1274415603752995
@@@ mem[ 1384] = 000b0613000a0693 : 3102903418619539
@@@ mem[ 1392] = b44080e700000097 : 12988523054962311319
@@@ mem[ 1400] = e0f50ae300100793 : 16209874403864872851
@@@ mem[ 1408] = bf9ff06f018ba023 : 13808019342099193891
@@@ mem[ 1416] = 000b0613015ba023 : 3102903440744483
@@@ mem[ 1424] = b24080e700000097 : 12844407866886455447
@@@ mem[ 1432] = def50ae300100793 : 16065759215789016979
@@@ mem[ 1440] = b9dff06f018ba023 : 13393688176381108259
@@@ mem[ 1448] = 015ba02300090793 : 97847889103488915
@@@ mem[ 1456] = 000a069300048713 : 2821978197362451
@@@ mem[ 1464] = 00000097000b0613 : 648540784147
@@@ mem[ 1472] = 00100793af8080e7 : 4511930513391847
@@@ mem[ 1480] = 018ba023dcf504e3 : 111358691692053731
@@@ mem[ 1488] = 00090793be9ff06f : 2541605930135663
@@@ mem[ 1496] = 00048713015ba023 : 1274415603752995
@@@ mem[ 1504] = 000b0613000a0693 : 3102903418619539
@@@ mem[ 1512] = acc080e700000097 : 12448091099677851799
@@@ mem[ 1520] = d8f50ee300100793 : 15633418049607960467
@@@ mem[ 1528] = c71ff06f018ba023 : 14348451297383653411
@@@ mem[ 1536] = 015ba02300090793 : 97847889103488915
@@@ mem[ 1544] = 000a069300048713 : 2821978197362451
@@@ mem[ 1552] = 00000097000b0613 : 648540784147
@@@ mem[ 1560] = 00100793aa0080e7 : 4511930421117159
@@@ mem[ 1568] = 018ba023d6f508e3 : 111358691591391459
@@@ mem[ 1576] = 00090793c09ff06f : 2541605963690095
@@@ mem[ 1584] = 00048713015ba023 : 1274415603752995
@@@ mem[ 1592] = 000b0613000a0693 : 3102903418619539
@@@ mem[ 1600] = a74080e700000097 : 12051774332469248151
@@@ mem[ 1608] = d4f502e300100793 : 15345174479316715411
@@@ mem[ 1616] = ba1ff06f018ba023 : 13411702574890590243
@@@ mem[ 1624] = 015ba02300090793 : 97847889103488915
@@@ mem[ 1632] = 000a069300048713 : 2821978197362451
@@@ mem[ 1640] = 00000097000b0613 : 648540784147
@@@ mem[ 1648] = 00100793a48080e7 : 4511930328842471
@@@ mem[ 1656] = 018ba023d0f50ce3 : 111358691490729187
@@@ mem[ 1664] = 00050793c29ff06f : 1415706090401903
@@@ mem[ 1672] = 0000051300200713 : 5579164616467
@@@ mem[ 1680] = 02b7666302f76863 : 195737684251469923
@@@ mem[ 1688] = 00f507b300179513 : 68969834676196627
@@@ mem[ 1696] = 00f6063300279793 : 69249660386514835
@@@ mem[ 1704] = 00b605b300259593 : 51234712121087379
@@@ mem[ 1712] = 001505130005a503 : 5916553673811203
@@@ mem[ 1720] = 0000806700153513 : 141179871376659
@@@ mem[ 1728] = 000017b700008067 : 26074746486887
@@@ mem[ 1736] = f001011360078793 : 17294105226806527891
@@@ mem[ 1744] = 00c7a2830087a383 : 56192203898725251
@@@ mem[ 1752] = 0147af030107af83 : 92234744821428099
@@@ mem[ 1760] = 01c7ae030187ae83 : 128262442337152643
@@@ mem[ 1768] = 0287a8030247a883 : 182299040808413315
@@@ mem[ 1776] = 0307a58302c7a503 : 218325089056695555
@@@ mem[ 1784] = 0387a6830347a603 : 254354985595676163
@@@ mem[ 1792] = 0207a30303c7a703 : 146264746256475907
@@@ mem[ 1800] = 0e912a230e812c23 : 1049666518209604643
@@@ mem[ 1808] = 0007a4830047a403 : 2151207389340675
@@@ mem[ 1816] = 0d812c23fff00793 : 973107527618135955
@@@ mem[ 1824] = 0da128230d912a23 : 982110324760062499
@@@ mem[ 1832] = 0af120230db12623 : 788446744692205091
@@@ mem[ 1840] = 0af124230af12223 : 788451142692577827
@@@ mem[ 1848] = 0f2128230e112e23 : 1090196715825344035
@@@ mem[ 1856] = 0f4124230f312623 : 1099199517052446243
@@@ mem[ 1864] = 0f6120230f512223 : 1108202318262772259
@@@ mem[ 1872] = 0af126230d712e23 : 788453341757779491
@@@ mem[ 1880] = 0af12a230af12823 : 788457739762346019
@@@ mem[ 1888] = 0af12e230af12c23 : 788462137808858147
@@@ mem[ 1896] = 07c1079306712223 : 558736156820316707
@@@ mem[ 1904] = 04912e2305c10393 : 329094975730025363
@@@ mem[ 1912] = 0651242306812023 : 455184770192711715
@@@ mem[ 1920] = 07e1282307f12623 : 567779158947604003
@@@ mem[ 1928] = 07c12c2307d12a23 : 558776357737277987
@@@ mem[ 1936] = 0911202306612e23 : 653338755748408867
@@@ mem[ 1944] = 08a1242309012223 : 621817956447363619
@@@ mem[ 1952] = 08c1282308b12623 : 630829553743373859
@@@ mem[ 1960] = 08e12c2308d12a23 : 639841151046724131
@@@ mem[ 1968] = fff00d1308012e23 : 18442254849472015907
@@@ mem[ 1976] = 00078c9300500d93 : 2124887830302099
@@@ mem[ 1984] = 000c228300038c13 : 3415645756820499
@@@ mem[ 1992] = 0257666300200713 : 168716086439577363
@@@ mem[ 2000] = 02776263000ca383 : 177718887646536579
@@@ mem[ 2008] = 0057073300129713 : 24496238599771923
@@@ mem[ 2016] = 0027171300e38733 : 11002894478444339
@@@ mem[ 2024] = 00e68bb309c10693 : 64892845722502803
@@@ mem[ 2032] = 05a70863000ba703 : 407303512595867395
@@@ mem[ 2040] = 004c8c93004c0c13 : 21546661223074835
@@@ mem[ 2048] = 00000513fd8792e3 : 5583416038115
@@@ mem[ 2056] = 0f8124030fc12083 : 1117213778132410499
@@@ mem[ 2064] = 0f0129030f412483 : 1081190478663197827
@@@ mem[ 2072] = 0e812a030ec12983 : 1045162781147474307
@@@ mem[ 2080] = 0e012b030e412a83 : 1009135083631749763
@@@ mem[ 2088] = 0d812c030dc12b83 : 973107386116025219
@@@ mem[ 2096] = 0d012d030d412c83 : 937079688600300675
@@@ mem[ 2104] = 100101130cc12d83 : 1153204160913550723
@@@ mem[ 2112] = 0010071300008067 : 4511377813176423
@@@ mem[ 2120] = 000c0413000c8993 : 3382179372239251
@@@ mem[ 2128] = 00078b1300eba023 : 2123238573056035
@@@ mem[ 2136] = 00038c9305c10a93 : 998988014750355
@@@ mem[ 2144] = 000aa68300028c13 : 2997831338200083
@@@ mem[ 2152] = 00dc04b300200713 : 61929661724100371
@@@ mem[ 2160] = 000b268302976863 : 3138568869865571
@@@ mem[ 2168] = 03c7626300dc8e33 : 272294479834943027
@@@ mem[ 2176] = 009686b300149693 : 42369349865215635
@@@ mem[ 2184] = 0026969301c686b3 : 10861607249151667
@@@ mem[ 2192] = 00d60a3309c10613 : 60246859339335187
@@@ mem[ 2200] = 03a68063000a2683 : 263038790938535555
@@@ mem[ 2208] = 004b0b13004a8a93 : 21122799490468499
@@@ mem[ 2216] = 00098c93fb579ee3 : 2687841995300579
@@@ mem[ 2224] = 01aba02300040c13 : 120365887240014867
@@@ mem[ 2232] = 05c10f93f41ff06f : 414629768825139311
@@@ mem[ 2240] = 0171262300ea2023 : 103906198187286563
@@@ mem[ 2248] = 000c8b9301312823 : 3531163216980003
@@@ mem[ 2256] = 00078293000f8993 : 2113892709796243
@@@ mem[ 2264] = 00200913000a0f93 : 9017176464428947
@@@ mem[ 2272] = 00812a23000c0c93 : 36356601808686227
@@@ mem[ 2280] = 01512e2301612c23 : 94907795033369635
@@@ mem[ 2288] = 0009a40300048a13 : 2713607582550547
@@@ mem[ 2296] = 02896863008a0433 : 182792034305311795
@@@ mem[ 2304] = 010e08330002a803 : 76007258848405507
@@@ mem[ 2312] = 0014171303096263 : 5654869956977251
@@@ mem[ 2320] = 0107073300870733 : 74035834508478259
@@@ mem[ 2328] = 09c1069300271713 : 702850245279029011
@@@ mem[ 2336] = 0004a70300e684b3 : 1309531248690355
@@@ mem[ 2344] = 0049899303a70a63 : 20698937814354531
@@@ mem[ 2352] = fd3790e300428293 : 18246211719951188627
@@@ mem[ 2360] = 01012983000c8c13 : 72384711632915475
@@@ mem[ 2368] = 01412403000b8c93 : 90393062828379283
@@@ mem[ 2376] = 01812b0300c12b83 : 108415157931158403
@@@ mem[ 2384] = 01afa02301c12a83 : 121491787176028803
@@@ mem[ 2392] = 00300713f49ff06f : 13518581172007023
@@@ mem[ 2400] = 00e4a02305c10313 : 64352366970864403
@@@ mem[ 2408] = 02912c2303412823 : 184977588588980259
@@@ mem[ 2416] = 03f1222305312023 : 284045785307357219
@@@ mem[ 2424] = 0371262303912423 : 248021386307642403
@@@ mem[ 2432] = 0004049303c12a23 : 1130929376537123
@@@ mem[ 2440] = 02512e2303012023 : 166965389098557475
@@@ mem[ 2448] = 00030a1300078993 : 855501651282323
@@@ mem[ 2456] = 01048bb3000a2803 : 73337094860843011
@@@ mem[ 2464] = 0009aa8303796c63 : 2720754466122851
@@@ mem[ 2472] = 01570ab302012703 : 96557680960808707
@@@ mem[ 2480] = 001b971303596463 : 7765932287550563
@@@ mem[ 2488] = 0157073301770733 : 96553832661059379
@@@ mem[ 2496] = 09c1069300271713 : 702850245279029011
@@@ mem[ 2504] = 04e1222300e68733 : 351599779645916979
@@@ mem[ 2512] = 03a70c6300072703 : 263192722566227715
@@@ mem[ 2520] = 00498993004a0a13 : 20698937757927955
@@@ mem[ 2528] = 03812483fb479ce3 : 252523203384548579
@@@ mem[ 2536] = 02812c8302412f83 : 180474401261694851
@@@ mem[ 2544] = 03012a0302c12b83 : 216500449509976963
@@@ mem[ 2552] = 03c1228303412e03 : 270535398709603843
@@@ mem[ 2560] = 01a4a02304012983 : 118395562469960067
@@@ mem[ 2568] = 04412683f25ff06f : 306568597786849391
@@@ mem[ 2576] = 05c1041300400713 : 414617120349882131
@@@ mem[ 2584] = 00e6a02304912423 : 64915316904371235
@@@ mem[ 2592] = 0004049300078c13 : 1130929314040851
@@@ mem[ 2600] = 016b8b330004ab03 : 102328467705867011
@@@ mem[ 2608] = 000c2c8303696863 : 3426640930105443
@@@ mem[ 2616] = 03996263019a8cb3 : 259346630918704307
@@@ mem[ 2624] = 01640433001b1413 : 100209708800611347
@@@ mem[ 2632] = 09c10713008c8433 : 702850795041489971
@@@ mem[ 2640] = 0087043300241413 : 38003738948146195
@@@ mem[ 2648] = 03a7006300042703 : 263179528426497795
@@@ mem[ 2656] = 004c0c1300448493 : 21405373978412179
@@@ mem[ 2664] = 04412703fc9790e3 : 306569147714080995
@@@ mem[ 2672] = 01a7202304812483 : 119099249920124035
@@@ mem[ 2680] = 05c12503f61ff06f : 414653339639214191
@@@ mem[ 2688] = 00ab053301b42023 : 48137937647575075
@@@ mem[ 2696] = 07c1258302a96863 : 558769073386252387
@@@ mem[ 2704] = 02b9626300bc85b3 : 196296236120966579
@@@ mem[ 2712] = 02e508b300c00713 : 208582522647349011
@@@ mem[ 2720] = 00e888b300259713 : 65452496979859219
@@@ mem[ 2728] = 011708b309c10713 : 78541083558086419
@@@ mem[ 2736] = 19a70a630008a703 : 1848457592377485059
@@@ mem[ 2744] = 00ab053306012503 : 48137937719731459
@@@ mem[ 2752] = 0801258302a96863 : 576783471895734371
@@@ mem[ 2760] = 02b9626300bc85b3 : 196296236120966579
@@@ mem[ 2768] = 02e508b300c00713 : 208582522647349011
@@@ mem[ 2776] = 00e888b300259713 : 65452496979859219
@@@ mem[ 2784] = 011708b309c10713 : 78541083558086419
@@@ mem[ 2792] = 19a70a630008a703 : 1848457592377485059
@@@ mem[ 2800] = 00ab053306412503 : 48137937723925763
@@@ mem[ 2808] = 0841258302a96863 : 594797870405216355
@@@ mem[ 2816] = 02b9626300bc85b3 : 196296236120966579
@@@ mem[ 2824] = 02e508b300c00713 : 208582522647349011
@@@ mem[ 2832] = 00e888b300259713 : 65452496979859219
@@@ mem[ 2840] = 011708b309c10713 : 78541083558086419
@@@ mem[ 2848] = 19a70e630008a703 : 1848461990423996163
@@@ mem[ 2856] = 00ab053306812503 : 48137937728120067
@@@ mem[ 2864] = 0881258302a96863 : 612812268914698339
@@@ mem[ 2872] = 02b9626300bc85b3 : 196296236120966579
@@@ mem[ 2880] = 02e508b300c00713 : 208582522647349011
@@@ mem[ 2888] = 00e888b300259713 : 65452496979859219
@@@ mem[ 2896] = 011708b309c10713 : 78541083558086419
@@@ mem[ 2904] = 19a70e630008a703 : 1848461990423996163
@@@ mem[ 2912] = 00ab053306c12503 : 48137937732314371
@@@ mem[ 2920] = 08c1258302a96863 : 630826667424180323
@@@ mem[ 2928] = 02b9626300bc85b3 : 196296236120966579
@@@ mem[ 2936] = 02e508b300c00713 : 208582522647349011
@@@ mem[ 2944] = 00e888b300259713 : 65452496979859219
@@@ mem[ 2952] = 011708b309c10713 : 78541083558086419
@@@ mem[ 2960] = 19a70e630008a703 : 1848461990423996163
@@@ mem[ 2968] = 00ab053307012503 : 48137937736508675
@@@ mem[ 2976] = 0901258302a96863 : 648841065933662307
@@@ mem[ 2984] = 02b9626300bc85b3 : 196296236120966579
@@@ mem[ 2992] = 02e5073300c00713 : 208580873379907347
@@@ mem[ 3000] = 00e888b300259893 : 65452496979859603
@@@ mem[ 3008] = 011708b309c10713 : 78541083558086419
@@@ mem[ 3016] = 19a70e630008a703 : 1848461990423996163
@@@ mem[ 3024] = 00ab053307412503 : 48137937740702979
@@@ mem[ 3032] = 0941258302a96863 : 666855464443144291
@@@ mem[ 3040] = 02b9626300bc85b3 : 196296236120966579
@@@ mem[ 3048] = 02e5073300c00713 : 208580873379907347
@@@ mem[ 3056] = 00e888b300259893 : 65452496979859603
@@@ mem[ 3064] = 011708b309c10713 : 78541083558086419
@@@ mem[ 3072] = 19a70e630008a703 : 1848461990423996163
@@@ mem[ 3080] = 00ab053307812503 : 48137937744897283
@@@ mem[ 3088] = 0981258302a96863 : 684869862952626275
@@@ mem[ 3096] = 02b9626300bc85b3 : 196296236120966579
@@@ mem[ 3104] = 02e5073300c00713 : 208580873379907347
@@@ mem[ 3112] = 00eb0b3300259b13 : 66158933200706323
@@@ mem[ 3120] = 01670b3309c10713 : 101061830474008339
@@@ mem[ 3128] = 19a70e63000b2703 : 1848461990424160003
@@@ mem[ 3136] = e1dff06f01a42023 : 16275991937899831331
@@@ mem[ 3144] = 05c1071300600813 : 414620418886862867
@@@ mem[ 3152] = 0070061309c10693 : 31531876229383827
@@@ mem[ 3160] = 051126230108a023 : 365114976576774179
@@@ mem[ 3168] = 454080e7fffff097 : 4990130121047273623
@@@ mem[ 3176] = 04f5066300100793 : 357198767718401939
@@@ mem[ 3184] = 07c1079304c12883 : 558736156792006787
@@@ mem[ 3192] = e3dff06f01a8a023 : 16420107125975982115
@@@ mem[ 3200] = 05c1071300600813 : 414620418886862867
@@@ mem[ 3208] = 0070061309c10693 : 31531876229383827
@@@ mem[ 3216] = 051126230108a023 : 365114976576774179
@@@ mem[ 3224] = 41c080e7fffff097 : 4737928541914525847
@@@ mem[ 3232] = 00f50a6300100793 : 68972789613201299
@@@ mem[ 3240] = 07c1079304c12883 : 558736156792006787
@@@ mem[ 3248] = e3dff06f01a8a023 : 16420107125975982115
@@@ mem[ 3256] = b4dff06f00100513 : 13033400206166590739
@@@ mem[ 3264] = 05c1071300600813 : 414620418886862867
@@@ mem[ 3272] = 0070061309c10693 : 31531876229383827
@@@ mem[ 3280] = 051126230108a023 : 365114976576774179
@@@ mem[ 3288] = 3dc080e7fffff097 : 4449698165762814103
@@@ mem[ 3296] = fcf50ae300100793 : 18227487036926855059
@@@ mem[ 3304] = 07c1079304c12883 : 558736156792006787
@@@ mem[ 3312] = e35ff06f01a8a023 : 16384078328957018147
@@@ mem[ 3320] = 05c1071300600813 : 414620418886862867
@@@ mem[ 3328] = 0070061309c10693 : 31531876229383827
@@@ mem[ 3336] = 051126230108a023 : 365114976576774179
@@@ mem[ 3344] = 3a4080e7fffff097 : 4197496586630066327
@@@ mem[ 3352] = f8f50ee300100793 : 17939261058821654419
@@@ mem[ 3360] = 07c1079304c12883 : 558736156792006787
@@@ mem[ 3368] = e35ff06f01a8a023 : 16384078328957018147
@@@ mem[ 3376] = 05c1071300600813 : 414620418886862867
@@@ mem[ 3384] = 0070061309c10693 : 31531876229383827
@@@ mem[ 3392] = 051126230108a023 : 365114976576774179
@@@ mem[ 3400] = 36c080e7fffff097 : 3945295007497318551
@@@ mem[ 3408] = f6f502e300100793 : 17795132676606265235
@@@ mem[ 3416] = 07c1079304c12883 : 558736156792006787
@@@ mem[ 3424] = e35ff06f01a8a023 : 16384078328957018147
@@@ mem[ 3432] = 05c1071300600813 : 414620418886862867
@@@ mem[ 3440] = 0070061309c10693 : 31531876229383827
@@@ mem[ 3448] = 051126230108a023 : 365114976576774179
@@@ mem[ 3456] = 334080e7fffff097 : 3693093428364570775
@@@ mem[ 3464] = f2f506e300100793 : 17506906698501064595
@@@ mem[ 3472] = 07c1079304c12883 : 558736156792006787
@@@ mem[ 3480] = e35ff06f01a8a023 : 16384078328957018147
@@@ mem[ 3488] = 05c1071300600813 : 414620418886862867
@@@ mem[ 3496] = 0070061309c10693 : 31531876229383827
@@@ mem[ 3504] = 051126230108a023 : 365114976576774179
@@@ mem[ 3512] = 2fc080e7fffff097 : 3440891849231822999
@@@ mem[ 3520] = eef50ae300100793 : 17218680720395863955
@@@ mem[ 3528] = 07c1079304c12883 : 558736156792006787
@@@ mem[ 3536] = e35ff06f01a8a023 : 16384078328957018147
@@@ mem[ 3544] = 05c1071300600813 : 414620418886862867
@@@ mem[ 3552] = 0070061309c10693 : 31531876229383827
@@@ mem[ 3560] = fffff097010b2023 : 18446727130081075235
@@@ mem[ 3568] = 001007932c8080e7 : 4511928315576551
@@@ mem[ 3576] = 01ab2023ecf500e3 : 120225153726873827
@@@ mem[ 3584] = 01a4202307c10793 : 118254825044510611
@@@ mem[ 3592] = 00060f93c59ff06f : 1705977210466415
@@@ mem[ 3600] = 26cf866300900613 : 2796601653389690387
@@@ mem[ 3608] = 00068e93f6010113 : 1845615998861587
@@@ mem[ 3616] = 001f8313003f8693 : 8869841909810835
@@@ mem[ 3624] = 07912a23002f8e13 : 545263359703879187
@@@ mem[ 3632] = 005f8c9300d12023 : 26894685789298723
@@@ mem[ 3640] = 09512223004f8693 : 671355353179326099
@@@ mem[ 3648] = 07712e2309612023 : 536260558649892899
@@@ mem[ 3656] = 07a1282307812c23 : 549764760430783523
@@@ mem[ 3664] = 006f829307b12623 : 31387290415736355
@@@ mem[ 3672] = 08112e23000f8a93 : 581296554767256211
@@@ mem[ 3680] = 08912a2308812c23 : 617320953881373731
@@@ mem[ 3688] = 0931262309212823 : 662352552119052323
@@@ mem[ 3696] = 00058f1309412423 : 1564686805967907
@@@ mem[ 3704] = 0000039300d12223 : 3929908781603
@@@ mem[ 3712] = 02000d93fff00d13 : 144130117381131539
@@@ mem[ 3720] = 000e0c1300030b93 : 3953925418060691
@@@ mem[ 3728] = 00050f93000c8b13 : 1424498918984467
@@@ mem[ 3736] = 0006a603007706b3 : 1871381683177139
@@@ mem[ 3744] = 00cf88b300200693 : 58415622561728147
@@@ mem[ 3752] = 007786330316e863 : 33643075881855075
@@@ mem[ 3760] = 00cf083300062603 : 58274335315863043
@@@ mem[ 3768] = 001896930306e063 : 6920957596196963
@@@ mem[ 3776] = 00d806b3011686b3 : 60805960856667827
@@@ mem[ 3784] = 00de8e3300269693 : 62643794526770835
@@@ mem[ 3792] = 05a68663000e2683 : 407160576084420227
@@@ mem[ 3800] = fbb39ee300438393 : 18137014822150308755
@@@ mem[ 3808] = 09c1208300000513 : 702878763859313939
@@@ mem[ 3816] = 0941248309812403 : 666854365046318083
@@@ mem[ 3824] = 08c1298309012903 : 630831065577105667
@@@ mem[ 3832] = 08412a8308812a03 : 594803368061381123
@@@ mem[ 3840] = 07c12b8308012b03 : 558775670545656579
@@@ mem[ 3848] = 07412c8307812c03 : 522747973029932035
@@@ mem[ 3856] = 06c12d8307012d03 : 486720275514207491
@@@ mem[ 3864] = 000080670a010113 : 141180037824787
@@@ mem[ 3872] = 00900693015e2023 : 40539625099239459
@@@ mem[ 3880] = 0000031308db8a63 : 3380287867491
@@@ mem[ 3888] = 01512823000b8c93 : 94901197941214355
@@@ mem[ 3896] = 00088a13000c0b93 : 2403614023486355
@@@ mem[ 3904] = 01c1242300080c13 : 126421997286067219
@@@ mem[ 3912] = 01e1262300030493 : 135431395563734163
@@@ mem[ 3920] = 009706b3000f8a93 : 42510087353240211
@@@ mem[ 3928] = 002006930006a403 : 9014427685135363
@@@ mem[ 3936] = 0286e863008a0433 : 182088346863535155
@@@ mem[ 3944] = 0006260300978633 : 1730644196951603
@@@ mem[ 3952] = 03f6e06300cc0fb3 : 285662342204362675
@@@ mem[ 3960] = 008686b300141693 : 37865750237812371
@@@ mem[ 3968] = 0026969301f686b3 : 10861607252297395
@@@ mem[ 3976] = 000f268300de8f33 : 4264468747816755
@@@ mem[ 3984] = 0044849303a68a63 : 19286065372629603
@@@ mem[ 3992] = 00812e03fbb49ee3 : 36360866638372579
@@@ mem[ 4000] = 000a8f93000b8c13 : 2972611290827795
@@@ mem[ 4008] = 01012a8300c12f03 : 72385811156381443
@@@ mem[ 4016] = 01ae2023000c8b93 : 121069574682348435
@@@ mem[ 4024] = 00100513f21ff06f : 4509182852067439
@@@ mem[ 4032] = 019f2023f25ff06f : 116847454097240175
@@@ mem[ 4040] = fedb88e300900693 : 18364422414081722003
@@@ mem[ 4048] = 0004089301812c23 : 1135327385300003
@@@ mem[ 4056] = 000f841302712023 : 4367341830873123
@@@ mem[ 4064] = 01412a2300000993 : 90399797336344979
@@@ mem[ 4072] = 000f0f9301912e23 : 4239248711560739
@@@ mem[ 4080] = 00028613000b8c13 : 710366116678675
@@@ mem[ 4088] = 02912223000b0393 : 184966593418822547
@@@ mem[ 4096] = 0007091303512423 : 1980302101652515
@@@ mem[ 4104] = 0007248301390733 : 2010469916804915
@@@ mem[ 4112] = 009884b300200713 : 42930100796131091
@@@ mem[ 4120] = 013786b302976863 : 87686821157759075
@@@ mem[ 4128] = 01440a330006aa03 : 91209106614299139
@@@ mem[ 4136] = 0014971303476063 : 5795607449395299
@@@ mem[ 4144] = 0147073300970733 : 92050233019008819
@@@ mem[ 4152] = 00ee8cb300271713 : 67145744886732563
@@@ mem[ 4160] = 05a70263000ca703 : 407296915526166275
@@@ mem[ 4168] = fbb99ee300498993 : 18138703672010967443
@@@ mem[ 4176] = 00038b13000c0b93 : 997338651560851
@@@ mem[ 4184] = 01c12c8301412a03 : 126431205716470275
@@@ mem[ 4192] = 0201238301812c03 : 144435708625497091
@@@ mem[ 4200] = 02812a8302412483 : 180472202238436483
@@@ mem[ 4208] = 0009071300060293 : 2541052976562835
@@@ mem[ 4216] = f19ff06f01afa023 : 17410899043997949987
@@@ mem[ 4224] = 0000806700100513 : 141179871036691
@@@ mem[ 4232] = 018ca02300012703 : 111640162961794819
@@@ mem[ 4240] = f2d704e300900693 : 17498460250184877715
@@@ mem[ 4248] = 0591222300000813 : 401139375531886611
@@@ mem[ 4256] = 0531242303412623 : 374119976845518371
@@@ mem[ 4264] = 03f12a2300200313 : 284054581315371795
@@@ mem[ 4272] = 02812e2303112c23 : 180476187981720611
@@@ mem[ 4280] = 0271282305812023 : 175965991325474851
@@@ mem[ 4288] = 0004899300060c93 : 1277164360436883
@@@ mem[ 4296] = 000e8a1300080a93 : 4092463883487891
@@@ mem[ 4304] = 0007240301590733 : 2009920163088179
@@@ mem[ 4312] = 02836c6300898433 : 181107582491526195
@@@ mem[ 4320] = 0007280301578733 : 2014318209500979
@@@ mem[ 4328] = 0107083302c12703 : 74036934057469699
@@@ mem[ 4336] = 0014171303036263 : 5654869956584035
@@@ mem[ 4344] = 0107073300870733 : 74035834508478259
@@@ mem[ 4352] = 00ea073300271713 : 65873060177581843
@@@ mem[ 4360] = 0007270304e12623 : 2013218757223971
@@@ mem[ 4368] = 004a8a9303a70c63 : 20981512302693475
@@@ mem[ 4376] = 000c8613fbba9ce3 : 3525120106339555
@@@ mem[ 4384] = 03412f8304412c83 : 234520895358577795
@@@ mem[ 4392] = 03c1240303812883 : 270537047981238403
@@@ mem[ 4400] = 0301238304012c03 : 216493302705368067
@@@ mem[ 4408] = 000a0e9304812983 : 2830774365661571
@@@ mem[ 4416] = f05ff06f01aca023 : 17320827051450343459
@@@ mem[ 4424] = 0001268304c12703 : 323819139049219
@@@ mem[ 4432] = 0041270300d72023 : 18338767338676259
@@@ mem[ 4440] = e6d700e300900693 : 16633764723683231379
@@@ mem[ 4448] = 05312a2303012b03 : 374126573911091971
@@@ mem[ 4456] = 00000c1305512c23 : 13275833117731
@@@ mem[ 4464] = 000c899305012823 : 3528964257687587
@@@ mem[ 4472] = 00078b93000a0a93 : 2123788314086035
@@@ mem[ 4480] = 0007248301890733 : 2010469922047795
@@@ mem[ 4488] = 02936a63009404b3 : 185608983096329395
@@@ mem[ 4496] = 00072583018b8733 : 2011569433839411
@@@ mem[ 4504] = 00b78cb305012783 : 51664621249046403
@@@ mem[ 4512] = 00149a1303936063 : 5798905989259363
@@@ mem[ 4520] = 014c8a33009a0a33 : 93601643925998131
@@@ mem[ 4528] = 014a8a33002a1a13 : 93038693965240851
@@@ mem[ 4536] = 03a70663000a2703 : 263186125496657667
@@@ mem[ 4544] = fbbc1ee3004c0c13 : 18139407359452908563
@@@ mem[ 4552] = 00098c9304c12703 : 2687837858244355
@@@ mem[ 4560] = 05412983000a8a13 : 378629486293977619
@@@ mem[ 4568] = 000b879305812a83 : 3245290266110595
@@@ mem[ 4576] = f31ff06f01a72023 : 17518985435054284835
@@@ mem[ 4584] = 00fa202300412783 : 70404078877878147
@@@ mem[ 4592] = dcfb04e300900793 : 15923326280512046995
@@@ mem[ 4600] = 00a4853300092503 : 46308350270973187
@@@ mem[ 4608] = 000ba58302a36663 : 3278206847379043
@@@ mem[ 4616] = 02b3606300bc85b3 : 194605187237447091
@@@ mem[ 4624] = 02f5083300c00793 : 213085572518905747
@@@ mem[ 4632] = 00e8083300259713 : 65311209735690003
@@@ mem[ 4640] = 00082703010a8833 : 2294693669537843
@@@ mem[ 4648] = 0049250317a70c63 : 20588368511831139
@@@ mem[ 4656] = 02a3666300a48533 : 190108184678270259
@@@ mem[ 4664] = 00bc85b3004ba583 : 53064299472201091
@@@ mem[ 4672] = 00c0079302b36063 : 54051523515342947
@@@ mem[ 4680] = 0025971302f50833 : 10580682048079923
@@@ mem[ 4688] = 010a883300e80833 : 75022096444950579
@@@ mem[ 4696] = 19a7026300082703 : 1848448796284430083
@@@ mem[ 4704] = 00a4853300892503 : 46308350279361795
@@@ mem[ 4712] = 008ba58302a36663 : 39307003866343011
@@@ mem[ 4720] = 02b3606300bc85b3 : 194605187237447091
@@@ mem[ 4728] = 02f5083300c00793 : 213085572518905747
@@@ mem[ 4736] = 00e8083300259713 : 65311209735690003
@@@ mem[ 4744] = 00082703010a8833 : 2294693669537843
@@@ mem[ 4752] = 00c9250319a70863 : 56617165564348515
@@@ mem[ 4760] = 02a3666300a48533 : 190108184678270259
@@@ mem[ 4768] = 00bc85b300cba583 : 53064299480589699
@@@ mem[ 4776] = 00c0079302b36063 : 54051523515342947
@@@ mem[ 4784] = 0025971302f50833 : 10580682048079923
@@@ mem[ 4792] = 010a883300e80833 : 75022096444950579
@@@ mem[ 4800] = 19a70e6300082703 : 1848461990423963395
@@@ mem[ 4808] = 00a4853301092503 : 46308350287750403
@@@ mem[ 4816] = 010ba58302a36663 : 75335800885306979
@@@ mem[ 4824] = 02b3606300bc85b3 : 194605187237447091
@@@ mem[ 4832] = 02f5083300c00793 : 213085572518905747
@@@ mem[ 4840] = 00e8083300259713 : 65311209735690003
@@@ mem[ 4848] = 00082703010a8833 : 2294693669537843
@@@ mem[ 4856] = 014925031ba70463 : 92645962616865891
@@@ mem[ 4864] = 02a3666300a48533 : 190108184678270259
@@@ mem[ 4872] = 00bc85b3014ba583 : 53064299488978307
@@@ mem[ 4880] = 00c0079302b36063 : 54051523515342947
@@@ mem[ 4888] = 0025971302f50833 : 10580682048079923
@@@ mem[ 4896] = 010a883300e80833 : 75022096444950579
@@@ mem[ 4904] = 1ba70a6300082703 : 1992572780453308163
@@@ mem[ 4912] = 00a4853301892503 : 46308350296139011
@@@ mem[ 4920] = 018ba58302a36663 : 111364597904270947
@@@ mem[ 4928] = 02b3606300bc85b3 : 194605187237447091
@@@ mem[ 4936] = 02f5073300c00793 : 213084473007277971
@@@ mem[ 4944] = 00e8083300259813 : 65311209735690259
@@@ mem[ 4952] = 00082703010a8833 : 2294693669537843
@@@ mem[ 4960] = 01c925031da70063 : 128674759669383267
@@@ mem[ 4968] = 02a3666300a48533 : 190108184678270259
@@@ mem[ 4976] = 00bc85b301cba583 : 53064299497366915
@@@ mem[ 4984] = 00c0079302b36063 : 54051523515342947
@@@ mem[ 4992] = 0025949302f50733 : 10577933269010227
@@@ mem[ 5000] = 009a84b300e484b3 : 43493050762429619
@@@ mem[ 5008] = 1da706630004a703 : 2136683570482423555
@@@ mem[ 5016] = e25ff06f01aa2023 : 16312020734919188515
@@@ mem[ 5024] = 0090079301682023 : 40540724611522595
@@@ mem[ 5032] = 000b8793c0f98ae3 : 3245293411338979
@@@ mem[ 5040] = 000a869300090713 : 2962715686012691
@@@ mem[ 5048] = 05012e2300098613 : 360620173025707539
@@@ mem[ 5056] = cf4080e7fffff097 : 14934078098281328791
@@@ mem[ 5064] = 05c1280300100793 : 414656634045859731
@@@ mem[ 5072] = bef504e300200313 : 13759909609506603795
@@@ mem[ 5080] = e51ff06f01a82023 : 16510179118523359267
@@@ mem[ 5088] = 0090079301682023 : 40540724611522595
@@@ mem[ 5096] = 000b8793bcf98ae3 : 3245293344230115
@@@ mem[ 5104] = 000a869300090713 : 2962715686012691
@@@ mem[ 5112] = 05012e2300098613 : 360620173025707539
@@@ mem[ 5120] = cb4080e7fffff097 : 14645847722129617047
@@@ mem[ 5128] = 05c1280300100793 : 414656634045859731
@@@ mem[ 5136] = baf504e300200313 : 13471679233354892051
@@@ mem[ 5144] = e45ff06f01a82023 : 16456135922994913315
@@@ mem[ 5152] = 0090079301682023 : 40540724611522595
@@@ mem[ 5160] = 000b8793b8f98ae3 : 3245293277121251
@@@ mem[ 5168] = 000a869300090713 : 2962715686012691
@@@ mem[ 5176] = 05012e2300098613 : 360620173025707539
@@@ mem[ 5184] = c74080e7fffff097 : 14357617345977905303
@@@ mem[ 5192] = 05c1280300100793 : 414656634045859731
@@@ mem[ 5200] = b6f504e300200313 : 13183448857203180307
@@@ mem[ 5208] = e39ff06f01a82023 : 16402092727466467363
@@@ mem[ 5216] = 0090079301682023 : 40540724611522595
@@@ mem[ 5224] = 000b8793b4f98ae3 : 3245293210012387
@@@ mem[ 5232] = 000a869300090713 : 2962715686012691
@@@ mem[ 5240] = 05012e2300098613 : 360620173025707539
@@@ mem[ 5248] = c34080e7fffff097 : 14069386969826193559
@@@ mem[ 5256] = 05c1280300100793 : 414656634045859731
@@@ mem[ 5264] = b2f504e300200313 : 12895218481051468563
@@@ mem[ 5272] = e2dff06f01a82023 : 16348049531938021411
@@@ mem[ 5280] = 0090079301682023 : 40540724611522595
@@@ mem[ 5288] = 000b8793b0f98ae3 : 3245293142903523
@@@ mem[ 5296] = 000a869300090713 : 2962715686012691
@@@ mem[ 5304] = 05012e2300098613 : 360620173025707539
@@@ mem[ 5312] = bf4080e7fffff097 : 13781156593674481815
@@@ mem[ 5320] = 05c1280300100793 : 414656634045859731
@@@ mem[ 5328] = aef504e300200313 : 12606988104899756819
@@@ mem[ 5336] = e21ff06f01a82023 : 16294006336409575459
@@@ mem[ 5344] = 0090079301682023 : 40540724611522595
@@@ mem[ 5352] = 000b8793acf98ae3 : 3245293075794659
@@@ mem[ 5360] = 000a869300090713 : 2962715686012691
@@@ mem[ 5368] = 05012e2300098613 : 360620173025707539
@@@ mem[ 5376] = bb4080e7fffff097 : 13492926217522770071
@@@ mem[ 5384] = 05c1280300100793 : 414656634045859731
@@@ mem[ 5392] = aaf504e300200313 : 12318757728748045075
@@@ mem[ 5400] = e15ff06f01a82023 : 16239963140881129507
@@@ mem[ 5408] = 0090079301682023 : 40540724611522595
@@@ mem[ 5416] = 000b8793a8f98ae3 : 3245293008685795
@@@ mem[ 5424] = 000a869300090713 : 2962715686012691
@@@ mem[ 5432] = 05012e2300098613 : 360620173025707539
@@@ mem[ 5440] = b74080e7fffff097 : 13204695841371058327
@@@ mem[ 5448] = 05c1280300100793 : 414656634045859731
@@@ mem[ 5456] = a6f504e300200313 : 12030527352596333331
@@@ mem[ 5464] = e09ff06f01a82023 : 16185919945352683555
@@@ mem[ 5472] = 009007930164a023 : 40540724611293219
@@@ mem[ 5480] = 000b8793a4f98ae3 : 3245292941576931
@@@ mem[ 5488] = 000a869300090713 : 2962715686012691
@@@ mem[ 5496] = fffff09700098613 : 18446727130064193043
@@@ mem[ 5504] = 00100793b38080e7 : 4511930580500711
@@@ mem[ 5512] = a2f508e300200313 : 11742301374491132691
@@@ mem[ 5520] = 01aa202301a4a023 : 119943674802249763
@@@ mem[ 5528] = ff010113c29ff06f : 18374969139029602415
@@@ mem[ 5536] = fffff09700112623 : 18446727130064692771
@@@ mem[ 5544] = 00c12083120080e7 : 54360417819984103
@@@ mem[ 5552] = 0101011300000513 : 72340250130646291
@@@ mem[ 5560] = 0000000000008067 : 32871
@@@
@@@ mem[ 5632] = 0000000100000002 : 4294967298
@@@ mem[ 5640] = fffffffeffffffff : 18446744069414584319
@@@ mem[ 5648] = fffffffffffffffe : 18446744073709551614
@@@ mem[ 5656] = 0000000200000001 : 8589934593
@@@ mem[ 5664] = 0000000200000001 : 8589934593
@@@ mem[ 5672] = 0000000100000002 : 4294967298
@@@ mem[ 5680] = fffffffeffffffff : 18446744069414584319
@@@ mem[ 5688] = fffffffffffffffe : 18446744073709551614
@@@
@@@ mem[65176] = 0000ff9800000005 : 281028300111877
@@@ mem[65184] = 0000000700000008 : 30064771080
@@@ mem[65192] = ffffffff0000ff8c : 18446744069414649740
@@@ mem[65200] = 0000ff4c0000ff6c : 280701882662764
@@@ mem[65208] = 000003340000ffa8 : 3521873248168
@@@
@@@ mem[65224] = 000000020000ff80 : 8590000000
@@@ mem[65232] = 0000000200000001 : 8589934593
@@@ mem[65240] = 0000ff6c0000ff4c : 280839321616204
@@@ mem[65248] = 0000ff6000000002 : 280787781943298
@@@ mem[65256] = 00000ce00000ff98 : 14156212273048
@@@
@@@ mem[65272] = 0000ffa000000000 : 281062659850240
@@@ mem[65280] = 0000ff500000ff70 : 280719062531952
@@@ mem[65288] = 0000ff640000ff84 : 280804961877892
@@@ mem[65296] = 0000ffa400000001 : 281079839719425
@@@ mem[65304] = 0000000200000001 : 8589934593
@@@ mem[65312] = 0000000000000002 : 2
@@@ mem[65320] = 0000ff780000ff90 : 280890861223824
@@@ mem[65328] = 0000ffa40000ff58 : 281079839784792
@@@ mem[65336] = 0000ff9400000000 : 281011120242688
@@@
@@@ mem[65352] = 0000000200000000 : 8589934592
@@@ mem[65360] = ffffffff00000001 : 18446744069414584321
@@@ mem[65368] = fffffffefffffffe : 18446744069414584318
@@@ mem[65376] = 00000001ffffffff : 8589934591
@@@ mem[65384] = 0000000100000002 : 4294967298
@@@ mem[65392] = 0000000200000002 : 8589934594
@@@ mem[65400] = ffffffff00000001 : 18446744069414584321
@@@ mem[65408] = fffffffefffffffe : 18446744069414584318
@@@ mem[65416] = 00000000ffffffff : 4294967295
@@@ mem[65424] = ffffffffffffffff : 18446744073709551615
@@@ mem[65432] = ffffffffffffffff : 18446744073709551615
@@@ mem[65440] = ffffffffffffffff : 18446744073709551615
@@@ mem[65448] = ffffffffffffffff : 18446744073709551615
@@@
@@@ mem[65512] = 000015ac00010000 : 23828478623744
@@@
@@@ mem[65528] = 000000a000000000 : 687194767360
@@@
@@@ System halted on WFI instruction
@@@
