
Final memory state and exit status:

@@@ Unified Memory contents hex on left, decimal on right: 
@@@
@@@ mem[    0] = 0000009700000013 : 648540061715
@@@ mem[    8] = 0001011709c08093 : 282673436197011
@@@ mem[   16] = 00010413ff410113 : 285958910050579
@@@ mem[   24] = d081819300001197 : 15024432300244865431
@@@ mem[   32] = 0000029300000213 : 2830383448595
@@@ mem[   40] = 0000039300000313 : 3929895076627
@@@ mem[   48] = 0000051300000493 : 5579162518675
@@@ mem[   56] = 0000061300000593 : 6678674146707
@@@ mem[   64] = 0000071300000693 : 7778185774739
@@@ mem[   72] = 0000081300000793 : 8877697402771
@@@ mem[   80] = 0000091300000893 : 9977209030803
@@@ mem[   88] = 00000a1300000993 : 11076720658835
@@@ mem[   96] = 00000b1300000a93 : 12176232286867
@@@ mem[  104] = 00000c1300000b93 : 13275743914899
@@@ mem[  112] = 00000d1300000c93 : 14375255542931
@@@ mem[  120] = 00000e1300000d93 : 15474767170963
@@@ mem[  128] = 00000f1300000e93 : 16574278798995
@@@ mem[  136] = 2a40006f00000f93 : 3044433824843829139
@@@
@@@ mem[  160] = f601011300010117 : 17726450789423055127
@@@ mem[  168] = 00000013fea12c23 : 85876354083
@@@ mem[  176] = 000007b710500073 : 8482834088051
@@@ mem[  184] = 0af5666356c78793 : 789649886517102483
@@@ mem[  192] = 56c78793000047b7 : 6253115673057183671
@@@ mem[  200] = 000008370aa7e063 : 9032494997603
@@@ mem[  208] = ff85069356082783 : 18412129881447475075
@@@ mem[  216] = 00d7fc630007a703 : 60794622125254403
@@@ mem[  224] = 00e7fc6300e6ee63 : 65298221767257699
@@@ mem[  232] = 0007a70300070793 : 2153956164175763
@@@ mem[  240] = fee7eae3fed7e8e3 : 18367907870207895779
@@@ mem[  248] = ffc52583fee6f8e3 : 18430178298931116259
@@@ mem[  256] = 00c6863300359613 : 55879598993675795
@@@ mem[  264] = 0047a88302c70263 : 20170003987235427
@@@ mem[  272] = 00389613fee52c23 : 15927611320773667
@@@ mem[  280] = 02c68a6300c78633 : 199999391284037171
@@@ mem[  288] = 56f8202300d7a023 : 6266794216196120611
@@@ mem[  296] = 0047260300008067 : 20026517673246823
@@@ mem[  304] = 00c585b300072703 : 55597574258108163
@@@ mem[  312] = 0047a883feb52e23 : 20170008213925411
@@@ mem[  320] = 00389613fee52c23 : 15927611320773667
@@@ mem[  328] = fcc69ae300c78633 : 18214416042707879475
@@@ mem[  336] = 0007069300b885b3 : 1977553279026611
@@@ mem[  344] = 00d7a02300b7a223 : 60693192189125155
@@@ mem[  352] = 0000806756f82023 : 141181329088547
@@@ mem[  360] = 00100513ff010113 : 4509183068143891
@@@ mem[  368] = 0000009700112623 : 648541185571
@@@ mem[  376] = 000047b7f2c080e7 : 78855377289447
@@@ mem[  384] = fe01011314a7ea63 : 18302911542072961635
@@@ mem[  392] = 00112e2300812c23 : 4835802471279651
@@@ mem[  400] = 0121282300912a23 : 81390399067859491
@@@ mem[  408] = 0141242301312623 : 90393200286574115
@@@ mem[  416] = 0005041300357793 : 1411854537947027
@@@ mem[  424] = 000009b70e079463 : 10681819042915
@@@ mem[  432] = 008404935609a603 : 37159727775983107
@@@ mem[  440] = 000627830e060863 : 1732293689739363
@@@ mem[  448] = 1086fc630047a683 : 1190916653622732419
@@@ mem[  456] = 00000a3700000937 : 11231339481399
@@@ mem[  464] = 000727830100006f : 2013768447950959
@@@ mem[  472] = 0486f8630047a683 : 326221127121086083
@@@ mem[  480] = fec798e300078713 : 18358810506724607763
@@@ mem[  488] = 4097873354092783 : 4654337394433664899
@@@ mem[  496] = 544a25030697ee63 : 6073707742388285027
@@@ mem[  504] = 009507b354e92023 : 41948238334992419
@@@ mem[  512] = 0085051300852223 : 37441751073759779
@@@ mem[  520] = 0000009754fa2223 : 649965740579
@@@ mem[  528] = 5609a703ea8080e7 : 6199669997313229031
@@@ mem[  536] = 0007278304070a63 : 2013768498743907
@@@ mem[  544] = 0047a68300070613 : 20167804917843475
@@@ mem[  552] = 08d40e63fa86ece3 : 636149269933780195
@@@ mem[  560] = 00369613409686b3 : 15364658174527155
@@@ mem[  568] = 00c787b300d7a223 : 56162723248448035
@@@ mem[  576] = 01c120830087a223 : 126418011564778019
@@@ mem[  584] = 56e9a02301812403 : 6262712829044925443
@@@ mem[  592] = 0101290301412483 : 72384161897325699
@@@ mem[  600] = 00812a0300c12983 : 36356464381602179
@@@ mem[  608] = 0201011300878513 : 144397844177454355
@@@ mem[  616] = 01c1208300008067 : 126418011555922023
@@@ mem[  624] = 0141248301812403 : 90393612608676867
@@@ mem[  632] = 00c1298301012903 : 54370313139464451
@@@ mem[  640] = 0000051300812a03 : 5579170982403
@@@ mem[  648] = 0000806702010113 : 141179903607059
@@@ mem[  656] = 5609a603000009b7 : 6199668893867313591
@@@ mem[  664] = 00440413ffc57413 : 19144782358344723
@@@ mem[  672] = f0061ce300840493 : 17295543180254774419
@@@ mem[  680] = 5646079300000637 : 6216664663573136951
@@@ mem[  688] = 00f7a02356f9a023 : 69700392891031587
@@@ mem[  696] = 000006930007a223 : 7228430459427
@@@ mem[  704] = f01ff06f56460613 : 17302812654360200723
@@@ mem[  712] = 00d720230007a683 : 60552454689236611
@@@ mem[  720] = 00000513f75ff06f : 5583312777327
@@@ mem[  728] = 0006071300008067 : 1696628046069863
@@@ mem[  736] = fe5ff06ff4d418e3 : 18329633372060784867
@@@ mem[  744] = 00112623ff010113 : 4827010648047891
@@@ mem[  752] = 0091222300812423 : 40851405350708259
@@@ mem[  760] = 0000009700050493 : 648540390547
@@@ mem[  768] = 00048613e80080e7 : 1273319961690343
@@@ mem[  776] = 0005041300000593 : 1411854534444435
@@@ mem[  784] = 0f8080e700000097 : 1117034437213683863
@@@ mem[  792] = 0004051300c12083 : 1131479082016899
@@@ mem[  800] = 0041248300812403 : 18336018553971715
@@@ mem[  808] = 0000806701010113 : 141179886829843
@@@ mem[  816] = 01000513ff010113 : 72063177478701331
@@@ mem[  824] = 0081242300112623 : 36350004739253795
@@@ mem[  832] = 0000009700912223 : 648549573155
@@@ mem[  840] = 00c00793e38080e7 : 54051527286882535
@@@ mem[  848] = 0060079300f52023 : 27029925721874467
@@@ mem[  856] = 0010079300f51223 : 4511927585018403
@@@ mem[  864] = 0570079300f50323 : 391821495538877219
@@@ mem[  872] = 00b0079300f52423 : 49547923858727971
@@@ mem[  880] = 0005041300f52623 : 1411854550509091
@@@ mem[  888] = 0000009701000513 : 648556840211
@@@ mem[  896] = 00050493e00080e7 : 1412408048386279
@@@ mem[  904] = 0000009700040513 : 648540325139
@@@ mem[  912] = 01000513d28080e7 : 72063176732082407
@@@ mem[  920] = de4080e700000097 : 16014942004555284631
@@@ mem[  928] = 00f492237d300793 : 68840575439210387
@@@ mem[  936] = 00f512237d400793 : 68981312928614291
@@@ mem[  944] = 0000009701000513 : 648556840211
@@@ mem[  952] = 01000613dc8080e7 : 72064276411482343
@@@ mem[  960] = 0005041300000593 : 1411854534444435
@@@ mem[  968] = 040080e700000097 : 288372105777512599
@@@ mem[  976] = 00f412237e300793 : 68699837967632275
@@@ mem[  984] = 0000009700048513 : 648540357907
@@@ mem[  992] = 00040513cd8080e7 : 1131482517111015
@@@ mem[ 1000] = ccc080e700000097 : 14753934108891545751
@@@ mem[ 1008] = 0081240300c12083 : 36349867311833219
@@@ mem[ 1016] = 0000051300412483 : 5579166786691
@@@ mem[ 1024] = 0000806701010113 : 141179886829843
@@@ mem[ 1032] = 0005071300f00313 : 1415153085055763
@@@ mem[ 1040] = 00f7779302c37e63 : 69655792537796195
@@@ mem[ 1048] = 080592630a079063 : 578029081254662243
@@@ mem[ 1056] = 00f67613ff067693 : 69372672525891219
@@@ mem[ 1064] = 00b7202300e686b3 : 51545255449102003
@@@ mem[ 1072] = 00b7242300b72223 : 51549653492507171
@@@ mem[ 1080] = 0107071300b72623 : 74035697072678435
@@@ mem[ 1088] = 00061463fed766e3 : 1711269570111203
@@@ mem[ 1096] = 40c306b300008067 : 4666581004754911335
@@@ mem[ 1104] = 0000029700269693 : 2847565846163
@@@ mem[ 1112] = 00c68067005686b3 : 55873225264367283
@@@ mem[ 1120] = 00b706a300b70723 : 51517217899480867
@@@ mem[ 1128] = 00b705a300b70623 : 51516118387852835
@@@ mem[ 1136] = 00b704a300b70523 : 51515018876224803
@@@ mem[ 1144] = 00b703a300b70423 : 51513919364596771
@@@ mem[ 1152] = 00b702a300b70323 : 51512819852968739
@@@ mem[ 1160] = 00b701a300b70223 : 51511720341340707
@@@ mem[ 1168] = 00b700a300b70123 : 51510620829712675
@@@ mem[ 1176] = 0000806700b70023 : 141179881979939
@@@ mem[ 1184] = 008596930ff5f593 : 37601730274653587
@@@ mem[ 1192] = 0105969300d5e5b3 : 73630527039858099
@@@ mem[ 1200] = f6dff06f00d5e5b3 : 17789201412682802611
@@@ mem[ 1208] = 0000029700279693 : 2847565911699
@@@ mem[ 1216] = 00008293005686b3 : 143567877473971
@@@ mem[ 1224] = 00028093fa0680e7 : 704322996699367
@@@ mem[ 1232] = 40f70733ff078793 : 4681218257578330003
@@@ mem[ 1240] = f6c378e300f60633 : 17781188670157882931
@@@ mem[ 1248] = 00000000f3dff06f : 4091539567
@@@
@@@ mem[ 1344] = 000005b400003fb8 : 6270652268472
@@@
@@@ mem[ 1376] = 0000058400000584 : 6064493823364
@@@ mem[ 1384] = 0000056400000000 : 5927054868480
@@@ mem[ 1392] = 0000000c00000010 : 51539607568
@@@ mem[ 1400] = 00000057000107d4 : 373662222292
@@@ mem[ 1408] = 0000059c0000000b : 6167573037067
@@@ mem[ 1416] = 0000000000000010 : 16
@@@ mem[ 1424] = 00000000000007d3 : 2003
@@@ mem[ 1432] = 0000056400000000 : 5927054868480
@@@ mem[ 1440] = 0000000000000010 : 16
@@@ mem[ 1448] = 00000000000007e3 : 2019
@@@
@@@ mem[65504] = 0000058c00000000 : 6098853560320
@@@ mem[65512] = 000003bc00000574 : 4105988736372
@@@
@@@ mem[65528] = 000000a000000000 : 687194767360
@@@
@@@ System halted on WFI instruction
@@@
