
Final memory state and exit status:

@@@ Unified Memory contents hex on left, decimal on right: 
@@@
@@@ mem[    0] = 0000009700000013 : 648540061715
@@@ mem[    8] = 0001011709c08093 : 282673436197011
@@@ mem[   16] = 00010413ff410113 : 285958910050579
@@@ mem[   24] = 3a81819300001197 : 4215793194555675031
@@@ mem[   32] = 0000029300000213 : 2830383448595
@@@ mem[   40] = 0000039300000313 : 3929895076627
@@@ mem[   48] = 0000051300000493 : 5579162518675
@@@ mem[   56] = 0000061300000593 : 6678674146707
@@@ mem[   64] = 0000071300000693 : 7778185774739
@@@ mem[   72] = 0000081300000793 : 8877697402771
@@@ mem[   80] = 0000091300000893 : 9977209030803
@@@ mem[   88] = 00000a1300000993 : 11076720658835
@@@ mem[   96] = 00000b1300000a93 : 12176232286867
@@@ mem[  104] = 00000c1300000b93 : 13275743914899
@@@ mem[  112] = 00000d1300000c93 : 14375255542931
@@@ mem[  120] = 00000e1300000d93 : 15474767170963
@@@ mem[  128] = 00000f1300000e93 : 16574278798995
@@@ mem[  136] = 0750006f00000f93 : 526921633143721875
@@@
@@@ mem[  160] = f601011300010117 : 17726450789423055127
@@@ mem[  168] = 00000013fea12c23 : 85876354083
@@@ mem[  176] = 000017b710500073 : 26075020132467
@@@ mem[  184] = 0af56663c1878793 : 789649888308070291
@@@ mem[  192] = c1878793000057b7 : 13945263836605994935
@@@ mem[  200] = 000018370aa7e063 : 26624681042019
@@@ mem[  208] = ff850693c0c82783 : 18412129883238442883
@@@ mem[  216] = 00d7fc630007a703 : 60794622125254403
@@@ mem[  224] = 00e7fc6300e6ee63 : 65298221767257699
@@@ mem[  232] = 0007a70300070793 : 2153956164175763
@@@ mem[  240] = fee7eae3fed7e8e3 : 18367907870207895779
@@@ mem[  248] = ffc52583fee6f8e3 : 18430178298931116259
@@@ mem[  256] = 00c6863300359613 : 55879598993675795
@@@ mem[  264] = 0047a88302c70263 : 20170003987235427
@@@ mem[  272] = 00389613fee52c23 : 15927611320773667
@@@ mem[  280] = 02c68a6300c78633 : 199999391284037171
@@@ mem[  288] = c0f8262300d7a023 : 13904905781286248483
@@@ mem[  296] = 0047260300008067 : 20026517673246823
@@@ mem[  304] = 00c585b300072703 : 55597574258108163
@@@ mem[  312] = 0047a883feb52e23 : 20170008213925411
@@@ mem[  320] = 00389613fee52c23 : 15927611320773667
@@@ mem[  328] = fcc69ae300c78633 : 18214416042707879475
@@@ mem[  336] = 0007069300b885b3 : 1977553279026611
@@@ mem[  344] = 00d7a02300b7a223 : 60693192189125155
@@@ mem[  352] = 00008067c0f82623 : 141183107474979
@@@ mem[  360] = 00100513ff010113 : 4509183068143891
@@@ mem[  368] = 0000009700112623 : 648541185571
@@@ mem[  376] = fe010113f2c080e7 : 18302911545799114983
@@@ mem[  384] = 0000193701212823 : 27724032845859
@@@ mem[  392] = 00112e23c0c92683 : 4835805697222275
@@@ mem[  400] = 00912a2300812c23 : 40860201443732515
@@@ mem[  408] = 0141242301312623 : 90393200286574115
@@@ mem[  416] = 0c068a6301512223 : 866532136143888931
@@@ mem[  424] = 003007930006a503 : 13519126824133891
@@@ mem[  432] = 0ee7e86300452703 : 1074082548055090947
@@@ mem[  440] = 00b00a13000014b7 : 49550672621737143
@@@ mem[  448] = 00400a93000019b7 : 18026024985958839
@@@ mem[  456] = 0100006f00300413 : 72058070782444563
@@@ mem[  464] = 004527030007a503 : 19464667231921411
@@@ mem[  472] = 0005079304e46863 : 1415702907218019
@@@ mem[  480] = be44a783fed518e3 : 13710267350980565219
@@@ mem[  488] = 08fa7263ff478713 : 646955270291293971
@@@ mem[  496] = bee4a223be89a503 : 13755297436300584195
@@@ mem[  504] = 0155222300c50793 : 96020500790445971
@@@ mem[  512] = bef9a42300850513 : 13761210606646789395
@@@ mem[  520] = eac080e700000097 : 16915661930029383831
@@@ mem[  528] = 04078e63c0c92783 : 290357260076001155
@@@ mem[  536] = 000786930007a503 : 2118290755790083
@@@ mem[  544] = fae47ce300452703 : 18078712118575965955
@@@ mem[  552] = 06d7066300400693 : 492869706496083603
@@@ mem[  560] = 00371613ff470713 : 15505398862120723
@@@ mem[  568] = 00c5053300e52223 : 55456287028486691
@@@ mem[  576] = c0f9262300d52223 : 13905187256262795811
@@@ mem[  584] = 01c1208300850513 : 126418011564606739
@@@ mem[  592] = 0141248301812403 : 90393612608676867
@@@ mem[  600] = 00c1298301012903 : 54370313139464451
@@@ mem[  608] = 00412a8300812a03 : 18342615623739907
@@@ mem[  616] = 0000806702010113 : 141179903607059
@@@ mem[  624] = fd9ff06f00000513 : 18275590172424799507
@@@ mem[  632] = c105079300001537 : 13908531352145237303
@@@ mem[  640] = c0f92623c1050693 : 13905187259487159955
@@@ mem[  648] = 0007a22300f7a023 : 2148596060758051
@@@ mem[  656] = f25ff06fc1050513 : 17464942242736440595
@@@ mem[  664] = 00e7a02300052703 : 65196791804798723
@@@ mem[  672] = 00068793fa5ff06f : 1837919490797679
@@@ mem[  680] = 000047b7f81ff06f : 78855467429999
@@@ mem[  688] = fe01011314a7ea63 : 18302911542072961635
@@@ mem[  696] = 00112e2300812c23 : 4835802471279651
@@@ mem[  704] = 0121282300912a23 : 81390399067859491
@@@ mem[  712] = 0141242301312623 : 90393200286574115
@@@ mem[  720] = 0005041300357793 : 1411854537947027
@@@ mem[  728] = 000019b70e079463 : 28274005087331
@@@ mem[  736] = 00840493c0c9a603 : 37159729566950915
@@@ mem[  744] = 000627830e060863 : 1732293689739363
@@@ mem[  752] = 1086fc630047a683 : 1190916653622732419
@@@ mem[  760] = 00001a3700001937 : 28823525529911
@@@ mem[  768] = 000727830100006f : 2013768447950959
@@@ mem[  776] = 0486f8630047a683 : 326221127121086083
@@@ mem[  784] = fec798e300078713 : 18358810506724607763
@@@ mem[  792] = 40978733be492783 : 4654337396216244099
@@@ mem[  800] = be8a25030697ee63 : 13729827108918128227
@@@ mem[  808] = 009507b3bee92223 : 41948240113377827
@@@ mem[  816] = 0085051300852223 : 37441751073759779
@@@ mem[  824] = 00000097befa2423 : 651744125987
@@@ mem[  832] = c0c9a703d78080e7 : 13891818160543269095
@@@ mem[  840] = 0007278304070a63 : 2013768498743907
@@@ mem[  848] = 0047a68300070613 : 20167804917843475
@@@ mem[  856] = 08d40e63fa86ece3 : 636149269933780195
@@@ mem[  864] = 00369613409686b3 : 15364658174527155
@@@ mem[  872] = 00c787b300d7a223 : 56162723248448035
@@@ mem[  880] = 01c120830087a223 : 126418011564778019
@@@ mem[  888] = c0e9a62301812403 : 13900824394135053315
@@@ mem[  896] = 0101290301412483 : 72384161897325699
@@@ mem[  904] = 00812a0300c12983 : 36356464381602179
@@@ mem[  912] = 0201011300878513 : 144397844177454355
@@@ mem[  920] = 01c1208300008067 : 126418011555922023
@@@ mem[  928] = 0141248301812403 : 90393612608676867
@@@ mem[  936] = 00c1298301012903 : 54370313139464451
@@@ mem[  944] = 0000051300812a03 : 5579170982403
@@@ mem[  952] = 0000806702010113 : 141179903607059
@@@ mem[  960] = c0c9a603000019b7 : 13891817057416124855
@@@ mem[  968] = 00440413ffc57413 : 19144782358344723
@@@ mem[  976] = f0061ce300840493 : 17295543180254774419
@@@ mem[  984] = c106079300001637 : 13908812827121948215
@@@ mem[  992] = 00f7a023c0f9a623 : 69700394669418019
@@@ mem[ 1000] = 000006930007a223 : 7228430459427
@@@ mem[ 1008] = f01ff06fc1060613 : 17302812656151168531
@@@ mem[ 1016] = 00d720230007a683 : 60552454689236611
@@@ mem[ 1024] = 00000513f75ff06f : 5583312777327
@@@ mem[ 1032] = 0006071300008067 : 1696628046069863
@@@ mem[ 1040] = fe5ff06ff4d418e3 : 18329633372060784867
@@@ mem[ 1048] = 00112623ff010113 : 4827010648047891
@@@ mem[ 1056] = 0091222300812423 : 40851405350708259
@@@ mem[ 1064] = 0000009700050493 : 648540390547
@@@ mem[ 1072] = 00048613e80080e7 : 1273319961690343
@@@ mem[ 1080] = 0005041300000593 : 1411854534444435
@@@ mem[ 1088] = 680080e700000097 : 7494131509570306199
@@@ mem[ 1096] = 0004051300c12083 : 1131479082016899
@@@ mem[ 1104] = 0041248300812403 : 18336018553971715
@@@ mem[ 1112] = 0000806701010113 : 141179886829843
@@@ mem[ 1120] = be05a703000015b7 : 13692533873416607159
@@@ mem[ 1128] = c046268300001637 : 13854803647734486583
@@@ mem[ 1136] = 000057b700170713 : 96443492140819
@@@ mem[ 1144] = c187879300271813 : 13945263836608534547
@@@ mem[ 1152] = 00168693010787b3 : 6340415423219635
@@@ mem[ 1160] = 00a7a023bee5a023 : 47182396497698851
@@@ mem[ 1168] = 00008067c0d62223 : 141183105245731
@@@ mem[ 1176] = c086270300001637 : 13872818595999782455
@@@ mem[ 1184] = c045a683000015b7 : 13854662910246131127
@@@ mem[ 1192] = 00271513000057b7 : 11000695440299959
@@@ mem[ 1200] = fff68693c1878793 : 18444077293107644307
@@@ mem[ 1208] = 00a787b300170713 : 47155523981084435
@@@ mem[ 1216] = c0d5a2230007a503 : 13895190496529589507
@@@ mem[ 1224] = 00008067c0e62423 : 141183106294819
@@@ mem[ 1232] = c047a503000017b7 : 13855224210932111287
@@@ mem[ 1240] = 0000806700153513 : 141179871376659
@@@ mem[ 1248] = 00812423ff010113 : 36350009016385811
@@@ mem[ 1256] = 0005041300112623 : 1411854535566883
@@@ mem[ 1264] = c8c080e700000097 : 14465703732739834007
@@@ mem[ 1272] = 000016b700850023 : 24975243542563
@@@ mem[ 1280] = 000057b7c006a703 : 96446712293123
@@@ mem[ 1288] = 0081240300c12083 : 36349867311833219
@@@ mem[ 1296] = c907879300271613 : 14485695791892993555
@@@ mem[ 1304] = 00170713000500a3 : 6481702650445987
@@@ mem[ 1312] = c0e6a02300c787b3 : 13899973372122990515
@@@ mem[ 1320] = 0101011300a7a023 : 72340250141630499
@@@ mem[ 1328] = 0025179300008067 : 10440494265958503
@@@ mem[ 1336] = 0025971300a787b3 : 10580682009446323
@@@ mem[ 1344] = 00b705b300b787b3 : 51516187107362739
@@@ mem[ 1352] = c2c7071300005737 : 14035194541909235511
@@@ mem[ 1360] = 00a5853300279793 : 46589825249679251
@@@ mem[ 1368] = 00f707b300100693 : 69532784629122707
@@@ mem[ 1376] = 00d7a02300251513 : 60693192179520787
@@@ mem[ 1384] = 00d5202300a70533 : 59989504746259763
@@@ mem[ 1392] = 000017b700008067 : 26074746486887
@@@ mem[ 1400] = 00050713c007a803 : 1415156291053571
@@@ mem[ 1408] = 0025159313005463 : 10438295561458787
@@@ mem[ 1416] = 000057b700a586b3 : 96443501479603
@@@ mem[ 1424] = 00269693c2c78793 : 10861610487220115
@@@ mem[ 1432] = 0006a60300d786b3 : 1871381689501363
@@@ mem[ 1440] = 0cd6006300100693 : 924927198674028179
@@@ mem[ 1448] = 0ec80e6300100613 : 1065117130238723603
@@@ mem[ 1456] = 0026969300e586b3 : 10861607234406067
@@@ mem[ 1464] = 0046a50300d786b3 : 19884680687355571
@@@ mem[ 1472] = 002006930ac50e63 : 9014427865386595
@@@ mem[ 1480] = 00e586b30ed80063 : 64605873273045091
@@@ mem[ 1488] = 00d786b300269693 : 60665223352587923
@@@ mem[ 1496] = 001006930086a603 : 4510828066153987
@@@ mem[ 1504] = 003006930ad60863 : 13518027493869667
@@@ mem[ 1512] = 00e586b30cd80063 : 64605873239490659
@@@ mem[ 1520] = 00d786b300269693 : 60665223352587923
@@@ mem[ 1528] = 0010069300c6a603 : 4510828070348291
@@@ mem[ 1536] = 0040069302d60663 : 18021626987021923
@@@ mem[ 1544] = 00e587330ad80063 : 64606422961750115
@@@ mem[ 1552] = 00e787b300271713 : 65169922491619091
@@@ mem[ 1560] = 001007930107a703 : 4511927586236163
@@@ mem[ 1568] = 02f70063fff00513 : 213639936819070227
@@@ mem[ 1576] = 000056b700008067 : 95343979036775
@@@ mem[ 1584] = 0016c683c9c6a683 : 6410718815889027
@@@ mem[ 1592] = 00300513fc0696e3 : 13516382272919267
@@@ mem[ 1600] = 000057b700008067 : 96443490664551
@@@ mem[ 1608] = 0017c503ca07a783 : 6690544529418115
@@@ mem[ 1616] = 40a0053300a03533 : 4656727731313063219
@@@ mem[ 1624] = 00450513ffb57513 : 19427356845634835
@@@ mem[ 1632] = 000056b700008067 : 95343979036775
@@@ mem[ 1640] = 0016c683c906a683 : 6410718803306115
@@@ mem[ 1648] = 00000513f2069ce3 : 5583223037155
@@@ mem[ 1656] = 000056b700008067 : 95343979036775
@@@ mem[ 1664] = 0016c683c946a683 : 6410718807500419
@@@ mem[ 1672] = 00008067f2069ee3 : 141183930506979
@@@ mem[ 1680] = c986a683000056b7 : 14521477130073691831
@@@ mem[ 1688] = f40694e30016c683 : 17583905497794659971
@@@ mem[ 1696] = 0000806700200513 : 141179872085267
@@@ mem[ 1704] = 00008067fff00513 : 141184163906835
@@@ mem[ 1712] = 01a12223fd010113 : 117412603252244755
@@@ mem[ 1720] = be0d230300001d37 : 13694640537695427895
@@@ mem[ 1728] = 00005bb701712823 : 100841561335843
@@@ mem[ 1736] = c90b8b9301b12023 : 14486826089872171043
@@@ mem[ 1744] = c04da50300001db7 : 13856913060792376759
@@@ mem[ 1752] = 000ba40302812623 : 3276557577692707
@@@ mem[ 1760] = 0013031301612a23 : 5351404719909411
@@@ mem[ 1768] = 0291242300005b37 : 184968792441379639
@@@ mem[ 1776] = 0331202303212223 : 230000390721053219
@@@ mem[ 1784] = 01512c2301412e23 : 94905596008017443
@@@ mem[ 1792] = 0191242301812623 : 112911198428669475
@@@ mem[ 1800] = 00231793c18b0b13 : 9877547559619347
@@@ mem[ 1808] = 00e400a300100713 : 64176994770749203
@@@ mem[ 1816] = 0015051300fb07b3 : 5916553689892787
@@@ mem[ 1824] = be6d20230007a023 : 13721658974364213283
@@@ mem[ 1832] = c0ada223000017b7 : 13883931497460668343
@@@ mem[ 1840] = 0c050c63c007a683 : 866112125901710979
@@@ mem[ 1848] = c087a383000017b7 : 13873236960174151607
@@@ mem[ 1856] = 008ba983004ba903 : 39311401873549571
@@@ mem[ 1864] = 010baa8300cbaa03 : 75341298412530179
@@@ mem[ 1872] = 00005c3700239493 : 101391295288467
@@@ mem[ 1880] = 009b04b300138393 : 43633788237087635
@@@ mem[ 1888] = c2cc0c1300000e13 : 14036607414350908947
@@@ mem[ 1896] = 00200e9300100793 : 9023223778772883
@@@ mem[ 1904] = 00400f9300300f13 : 18031522547240723
@@@ mem[ 1912] = 001305930004a603 : 5354153476138499
@@@ mem[ 1920] = 0026171300259593 : 10721419489285523
@@@ mem[ 1928] = fff5081300c70733 : 18443656726676178739
@@@ mem[ 1936] = 0003061300271713 : 851103606839059
@@@ mem[ 1944] = 00bb05b300038c93 : 52642087002410131
@@@ mem[ 1952] = 00ec073340680833 : 66436011209001011
@@@ mem[ 1960] = 0006031300c80533 : 1692230012634419
@@@ mem[ 1968] = 0007288302d05e63 : 2014867990011491
@@@ mem[ 1976] = 02f688630cf88a63 : 213507991347432035
@@@ mem[ 1984] = 0ef8886300472883 : 1078762069543037059
@@@ mem[ 1992] = 0087288303d68263 : 38043665026155107
@@@ mem[ 2000] = 01e68c630ef88a63 : 136951195762199139
@@@ mem[ 2008] = 0ef88e6300c72883 : 1078768666621192323
@@@ mem[ 2016] = 0107288301f68663 : 74072462013662819
@@@ mem[ 2024] = 0013839310f88263 : 5492692225655395
@@@ mem[ 2032] = f80512e300448493 : 17871711462461047955
@@@ mem[ 2040] = c00da223000017b7 : 13838895501186963383
@@@ mem[ 2048] = 000e0463c197a423 : 3945476170163235
@@@ mem[ 2056] = 04d05463becd2023 : 346869958687137827
@@@ mem[ 2064] = 00100793000400a3 : 4511927569219747
@@@ mem[ 2072] = 004ba70302f68e63 : 21294254629752419
@@@ mem[ 2080] = 000700a300200793 : 1971024918742931
@@@ mem[ 2088] = 008ba70302f68663 : 39308653139232355
@@@ mem[ 2096] = 000700a300300793 : 1971024919791507
@@@ mem[ 2104] = 00cba70300f68e63 : 57323051615161955
@@@ mem[ 2112] = 000700a300400793 : 1971024920840083
@@@ mem[ 2120] = 010ba78300f68663 : 75337999880455779
@@@ mem[ 2128] = 02c12403000780a3 : 198479453885005987
@@@ mem[ 2136] = 0241290302812483 : 162456154465707139
@@@ mem[ 2144] = 01c12a0302012983 : 126428456949983619
@@@ mem[ 2152] = 01412b0301812a83 : 90400759434259075
@@@ mem[ 2160] = 00c12c0301012b83 : 54373061918534531
@@@ mem[ 2168] = 00412d0300812c83 : 18345364402809987
@@@ mem[ 2176] = 0301011300012d83 : 216455438206578051
@@@ mem[ 2184] = 0014488300008067 : 5709227012161639
@@@ mem[ 2192] = 00040513f20896e3 : 1131483130009315
@@@ mem[ 2200] = 00f500a300000893 : 68962069373782163
@@@ mem[ 2208] = 001606130115a023 : 6199128179974179
@@@ mem[ 2216] = 00100e1300458593 : 4519074399094163
@@@ mem[ 2224] = 00194283ef9ff06f : 7110008846151791
@@@ mem[ 2232] = 00090513f00298e3 : 2538857979615459
@@@ mem[ 2240] = 0019c883fddff06f : 7257343643349103
@@@ mem[ 2248] = 00098513f00896e3 : 2679595468363491
@@@ mem[ 2256] = fc9ff06f00200893 : 18203532578388969619
@@@ mem[ 2264] = f00892e3001a4883 : 17296235872573343875
@@@ mem[ 2272] = 00300893000a0513 : 13520226335982867
@@@ mem[ 2280] = 001ac883fb5ff06f : 7538818578116719
@@@ mem[ 2288] = 000a8513ee089ee3 : 2961070411521763
@@@ mem[ 2296] = fa1ff06f00400893 : 18023388593296246931
@@@ mem[ 2304] = 00812423ff010113 : 36350009016385811
@@@ mem[ 2312] = c2c4041300005437 : 14034346818444219447
@@@ mem[ 2320] = 0091222300112623 : 40851405343368739
@@@ mem[ 2328] = 0004202301212023 : 1161234621734947
@@@ mem[ 2336] = 0004242300042223 : 1165632649568803
@@@ mem[ 2344] = 0004282300042623 : 1170030696080931
@@@ mem[ 2352] = 00042c2300042a23 : 1174428742593059
@@@ mem[ 2360] = 0204202300042e23 : 145276422678916643
@@@ mem[ 2368] = 0204242302042223 : 145280820758979107
@@@ mem[ 2376] = 0204282302042623 : 145285218805491235
@@@ mem[ 2384] = 02042c2302042a23 : 145289616852003363
@@@ mem[ 2392] = 0404202302042e23 : 289391610788326947
@@@ mem[ 2400] = 0404242304042223 : 289396008868389411
@@@ mem[ 2408] = 0404282304042623 : 289400406914901539
@@@ mem[ 2416] = 04042c2304042a23 : 289404804961413667
@@@ mem[ 2424] = 0604202304042e23 : 433506798897737251
@@@ mem[ 2432] = 7fc080e7fffff097 : 9205499372266057879
@@@ mem[ 2440] = 000014b705300793 : 22776298604435
@@@ mem[ 2448] = c004a78300f50023 : 13836368136287617059
@@@ mem[ 2456] = c909091300005937 : 14486119653622962487
@@@ mem[ 2464] = 00e9073300279713 : 65591585200903955
@@@ mem[ 2472] = 00178793000500a3 : 6622989894615203
@@@ mem[ 2480] = 00a72023c0f4a023 : 47041659043880995
@@@ mem[ 2488] = 7c4080e7fffff097 : 8953297793133310103
@@@ mem[ 2496] = 00f5002304100793 : 68961519686125459
@@@ mem[ 2504] = 000500a3c004a783 : 1408078184753027
@@@ mem[ 2512] = 00e9073300279713 : 65591585200903955
@@@ mem[ 2520] = c0f4a02300178793 : 13903914021785405331
@@@ mem[ 2528] = fffff09700a72023 : 18446727130074521635
@@@ mem[ 2536] = 04200793798080e7 : 297245905386504423
@@@ mem[ 2544] = c004a78300f50023 : 13836368136287617059
@@@ mem[ 2552] = 00279713000500a3 : 11143631952216227
@@@ mem[ 2560] = 0017879300e90733 : 6622989909559091
@@@ mem[ 2568] = 00a72023c0f4a023 : 47041659043880995
@@@ mem[ 2576] = 76c080e7fffff097 : 8556981025924706455
@@@ mem[ 2584] = 00f5002304300793 : 68961519688222611
@@@ mem[ 2592] = 000500a3c004a783 : 1408078184753027
@@@ mem[ 2600] = 00e9073300279713 : 65591585200903955
@@@ mem[ 2608] = c0f4a02300178793 : 13903914021785405331
@@@ mem[ 2616] = fffff09700a72023 : 18446727130074521635
@@@ mem[ 2624] = 04400793740080e7 : 306253104548970727
@@@ mem[ 2632] = c004a70300f50023 : 13836367586531803171
@@@ mem[ 2640] = 000500a300100793 : 1408074964273043
@@@ mem[ 2648] = 00d9093300271693 : 61090184596756115
@@@ mem[ 2656] = 00a9202300170713 : 47604605761554195
@@@ mem[ 2664] = 00f42223c0e4a023 : 68717431272808483
@@@ mem[ 2672] = 00f4242300f42a23 : 68719627075856931
@@@ mem[ 2680] = 00f4262302f42423 : 68721826132665379
@@@ mem[ 2688] = 02f4222302f42e23 : 212832616162012707
@@@ mem[ 2696] = 02f42c2304f42a23 : 212843611311843875
@@@ mem[ 2704] = 04f4262304f42c23 : 356952202317933603
@@@ mem[ 2712] = 0000009704f42e23 : 648623173155
@@@ mem[ 2720] = 00c12083c14080e7 : 54360420760191207
@@@ mem[ 2728] = 0041248300812403 : 18336018553971715
@@@ mem[ 2736] = 0000051300012903 : 5579162593539
@@@ mem[ 2744] = 0000806701010113 : 141179886829843
@@@ mem[ 2752] = 0005071300f00313 : 1415153085055763
@@@ mem[ 2760] = 00f7779302c37e63 : 69655792537796195
@@@ mem[ 2768] = 080592630a079063 : 578029081254662243
@@@ mem[ 2776] = 00f67613ff067693 : 69372672525891219
@@@ mem[ 2784] = 00b7202300e686b3 : 51545255449102003
@@@ mem[ 2792] = 00b7242300b72223 : 51549653492507171
@@@ mem[ 2800] = 0107071300b72623 : 74035697072678435
@@@ mem[ 2808] = 00061463fed766e3 : 1711269570111203
@@@ mem[ 2816] = 40c306b300008067 : 4666581004754911335
@@@ mem[ 2824] = 0000029700269693 : 2847565846163
@@@ mem[ 2832] = 00c68067005686b3 : 55873225264367283
@@@ mem[ 2840] = 00b706a300b70723 : 51517217899480867
@@@ mem[ 2848] = 00b705a300b70623 : 51516118387852835
@@@ mem[ 2856] = 00b704a300b70523 : 51515018876224803
@@@ mem[ 2864] = 00b703a300b70423 : 51513919364596771
@@@ mem[ 2872] = 00b702a300b70323 : 51512819852968739
@@@ mem[ 2880] = 00b701a300b70223 : 51511720341340707
@@@ mem[ 2888] = 00b700a300b70123 : 51510620829712675
@@@ mem[ 2896] = 0000806700b70023 : 141179881979939
@@@ mem[ 2904] = 008596930ff5f593 : 37601730274653587
@@@ mem[ 2912] = 0105969300d5e5b3 : 73630527039858099
@@@ mem[ 2920] = f6dff06f00d5e5b3 : 17789201412682802611
@@@ mem[ 2928] = 0000029700279693 : 2847565911699
@@@ mem[ 2936] = 00008293005686b3 : 143567877473971
@@@ mem[ 2944] = 00028093fa0680e7 : 704322996699367
@@@ mem[ 2952] = 40f70733ff078793 : 4681218257578330003
@@@ mem[ 2960] = f6c378e300f60633 : 17781188670157882931
@@@ mem[ 2968] = 00000000f3dff06f : 4091539567
@@@
@@@ mem[ 3040] = 00003fc400000004 : 70111046139908
@@@ mem[ 3048] = 0000000000000c54 : 3156
@@@
@@@ mem[ 3072] = 0000000000000005 : 5
@@@ mem[ 3080] = 00000c1000000005 : 13262859010053
@@@ mem[ 3088] = 0000000000000c10 : 3088
@@@ mem[ 3096] = 0000000400000c10 : 17179872272
@@@ mem[ 3104] = 00000c1000000053 : 13262859010131
@@@ mem[ 3112] = 0000004100000004 : 279172874244
@@@ mem[ 3120] = 0000000400000c10 : 17179872272
@@@ mem[ 3128] = 00000c1000000042 : 13262859010114
@@@ mem[ 3136] = 0000004300000004 : 287762808836
@@@ mem[ 3144] = 0000000400000c10 : 17179872272
@@@ mem[ 3152] = 0000000000000044 : 68
@@@
@@@ mem[19480] = 0000000100000000 : 4294967296
@@@ mem[19488] = 0000000300000002 : 12884901890
@@@ mem[19496] = 0000000000000004 : 4
@@@ mem[19504] = 0000000100000001 : 4294967297
@@@ mem[19512] = 0000000000000001 : 1
@@@ mem[19520] = 0000000000000001 : 1
@@@
@@@ mem[19536] = 0000000100000001 : 4294967297
@@@
@@@ mem[19552] = 0000000100000000 : 4294967296
@@@ mem[19560] = 0000000000000001 : 1
@@@
@@@ mem[19576] = 0000000000000001 : 1
@@@ mem[19584] = 0000000100000001 : 4294967297
@@@ mem[19592] = 0000000000000001 : 1
@@@ mem[19600] = 00000c2c00000c20 : 13383118097440
@@@ mem[19608] = 00000c4400000c38 : 13486197312568
@@@ mem[19616] = 0000000000000c50 : 3152
@@@
@@@ mem[65504] = 00004ca000000000 : 84250078478336
@@@ mem[65512] = 00004c2c00001000 : 83751862276096
@@@
@@@ mem[65528] = 000000a000000000 : 687194767360
@@@
@@@ System halted on WFI instruction
@@@
