
Final memory state and exit status:

@@@ Unified Memory contents hex on left, decimal on right: 
@@@
@@@ mem[    0] = 0000009700000013 : 648540061715
@@@ mem[    8] = 0001011709c08093 : 282673436197011
@@@ mem[   16] = 00010413ff410113 : 285958910050579
@@@ mem[   24] = ba81819300002197 : 13439165231410454935
@@@ mem[   32] = 0000029300000213 : 2830383448595
@@@ mem[   40] = 0000039300000313 : 3929895076627
@@@ mem[   48] = 0000051300000493 : 5579162518675
@@@ mem[   56] = 0000061300000593 : 6678674146707
@@@ mem[   64] = 0000071300000693 : 7778185774739
@@@ mem[   72] = 0000081300000793 : 8877697402771
@@@ mem[   80] = 0000091300000893 : 9977209030803
@@@ mem[   88] = 00000a1300000993 : 11076720658835
@@@ mem[   96] = 00000b1300000a93 : 12176232286867
@@@ mem[  104] = 00000c1300000b93 : 13275743914899
@@@ mem[  112] = 00000d1300000c93 : 14375255542931
@@@ mem[  120] = 00000e1300000d93 : 15474767170963
@@@ mem[  128] = 00000f1300000e93 : 16574278798995
@@@ mem[  136] = 1ac0106f00000f93 : 1927558709441990547
@@@
@@@ mem[  160] = f601011300010117 : 17726450789423055127
@@@ mem[  168] = 00000013fea12c23 : 85876354083
@@@ mem[  176] = 000017b710500073 : 26075020132467
@@@ mem[  184] = 0af5666340c78793 : 789649886148003731
@@@ mem[  192] = 40c78793000057b7 : 4667848604222773175
@@@ mem[  200] = 000018370aa7e063 : 26624681042019
@@@ mem[  208] = ff85069340082783 : 18412129881078376323
@@@ mem[  216] = 00d7fc630007a703 : 60794622125254403
@@@ mem[  224] = 00e7fc6300e6ee63 : 65298221767257699
@@@ mem[  232] = 0007a70300070793 : 2153956164175763
@@@ mem[  240] = fee7eae3fed7e8e3 : 18367907870207895779
@@@ mem[  248] = ffc52583fee6f8e3 : 18430178298931116259
@@@ mem[  256] = 00c6863300359613 : 55879598993675795
@@@ mem[  264] = 0047a88302c70263 : 20170003987235427
@@@ mem[  272] = 00389613fee52c23 : 15927611320773667
@@@ mem[  280] = 02c68a6300c78633 : 199999391284037171
@@@ mem[  288] = 40f8202300d7a023 : 4681527147361706019
@@@ mem[  296] = 0047260300008067 : 20026517673246823
@@@ mem[  304] = 00c585b300072703 : 55597574258108163
@@@ mem[  312] = 0047a883feb52e23 : 20170008213925411
@@@ mem[  320] = 00389613fee52c23 : 15927611320773667
@@@ mem[  328] = fcc69ae300c78633 : 18214416042707879475
@@@ mem[  336] = 0007069300b885b3 : 1977553279026611
@@@ mem[  344] = 00d7a02300b7a223 : 60693192189125155
@@@ mem[  352] = 0000806740f82023 : 141180959989795
@@@ mem[  360] = 00100513ff010113 : 4509183068143891
@@@ mem[  368] = 0000009700112623 : 648541185571
@@@ mem[  376] = 000047b7f2c080e7 : 78855377289447
@@@ mem[  384] = fe01011314a7ea63 : 18302911542072961635
@@@ mem[  392] = 00112e2300812c23 : 4835802471279651
@@@ mem[  400] = 0121282300912a23 : 81390399067859491
@@@ mem[  408] = 0141242301312623 : 90393200286574115
@@@ mem[  416] = 0005041300357793 : 1411854537947027
@@@ mem[  424] = 000019b70e079463 : 28274005087331
@@@ mem[  432] = 008404934009a603 : 37159727406884355
@@@ mem[  440] = 000627830e060863 : 1732293689739363
@@@ mem[  448] = 1086fc630047a683 : 1190916653622732419
@@@ mem[  456] = 00001a3700001937 : 28823525529911
@@@ mem[  464] = 000727830100006f : 2013768447950959
@@@ mem[  472] = 0486f8630047a683 : 326221127121086083
@@@ mem[  480] = fec798e300078713 : 18358810506724607763
@@@ mem[  488] = 409787333e092783 : 4654337394064566147
@@@ mem[  496] = 3e4a25030697ee63 : 4488440673553870435
@@@ mem[  504] = 009507b33ee92023 : 41948237965893667
@@@ mem[  512] = 0085051300852223 : 37441751073759779
@@@ mem[  520] = 000000973efa2223 : 649596641827
@@@ mem[  528] = 4009a703ea8080e7 : 4614402928478814439
@@@ mem[  536] = 0007278304070a63 : 2013768498743907
@@@ mem[  544] = 0047a68300070613 : 20167804917843475
@@@ mem[  552] = 08d40e63fa86ece3 : 636149269933780195
@@@ mem[  560] = 00369613409686b3 : 15364658174527155
@@@ mem[  568] = 00c787b300d7a223 : 56162723248448035
@@@ mem[  576] = 01c120830087a223 : 126418011564778019
@@@ mem[  584] = 40e9a02301812403 : 4677445760210510851
@@@ mem[  592] = 0101290301412483 : 72384161897325699
@@@ mem[  600] = 00812a0300c12983 : 36356464381602179
@@@ mem[  608] = 0201011300878513 : 144397844177454355
@@@ mem[  616] = 01c1208300008067 : 126418011555922023
@@@ mem[  624] = 0141248301812403 : 90393612608676867
@@@ mem[  632] = 00c1298301012903 : 54370313139464451
@@@ mem[  640] = 0000051300812a03 : 5579170982403
@@@ mem[  648] = 0000806702010113 : 141179903607059
@@@ mem[  656] = 4009a603000019b7 : 4614401825032903095
@@@ mem[  664] = 00440413ffc57413 : 19144782358344723
@@@ mem[  672] = f0061ce300840493 : 17295543180254774419
@@@ mem[  680] = 4046079300001637 : 4631397594738726455
@@@ mem[  688] = 00f7a02340f9a023 : 69700392521932835
@@@ mem[  696] = 000006930007a223 : 7228430459427
@@@ mem[  704] = f01ff06f40460613 : 17302812653991101971
@@@ mem[  712] = 00d720230007a683 : 60552454689236611
@@@ mem[  720] = 00000513f75ff06f : 5583312777327
@@@ mem[  728] = 0006071300008067 : 1696628046069863
@@@ mem[  736] = fe5ff06ff4d418e3 : 18329633372060784867
@@@ mem[  744] = 00112623ff010113 : 4827010648047891
@@@ mem[  752] = 0091222300812423 : 40851405350708259
@@@ mem[  760] = 0000009700050493 : 648540390547
@@@ mem[  768] = 00048613e80080e7 : 1273319961690343
@@@ mem[  776] = 0005041300000593 : 1411854534444435
@@@ mem[  784] = f78080e700001097 : 17834396254012969111
@@@ mem[  792] = 0004051300c12083 : 1131479082016899
@@@ mem[  800] = 0041248300812403 : 18336018553971715
@@@ mem[  808] = 0000806701010113 : 141179886829843
@@@ mem[  816] = 0115079300055e63 : 77976896490790499
@@@ mem[  824] = 0107971301079513 : 74194026752349459
@@@ mem[  832] = fe0748e341055513 : 18304679351356314899
@@@ mem[  840] = 0100079300008067 : 72065921979547751
@@@ mem[  848] = 0100071302a7d063 : 72065372268253283
@@@ mem[  856] = 01051793fef50513 : 73490893326583059
@@@ mem[  864] = 010515130107d793 : 73488140287334291
@@@ mem[  872] = fef766e341055513 : 18372266331115705619
@@@ mem[  880] = 0010079300008067 : 4511927568990311
@@@ mem[  888] = fc01011324f60c63 : 18158796354270661731
@@@ mem[  896] = 02112e2303412423 : 148950990593270819
@@@ mem[  904] = 02912a2302812c23 : 184975389553142819
@@@ mem[  912] = 0331262303212823 : 230006987790821411
@@@ mem[  920] = 0000079300050a13 : 8327941917203
@@@ mem[  928] = 0017971302b05c63 : 6640032369630307
@@@ mem[  936] = 0007588300ea0733 : 2067644516271923
@@@ mem[  944] = 0201051300275683 : 144402242217662083
@@@ mem[  952] = 00278793ffe7f713 : 11126593815050003
@@@ mem[  960] = 0107979300e50733 : 74194576505898803
@@@ mem[  968] = fed71823ff171023 : 18363172548509110307
@@@ mem[  976] = fcb7c8e34107d793 : 18210244496670054291
@@@ mem[  984] = 0104d49301061493 : 73417221787227283
@@@ mem[  992] = 4015d99302948433 : 4617836218365019187
@@@ mem[ 1000] = 4104541301041413 : 4684961952970314771
@@@ mem[ 1008] = 1e04506300040613 : 2162942107176928787
@@@ mem[ 1016] = 0107961301160793 : 74192927241668499
@@@ mem[ 1024] = 4106561301079713 : 4685527101947221779
@@@ mem[ 1032] = 00010913fe0748e3 : 291456447629539
@@@ mem[ 1040] = 0009051300098593 : 2538853953537427
@@@ mem[ 1048] = f5c080e700000097 : 17708295464446591127
@@@ mem[ 1056] = 0107941301140793 : 74190728218281875
@@@ mem[ 1064] = 4104541301079713 : 4684961952970544915
@@@ mem[ 1072] = 00040613fe0748e3 : 1132582842878179
@@@ mem[ 1080] = 0101051300098593 : 72344648177780115
@@@ mem[ 1088] = f34080e700000097 : 17528151479351771287
@@@ mem[ 1096] = fff98e930f305263 : 18444930511138738787
@@@ mem[ 1104] = 010ede93010e9e93 : 76242966671171219
@@@ mem[ 1112] = 001e9e93002a0793 : 8618603501455251
@@@ mem[ 1120] = 000a081300fe8eb3 : 2823627481190067
@@@ mem[ 1128] = 01010e1300090513 : 72354543782397203
@@@ mem[ 1136] = 0010079300199313 : 4511927570633491
@@@ mem[ 1144] = 000e558301000693 : 4034670819804819
@@@ mem[ 1152] = 0107d79301079793 : 74264945252341651
@@@ mem[ 1160] = 0005588302b785b3 : 1504694593095091
@@@ mem[ 1168] = 0105d59301059593 : 73699796275533203
@@@ mem[ 1176] = 0106171300b88633 : 73771814282102323
@@@ mem[ 1184] = 4107571301061f13 : 4685809676435463955
@@@ mem[ 1192] = 011706130c0f5a63 : 78538197378751075
@@@ mem[ 1200] = 01061f1301061713 : 73780610380207891
@@@ mem[ 1208] = fe0f48e341075713 : 18306931151170131731
@@@ mem[ 1216] = 00e8102340b885b3 : 65319938192606643
@@@ mem[ 1224] = 0105971301059613 : 73631076798797331
@@@ mem[ 1232] = 0c065e6341075713 : 866483758701172499
@@@ mem[ 1240] = 0106171301170613 : 73771814288295443
@@@ mem[ 1248] = 4107571301061593 : 4685809676435461523
@@@ mem[ 1256] = 02f48633fe05c8e3 : 212942640256501987
@@@ mem[ 1264] = 00e79023006807b3 : 65179199625234355
@@@ mem[ 1272] = 0106171301061793 : 73771814287185811
@@@ mem[ 1280] = 040754634107d793 : 290293486258214803
@@@ mem[ 1288] = 0107179301178713 : 74053839020853011
@@@ mem[ 1296] = 4107d79301071613 : 4685950963679696403
@@@ mem[ 1304] = 00280813fe0648e3 : 11267881027651811
@@@ mem[ 1312] = 002e0e1300250513 : 12963323698283795
@@@ mem[ 1320] = 03c12083f50e9ae3 : 270533203743120099
@@@ mem[ 1328] = 0341248303812403 : 234508800718087171
@@@ mem[ 1336] = 02c1298303012903 : 198485501248874755
@@@ mem[ 1344] = 0401011302812a03 : 288513032286448131
@@@ mem[ 1352] = fcf6d8e300008067 : 18227995011297869927
@@@ mem[ 1360] = 01079713fef78793 : 74194031012710291
@@@ mem[ 1368] = 0107979301075713 : 74194576508147475
@@@ mem[ 1376] = fee6e6e34107d793 : 18367621994000144275
@@@ mem[ 1384] = 0025051300280813 : 10420153303435283
@@@ mem[ 1392] = f10e94e3002e0e13 : 17369984515496087059
@@@ mem[ 1400] = f4e6d2e3fb5ff06f : 17647024066514645103
@@@ mem[ 1408] = 01071613fef70713 : 74052194012694291
@@@ mem[ 1416] = 0107171301065613 : 74053289263912467
@@@ mem[ 1424] = fec6e6e341075713 : 18358614794745370387
@@@ mem[ 1432] = 00e8102340b885b3 : 65319938192606643
@@@ mem[ 1440] = 0105971301059613 : 73631076798797331
@@@ mem[ 1448] = f20646e341075713 : 17439704548901345043
@@@ mem[ 1456] = fef70713f2e6dee3 : 18372160987142217443
@@@ mem[ 1464] = 0106561301071613 : 73841083519800851
@@@ mem[ 1472] = 4107571301071713 : 4685809676435527443
@@@ mem[ 1480] = f21ff06ffec6e6e3 : 17446927845263075043
@@@ mem[ 1488] = 0100079300008067 : 72065921979547751
@@@ mem[ 1496] = 0487d86301000713 : 326467417737791251
@@@ mem[ 1504] = 01061793fef60613 : 73772368303359507
@@@ mem[ 1512] = 010616130107d793 : 73770714775672723
@@@ mem[ 1520] = fef766e341065613 : 18372266331115771411
@@@ mem[ 1528] = 0009859300010913 : 2680141197150483
@@@ mem[ 1536] = 0000009700090513 : 648540652819
@@@ mem[ 1544] = 01000713d70080e7 : 72065375830835431
@@@ mem[ 1552] = 01041793fef40413 : 73209418349806611
@@@ mem[ 1560] = 010414130107d793 : 73205565798995859
@@@ mem[ 1568] = fef766e341045413 : 18372266331115639827
@@@ mem[ 1576] = 00010913e0dff06f : 291455958511727
@@@ mem[ 1584] = 0009859300040613 : 2680141197346323
@@@ mem[ 1592] = 0000009700090513 : 648540652819
@@@ mem[ 1600] = df1ff06fd38080e7 : 16077833557816410343
@@@ mem[ 1608] = 6ee5826300100713 : 7990936475553236755
@@@ mem[ 1616] = 06912a23f8010113 : 473205769823650067
@@@ mem[ 1624] = 0104d49301059493 : 73417221787194515
@@@ mem[ 1632] = 06812c23029487b3 : 468704365102008243
@@@ mem[ 1640] = 0731262307212823 : 518237364009642019
@@@ mem[ 1648] = 0751222307412423 : 527240165219968035
@@@ mem[ 1656] = 05812c2307612023 : 396646771144597539
@@@ mem[ 1664] = 06112e2305b12623 : 437181366785877539
@@@ mem[ 1672] = 05912a2305712e23 : 401148171716210211
@@@ mem[ 1680] = 0801041305a12823 : 576746707025471523
@@@ mem[ 1688] = 0005180300050b13 : 1433776047852307
@@@ mem[ 1696] = 006b1a0300251a83 : 30146422697695875
@@@ mem[ 1704] = 008b158300451503 : 39148674152207619
@@@ mem[ 1712] = 00cb168300ab1983 : 57164172180003203
@@@ mem[ 1720] = 0107961300eb1903 : 74192927238854915
@@@ mem[ 1728] = 4106561301079c13 : 4685527101947223059
@@@ mem[ 1736] = f9541023f9041823 : 17966002560175446051
@@@ mem[ 1744] = f9441123f8a41923 : 17961500060053412131
@@@ mem[ 1752] = f9341223f8b41a23 : 17956997559938718243
@@@ mem[ 1760] = f9241323f8d41b23 : 17952495059825072931
@@@ mem[ 1768] = 010c5c1301079893 : 75536530449864851
@@@ mem[ 1776] = 4a08dc6300060d93 : 5334756076380622227
@@@ mem[ 1784] = 0117079300060713 : 78539846444254995
@@@ mem[ 1792] = 0107971301079d13 : 74194026752351507
@@@ mem[ 1800] = 010d5d1301079613 : 75819104938202643
@@@ mem[ 1808] = fe0644e341075713 : 18304393478333224723
@@@ mem[ 1816] = 00010c9300100793 : 295300477486995
@@@ mem[ 1824] = 03ad063316f70263 : 264874769583112803
@@@ mem[ 1832] = faa41823fb041023 : 18060586948476801059
@@@ mem[ 1840] = fad41923fab41123 : 18074098846865297699
@@@ mem[ 1848] = 0106171301000793 : 73771814286788499
@@@ mem[ 1856] = 410bdb9301061b93 : 4687081261632986003
@@@ mem[ 1864] = 000b861301075713 : 3243640923576083
@@@ mem[ 1872] = 010007135ee7fe63 : 72065373815963235
@@@ mem[ 1880] = 01061793fef60613 : 73772368303359507
@@@ mem[ 1888] = 010616130107d793 : 73770714775672723
@@@ mem[ 1896] = fef766e341065613 : 18372266331115771411
@@@ mem[ 1904] = fa04051300200593 : 18015529988553442707
@@@ mem[ 1912] = bfc080e700000097 : 13817185386398482583
@@@ mem[ 1920] = fefb861301000713 : 18373426520967350035
@@@ mem[ 1928] = 01061b9301061793 : 73776762089510803
@@@ mem[ 1936] = 410bdb930107d793 : 4687081261633099667
@@@ mem[ 1944] = 000b8613fef766e3 : 3243645183944419
@@@ mem[ 1952] = fb04051300200593 : 18087587582591370643
@@@ mem[ 1960] = bcc080e700000097 : 13601012604284698775
@@@ mem[ 1968] = fb045583fa045603 : 18087676028750419459
@@@ mem[ 1976] = 0107179300b60733 : 74053839014463283
@@@ mem[ 1984] = 4107d79301071693 : 4685950963679696531
@@@ mem[ 1992] = 011787134a06d063 : 78680035418361955
@@@ mem[ 2000] = 0107169301071793 : 74052739508148115
@@@ mem[ 2008] = fe06c8e34107d793 : 18304538613868124051
@@@ mem[ 2016] = f8f4182340b60733 : 17938989755412121395
@@@ mem[ 2024] = 0107179301071693 : 74053839019775635
@@@ mem[ 2032] = 4406d6634107d793 : 4901840966220502931
@@@ mem[ 2040] = 0107179301178713 : 74053839020853011
@@@ mem[ 2048] = 4107d79301071693 : 4685950963679696531
@@@ mem[ 2056] = fb245603fe06c8e3 : 18096683777828243683
@@@ mem[ 2064] = f8f41a23fa245583 : 17938991957546390915
@@@ mem[ 2072] = 0106161302cd0633 : 73770714805372467
@@@ mem[ 2080] = 00c5873301065613 : 55599223542273555
@@@ mem[ 2088] = 0107169301071793 : 74052739508148115
@@@ mem[ 2096] = 3e06d2634107d793 : 4469491003946424211
@@@ mem[ 2104] = 0107179301178713 : 74053839020853011
@@@ mem[ 2112] = 4107d79301071693 : 4685950963679696531
@@@ mem[ 2120] = 40c58633fe06c8e3 : 4667284146702698723
@@@ mem[ 2128] = 01061713f8f41923 : 73771818446756131
@@@ mem[ 2136] = 4107d79301061793 : 4685950963679631251
@@@ mem[ 2144] = 0117871338075263 : 78680035116405347
@@@ mem[ 2152] = 0107169301071793 : 74052739508148115
@@@ mem[ 2160] = fe06c8e34107d793 : 18304538613868124051
@@@ mem[ 2168] = 000c8113f8f41b23 : 3519622501636899
@@@ mem[ 2176] = 011d8793280dd863 : 80369434464475235
@@@ mem[ 2184] = 4107571301079713 : 4685809676435560211
@@@ mem[ 2192] = 00070d9301079c13 : 1985249865604115
@@@ mem[ 2200] = 010c5c1301079713 : 75536530449864467
@@@ mem[ 2208] = 00100793fe0742e3 : 4511931830846179
@@@ mem[ 2216] = 16fd826300010b93 : 1656623599655652243
@@@ mem[ 2224] = fb241923038c0633 : 18096616840855553587
@@@ mem[ 2232] = fb441823fb541023 : 18105622944755748899
@@@ mem[ 2240] = 01000793fb341123 : 72065926194008355
@@@ mem[ 2248] = 0106169301061713 : 73771264531371795
@@@ mem[ 2256] = 010757134106d693 : 74123659081864851
@@@ mem[ 2264] = 44e7fc6300068913 : 4965214616331651347
@@@ mem[ 2272] = 0100071300068613 : 72065372224128531
@@@ mem[ 2280] = 01061793fef60613 : 73772368303359507
@@@ mem[ 2288] = 010616130107d793 : 73770714775672723
@@@ mem[ 2296] = fef766e341065613 : 18372266331115771411
@@@ mem[ 2304] = fa04051300200593 : 18015529988553442707
@@@ mem[ 2312] = a6c080e700000097 : 12015745535450284183
@@@ mem[ 2320] = fef9061301000713 : 18372722833525573395
@@@ mem[ 2328] = 0106169301061793 : 73771264531371923
@@@ mem[ 2336] = 0107d7934106d693 : 74264946326034067
@@@ mem[ 2344] = fef764e300068913 : 18372264131002009875
@@@ mem[ 2352] = 0020059300090613 : 9013328173663763
@@@ mem[ 2360] = 00000097fb040513 : 652751406355
@@@ mem[ 2368] = fa045603a38080e7 : 18015618983016825063
@@@ mem[ 2376] = 00b60733fb045583 : 51236365597431171
@@@ mem[ 2384] = 0107169301071793 : 74052739508148115
@@@ mem[ 2392] = 3a06d6634107d793 : 4181265025841223571
@@@ mem[ 2400] = 0107179301178713 : 74053839020853011
@@@ mem[ 2408] = 4107d79301071693 : 4685950963679696531
@@@ mem[ 2416] = 40b60733fe06c8e3 : 4662922384075311331
@@@ mem[ 2424] = 01071693f8f41023 : 74052743667650595
@@@ mem[ 2432] = 4107d79301071793 : 4685950963679696787
@@@ mem[ 2440] = 011787133206d863 : 78680035015710819
@@@ mem[ 2448] = 0107169301071793 : 74052739508148115
@@@ mem[ 2456] = fe06c8e34107d793 : 18304538613868124051
@@@ mem[ 2464] = fa245583fb245603 : 18024625633986106883
@@@ mem[ 2472] = 02cc0633f8f41223 : 201542903614673443
@@@ mem[ 2480] = 0106561301061613 : 73841083519735315
@@@ mem[ 2488] = 0107179300c58733 : 74053839015479091
@@@ mem[ 2496] = 4107d79301071693 : 4685950963679696531
@@@ mem[ 2504] = 011787132c06d463 : 78680034915046499
@@@ mem[ 2512] = 0107169301071793 : 74052739508148115
@@@ mem[ 2520] = fe06c8e34107d793 : 18304538613868124051
@@@ mem[ 2528] = f8f4112340c58633 : 17938982058831742515
@@@ mem[ 2536] = 0106179301061713 : 73772364042999571
@@@ mem[ 2544] = 2e0756634107d793 : 3316714634874443667
@@@ mem[ 2552] = 0107179301178713 : 74053839020853011
@@@ mem[ 2560] = 4107d79301071693 : 4685950963679696531
@@@ mem[ 2568] = f8f41323fe06c8e3 : 17938984261030168803
@@@ mem[ 2576] = f8040893f9040813 : 17871418652943976467
@@@ mem[ 2584] = f9840313000b8113 : 17979498992509878547
@@@ mem[ 2592] = 0100069300100793 : 72064822468937619
@@@ mem[ 2600] = 010797930008d583 : 74194576491468163
@@@ mem[ 2608] = 02b785b30107d793 : 195772112676837267
@@@ mem[ 2616] = 0105959300085503 : 73629427514758403
@@@ mem[ 2624] = 00b506330105d593 : 50953786914887059
@@@ mem[ 2632] = 01061e1301061713 : 73779510868580115
@@@ mem[ 2640] = 120e5c6341075713 : 1301078923719169811
@@@ mem[ 2648] = 0106171301170613 : 73771814288295443
@@@ mem[ 2656] = 4107571301061e13 : 4685809676435463699
@@@ mem[ 2664] = 40b505b3fe0e48e3 : 4662639259831650531
@@@ mem[ 2672] = 0105961300eb1023 : 73629977285431331
@@@ mem[ 2680] = 4107571301059713 : 4685809676435429139
@@@ mem[ 2688] = 011706130e065663 : 78538197411714659
@@@ mem[ 2696] = 0106159301061713 : 73770165019744019
@@@ mem[ 2704] = fe05c8e341075713 : 18304257138891380499
@@@ mem[ 2712] = 00eb142302f48633 : 66168760132994611
@@@ mem[ 2720] = 0106171301061793 : 73771814287185811
@@@ mem[ 2728] = 080758634107d793 : 578528260456437651
@@@ mem[ 2736] = 0107179301178713 : 74053839020853011
@@@ mem[ 2744] = 4107d79301071613 : 4685950963679696403
@@@ mem[ 2752] = 00280813fe0648e3 : 11267881027651811
@@@ mem[ 2760] = 002b0b1300288893 : 12115600233498771
@@@ mem[ 2768] = 07c12083f5031ce3 : 558763579894078691
@@@ mem[ 2776] = 0741248307812403 : 522739176936907779
@@@ mem[ 2784] = 06c1298307012903 : 486715877467695363
@@@ mem[ 2792] = 06412a8306812a03 : 450688179951970819
@@@ mem[ 2800] = 05c12b8306012b03 : 414660482436246275
@@@ mem[ 2808] = 05412c8305812c03 : 378632784920521731
@@@ mem[ 2816] = 04c12d8305012d03 : 342605087404797187
@@@ mem[ 2824] = 0000806708010113 : 141180004270355
@@@ mem[ 2832] = d9b7d8e301000793 : 15688246296454367123
@@@ mem[ 2840] = fefd871301000793 : 18373990570432399251
@@@ mem[ 2848] = 0107171301071c13 : 74053289263963155
@@@ mem[ 2856] = 010c5c1341075713 : 75536531523589907
@@@ mem[ 2864] = ff87e4e300070d93 : 18412937265136733587
@@@ mem[ 2872] = f8f6d4e3d6dff06f : 17939760240704614511
@@@ mem[ 2880] = 01079713fef78793 : 74194031012710291
@@@ mem[ 2888] = 0107979301075713 : 74194576508147475
@@@ mem[ 2896] = fee6e6e34107d793 : 18367621994000144275
@@@ mem[ 2904] = 0028889300280813 : 11409164012619795
@@@ mem[ 2912] = ed0312e3002b0b13 : 17078514978088749843
@@@ mem[ 2920] = f2e6d6e3f6dff06f : 17502913276409802863
@@@ mem[ 2928] = 01071613fef70713 : 74052194012694291
@@@ mem[ 2936] = 0107171301065613 : 74053289263912467
@@@ mem[ 2944] = fec6e6e341075713 : 18358614794745370387
@@@ mem[ 2952] = eee6d0e3f11ff06f : 17214676303091855471
@@@ mem[ 2960] = 01071613fef70713 : 74052194012694291
@@@ mem[ 2968] = 0107171301065613 : 74053289263912467
@@@ mem[ 2976] = fec6e6e341075713 : 18358614794745370387
@@@ mem[ 2984] = 01000793ec5ff06f : 72065925945225327
@@@ mem[ 2992] = 000607931ac7d863 : 1697178251155555
@@@ mem[ 3000] = fef7879301000713 : 18372302270327949075
@@@ mem[ 3008] = 010d5d1301079d13 : 75819104938204435
@@@ mem[ 3016] = 4107d79301079793 : 4685950963679729555
@@@ mem[ 3024] = 00100713ffa766e3 : 4511382102304483
@@@ mem[ 3032] = b4e794e300010c93 : 13035551349125745811
@@@ mem[ 3040] = 01000713f39ff06f : 72065376311046255
@@@ mem[ 3048] = c8f756e301000693 : 14481138659807463059
@@@ mem[ 3056] = 01079713fef78793 : 74194031012710291
@@@ mem[ 3064] = 0107979301075713 : 74194576508147475
@@@ mem[ 3072] = fee6e6e34107d793 : 18367621994000144275
@@@ mem[ 3080] = 000c8113f8f41b23 : 3519622501636899
@@@ mem[ 3088] = efdff06fc60dcae3 : 17284798257726081763
@@@ mem[ 3096] = 0100069301000713 : 72064822484666131
@@@ mem[ 3104] = fef78793c2f756e3 : 18372302273582159587
@@@ mem[ 3112] = 0107571301079713 : 74123658008172307
@@@ mem[ 3120] = 4107d79301079793 : 4685950963679729555
@@@ mem[ 3128] = c11ff06ffee6e6e3 : 13916105737406703331
@@@ mem[ 3136] = 0100069301000713 : 72064822484666131
@@@ mem[ 3144] = fef78793bcf752e3 : 18372302273481495267
@@@ mem[ 3152] = 0107571301079713 : 74123658008172307
@@@ mem[ 3160] = 4107d79301079793 : 4685950963679729555
@@@ mem[ 3168] = ba9ff06ffee6e6e3 : 13447731376160171747
@@@ mem[ 3176] = 0100069301000713 : 72064822484666131
@@@ mem[ 3184] = fef78793b6f758e3 : 18372302273380833507
@@@ mem[ 3192] = 0107571301079713 : 74123658008172307
@@@ mem[ 3200] = 4107d79301079793 : 4685950963679729555
@@@ mem[ 3208] = b55ff06ffee6e6e3 : 13069429007461050083
@@@ mem[ 3216] = 0100069301000713 : 72064822484666131
@@@ mem[ 3224] = fef78793d4f754e3 : 18372302273884148963
@@@ mem[ 3232] = 0107571301079713 : 74123658008172307
@@@ mem[ 3240] = 4107d79301079793 : 4685950963679729555
@@@ mem[ 3248] = d2dff06ffee6e6e3 : 15195128031579924195
@@@ mem[ 3256] = 0100069301000713 : 72064822484666131
@@@ mem[ 3264] = fef78793cef750e3 : 18372302273783484643
@@@ mem[ 3272] = 0107571301079713 : 74123658008172307
@@@ mem[ 3280] = 4107d79301079793 : 4685950963679729555
@@@ mem[ 3288] = cc5ff06ffee6e6e3 : 14726753670333392611
@@@ mem[ 3296] = 0100069301000713 : 72064822484666131
@@@ mem[ 3304] = fef78793d2f752e3 : 18372302273850594019
@@@ mem[ 3312] = 0107571301079713 : 74123658008172307
@@@ mem[ 3320] = 4107d79301079793 : 4685950963679729555
@@@ mem[ 3328] = d09ff06ffee6e6e3 : 15032998444994586339
@@@ mem[ 3336] = 0100069301000713 : 72064822484666131
@@@ mem[ 3344] = fef78793c6f752e3 : 18372302273649267427
@@@ mem[ 3352] = 0107571301079713 : 74123658008172307
@@@ mem[ 3360] = 4107d79301079793 : 4685950963679729555
@@@ mem[ 3368] = c49ff06ffee6e6e3 : 14168307316539451107
@@@ mem[ 3376] = 0006861300008067 : 1836266022797415
@@@ mem[ 3384] = fa04051300200593 : 18015529988553442707
@@@ mem[ 3392] = 634080e7fffff097 : 7151857942185111703
@@@ mem[ 3400] = 00200593be9ff06f : 9013331371225199
@@@ mem[ 3408] = fffff097fa040513 : 18446727134258136339
@@@ mem[ 3416] = a41ff06f620080e7 : 11826435507674448103
@@@ mem[ 3424] = b4e600e300010c93 : 13035107146428124307
@@@ mem[ 3432] = 9b9ff06f000c0d13 : 11213945956708650259
@@@ mem[ 3440] = 1007906300157793 : 1155050584321390483
@@@ mem[ 3448] = 0005902340155793 : 1565855956948883
@@@ mem[ 3456] = 060798630017f793 : 434483440035297171
@@@ mem[ 3464] = 0005912340255793 : 1566955469625235
@@@ mem[ 3472] = 06079a630017f793 : 434485639058552723
@@@ mem[ 3480] = 0005922340355793 : 1568054982301587
@@@ mem[ 3488] = 06079c630017f793 : 434487838081808275
@@@ mem[ 3496] = 0005932340455793 : 1569154494977939
@@@ mem[ 3504] = 06079e630017f793 : 434490037105063827
@@@ mem[ 3512] = 0005942340555793 : 1570254007654291
@@@ mem[ 3520] = 080790630017f793 : 578589832018130835
@@@ mem[ 3528] = 0005952340655793 : 1571353520330643
@@@ mem[ 3536] = 080792630017f793 : 578592031041386387
@@@ mem[ 3544] = 0005962340755513 : 1572453033006355
@@@ mem[ 3552] = 0805046300157513 : 577872950436656403
@@@ mem[ 3560] = 00f5972300100793 : 69127545874810771
@@@ mem[ 3568] = 0010079300008067 : 4511927568990311
@@@ mem[ 3576] = 4025579300f59123 : 4622196881453584675
@@@ mem[ 3584] = f8078ae30017f793 : 17872406353806882707
@@@ mem[ 3592] = 00f5922300100793 : 69122048316671891
@@@ mem[ 3600] = 0017f79340355793 : 6746136273835923
@@@ mem[ 3608] = 00100793f80788e3 : 4511931730200803
@@@ mem[ 3616] = 4045579300f59323 : 4631204080708326179
@@@ mem[ 3624] = f80786e30017f793 : 17872401955760371603
@@@ mem[ 3632] = 00f5942300100793 : 69124247339927443
@@@ mem[ 3640] = 0017f79340555793 : 6746136275933075
@@@ mem[ 3648] = 00100793f80784e3 : 4511931730199779
@@@ mem[ 3656] = 4065579300f59523 : 4640211279963067683
@@@ mem[ 3664] = f80782e30017f793 : 17872397557713860499
@@@ mem[ 3672] = 4075551300100793 : 4644712130796324755
@@@ mem[ 3680] = 0015751300f59623 : 6039698991846947
@@@ mem[ 3688] = 00059723f80510e3 : 1573555624284387
@@@ mem[ 3696] = 0010079300008067 : 4511927568990311
@@@ mem[ 3704] = 4015579300f59023 : 4617693281826213923
@@@ mem[ 3712] = f60798e30017f793 : 17728306558893815699
@@@ mem[ 3720] = fd010113f01ff06f : 18230853951717109871
@@@ mem[ 3728] = 0281242302112623 : 180465192848664099
@@@ mem[ 3736] = 0015779302912223 : 6042447797887523
@@@ mem[ 3744] = 0001102338079663 : 299218426631779
@@@ mem[ 3752] = 0017f79340155793 : 6746136271738771
@@@ mem[ 3760] = 0001112336079863 : 300317904705635
@@@ mem[ 3768] = 0017f79340255793 : 6746136272787347
@@@ mem[ 3776] = 0001122334079a63 : 301417382779491
@@@ mem[ 3784] = 0017f79340355793 : 6746136273835923
@@@ mem[ 3792] = 0001132332079c63 : 302516860853347
@@@ mem[ 3800] = 0017f79340455793 : 6746136274884499
@@@ mem[ 3808] = 0001142330079e63 : 303616338927203
@@@ mem[ 3816] = 0017f79340555793 : 6746136275933075
@@@ mem[ 3824] = 0001152330079063 : 304715850551395
@@@ mem[ 3832] = 0017f79340655793 : 6746136276981651
@@@ mem[ 3840] = 000116232e079263 : 305815328625251
@@@ mem[ 3848] = 0017f79340755793 : 6746136278030227
@@@ mem[ 3856] = 001007932c078663 : 4511928307648099
@@@ mem[ 3864] = 0015f79300f11723 : 6183185258977059
@@@ mem[ 3872] = 000118232a079863 : 308014284773475
@@@ mem[ 3880] = 0017f7934015d793 : 6746136271771539
@@@ mem[ 3888] = 0001192328079a63 : 309113762847331
@@@ mem[ 3896] = 0017f7934025d793 : 6746136272820115
@@@ mem[ 3904] = 00011a2326079c63 : 310213240921187
@@@ mem[ 3912] = 0017f7934035d793 : 6746136273868691
@@@ mem[ 3920] = 00011b2324079e63 : 311312718995043
@@@ mem[ 3928] = 0017f7934045d793 : 6746136274917267
@@@ mem[ 3936] = 00011c2324079063 : 312412230619235
@@@ mem[ 3944] = 0017f7934055d793 : 6746136275965843
@@@ mem[ 3952] = 00011d2322079263 : 313511708693091
@@@ mem[ 3960] = 0017f7934065d793 : 6746136277014419
@@@ mem[ 3968] = 00011e2320079463 : 314611186766947
@@@ mem[ 3976] = 0017f7934075d793 : 6746136278062995
@@@ mem[ 3984] = 001007931e078863 : 4511928072767587
@@@ mem[ 3992] = 0020059300f11f23 : 9013328188874531
@@@ mem[ 4000] = fffff09700010513 : 18446727130063635731
@@@ mem[ 4008] = 010104936a4080e7 : 72344100203954407
@@@ mem[ 4016] = 0004851300200593 : 1272216559814035
@@@ mem[ 4024] = 690080e7fffff097 : 7566189107903197335
@@@ mem[ 4032] = 0004859300010413 : 1272766313595923
@@@ mem[ 4040] = 0100069300010613 : 72064822467954195
@@@ mem[ 4048] = 000657030005d783 : 1784520257165187
@@@ mem[ 4056] = 0107179302f70733 : 74053839052277555
@@@ mem[ 4064] = 4107d79301071513 : 4685950963679696147
@@@ mem[ 4072] = 0117871316055463 : 78680034545849443
@@@ mem[ 4080] = 0107151301071793 : 74051090240706451
@@@ mem[ 4088] = fe0548e34107d793 : 18304116401403058067
@@@ mem[ 4096] = 0026061300f61023 : 10702727805276195
@@@ mem[ 4104] = fcc492e300258593 : 18213844296650818963
@@@ mem[ 4112] = 0001051300900593 : 287054148666771
@@@ mem[ 4120] = 630080e7fffff097 : 7133843543675629719
@@@ mem[ 4128] = 0010079300000513 : 4511927568958739
@@@ mem[ 4136] = 0004570301000593 : 1221570320139667
@@@ mem[ 4144] = 40e686b300471693 : 4676573366432765587
@@@ mem[ 4152] = 0106971301069613 : 73912551775573523
@@@ mem[ 4160] = 0106561301069813 : 73841083519768595
@@@ mem[ 4168] = 0e08526341075713 : 1011148702590916371
@@@ mem[ 4176] = 0106961301170693 : 73911452265023123
@@@ mem[ 4184] = 0106981301069713 : 73913651287201555
@@@ mem[ 4192] = 4107571301065613 : 4685809676435478035
@@@ mem[ 4200] = 01079793fe0844e3 : 74194580752844003
@@@ mem[ 4208] = 02c786330107d793 : 200276262060021651
@@@ mem[ 4216] = 00a6063300e41023 : 46731662262013987
@@@ mem[ 4224] = 0106171301061513 : 73771814287185171
@@@ mem[ 4232] = 0807526341055513 : 578521663386506515
@@@ mem[ 4240] = 0107151301150713 : 74051090241619731
@@@ mem[ 4248] = 4105551301071693 : 4685244527458850451
@@@ mem[ 4256] = 00179713fe06c8e3 : 6640036586375395
@@@ mem[ 4264] = 0107169301071793 : 74052739508148115
@@@ mem[ 4272] = 0206da634107d793 : 146044157763770259
@@@ mem[ 4280] = 0107179301178713 : 74053839020853011
@@@ mem[ 4288] = 4107d79301071693 : 4685950963679696531
@@@ mem[ 4296] = 00240413fe06c8e3 : 10137583074330851
@@@ mem[ 4304] = 02c12083f4849ee3 : 198475609696149219
@@@ mem[ 4312] = 0241248302812403 : 162451206663382019
@@@ mem[ 4320] = 0000806703010113 : 141179920384275
@@@ mem[ 4328] = fef78793fef5d2e3 : 18372302274588693219
@@@ mem[ 4336] = 0107571301079713 : 74123658008172307
@@@ mem[ 4344] = 4107d79301079793 : 4685950963679729555
@@@ mem[ 4352] = 00240413fee5e6e3 : 10137583088953059
@@@ mem[ 4360] = fc9ff06ff28492e3 : 18203532582455644899
@@@ mem[ 4368] = fef50513f8a5dae3 : 18371595838261943011
@@@ mem[ 4376] = 0107571301051713 : 74123658008008467
@@@ mem[ 4384] = 4105551301051513 : 4685244527458718995
@@@ mem[ 4392] = f79ff06ffee5e6e3 : 17843244612473710307
@@@ mem[ 4400] = fef70713f2e5dee3 : 18372160987142151907
@@@ mem[ 4408] = 0106561301071613 : 73841083519800851
@@@ mem[ 4416] = 4107571301071713 : 4685809676435527443
@@@ mem[ 4424] = f21ff06ffec5e6e3 : 17446927845263009507
@@@ mem[ 4432] = fef78793eaf6d8e3 : 18372302274253215971
@@@ mem[ 4440] = 0107571301079713 : 74123658008172307
@@@ mem[ 4448] = 4107d79301079793 : 4685950963679729555
@@@ mem[ 4456] = 00f61023fee6e6e3 : 69260591057266403
@@@ mem[ 4464] = 0025859300260613 : 10561440547472915
@@@ mem[ 4472] = e95ff06fe4c49ce3 : 16816423896994847971
@@@ mem[ 4480] = e19ff06f00011f23 : 16257977539362889507
@@@ mem[ 4488] = 00f11e2300100793 : 67868605061007251
@@@ mem[ 4496] = 00100793df9ff06f : 4511931320758383
@@@ mem[ 4504] = dddff06f00f11d23 : 15987761561736387875
@@@ mem[ 4512] = 00f11c2300100793 : 67866406037751699
@@@ mem[ 4520] = 00100793dc1ff06f : 4511931262038127
@@@ mem[ 4528] = da5ff06f00f11b23 : 15735559982603639587
@@@ mem[ 4536] = 00f11a2300100793 : 67864207014496147
@@@ mem[ 4544] = 00100793d89ff06f : 4511931203317871
@@@ mem[ 4552] = d6dff06f00f11923 : 15483358403470891299
@@@ mem[ 4560] = 00f1182300100793 : 67862007991240595
@@@ mem[ 4568] = 00011723d51ff06f : 306917643645039
@@@ mem[ 4576] = 00100793d3dff06f : 4511931123626095
@@@ mem[ 4584] = d1dff06f00f11623 : 15123070433281250851
@@@ mem[ 4592] = 00f1152300100793 : 67858709456357267
@@@ mem[ 4600] = 00100793d01ff06f : 4511931060711535
@@@ mem[ 4608] = ce5ff06f00f11423 : 14870868854148502563
@@@ mem[ 4616] = 00f1132300100793 : 67856510433101715
@@@ mem[ 4624] = 00100793cc9ff06f : 4511931001991279
@@@ mem[ 4632] = cadff06f00f11223 : 14618667275015754275
@@@ mem[ 4640] = 00f1112300100793 : 67854311409846163
@@@ mem[ 4648] = 00100793c91ff06f : 4511930943271023
@@@ mem[ 4656] = c75ff06f00f11023 : 14366465695883005987
@@@ mem[ 4664] = 01000593ff010113 : 72063727234515219
@@@ mem[ 4672] = 0011262300300513 : 4827006372939027
@@@ mem[ 4680] = 0000009700812423 : 648548525091
@@@ mem[ 4688] = 00050413c40080e7 : 1411857822810343
@@@ mem[ 4696] = 0040051301700593 : 18019977696118163
@@@ mem[ 4704] = c2c080e700000097 : 14033358168512266391
@@@ mem[ 4712] = 0004051300050593 : 1131479069689235
@@@ mem[ 4720] = c1c080e700000097 : 13961300574474338455
@@@ mem[ 4728] = 0081240300c12083 : 36349867311833219
@@@ mem[ 4736] = 0000806701010113 : 141179886829843
@@@ mem[ 4744] = 0005071300f00313 : 1415153085055763
@@@ mem[ 4752] = 00f7779302c37e63 : 69655792537796195
@@@ mem[ 4760] = 080592630a079063 : 578029081254662243
@@@ mem[ 4768] = 00f67613ff067693 : 69372672525891219
@@@ mem[ 4776] = 00b7202300e686b3 : 51545255449102003
@@@ mem[ 4784] = 00b7242300b72223 : 51549653492507171
@@@ mem[ 4792] = 0107071300b72623 : 74035697072678435
@@@ mem[ 4800] = 00061463fed766e3 : 1711269570111203
@@@ mem[ 4808] = 40c306b300008067 : 4666581004754911335
@@@ mem[ 4816] = 0000029700269693 : 2847565846163
@@@ mem[ 4824] = 00c68067005686b3 : 55873225264367283
@@@ mem[ 4832] = 00b706a300b70723 : 51517217899480867
@@@ mem[ 4840] = 00b705a300b70623 : 51516118387852835
@@@ mem[ 4848] = 00b704a300b70523 : 51515018876224803
@@@ mem[ 4856] = 00b703a300b70423 : 51513919364596771
@@@ mem[ 4864] = 00b702a300b70323 : 51512819852968739
@@@ mem[ 4872] = 00b701a300b70223 : 51511720341340707
@@@ mem[ 4880] = 00b700a300b70123 : 51510620829712675
@@@ mem[ 4888] = 0000806700b70023 : 141179881979939
@@@ mem[ 4896] = 008596930ff5f593 : 37601730274653587
@@@ mem[ 4904] = 0105969300d5e5b3 : 73630527039858099
@@@ mem[ 4912] = f6dff06f00d5e5b3 : 17789201412682802611
@@@ mem[ 4920] = 0000029700279693 : 2847565911699
@@@ mem[ 4928] = 00008293005686b3 : 143567877473971
@@@ mem[ 4936] = 00028093fa0680e7 : 704322996699367
@@@ mem[ 4944] = 40f70733ff078793 : 4681218257578330003
@@@ mem[ 4952] = f6c378e300f60633 : 17781188670157882931
@@@ mem[ 4960] = 00000000f3dff06f : 4091539567
@@@
@@@ mem[ 5056] = 001100020009000f : 4785083194605583
@@@ mem[ 5064] = 0000000000080001 : 524289
@@@
@@@ mem[ 5088] = 0000140c00004000 : 22041772179456
@@@
@@@ mem[65280] = 000000000000000d : 13
@@@
@@@ mem[65296] = 0000000000000001 : 1
@@@
@@@ mem[65320] = 000000100000000d : 68719476749
@@@ mem[65328] = 0000000900000010 : 38654705680
@@@ mem[65336] = 000009440000ffc0 : 10187662491584
@@@ mem[65344] = 000b000f00000009 : 3096289168326665
@@@
@@@ mem[65360] = 000c000800080008 : 3377734080790536
@@@
@@@ mem[65376] = 00000000000e000c : 917516
@@@
@@@ mem[65392] = 00000000000c000e : 786446
@@@
@@@ mem[65456] = 0000ffd000000000 : 281268818280448
@@@ mem[65464] = 000010200000ffc0 : 17729625063360
@@@ mem[65472] = 0003000200010000 : 844433520132096
@@@ mem[65480] = 0000000000010002 : 65538
@@@ mem[65488] = 0005000400070003 : 1407392063881219
@@@ mem[65496] = 0006000d00030001 : 1688905695035393
@@@
@@@ mem[65512] = 000012780000000e : 20306605375502
@@@
@@@ mem[65528] = 000000a00000000d : 687194767373
@@@
@@@ System halted on WFI instruction
@@@
