
Final memory state and exit status:

@@@ Unified Memory contents hex on left, decimal on right: 
@@@
@@@ mem[    0] = 0000009700000013 : 648540061715
@@@ mem[    8] = 0001011709c08093 : 282673436197011
@@@ mem[   16] = 00010413ff410113 : 285958910050579
@@@ mem[   24] = ec81819300001197 : 17042044933306847639
@@@ mem[   32] = 0000029300000213 : 2830383448595
@@@ mem[   40] = 0000039300000313 : 3929895076627
@@@ mem[   48] = 0000051300000493 : 5579162518675
@@@ mem[   56] = 0000061300000593 : 6678674146707
@@@ mem[   64] = 0000071300000693 : 7778185774739
@@@ mem[   72] = 0000081300000793 : 8877697402771
@@@ mem[   80] = 0000091300000893 : 9977209030803
@@@ mem[   88] = 00000a1300000993 : 11076720658835
@@@ mem[   96] = 00000b1300000a93 : 12176232286867
@@@ mem[  104] = 00000c1300000b93 : 13275743914899
@@@ mem[  112] = 00000d1300000c93 : 14375255542931
@@@ mem[  120] = 00000e1300000d93 : 15474767170963
@@@ mem[  128] = 00000f1300000e93 : 16574278798995
@@@ mem[  136] = 0740006f00000f93 : 522418033516351379
@@@
@@@ mem[  160] = f601011300010117 : 17726450789423055127
@@@ mem[  168] = 00000013fea12c23 : 85876354083
@@@ mem[  176] = 00000e3710500073 : 15629659668595
@@@ mem[  184] = 02f05e63700e2783 : 211772963661162371
@@@ mem[  192] = 0000081300000893 : 8877697403027
@@@ mem[  200] = 000527830005a303 : 1450818478121731
@@@ mem[  208] = 0018081300460613 : 6764277143045651
@@@ mem[  216] = 00450513026787b3 : 19427352595892147
@@@ mem[  224] = fef62e2300458593 : 18371922457767806355
@@@ mem[  232] = 00f888b3700e2303 : 69956098484740867
@@@ mem[  240] = 011686b3fc684ce3 : 78398151117524195
@@@ mem[  248] = 0000806700d72023 : 141179884085283
@@@ mem[  256] = 00812c23fe010113 : 36358805092630803
@@@ mem[  264] = 0131262301212823 : 85891799681411107
@@@ mem[  272] = 00112e2301612023 : 4835802485956643
@@@ mem[  280] = 0141242300912a23 : 90393200276089379
@@@ mem[  288] = 0201041301512223 : 144401142725550627
@@@ mem[  296] = 700b270300000b37 : 8073589650830134071
@@@ mem[  304] = 00f7879300271793 : 69673384680036243
@@@ mem[  312] = 40f10133ff07f793 : 4679522810648328083
@@@ mem[  320] = 40f1013300010993 : 4679522806369683859
@@@ mem[  328] = 40f1013300010913 : 4679522806369683731
@@@ mem[  336] = 00010ab704e05863 : 293256153815139
@@@ mem[  344] = 00000a1300010493 : 11076720723091
@@@ mem[  352] = 00000097fffa8a93 : 652834671251
@@@ mem[  360] = 01557533088080e7 : 96111829104754919
@@@ mem[  368] = 0000009700a9a023 : 648551178275
@@@ mem[  376] = 700b2783078080e7 : 8073590200711807207
@@@ mem[  384] = 00a9202301557533 : 47604605782422835
@@@ mem[  392] = 001a0a130004a023 : 7329426115436579
@@@ mem[  400] = 0049091300498993 : 20557650513725843
@@@ mem[  408] = fcfa44e300448493 : 18228958183488259219
@@@ mem[  416] = 04c080e700000097 : 342415301305958551
@@@ mem[  424] = 01c12083fe040113 : 126418015817564435
@@@ mem[  432] = 0141248301812403 : 90393612608676867
@@@ mem[  440] = 00c1298301012903 : 54370313139464451
@@@ mem[  448] = 00412a8300812a03 : 18342615623739907
@@@ mem[  456] = 0000051300012b03 : 5579162594051
@@@ mem[  464] = 0000806702010113 : 141179903607059
@@@ mem[  472] = 7047a783000007b7 : 8090619436676941751
@@@ mem[  480] = 0a07a6230aa7a423 : 722728934649078819
@@@ mem[  488] = 000007b700008067 : 8482560442471
@@@ mem[  496] = 4c9585b77047a803 : 5518463941321664515
@@@ mem[  504] = 0a882683f2d58593 : 758898885368579475
@@@ mem[  512] = 02b687b30ac82703 : 195492836886980355
@@@ mem[  520] = 00f637b300178613 : 69304086211036691
@@@ mem[  528] = 5851f6370ac82423 : 6364138464715744291
@@@ mem[  536] = 02c6863342d60613 : 199994788187342355
@@@ mem[  544] = 02b6b6b302b70733 : 195544513798145843
@@@ mem[  552] = 00d7073300c70733 : 60525035630561075
@@@ mem[  560] = 0017951300e787b3 : 6637833316435891
@@@ mem[  568] = 001555130af82623 : 6004514787698211
@@@ mem[  576] = 0000000000008067 : 32871
@@@
@@@ mem[  672] = 00000000000002c0 : 704
@@@
@@@ mem[  704] = 000005ac00000000 : 6236292513792
@@@ mem[  712] = 0000067c00000614 : 7129645712916
@@@
@@@ mem[  872] = ab894868b3b04fc6 : 12360490266823512006
@@@ mem[  880] = e66d1234abcd330e : 16603947418614838030
@@@ mem[  888] = 0000000b0005deec : 47245025004
@@@
@@@ mem[ 1792] = 000002c000000004 : 3023656976388
@@@
@@@ mem[65472] = 0000312900008ccf : 54052163456207
@@@ mem[65480] = 000059d800005db4 : 98784247831988
@@@ mem[65488] = 0000f6460000f42d : 270780508206125
@@@ mem[65496] = 00007f7800005b04 : 140153372826372
@@@
@@@ mem[65528] = 000000a000000000 : 687194767360
@@@
@@@ System halted on WFI instruction
@@@
