
Final memory state and exit status:

@@@ Unified Memory contents hex on left, decimal on right: 
@@@
@@@ mem[    0] = 0000009700000013 : 648540061715
@@@ mem[    8] = 0001011709c08093 : 282673436197011
@@@ mem[   16] = 00010413ff410113 : 285958910050579
@@@ mem[   24] = 4881819300002197 : 5224599511086670231
@@@ mem[   32] = 0000029300000213 : 2830383448595
@@@ mem[   40] = 0000039300000313 : 3929895076627
@@@ mem[   48] = 0000051300000493 : 5579162518675
@@@ mem[   56] = 0000061300000593 : 6678674146707
@@@ mem[   64] = 0000071300000693 : 7778185774739
@@@ mem[   72] = 0000081300000793 : 8877697402771
@@@ mem[   80] = 0000091300000893 : 9977209030803
@@@ mem[   88] = 00000a1300000993 : 11076720658835
@@@ mem[   96] = 00000b1300000a93 : 12176232286867
@@@ mem[  104] = 00000c1300000b93 : 13275743914899
@@@ mem[  112] = 00000d1300000c93 : 14375255542931
@@@ mem[  120] = 00000e1300000d93 : 15474767170963
@@@ mem[  128] = 00000f1300000e93 : 16574278798995
@@@ mem[  136] = 2a90106f00000f93 : 3066969415166726035
@@@
@@@ mem[  160] = f601011300010117 : 17726450789423055127
@@@ mem[  168] = 00000013fea12c23 : 85876354083
@@@ mem[  176] = fe01011310500073 : 18302911542000091251
@@@ mem[  184] = 00112e2300812c23 : 4835802471279651
@@@ mem[  192] = 0121282300912a23 : 81390399067859491
@@@ mem[  200] = 0141242301312623 : 90393200286574115
@@@ mem[  208] = 00100793fff50413 : 4511931863204883
@@@ mem[  216] = 0005849304f40263 : 1553141861712483
@@@ mem[  224] = 0006891300060993 : 1839564558043539
@@@ mem[  232] = 0009061300100a13 : 2539953465592339
@@@ mem[  240] = 0004859300040513 : 1272766313792787
@@@ mem[  248] = 0000009700098693 : 648540685971
@@@ mem[  256] = fff40413fb8080e7 : 18443370857859416295
@@@ mem[  264] = 0004891300090793 : 1276614604818323
@@@ mem[  272] = 0007849301440663 : 2116091753268835
@@@ mem[  280] = 01c12083fd5ff06f : 126418015806812271
@@@ mem[  288] = 0141248301812403 : 90393612608676867
@@@ mem[  296] = 00c1298301012903 : 54370313139464451
@@@ mem[  304] = 0201011300812a03 : 144397844177037827
@@@ mem[  312] = 000027b700008067 : 43666932531303
@@@ mem[  320] = 0af56663cf078793 : 789649888534562707
@@@ mem[  328] = cf078793000067b7 : 14918041356118026167
@@@ mem[  336] = 000028370aa7e063 : 44216867086435
@@@ mem[  344] = ff850693ce482783 : 18412129883464935299
@@@ mem[  352] = 00d7fc630007a703 : 60794622125254403
@@@ mem[  360] = 00e7fc6300e6ee63 : 65298221767257699
@@@ mem[  368] = 0007a70300070793 : 2153956164175763
@@@ mem[  376] = fee7eae3fed7e8e3 : 18367907870207895779
@@@ mem[  384] = ffc52583fee6f8e3 : 18430178298931116259
@@@ mem[  392] = 00c6863300359613 : 55879598993675795
@@@ mem[  400] = 0047a88302c70263 : 20170003987235427
@@@ mem[  408] = 00389613fee52c23 : 15927611320773667
@@@ mem[  416] = 02c68a6300c78633 : 199999391284037171
@@@ mem[  424] = cef8222300d7a023 : 14913707699770728483
@@@ mem[  432] = 0047260300008067 : 20026517673246823
@@@ mem[  440] = 00c585b300072703 : 55597574258108163
@@@ mem[  448] = 0047a883feb52e23 : 20170008213925411
@@@ mem[  456] = 00389613fee52c23 : 15927611320773667
@@@ mem[  464] = fcc69ae300c78633 : 18214416042707879475
@@@ mem[  472] = 0007069300b885b3 : 1977553279026611
@@@ mem[  480] = 00d7a02300b7a223 : 60693192189125155
@@@ mem[  488] = 00008067cef82223 : 141183342354979
@@@ mem[  496] = 00100513ff010113 : 4509183068143891
@@@ mem[  504] = 0000009700112623 : 648541185571
@@@ mem[  512] = fe010113ea4080e7 : 18302911545656508647
@@@ mem[  520] = 0000293701212823 : 45316218890275
@@@ mem[  528] = 00112e23ce492683 : 4835805923714691
@@@ mem[  536] = 00912a2300812c23 : 40860201443732515
@@@ mem[  544] = 0141242301312623 : 90393200286574115
@@@ mem[  552] = 0c068a6301512223 : 866532136143888931
@@@ mem[  560] = 003007930006a503 : 13519126824133891
@@@ mem[  568] = 0ee7e86300452703 : 1074082548055090947
@@@ mem[  576] = 00b00a13000024b7 : 49550672621741239
@@@ mem[  584] = 00400a93000029b7 : 18026024985962935
@@@ mem[  592] = 0100006f00300413 : 72058070782444563
@@@ mem[  600] = 004527030007a503 : 19464667231921411
@@@ mem[  608] = 0005079304e46863 : 1415702907218019
@@@ mem[  616] = cc44a783fed518e3 : 14719073667511556323
@@@ mem[  624] = 08fa7263ff478713 : 646955270291293971
@@@ mem[  632] = cce4a223cc89a503 : 14764103753066456323
@@@ mem[  640] = 0155222300c50793 : 96020500790445971
@@@ mem[  648] = ccf9a42300850513 : 14770016923177780499
@@@ mem[  656] = eac080e700000097 : 16915661930029383831
@@@ mem[  664] = 04078e63ce492783 : 290357260302493571
@@@ mem[  672] = 000786930007a503 : 2118290755790083
@@@ mem[  680] = fae47ce300452703 : 18078712118575965955
@@@ mem[  688] = 06d7066300400693 : 492869706496083603
@@@ mem[  696] = 00371613ff470713 : 15505398862120723
@@@ mem[  704] = 00c5053300e52223 : 55456287028486691
@@@ mem[  712] = cef9222300d52223 : 14913989174747275811
@@@ mem[  720] = 01c1208300850513 : 126418011564606739
@@@ mem[  728] = 0141248301812403 : 90393612608676867
@@@ mem[  736] = 00c1298301012903 : 54370313139464451
@@@ mem[  744] = 00412a8300812a03 : 18342615623739907
@@@ mem[  752] = 0000806702010113 : 141179903607059
@@@ mem[  760] = fd9ff06f00000513 : 18275590172424799507
@@@ mem[  768] = ce85079300002537 : 14881308871657268535
@@@ mem[  776] = cef92223ce850693 : 14913989178198132371
@@@ mem[  784] = 0007a22300f7a023 : 2148596060758051
@@@ mem[  792] = f25ff06fce850513 : 17464942242962933011
@@@ mem[  800] = 00e7a02300052703 : 65196791804798723
@@@ mem[  808] = 00068793fa5ff06f : 1837919490797679
@@@ mem[  816] = fe010113f81ff06f : 18302911545889255535
@@@ mem[  824] = 0000293701212823 : 45316218890275
@@@ mem[  832] = 00112e23ce492683 : 4835805923714691
@@@ mem[  840] = 00912a2300812c23 : 40860201443732515
@@@ mem[  848] = 0141242301312623 : 90393200286574115
@@@ mem[  856] = 0c068a6301512223 : 866532136143888931
@@@ mem[  864] = 007007930006a503 : 31533525333615875
@@@ mem[  872] = 0ee7e86300452703 : 1074082548055090947
@@@ mem[  880] = 00f00a13000024b7 : 67565071131223223
@@@ mem[  888] = 00800a93000029b7 : 36040423495444919
@@@ mem[  896] = 0100006f00700413 : 72058070786638867
@@@ mem[  904] = 004527030007a503 : 19464667231921411
@@@ mem[  912] = 0005079304e46863 : 1415702907218019
@@@ mem[  920] = cc44a783fed518e3 : 14719073667511556323
@@@ mem[  928] = 08fa7263ff078713 : 646955270287099667
@@@ mem[  936] = cce4a223cc89a503 : 14764103753066456323
@@@ mem[  944] = 0155222301050793 : 96020500794640275
@@@ mem[  952] = ccf9a42300850513 : 14770016923177780499
@@@ mem[  960] = d7c080e700000097 : 15546567643308753047
@@@ mem[  968] = 04078e63ce492783 : 290357260302493571
@@@ mem[  976] = 000786930007a503 : 2118290755790083
@@@ mem[  984] = fae47ce300452703 : 18078712118575965955
@@@ mem[  992] = 06d7066300800693 : 492869706500277907
@@@ mem[ 1000] = 00371613ff070713 : 15505398857926419
@@@ mem[ 1008] = 00c5053300e52223 : 55456287028486691
@@@ mem[ 1016] = cef9222300d52223 : 14913989174747275811
@@@ mem[ 1024] = 01c1208300850513 : 126418011564606739
@@@ mem[ 1032] = 0141248301812403 : 90393612608676867
@@@ mem[ 1040] = 00c1298301012903 : 54370313139464451
@@@ mem[ 1048] = 00412a8300812a03 : 18342615623739907
@@@ mem[ 1056] = 0000806702010113 : 141179903607059
@@@ mem[ 1064] = fd9ff06f00000513 : 18275590172424799507
@@@ mem[ 1072] = ce85079300002537 : 14881308871657268535
@@@ mem[ 1080] = cef92223ce850693 : 14913989178198132371
@@@ mem[ 1088] = 0007a22300f7a023 : 2148596060758051
@@@ mem[ 1096] = f25ff06fce850513 : 17464942242962933011
@@@ mem[ 1104] = 00e7a02300052703 : 65196791804798723
@@@ mem[ 1112] = 00068793fa5ff06f : 1837919490797679
@@@ mem[ 1120] = 000047b7f81ff06f : 78855467429999
@@@ mem[ 1128] = fe01011314a7ea63 : 18302911542072961635
@@@ mem[ 1136] = 00112e2300812c23 : 4835802471279651
@@@ mem[ 1144] = 0121282300912a23 : 81390399067859491
@@@ mem[ 1152] = 0141242301312623 : 90393200286574115
@@@ mem[ 1160] = 0005041300357793 : 1411854537947027
@@@ mem[ 1168] = 000029b70e079463 : 45866191131747
@@@ mem[ 1176] = 00840493ce49a603 : 37159729793443331
@@@ mem[ 1184] = 000627830e060863 : 1732293689739363
@@@ mem[ 1192] = 1086fc630047a683 : 1190916653622732419
@@@ mem[ 1200] = 00002a3700002937 : 46415711578423
@@@ mem[ 1208] = 000727830100006f : 2013768447950959
@@@ mem[ 1216] = 0486f8630047a683 : 326221127121086083
@@@ mem[ 1224] = fec798e300078713 : 18358810506724607763
@@@ mem[ 1232] = 40978733cc492783 : 4654337396451125123
@@@ mem[ 1240] = cc8a25030697ee63 : 14738633425449119331
@@@ mem[ 1248] = 009507b3cce92223 : 41948240348258851
@@@ mem[ 1256] = 0085051300852223 : 37441751073759779
@@@ mem[ 1264] = 00000097ccfa2423 : 651979007011
@@@ mem[ 1272] = ce49a703c48080e7 : 14864595679736529127
@@@ mem[ 1280] = 0007278304070a63 : 2013768498743907
@@@ mem[ 1288] = 0047a68300070613 : 20167804917843475
@@@ mem[ 1296] = 08d40e63fa86ece3 : 636149269933780195
@@@ mem[ 1304] = 00369613409686b3 : 15364658174527155
@@@ mem[ 1312] = 00c787b300d7a223 : 56162723248448035
@@@ mem[ 1320] = 01c120830087a223 : 126418011564778019
@@@ mem[ 1328] = cee9a22301812403 : 14909626312619533315
@@@ mem[ 1336] = 0101290301412483 : 72384161897325699
@@@ mem[ 1344] = 00812a0300c12983 : 36356464381602179
@@@ mem[ 1352] = 0201011300878513 : 144397844177454355
@@@ mem[ 1360] = 01c1208300008067 : 126418011555922023
@@@ mem[ 1368] = 0141248301812403 : 90393612608676867
@@@ mem[ 1376] = 00c1298301012903 : 54370313139464451
@@@ mem[ 1384] = 0000051300812a03 : 5579170982403
@@@ mem[ 1392] = 0000806702010113 : 141179903607059
@@@ mem[ 1400] = ce49a603000029b7 : 14864594576928156087
@@@ mem[ 1408] = 00440413ffc57413 : 19144782358344723
@@@ mem[ 1416] = f0061ce300840493 : 17295543180254774419
@@@ mem[ 1424] = ce86079300002637 : 14881590346633979447
@@@ mem[ 1432] = 00f7a023cef9a223 : 69700394904298019
@@@ mem[ 1440] = 000006930007a223 : 7228430459427
@@@ mem[ 1448] = f01ff06fce860613 : 17302812656377660947
@@@ mem[ 1456] = 00d720230007a683 : 60552454689236611
@@@ mem[ 1464] = 00000513f75ff06f : 5583312777327
@@@ mem[ 1472] = 0006071300008067 : 1696628046069863
@@@ mem[ 1480] = fe5ff06ff4d418e3 : 18329633372060784867
@@@ mem[ 1488] = 00112623ff010113 : 4827010648047891
@@@ mem[ 1496] = 0091222300812423 : 40851405350708259
@@@ mem[ 1504] = 0000009700050493 : 648540390547
@@@ mem[ 1512] = 00048613e80080e7 : 1273319961690343
@@@ mem[ 1520] = 0005041300000593 : 1411854534444435
@@@ mem[ 1528] = 584080e700001097 : 6359224403472945303
@@@ mem[ 1536] = 0004051300c12083 : 1131479082016899
@@@ mem[ 1544] = 0041248300812403 : 18336018553971715
@@@ mem[ 1552] = 0000806701010113 : 141179886829843
@@@ mem[ 1560] = 00812423ff010113 : 36350009016385811
@@@ mem[ 1568] = 0005041300112623 : 1411854535566883
@@@ mem[ 1576] = d0c080e700000097 : 15042164485043257495
@@@ mem[ 1584] = 0085202300c12083 : 37471506611118211
@@@ mem[ 1592] = 0005222300812403 : 1444908611216387
@@@ mem[ 1600] = 0000806701010113 : 141179886829843
@@@ mem[ 1608] = 01212823fe010113 : 81390403319824659
@@@ mem[ 1616] = 00c0051300050913 : 54048774691293459
@@@ mem[ 1624] = 00912a2300112e23 : 40860201436392995
@@@ mem[ 1632] = 00812c2301312623 : 36358800851150371
@@@ mem[ 1640] = 0000009700291993 : 648542755219
@@@ mem[ 1648] = 00050493df8080e7 : 1412408039997671
@@@ mem[ 1656] = 0009851301252023 : 2679591460479011
@@@ mem[ 1664] = de4080e700000097 : 16014942004555284631
@@@ mem[ 1672] = 0009851300a4a223 : 2679591452058147
@@@ mem[ 1680] = dd4080e700000097 : 15942884410517356695
@@@ mem[ 1688] = 0520506300a4a423 : 369383555587154979
@@@ mem[ 1696] = 0044a50300050413 : 19321730720138259
@@@ mem[ 1704] = 00f57663013407b3 : 69091536888137651
@@@ mem[ 1712] = 04f46463013507b3 : 357020646853904307
@@@ mem[ 1720] = 0000059300098613 : 6128918955539
@@@ mem[ 1728] = 4bc080e700001097 : 5458504477998846103
@@@ mem[ 1736] = 0000059300098613 : 6128918955539
@@@ mem[ 1744] = 0000109700040513 : 18240726369555
@@@ mem[ 1752] = 01c120834a8080e7 : 126418012805824743
@@@ mem[ 1760] = 0101290301812403 : 72384161901519875
@@@ mem[ 1768] = 0004851300c12983 : 1272216570374531
@@@ mem[ 1776] = 0201011301412483 : 144397844189619331
@@@ mem[ 1784] = 0005202300008067 : 1442709579530343
@@@ mem[ 1792] = 0045051300042023 : 19427352555823139
@@@ mem[ 1800] = fcf508e300440413 : 18227484837907006483
@@@ mem[ 1808] = 0004202300052023 : 1161234603122723
@@@ mem[ 1816] = 0044041300450513 : 19144778071737619
@@@ mem[ 1824] = fb9ff06ffcf51ee3 : 18131474988592864995
@@@ mem[ 1832] = 00112623ff010113 : 4827010648047891
@@@ mem[ 1840] = 0091222300812423 : 40851405350708259
@@@ mem[ 1848] = 0005849301212023 : 1553141797560355
@@@ mem[ 1856] = 0005091300060413 : 1417352092976147
@@@ mem[ 1864] = bec080e700000097 : 13745127792360554647
@@@ mem[ 1872] = 0024971300492783 : 10299207026550659
@@@ mem[ 1880] = 00e787b300052223 : 65169922489393699
@@@ mem[ 1888] = 008520230007a703 : 37471506598962947
@@@ mem[ 1896] = 00e5222300241413 : 64495303388304403
@@@ mem[ 1904] = 0000009700a7a023 : 648551047203
@@@ mem[ 1912] = 00492603bc0080e7 : 20589470780784871
@@@ mem[ 1920] = 00c1208300052223 : 54360417518297635
@@@ mem[ 1928] = 0004278300860433 : 1169343509824563
@@@ mem[ 1936] = 0001290300952023 : 326567848124451
@@@ mem[ 1944] = 00a4202300f52223 : 46197230892556835
@@@ mem[ 1952] = 0041248300812403 : 18336018553971715
@@@ mem[ 1960] = 0000806701010113 : 141179886829843
@@@ mem[ 1968] = 0a800513ff010113 : 756610320839016723
@@@ mem[ 1976] = 0000009700112623 : 648541185571
@@@ mem[ 1984] = 00c12083ca8080e7 : 54360420915380455
@@@ mem[ 1992] = 0ae52023fff00713 : 785069049035884307
@@@ mem[ 2000] = 010101130ae52223 : 72340250313433635
@@@ mem[ 2008] = 0a45250300008067 : 740038408587477095
@@@ mem[ 2016] = 0015351300150513 : 5969330232952083
@@@ mem[ 2024] = 0a45278300008067 : 740041157366546535
@@@ mem[ 2032] = 02e7826302700713 : 209279269450286867
@@@ mem[ 2040] = fff007130a052683 : 18442248252436063875
@@@ mem[ 2048] = 0017879300e68e63 : 6622989909397091
@@@ mem[ 2056] = 0af5222300279713 : 789574843395184403
@@@ mem[ 2064] = 00b5202300e50533 : 50982305495582003
@@@ mem[ 2072] = 0017879300008067 : 6622989894320231
@@@ mem[ 2080] = 0a05202300279713 : 722018649961371411
@@@ mem[ 2088] = 00e505330af52223 : 64463486452048419
@@@ mem[ 2096] = fe5ff06f00b52023 : 18329633367965114403
@@@ mem[ 2104] = fff006930a452603 : 18442247702684444163
@@@ mem[ 2112] = 02d6066300050793 : 204357855363794835
@@@ mem[ 2120] = 002715930a052703 : 11001245364201219
@@@ mem[ 2128] = 0017071300b505b3 : 6481702661981619
@@@ mem[ 2136] = 0ae7a0230005a503 : 785772732184110339
@@@ mem[ 2144] = 0ad7a22300e65a63 : 781271331594721891
@@@ mem[ 2152] = 000080670ad7a023 : 141180051890211
@@@ mem[ 2160] = 00008067fff00513 : 141184163906835
@@@ mem[ 2168] = 00812423ff010113 : 36350009016385811
@@@ mem[ 2176] = 0a80051300050413 : 756610316561089555
@@@ mem[ 2184] = 0011262300912223 : 4827006379303459
@@@ mem[ 2192] = 0000009700058493 : 648540423315
@@@ mem[ 2200] = 00842803bd0080e7 : 37198693446746343
@@@ mem[ 2208] = 00249793fff00713 : 10299761071490835
@@@ mem[ 2216] = 00f807b30ae52223 : 69814259787571747
@@@ mem[ 2224] = 0ae5202300100693 : 785069044743014035
@@@ mem[ 2232] = 0a45268300d7a023 : 740040057869017123
@@@ mem[ 2240] = 02f68e6302700793 : 213514588240480147
@@@ mem[ 2248] = 0ce788630a052783 : 929861807026546563
@@@ mem[ 2256] = 0026971300168693 : 10862156976653971
@@@ mem[ 2264] = 0ad5222300e50733 : 780567644152858419
@@@ mem[ 2272] = fff0071300972023 : 18442248252277858339
@@@ mem[ 2280] = 00c1208300e69e63 : 54360417533075043
@@@ mem[ 2288] = 0041248300812403 : 18336018553971715
@@@ mem[ 2296] = 0000806701010113 : 141179886829843
@@@ mem[ 2304] = 00442e830a052783 : 19191438760028035
@@@ mem[ 2312] = 0270031300100e13 : 175643765607763475
@@@ mem[ 2320] = 00279713fff00893 : 11143636245809299
@@@ mem[ 2328] = 0007270300e50733 : 2013218690369331
@@@ mem[ 2336] = 0af5202300178793 : 789572644370876307
@@@ mem[ 2344] = 00ee873300271713 : 67139697572779795
@@@ mem[ 2352] = 04f6da6300072703 : 357713339159619331
@@@ mem[ 2360] = 0b1520230b152223 : 798579843810009635
@@@ mem[ 2368] = 00072683fa0706e3 : 2012673114310371
@@@ mem[ 2376] = 00f807b300269793 : 69814259607312275
@@@ mem[ 2384] = 020618630007a603 : 145830851417449987
@@@ mem[ 2392] = 0a45260301c7a023 : 740039508128931875
@@@ mem[ 2400] = 0025979300160593 : 10581231755724179
@@@ mem[ 2408] = 00660c6300f507b3 : 28724066981840819
@@@ mem[ 2416] = 011614630a052603 : 78272459127989763
@@@ mem[ 2424] = 0ab522230a052023 : 771560445051215907
@@@ mem[ 2432] = 0047270300d7a023 : 20027617198972963
@@@ mem[ 2440] = 0a452683fa071ee3 : 740040062049656547
@@@ mem[ 2448] = 0a052783f5168ee3 : 722026762968927971
@@@ mem[ 2456] = 00168693f7dff06f : 6340419564597359
@@@ mem[ 2464] = 00e5073300269713 : 64465685293995795
@@@ mem[ 2472] = 0ad522230a052023 : 780567644305956899
@@@ mem[ 2480] = fff0071300972023 : 18442248252277858339
@@@ mem[ 2488] = f2e688e300000793 : 17502827510360967059
@@@ mem[ 2496] = fe010113f45ff06f : 18302911545826340975
@@@ mem[ 2504] = 00112e2300c00513 : 4835802475398419
@@@ mem[ 2512] = 00912a2300812c23 : 40860201443732515
@@@ mem[ 2520] = 0131262301212823 : 85891799681411107
@@@ mem[ 2528] = 0000009701412423 : 648561108003
@@@ mem[ 2536] = 00600793a80080e7 : 27029928524415207
@@@ mem[ 2544] = 00f5202300050413 : 68996703990383635
@@@ mem[ 2552] = 0000009701800513 : 648565228819
@@@ mem[ 2560] = 00a42223a68080e7 : 46199432693186791
@@@ mem[ 2568] = 0000009701800513 : 648565228819
@@@ mem[ 2576] = 00050493a58080e7 : 1412407066919143
@@@ mem[ 2584] = 0174879300442503 : 104857756770772227
@@@ mem[ 2592] = 40a787b300942423 : 4658841542416671779
@@@ mem[ 2600] = 22f7726302e00713 : 2519608286112646931
@@@ mem[ 2608] = 0000059301800613 : 6128943498771
@@@ mem[ 2616] = 144080e700001097 : 1459308008893845655
@@@ mem[ 2624] = 0000059301800613 : 6128943498771
@@@ mem[ 2632] = 0000109700048513 : 18240726402323
@@@ mem[ 2640] = 00000097130080e7 : 648858861799
@@@ mem[ 2648] = 004427838e0080e7 : 19183744392921319
@@@ mem[ 2656] = 00100a1300052223 : 4514676348363299
@@@ mem[ 2664] = 014520230007a703 : 91514702127408899
@@@ mem[ 2672] = 00e5222300200993 : 64495303388039571
@@@ mem[ 2680] = 0000009700a7a023 : 648551047203
@@@ mem[ 2688] = 004427838b8080e7 : 19183744350978279
@@@ mem[ 2696] = 0040091300052223 : 18024375718847011
@@@ mem[ 2704] = 000520230047a703 : 1442709584193283
@@@ mem[ 2712] = 00e5222300300493 : 64495303389086867
@@@ mem[ 2720] = 0000009700a7a223 : 648551047715
@@@ mem[ 2728] = 00442783890080e7 : 19183744309035239
@@@ mem[ 2736] = 0007a70300052223 : 2153956164051491
@@@ mem[ 2744] = 00e5222301352023 : 64495303406198819
@@@ mem[ 2752] = 0000009700a7a023 : 648551047203
@@@ mem[ 2760] = 00442783870080e7 : 19183744275480807
@@@ mem[ 2768] = 0087a70300052223 : 38182753183015459
@@@ mem[ 2776] = 00e5222300052023 : 64495303386275875
@@@ mem[ 2784] = 0000009700a7a423 : 648551048227
@@@ mem[ 2792] = 00442783850080e7 : 19183744241926375
@@@ mem[ 2800] = 0047a70300052223 : 20168354673533475
@@@ mem[ 2808] = 00e5222301352023 : 64495303406198819
@@@ mem[ 2816] = 0000009700a7a223 : 648551047715
@@@ mem[ 2824] = 00442783830080e7 : 19183744208371943
@@@ mem[ 2832] = 0087a70300052223 : 38182753183015459
@@@ mem[ 2840] = 00e5222301452023 : 64495303407247395
@@@ mem[ 2848] = 0000009700a7a423 : 648551048227
@@@ mem[ 2856] = 00442783810080e7 : 19183744174817511
@@@ mem[ 2864] = 0047a70300052223 : 20168354673533475
@@@ mem[ 2872] = 00e5222301252023 : 64495303405150243
@@@ mem[ 2880] = fffff09700a7a223 : 18446727130074554915
@@@ mem[ 2888] = 004427837f0080e7 : 19183744141263079
@@@ mem[ 2896] = 0107a70300052223 : 74211550201979427
@@@ mem[ 2904] = 00e5222301452023 : 64495303407247395
@@@ mem[ 2912] = fffff09700a7a823 : 18446727130074556451
@@@ mem[ 2920] = 004427837d0080e7 : 19183744107708647
@@@ mem[ 2928] = 0047a70300052223 : 20168354673533475
@@@ mem[ 2936] = 00e5222300952023 : 64495303395713059
@@@ mem[ 2944] = fffff09700a7a223 : 18446727130074554915
@@@ mem[ 2952] = 004427837b0080e7 : 19183744074154215
@@@ mem[ 2960] = 00c7a70300052223 : 56197151692497443
@@@ mem[ 2968] = 00e5222301452023 : 64495303407247395
@@@ mem[ 2976] = fffff09700a7a623 : 18446727130074555939
@@@ mem[ 2984] = 00442783790080e7 : 19183744040599783
@@@ mem[ 2992] = 0087a70300052223 : 38182753183015459
@@@ mem[ 3000] = 00e5222301252023 : 64495303405150243
@@@ mem[ 3008] = fffff09700a7a423 : 18446727130074555427
@@@ mem[ 3016] = 00442783770080e7 : 19183744007045351
@@@ mem[ 3024] = 0107a70300052223 : 74211550201979427
@@@ mem[ 3032] = 00e5222301352023 : 64495303406198819
@@@ mem[ 3040] = fffff09700a7a823 : 18446727130074556451
@@@ mem[ 3048] = 00442783750080e7 : 19183743973490919
@@@ mem[ 3056] = 00c7a70300052223 : 56197151692497443
@@@ mem[ 3064] = 00e5222301252023 : 64495303405150243
@@@ mem[ 3072] = fffff09700a7a623 : 18446727130074555939
@@@ mem[ 3080] = 00442783730080e7 : 19183743939936487
@@@ mem[ 3088] = 01c1208300052223 : 126418011556225571
@@@ mem[ 3096] = 009520230107a703 : 41975106243110659
@@@ mem[ 3104] = 00e5222301012903 : 64495303402793219
@@@ mem[ 3112] = 0004051300a7a823 : 1131479080347683
@@@ mem[ 3120] = 0141248301812403 : 90393612608676867
@@@ mem[ 3128] = 00812a0300c12983 : 36356464381602179
@@@ mem[ 3136] = 0201011300000593 : 144397844168574355
@@@ mem[ 3144] = c303006700000317 : 14052075704707711767
@@@ mem[ 3152] = 0004a02300052023 : 1301972091478051
@@@ mem[ 3160] = 0004a22300052223 : 1304171114734115
@@@ mem[ 3168] = 0004a42300052423 : 1306370137990179
@@@ mem[ 3176] = 0004a62300052623 : 1308569161246243
@@@ mem[ 3184] = 0004a82300052823 : 1310768184502307
@@@ mem[ 3192] = 0004aa2300052a23 : 1312967207758371
@@@ mem[ 3200] = ff010113dd5ff06f : 18374969139478392943
@@@ mem[ 3208] = 0091222300812423 : 40851405350708259
@@@ mem[ 3216] = 0005041300112623 : 1411854535566883
@@@ mem[ 3224] = fffff09700058493 : 18446727130063930515
@@@ mem[ 3232] = 00042783698080e7 : 1169345271070951
@@@ mem[ 3240] = 00c1208300952023 : 54360417527734307
@@@ mem[ 3248] = 00a4202300f52223 : 46197230892556835
@@@ mem[ 3256] = 0041248300812403 : 18336018553971715
@@@ mem[ 3264] = 0000806701010113 : 141179886829843
@@@ mem[ 3272] = 000527830005a703 : 1450818478122755
@@@ mem[ 3280] = 00f5a02300e52023 : 69137441493426211
@@@ mem[ 3288] = 04050e6300008067 : 289653569399849063
@@@ mem[ 3296] = 0000081300452303 : 8877701931779
@@@ mem[ 3304] = 0005260304680863 : 1449169284237411
@@@ mem[ 3312] = 0005059300030793 : 1413503802083219
@@@ mem[ 3320] = 01c0006f00000893 : 126101266307745939
@@@ mem[ 3328] = 00c7a02300e5a023 : 56189592564768803
@@@ mem[ 3336] = 0010089302d80463 : 4513027128296547
@@@ mem[ 3344] = 0006879300078593 : 1837915290699155
@@@ mem[ 3352] = 0047a6830007a703 : 20167804917884675
@@@ mem[ 3360] = 00070613fec740e3 : 1977007785591011
@@@ mem[ 3368] = 00088663ff0694e3 : 2399563852190947
@@@ mem[ 3376] = fa681ce300078813 : 18043703668343539731
@@@ mem[ 3384] = 000027b700008067 : 43666932531303
@@@ mem[ 3392] = 0007a503ca078793 : 2151760529950611
@@@ mem[ 3400] = 0087a6030047a583 : 38181653675746691
@@@ mem[ 3408] = 0107a70300c7a683 : 74211550214727299
@@@ mem[ 3416] = fc0101130147a783 : 18158796353672030083
@@@ mem[ 3424] = 0331262302912a23 : 230006987781384739
@@@ mem[ 3432] = 02112e2300a12423 : 148950990549230627
@@@ mem[ 3440] = 0321282302812c23 : 225505587176221731
@@@ mem[ 3448] = 00c1282300b12623 : 54368801305732643
@@@ mem[ 3456] = 00e12c2300d12a23 : 63380398609082915
@@@ mem[ 3464] = 0081049300f12e23 : 36315301418184227
@@@ mem[ 3472] = 0000051302010993 : 5579196139923
@@@ mem[ 3480] = 000504130004a903 : 1411854534748419
@@@ mem[ 3488] = 594080e7fffff097 : 6431282001805832343
@@@ mem[ 3496] = 0085222301252023 : 37473705640927267
@@@ mem[ 3504] = ff3492e300448493 : 18389484682120299667
@@@ mem[ 3512] = 0486886300000693 : 326097981814081171
@@@ mem[ 3520] = 0004079300052583 : 1134227848766851
@@@ mem[ 3528] = 0000089300050813 : 9427453544467
@@@ mem[ 3536] = 00c8202301c0006f : 56330330067435631
@@@ mem[ 3544] = 02e6846300b7a023 : 208999993467969571
@@@ mem[ 3552] = 0007881300100893 : 2119940023781523
@@@ mem[ 3560] = 0007a60300070793 : 2152856652547987
@@@ mem[ 3568] = feb640e30047a703 : 18353928675101484803
@@@ mem[ 3576] = fed714e300060593 : 18363168970817013139
@@@ mem[ 3584] = 0007869300088663 : 2118290755847779
@@@ mem[ 3592] = 03c12083fa869ce3 : 270533203834871011
@@@ mem[ 3600] = 0341248303812403 : 234508800718087171
@@@ mem[ 3608] = 02c1298303012903 : 198485501248874755
@@@ mem[ 3616] = 0000806704010113 : 141179937161491
@@@ mem[ 3624] = cc06a703000026b7 : 14701621664924313271
@@@ mem[ 3632] = d5478793000067b7 : 15368401318855075767
@@@ mem[ 3640] = 0027161300170713 : 11001794953414419
@@@ mem[ 3648] = cce6a02300c787b3 : 14764664500578125747
@@@ mem[ 3656] = 0000806700a7a023 : 141179880972323
@@@ mem[ 3664] = cc06a703000026b7 : 14701621664924313271
@@@ mem[ 3672] = d5478793000067b7 : 15368401318855075767
@@@ mem[ 3680] = 00c787b300271613 : 56162723236877843
@@@ mem[ 3688] = 0007a503fff70713 : 2151761434838803
@@@ mem[ 3696] = 00008067cce6a023 : 141183307653155
@@@ mem[ 3704] = cc07a703000027b7 : 14701903139901024183
@@@ mem[ 3712] = d5478793000067b7 : 15368401318855075767
@@@ mem[ 3720] = 00e787b300271713 : 65169922491619091
@@@ mem[ 3728] = 000080670007a503 : 141179870487811
@@@ mem[ 3736] = cc07a503000027b7 : 14701900940877768631
@@@ mem[ 3744] = 0015351300150513 : 5969330232952083
@@@ mem[ 3752] = ff01011300008067 : 18374969135764373607
@@@ mem[ 3760] = fffff09700112623 : 18446727130064692771
@@@ mem[ 3768] = 000026b7350080e7 : 42568310096103
@@@ mem[ 3776] = 000067b7ce06a703 : 114039133218563
@@@ mem[ 3784] = 0027161300c12083 : 11001794964562051
@@@ mem[ 3792] = 00050023d6878793 : 1407528806614931
@@@ mem[ 3800] = 00c787b300170713 : 56162723235825427
@@@ mem[ 3808] = 00a7a023cee6a023 : 47182396766199843
@@@ mem[ 3816] = 0000806701010113 : 141179886829843
@@@ mem[ 3824] = 00a787b300251793 : 47155523982006163
@@@ mem[ 3832] = 00b787b300259713 : 51659123609409299
@@@ mem[ 3840] = 0000673700b705b3 : 113485932856755
@@@ mem[ 3848] = 00279793cf070713 : 11144185181046547
@@@ mem[ 3856] = 0010069300a58533 : 4510828068177203
@@@ mem[ 3864] = 0025151300f707b3 : 10437745503045555
@@@ mem[ 3872] = 00a7053300d7a023 : 47012037726281763
@@@ mem[ 3880] = 0000806700d52023 : 141179883954211
@@@ mem[ 3888] = ce07a803000027b7 : 14846019427488507831
@@@ mem[ 3896] = 1300546300050713 : 1369187070899455763
@@@ mem[ 3904] = 00a586b300251593 : 46591474516956563
@@@ mem[ 3912] = cf078793000067b7 : 14918041356118026167
@@@ mem[ 3920] = 00d786b300269693 : 60665223352587923
@@@ mem[ 3928] = 001006930006a603 : 4510828057765379
@@@ mem[ 3936] = 001006130cd60063 : 4510278516867171
@@@ mem[ 3944] = 00e586b30ec80e63 : 64605873272000099
@@@ mem[ 3952] = 00d786b300269693 : 60665223352587923
@@@ mem[ 3960] = 0ac50e630046a503 : 776042329160459523
@@@ mem[ 3968] = 0ed8006300200693 : 1069605336704353939
@@@ mem[ 3976] = 0026969300e586b3 : 10861607234406067
@@@ mem[ 3984] = 0086a60300d786b3 : 37900178708465331
@@@ mem[ 3992] = 0ad6086300100693 : 780820806691194515
@@@ mem[ 4000] = 0cd8006300300693 : 925490148629546643
@@@ mem[ 4008] = 0026969300e586b3 : 10861607234406067
@@@ mem[ 4016] = 00c6a60300d786b3 : 55914577217947315
@@@ mem[ 4024] = 02d6066300100693 : 204357855364515475
@@@ mem[ 4032] = 0ad8006300400693 : 781374960554739347
@@@ mem[ 4040] = 0027171300e58733 : 11002894478575411
@@@ mem[ 4048] = 0107a70300e787b3 : 74211550216816563
@@@ mem[ 4056] = fff0051300100793 : 18442246053245749139
@@@ mem[ 4064] = 0000806702f70063 : 141179919728739
@@@ mem[ 4072] = d746a683000066b7 : 15512269048095205047
@@@ mem[ 4080] = fc0696e30006c683 : 18160368449120290435
@@@ mem[ 4088] = 0000806700300513 : 141179873133843
@@@ mem[ 4096] = d787a783000067b7 : 15530566021093025719
@@@ mem[ 4104] = 00a035330007c503 : 45094489433818371
@@@ mem[ 4112] = ffb5751340a00533 : 18425762176005309747
@@@ mem[ 4120] = 0000806700450513 : 141179874510099
@@@ mem[ 4128] = d686a683000066b7 : 15458225852566759095
@@@ mem[ 4136] = f2069ce30006c683 : 17439799105810777731
@@@ mem[ 4144] = 0000806700000513 : 141179869988115
@@@ mem[ 4152] = d6c6a683000066b7 : 15476240251076241079
@@@ mem[ 4160] = f2069ee30006c683 : 17439801304834033283
@@@ mem[ 4168] = 000066b700008067 : 112936165081191
@@@ mem[ 4176] = 0006c683d706a683 : 1907119410816643
@@@ mem[ 4184] = 00200513f40694e3 : 9012782511330531
@@@ mem[ 4192] = fff0051300008067 : 18442246053244731495
@@@ mem[ 4200] = 000023b700008067 : 39268886020199
@@@ mem[ 4208] = 00006337cc03a583 : 109091297142147
@@@ mem[ 4216] = 00032283d6830313 : 882374565102355
@@@ mem[ 4224] = 000068b700158593 : 115135189714323
@@@ mem[ 4232] = d548889300100713 : 15368683893344438035
@@@ mem[ 4240] = 00e2802300259793 : 63754232551282579
@@@ mem[ 4248] = 0007a02300f887b3 : 2146397037561779
@@@ mem[ 4256] = ccb3a02300002737 : 14750309276752815927
@@@ mem[ 4264] = ce072503fff00793 : 14845875395759179667
@@@ mem[ 4272] = fe0101131ef58e63 : 18302911542245822051
@@@ mem[ 4280] = 00912c2300812e23 : 40862400466988579
@@@ mem[ 4288] = 0131282301212a23 : 85893998704667171
@@@ mem[ 4296] = 0083248300432403 : 36913367012811779
@@@ mem[ 4304] = 0103298300c32903 : 72947661598304515
@@@ mem[ 4312] = 0141262300006837 : 90395399289858103
@@@ mem[ 4320] = cf08081300000713 : 14918182643362170643
@@@ mem[ 4328] = 00200e9300100693 : 9023223778772627
@@@ mem[ 4336] = 00400f9300300f13 : 18031522547240723
@@@ mem[ 4344] = 06a05e63fff00e13 : 477485344089968147
@@@ mem[ 4352] = 00e7863300271793 : 65168273224177555
@@@ mem[ 4360] = 00c8063300261613 : 56301811457725971
@@@ mem[ 4368] = 06d60e6300062603 : 492597027608602115
@@@ mem[ 4376] = 00e7863306d50063 : 65168273336238179
@@@ mem[ 4384] = 00c8063300261613 : 56301811457725971
@@@ mem[ 4392] = 0ed60a6300462603 : 1069053381869708803
@@@ mem[ 4400] = 00e7863305d50463 : 65168273319461987
@@@ mem[ 4408] = 00c8063300261613 : 56301811457725971
@@@ mem[ 4416] = 10d6006300862603 : 1213157574833481219
@@@ mem[ 4424] = 00e7863303e50863 : 65168273286957155
@@@ mem[ 4432] = 00c8063300261613 : 56301811457725971
@@@ mem[ 4440] = 10d6086300c62603 : 1213166370930697731
@@@ mem[ 4448] = 00e787b301f50c63 : 65169922521893987
@@@ mem[ 4456] = 00f807b300279793 : 69814259607377811
@@@ mem[ 4464] = 12d780630107a783 : 1357694975382890371
@@@ mem[ 4472] = 03c58e63fff58593 : 271779912672970131
@@@ mem[ 4480] = 00f887b300259793 : 69954997095602067
@@@ mem[ 4488] = f71ff06f0007a703 : 17807215811178768131
@@@ mem[ 4496] = f80612e30002c603 : 17871992937433449987
@@@ mem[ 4504] = 0000061300028713 : 6678674310931
@@@ mem[ 4512] = 0025979300158593 : 10581231755691411
@@@ mem[ 4520] = 00f887b300d70023 : 69954997107228707
@@@ mem[ 4528] = fdc596e300c7a023 : 18286187763722592291
@@@ mem[ 4536] = 04a05463ccb3a023 : 333359160038236195
@@@ mem[ 4544] = 0010079300028023 : 4511927569121315
@@@ mem[ 4552] = 0043270302f50e63 : 18901717327613539
@@@ mem[ 4560] = 0007002300200793 : 1970475162929043
@@@ mem[ 4568] = 0083270302f50663 : 36916115837093475
@@@ mem[ 4576] = 0007002300300793 : 1970475163977619
@@@ mem[ 4584] = 00c3270300f50e63 : 54930514313023075
@@@ mem[ 4592] = 0007002300400793 : 1970475165026195
@@@ mem[ 4600] = 0103278300f50663 : 72945462578316899
@@@ mem[ 4608] = 01c1240300078023 : 126421859847077923
@@@ mem[ 4616] = 0141290301812483 : 90398560411001987
@@@ mem[ 4624] = 00c12a0301012983 : 54370862895278467
@@@ mem[ 4632] = 0000806702010113 : 141179903607059
@@@ mem[ 4640] = f00a16e300044a03 : 17296662483083479555
@@@ mem[ 4648] = 0004071300158593 : 1133678094026131
@@@ mem[ 4656] = 00d7002300259793 : 60517270319110035
@@@ mem[ 4664] = 00c7a02300f887b3 : 56189592566007731
@@@ mem[ 4672] = 0004c603f75ff06f : 1343620244303983
@@@ mem[ 4680] = 00158593f00610e3 : 6057844944539875
@@@ mem[ 4688] = 0025979300048713 : 10581231754577683
@@@ mem[ 4696] = 00d7002300200613 : 60517270318745107
@@@ mem[ 4704] = 00c7a02300f887b3 : 56189592566007731
@@@ mem[ 4712] = 00094603f4dff06f : 2610257597558895
@@@ mem[ 4720] = 00158593ee0618e3 : 6057844910987491
@@@ mem[ 4728] = 0025979300090713 : 10581231754872595
@@@ mem[ 4736] = 00d7002300300613 : 60517270319793683
@@@ mem[ 4744] = 00c7a02300f887b3 : 56189592566007731
@@@ mem[ 4752] = 0009c783f25ff06f : 2752644311412847
@@@ mem[ 4760] = 0040061300098713 : 18021077184251667
@@@ mem[ 4768] = fff58593f00780e3 : 18443794719399444707
@@@ mem[ 4776] = 04a05463ed5ff06f : 333359160586399855
@@@ mem[ 4784] = 0010079300028023 : 4511927569121315
@@@ mem[ 4792] = 0043270302f50e63 : 18901717327613539
@@@ mem[ 4800] = 0007002300200793 : 1970475162929043
@@@ mem[ 4808] = 0083270302f50663 : 36916115837093475
@@@ mem[ 4816] = 0007002300300793 : 1970475163977619
@@@ mem[ 4824] = 00c3270300f50e63 : 54930514313023075
@@@ mem[ 4832] = 0007002300400793 : 1970475165026195
@@@ mem[ 4840] = 0103278300f50663 : 72945462578316899
@@@ mem[ 4848] = 0000806700078023 : 141179870478371
@@@ mem[ 4856] = 00812423ff010113 : 36350009016385811
@@@ mem[ 4864] = cf04041300006437 : 14917052345408840759
@@@ mem[ 4872] = 0091222300112623 : 40851405343368739
@@@ mem[ 4880] = 000024b701212023 : 40368416563235
@@@ mem[ 4888] = 0004222300042023 : 1163433626312739
@@@ mem[ 4896] = 0004262300042423 : 1167831672824867
@@@ mem[ 4904] = 00042a2300042823 : 1172229719336995
@@@ mem[ 4912] = 00042e2300042c23 : 1176627765849123
@@@ mem[ 4920] = 0204222302042023 : 145278621735723043
@@@ mem[ 4928] = 0204262302042423 : 145283019782235171
@@@ mem[ 4936] = 02042a2302042823 : 145287417828747299
@@@ mem[ 4944] = 02042e2302042c23 : 145291815875259427
@@@ mem[ 4952] = 0404222304042023 : 289393809845133347
@@@ mem[ 4960] = 0404262304042423 : 289398207891645475
@@@ mem[ 4968] = 04042a2304042823 : 289402605938157603
@@@ mem[ 4976] = 04042e2304042c23 : 289407003984669731
@@@ mem[ 4984] = fffff09706042023 : 18446727130164502563
@@@ mem[ 4992] = ce04a783e88080e7 : 14845174456703287527
@@@ mem[ 5000] = d689091300006937 : 15458897173134993719
@@@ mem[ 5008] = 00e9073300279713 : 65591585200903955
@@@ mem[ 5016] = 0017879300050023 : 6622989894615075
@@@ mem[ 5024] = 00a72023cef4a023 : 47041659278762019
@@@ mem[ 5032] = e5c080e7fffff097 : 16555373964134707351
@@@ mem[ 5040] = 00050023ce04a783 : 1407528663820163
@@@ mem[ 5048] = 00e9073300279713 : 65591585200903955
@@@ mem[ 5056] = cef4a02300178793 : 14912720338316396435
@@@ mem[ 5064] = fffff09700a72023 : 18446727130074521635
@@@ mem[ 5072] = ce04a783e38080e7 : 14845174456619401447
@@@ mem[ 5080] = 0027971300050023 : 11143631952216099
@@@ mem[ 5088] = 0017879300e90733 : 6622989909559091
@@@ mem[ 5096] = 00a72023cef4a023 : 47041659278762019
@@@ mem[ 5104] = e14080e7fffff097 : 16231114790964031639
@@@ mem[ 5112] = 00050023ce04a783 : 1407528663820163
@@@ mem[ 5120] = 00e9073300279713 : 65591585200903955
@@@ mem[ 5128] = cef4a02300178793 : 14912720338316396435
@@@ mem[ 5136] = fffff09700a72023 : 18446727130074521635
@@@ mem[ 5144] = ce04a703df0080e7 : 14845173906788090087
@@@ mem[ 5152] = 0005002300100793 : 1407525208459155
@@@ mem[ 5160] = 00d9093300271693 : 61090184596756115
@@@ mem[ 5168] = 00f42a2300f42223 : 68726224145621539
@@@ mem[ 5176] = 02f4242300f42423 : 212834815151711267
@@@ mem[ 5184] = 02f42e2300f42623 : 212845810267989539
@@@ mem[ 5192] = 04f42a2302f42223 : 356956600330887715
@@@ mem[ 5200] = 04f42c2302f42c23 : 356958799354145827
@@@ mem[ 5208] = 04f42e2304f42623 : 356960998410954275
@@@ mem[ 5216] = 0081240300170713 : 36349867300685587
@@@ mem[ 5224] = cee4a02300c12083 : 14908216738700140675
@@@ mem[ 5232] = 0041248300a92023 : 18336018556592163
@@@ mem[ 5240] = 0101011300012903 : 72340250130721027
@@@ mem[ 5248] = bec3006700000317 : 13745830930046518039
@@@ mem[ 5256] = 00200793fff50713 : 9015531490576147
@@@ mem[ 5264] = 0040079368e7fc63 : 18022728211102819
@@@ mem[ 5272] = 0050079368f50863 : 22526327839328355
@@@ mem[ 5280] = 0060079368f50463 : 27029927466697827
@@@ mem[ 5288] = fe01011368f50063 : 18302911543487299683
@@@ mem[ 5296] = 00112e2300812c23 : 4835802471279651
@@@ mem[ 5304] = 0121282300912a23 : 81390399067859491
@@@ mem[ 5312] = ffa5041301312623 : 18421134330499769891
@@@ mem[ 5320] = 62f40e6300100793 : 7130339928399939475
@@@ mem[ 5328] = 0005849300040513 : 1553141778875667
@@@ mem[ 5336] = 0006899300060913 : 1840114313857299
@@@ mem[ 5344] = bd4080e7fffff097 : 13637041405598625943
@@@ mem[ 5352] = 0009861300048693 : 2680690953193107
@@@ mem[ 5360] = 0004051300090593 : 1131479069951379
@@@ mem[ 5368] = bbc080e7fffff097 : 13528955014541734039
@@@ mem[ 5376] = 0004861300090693 : 1273316069934739
@@@ mem[ 5384] = 0004051300098593 : 1131479069984147
@@@ mem[ 5392] = ba4080e7fffff097 : 13420868623484842135
@@@ mem[ 5400] = 0009061300098693 : 2539953465165459
@@@ mem[ 5408] = 0004051300048593 : 1131479069656467
@@@ mem[ 5416] = b8c080e7fffff097 : 13312782232427950231
@@@ mem[ 5424] = 0009861300048693 : 2680690953193107
@@@ mem[ 5432] = 0004051300090593 : 1131479069951379
@@@ mem[ 5440] = b74080e7fffff097 : 13204695841371058327
@@@ mem[ 5448] = 0004861300090693 : 1273316069934739
@@@ mem[ 5456] = 0004051300098593 : 1131479069984147
@@@ mem[ 5464] = b5c080e7fffff097 : 13096609450314166423
@@@ mem[ 5472] = 0009061300098693 : 2539953465165459
@@@ mem[ 5480] = 0004051300048593 : 1131479069656467
@@@ mem[ 5488] = b44080e7fffff097 : 12988523059257274519
@@@ mem[ 5496] = 0009861300048693 : 2680690953193107
@@@ mem[ 5504] = 0004051300090593 : 1131479069951379
@@@ mem[ 5512] = b2c080e7fffff097 : 12880436668200382615
@@@ mem[ 5520] = 56f40a6300100793 : 6265644401898293139
@@@ mem[ 5528] = 0004861300090693 : 1273316069934739
@@@ mem[ 5536] = 0004051300098593 : 1131479069984147
@@@ mem[ 5544] = b0c080e7fffff097 : 12736321480124526743
@@@ mem[ 5552] = 0009061300098693 : 2539953465165459
@@@ mem[ 5560] = 0004051300048593 : 1131479069656467
@@@ mem[ 5568] = af4080e7fffff097 : 12628235089067634839
@@@ mem[ 5576] = 0009861300048693 : 2680690953193107
@@@ mem[ 5584] = 0004051300090593 : 1131479069951379
@@@ mem[ 5592] = adc080e7fffff097 : 12520148698010742935
@@@ mem[ 5600] = 0004861300090693 : 1273316069934739
@@@ mem[ 5608] = 0004051300098593 : 1131479069984147
@@@ mem[ 5616] = ac4080e7fffff097 : 12412062306953851031
@@@ mem[ 5624] = 0009061300098693 : 2539953465165459
@@@ mem[ 5632] = 0004051300048593 : 1131479069656467
@@@ mem[ 5640] = aac080e7fffff097 : 12303975915896959127
@@@ mem[ 5648] = 0009861300048693 : 2680690953193107
@@@ mem[ 5656] = 0004051300090593 : 1131479069951379
@@@ mem[ 5664] = a94080e7fffff097 : 12195889524840067223
@@@ mem[ 5672] = 0004861300090693 : 1273316069934739
@@@ mem[ 5680] = 0004051300098593 : 1131479069984147
@@@ mem[ 5688] = a7c080e7fffff097 : 12087803133783175319
@@@ mem[ 5696] = 0009061300098693 : 2539953465165459
@@@ mem[ 5704] = 0004051300048593 : 1131479069656467
@@@ mem[ 5712] = a64080e7fffff097 : 11979716742726283415
@@@ mem[ 5720] = 4af4066300100793 : 5400948875396646803
@@@ mem[ 5728] = 0009861300048693 : 2680690953193107
@@@ mem[ 5736] = 0004051300090593 : 1131479069951379
@@@ mem[ 5744] = a44080e7fffff097 : 11835601554650427543
@@@ mem[ 5752] = 0004861300090693 : 1273316069934739
@@@ mem[ 5760] = 0004051300098593 : 1131479069984147
@@@ mem[ 5768] = a2c080e7fffff097 : 11727515163593535639
@@@ mem[ 5776] = 0009061300098693 : 2539953465165459
@@@ mem[ 5784] = 0004051300048593 : 1131479069656467
@@@ mem[ 5792] = a14080e7fffff097 : 11619428772536643735
@@@ mem[ 5800] = 0009861300048693 : 2680690953193107
@@@ mem[ 5808] = 0004051300090593 : 1131479069951379
@@@ mem[ 5816] = 9fc080e7fffff097 : 11511342381479751831
@@@ mem[ 5824] = 0004861300090693 : 1273316069934739
@@@ mem[ 5832] = 0004051300098593 : 1131479069984147
@@@ mem[ 5840] = 9e4080e7fffff097 : 11403255990422859927
@@@ mem[ 5848] = 0009061300098693 : 2539953465165459
@@@ mem[ 5856] = 0004051300048593 : 1131479069656467
@@@ mem[ 5864] = 9cc080e7fffff097 : 11295169599365968023
@@@ mem[ 5872] = 0009861300048693 : 2680690953193107
@@@ mem[ 5880] = 0004051300090593 : 1131479069951379
@@@ mem[ 5888] = 9b4080e7fffff097 : 11187083208309076119
@@@ mem[ 5896] = 0004861300090693 : 1273316069934739
@@@ mem[ 5904] = 0004051300098593 : 1131479069984147
@@@ mem[ 5912] = 99c080e7fffff097 : 11078996817252184215
@@@ mem[ 5920] = 3ef4026300100793 : 4536253348895000467
@@@ mem[ 5928] = 0009061300098693 : 2539953465165459
@@@ mem[ 5936] = 0004051300048593 : 1131479069656467
@@@ mem[ 5944] = 97c080e7fffff097 : 10934881629176328343
@@@ mem[ 5952] = 0009861300048693 : 2680690953193107
@@@ mem[ 5960] = 0004051300090593 : 1131479069951379
@@@ mem[ 5968] = 964080e7fffff097 : 10826795238119436439
@@@ mem[ 5976] = 0004861300090693 : 1273316069934739
@@@ mem[ 5984] = 0004051300098593 : 1131479069984147
@@@ mem[ 5992] = 94c080e7fffff097 : 10718708847062544535
@@@ mem[ 6000] = 0009061300098693 : 2539953465165459
@@@ mem[ 6008] = 0004051300048593 : 1131479069656467
@@@ mem[ 6016] = 934080e7fffff097 : 10610622456005652631
@@@ mem[ 6024] = 0009861300048693 : 2680690953193107
@@@ mem[ 6032] = 0004051300090593 : 1131479069951379
@@@ mem[ 6040] = 91c080e7fffff097 : 10502536064948760727
@@@ mem[ 6048] = 0004861300090693 : 1273316069934739
@@@ mem[ 6056] = 0004051300098593 : 1131479069984147
@@@ mem[ 6064] = 904080e7fffff097 : 10394449673891868823
@@@ mem[ 6072] = 0009061300098693 : 2539953465165459
@@@ mem[ 6080] = 0004051300048593 : 1131479069656467
@@@ mem[ 6088] = 8ec080e7fffff097 : 10286363282834976919
@@@ mem[ 6096] = 0009861300048693 : 2680690953193107
@@@ mem[ 6104] = 0004051300090593 : 1131479069951379
@@@ mem[ 6112] = 8d4080e7fffff097 : 10178276891778085015
@@@ mem[ 6120] = 30f40e6300100793 : 3527460226503542675
@@@ mem[ 6128] = 0004861300090693 : 1273316069934739
@@@ mem[ 6136] = 0004051300098593 : 1131479069984147
@@@ mem[ 6144] = 8b4080e7fffff097 : 10034161703702229143
@@@ mem[ 6152] = 0009061300098693 : 2539953465165459
@@@ mem[ 6160] = 0004051300048593 : 1131479069656467
@@@ mem[ 6168] = 89c080e7fffff097 : 9926075312645337239
@@@ mem[ 6176] = 0009861300048693 : 2680690953193107
@@@ mem[ 6184] = 0004051300090593 : 1131479069951379
@@@ mem[ 6192] = 884080e7fffff097 : 9817988921588445335
@@@ mem[ 6200] = 0004861300090693 : 1273316069934739
@@@ mem[ 6208] = 0004051300098593 : 1131479069984147
@@@ mem[ 6216] = 86c080e7fffff097 : 9709902530531553431
@@@ mem[ 6224] = 0009061300098693 : 2539953465165459
@@@ mem[ 6232] = 0004051300048593 : 1131479069656467
@@@ mem[ 6240] = 854080e7fffff097 : 9601816139474661527
@@@ mem[ 6248] = 0009861300048693 : 2680690953193107
@@@ mem[ 6256] = 0004051300090593 : 1131479069951379
@@@ mem[ 6264] = 83c080e7fffff097 : 9493729748417769623
@@@ mem[ 6272] = 0004861300090693 : 1273316069934739
@@@ mem[ 6280] = 0004051300098593 : 1131479069984147
@@@ mem[ 6288] = 824080e7fffff097 : 9385643357360877719
@@@ mem[ 6296] = 0009061300098693 : 2539953465165459
@@@ mem[ 6304] = 0004051300048593 : 1131479069656467
@@@ mem[ 6312] = 80c080e7fffff097 : 9277556966303985815
@@@ mem[ 6320] = 24f40a6300100793 : 2662764700001896339
@@@ mem[ 6328] = 0009861300048693 : 2680690953193107
@@@ mem[ 6336] = 0004051300090593 : 1131479069951379
@@@ mem[ 6344] = 7ec080e7ffffe097 : 9133441778228125847
@@@ mem[ 6352] = 0004861300090693 : 1273316069934739
@@@ mem[ 6360] = 0004051300098593 : 1131479069984147
@@@ mem[ 6368] = 7d4080e7ffffe097 : 9025355387171233943
@@@ mem[ 6376] = 0009061300098693 : 2539953465165459
@@@ mem[ 6384] = 0004051300048593 : 1131479069656467
@@@ mem[ 6392] = 7bc080e7ffffe097 : 8917268996114342039
@@@ mem[ 6400] = 0009861300048693 : 2680690953193107
@@@ mem[ 6408] = 0004051300090593 : 1131479069951379
@@@ mem[ 6416] = 7a4080e7ffffe097 : 8809182605057450135
@@@ mem[ 6424] = 0004861300090693 : 1273316069934739
@@@ mem[ 6432] = 0004051300098593 : 1131479069984147
@@@ mem[ 6440] = 78c080e7ffffe097 : 8701096214000558231
@@@ mem[ 6448] = 0009061300098693 : 2539953465165459
@@@ mem[ 6456] = 0004051300048593 : 1131479069656467
@@@ mem[ 6464] = 774080e7ffffe097 : 8593009822943666327
@@@ mem[ 6472] = 0009861300048693 : 2680690953193107
@@@ mem[ 6480] = 0004051300090593 : 1131479069951379
@@@ mem[ 6488] = 75c080e7ffffe097 : 8484923431886774423
@@@ mem[ 6496] = 0004861300090693 : 1273316069934739
@@@ mem[ 6504] = 0004051300098593 : 1131479069984147
@@@ mem[ 6512] = 744080e7ffffe097 : 8376837040829882519
@@@ mem[ 6520] = 18f4066300100793 : 1798069173500250003
@@@ mem[ 6528] = 0009061300098693 : 2539953465165459
@@@ mem[ 6536] = 0004051300048593 : 1131479069656467
@@@ mem[ 6544] = 724080e7ffffe097 : 8232721852754026647
@@@ mem[ 6552] = 0009861300048693 : 2680690953193107
@@@ mem[ 6560] = 0004051300090593 : 1131479069951379
@@@ mem[ 6568] = 70c080e7ffffe097 : 8124635461697134743
@@@ mem[ 6576] = 0004861300090693 : 1273316069934739
@@@ mem[ 6584] = 0004051300098593 : 1131479069984147
@@@ mem[ 6592] = 6f4080e7ffffe097 : 8016549070640242839
@@@ mem[ 6600] = 0009061300098693 : 2539953465165459
@@@ mem[ 6608] = 0004051300048593 : 1131479069656467
@@@ mem[ 6616] = 6dc080e7ffffe097 : 7908462679583350935
@@@ mem[ 6624] = 0009861300048693 : 2680690953193107
@@@ mem[ 6632] = 0004051300090593 : 1131479069951379
@@@ mem[ 6640] = 6c4080e7ffffe097 : 7800376288526459031
@@@ mem[ 6648] = 0004861300090693 : 1273316069934739
@@@ mem[ 6656] = 0004051300098593 : 1131479069984147
@@@ mem[ 6664] = 6ac080e7ffffe097 : 7692289897469567127
@@@ mem[ 6672] = 0009061300098693 : 2539953465165459
@@@ mem[ 6680] = 0004051300048593 : 1131479069656467
@@@ mem[ 6688] = 694080e7ffffe097 : 7584203506412675223
@@@ mem[ 6696] = 0009861300048693 : 2680690953193107
@@@ mem[ 6704] = 0004051300090593 : 1131479069951379
@@@ mem[ 6712] = 67c080e7ffffe097 : 7476117115355783319
@@@ mem[ 6720] = 0cf4026300100793 : 933373646998603667
@@@ mem[ 6728] = 0004861300090693 : 1273316069934739
@@@ mem[ 6736] = 0004051300098593 : 1131479069984147
@@@ mem[ 6744] = 65c080e7ffffe097 : 7332001927279927447
@@@ mem[ 6752] = 0009061300098693 : 2539953465165459
@@@ mem[ 6760] = 0004051300048593 : 1131479069656467
@@@ mem[ 6768] = 644080e7ffffe097 : 7223915536223035543
@@@ mem[ 6776] = 0009861300048693 : 2680690953193107
@@@ mem[ 6784] = 0004051300090593 : 1131479069951379
@@@ mem[ 6792] = 62c080e7ffffe097 : 7115829145166143639
@@@ mem[ 6800] = 0004861300090693 : 1273316069934739
@@@ mem[ 6808] = 0004051300098593 : 1131479069984147
@@@ mem[ 6816] = 614080e7ffffe097 : 7007742754109251735
@@@ mem[ 6824] = 0009061300098693 : 2539953465165459
@@@ mem[ 6832] = 0004051300048593 : 1131479069656467
@@@ mem[ 6840] = 5fc080e7ffffe097 : 6899656363052359831
@@@ mem[ 6848] = 0009861300048693 : 2680690953193107
@@@ mem[ 6856] = 0004051300090593 : 1131479069951379
@@@ mem[ 6864] = 5e4080e7ffffe097 : 6791569971995467927
@@@ mem[ 6872] = 0004861300090693 : 1273316069934739
@@@ mem[ 6880] = 0004051300098593 : 1131479069984147
@@@ mem[ 6888] = 5cc080e7ffffe097 : 6683483580938576023
@@@ mem[ 6896] = 0009061300098693 : 2539953465165459
@@@ mem[ 6904] = 0004051300048593 : 1131479069656467
@@@ mem[ 6912] = 5b4080e7ffffe097 : 6575397189881684119
@@@ mem[ 6920] = 0181240301c12083 : 108407461366538371
@@@ mem[ 6928] = 0101290301412483 : 72384161897325699
@@@ mem[ 6936] = 0000051300c12983 : 5579175176579
@@@ mem[ 6944] = 0000806702010113 : 141179903607059
@@@ mem[ 6952] = 0000806700000513 : 141179869988115
@@@ mem[ 6960] = ff01011300008067 : 18374969135764373607
@@@ mem[ 6968] = fffff09700112623 : 18446727130064692771
@@@ mem[ 6976] = fffff097e88080e7 : 18446727133964304615
@@@ mem[ 6984] = fffff0971f8080e7 : 18446727130592084199
@@@ mem[ 6992] = 005005137ac080e7 : 22523579358806247
@@@ mem[ 7000] = 0430061304200693 : 301747853777176211
@@@ mem[ 7008] = ffffe09704100593 : 18446709537945683347
@@@ mem[ 7016] = 00c12083550080e7 : 54360418944057575
@@@ mem[ 7024] = 0101011300000513 : 72340250130646291
@@@ mem[ 7032] = 00f0031300008067 : 67557374549852263
@@@ mem[ 7040] = 02c37e6300050713 : 199141772201625363
@@@ mem[ 7048] = 0a07906300f77793 : 722705020108634003
@@@ mem[ 7056] = ff06769308059263 : 18376505703398740579
@@@ mem[ 7064] = 00e686b300f67613 : 64887348016870931
@@@ mem[ 7072] = 00b7222300b72023 : 51547454469251107
@@@ mem[ 7080] = 00b7262300b72423 : 51551852515763235
@@@ mem[ 7088] = fed766e301070713 : 18363259130787333907
@@@ mem[ 7096] = 0000806700061463 : 141179870385251
@@@ mem[ 7104] = 0026969340c306b3 : 10861608305886899
@@@ mem[ 7112] = 005686b300000297 : 24354951354385047
@@@ mem[ 7120] = 00b7072300c68067 : 51517767656308839
@@@ mem[ 7128] = 00b7062300b706a3 : 51516668143666851
@@@ mem[ 7136] = 00b7052300b705a3 : 51515568632038819
@@@ mem[ 7144] = 00b7042300b704a3 : 51514469120410787
@@@ mem[ 7152] = 00b7032300b703a3 : 51513369608782755
@@@ mem[ 7160] = 00b7022300b702a3 : 51512270097154723
@@@ mem[ 7168] = 00b7012300b701a3 : 51511170585526691
@@@ mem[ 7176] = 00b7002300b700a3 : 51510071073898659
@@@ mem[ 7184] = 0ff5f59300008067 : 1150095291572060263
@@@ mem[ 7192] = 00d5e5b300859693 : 60206727010031251
@@@ mem[ 7200] = 00d5e5b301059693 : 60206727018419859
@@@ mem[ 7208] = 00279693f6dff06f : 11143086337945711
@@@ mem[ 7216] = 005686b300000297 : 24354951354385047
@@@ mem[ 7224] = fa0680e700008293 : 18016229088968082067
@@@ mem[ 7232] = ff07879300028093 : 18376805869938704531
@@@ mem[ 7240] = 00f6063340f70733 : 69249661473851187
@@@ mem[ 7248] = f3dff06ff6c378e3 : 17573028634695006435
@@@
@@@ mem[ 7328] = 000000380000000c : 240518168588
@@@ mem[ 7336] = 0000000b00000002 : 47244640258
@@@ mem[ 7344] = 0000005a00000001 : 386547056641
@@@
@@@ mem[ 7360] = 00003d80ffffffff : 67624260075519
@@@ mem[ 7368] = 0000000000001f70 : 8048
@@@
@@@ mem[ 7392] = 00001ce800000005 : 31782757990405
@@@ mem[ 7400] = 0000000000001ce8 : 7400
@@@ mem[ 7408] = 0000000c00001ce8 : 51539614952
@@@ mem[ 7416] = 00001d0c00000006 : 31937376813062
@@@ mem[ 7424] = 00001ce800001d2c : 31782757997868
@@@ mem[ 7432] = 00001d6c00000018 : 32349693673496
@@@ mem[ 7440] = 00001dec00001dcc : 32899449494988
@@@ mem[ 7448] = 00001e1c00001e0c : 33105607925260
@@@ mem[ 7456] = 00001ce800000000 : 31782757990400
@@@ mem[ 7464] = 0000000100000018 : 4294967320
@@@ mem[ 7472] = 0000000100000001 : 4294967297
@@@ mem[ 7480] = 0000000100000001 : 4294967297
@@@ mem[ 7488] = 00001ce800000000 : 31782757990400
@@@ mem[ 7496] = 0000000100000008 : 4294967304
@@@ mem[ 7504] = 00001ce800000000 : 31782757990400
@@@ mem[ 7512] = 0000000000000008 : 8
@@@ mem[ 7520] = 00001ce800000000 : 31782757990400
@@@ mem[ 7528] = 0000000200000008 : 8589934600
@@@ mem[ 7536] = 00001ce800001d4c : 31782757997900
@@@ mem[ 7544] = 0000000000000008 : 8
@@@ mem[ 7552] = 00001ce800000000 : 31782757990400
@@@ mem[ 7560] = 0000000200000008 : 8589934600
@@@ mem[ 7568] = 00001ce800001d5c : 31782757997916
@@@ mem[ 7576] = 0000000100000008 : 4294967304
@@@ mem[ 7584] = 00001ce800001d7c : 31782757997948
@@@ mem[ 7592] = 0000000400000008 : 17179869192
@@@ mem[ 7600] = 00001ce800001d8c : 31782757997964
@@@ mem[ 7608] = 0000000100000008 : 4294967304
@@@ mem[ 7616] = 00001ce800000000 : 31782757990400
@@@ mem[ 7624] = 0000000300000008 : 12884901896
@@@ mem[ 7632] = 00001ce800001dac : 31782757997996
@@@ mem[ 7640] = 0000000100000008 : 4294967304
@@@ mem[ 7648] = 00001ce800000000 : 31782757990400
@@@ mem[ 7656] = 0000000400000008 : 17179869192
@@@ mem[ 7664] = 00001ce800001d9c : 31782757997980
@@@ mem[ 7672] = 0000000200000008 : 8589934600
@@@ mem[ 7680] = 00001ce800001dbc : 31782757998012
@@@ mem[ 7688] = 0000000400000008 : 17179869192
@@@ mem[ 7696] = 00001ce800001ddc : 31782757998044
@@@ mem[ 7704] = 0000000300000008 : 12884901896
@@@ mem[ 7712] = 00001ce800001dfc : 31782757998076
@@@ mem[ 7720] = 00000002000000a8 : 8589934760
@@@ mem[ 7728] = 0000000400000001 : 17179869185
@@@ mem[ 7736] = 0000000000000003 : 3
@@@
@@@ mem[ 7880] = ffffffff00000000 : 18446744069414584320
@@@ mem[ 7888] = 00001ce8ffffffff : 31787052957695
@@@ mem[ 7896] = 0000005a00000008 : 386547056648
@@@ mem[ 7904] = 00001ce800000000 : 31782757990400
@@@ mem[ 7912] = 0000003800000008 : 240518168584
@@@ mem[ 7920] = 00001ce800001edc : 31782757998300
@@@ mem[ 7928] = 0000000c00000008 : 51539607560
@@@ mem[ 7936] = 00001ce800001eec : 31782757998316
@@@ mem[ 7944] = 0000000b00000008 : 47244640264
@@@ mem[ 7952] = 00001ce800001efc : 31782757998332
@@@ mem[ 7960] = 0000000200000008 : 8589934600
@@@ mem[ 7968] = 00001ce800001f0c : 31782757998348
@@@ mem[ 7976] = 0000000100000008 : 4294967304
@@@ mem[ 7984] = 00001ce800001f1c : 31782757998364
@@@ mem[ 7992] = 0000000000000004 : 4
@@@ mem[ 8000] = 0000000400001ce8 : 17179876584
@@@ mem[ 8008] = 00001ce800000000 : 31782757990400
@@@ mem[ 8016] = 0000000000000004 : 4
@@@ mem[ 8024] = 0000000400001ce8 : 17179876584
@@@ mem[ 8032] = 00001ce800000000 : 31782757990400
@@@ mem[ 8040] = 0000000000000004 : 4
@@@
@@@ mem[23792] = 0000000100000000 : 4294967296
@@@ mem[23800] = 0000000100000001 : 4294967297
@@@ mem[23808] = 0000000100000000 : 4294967296
@@@
@@@ mem[23824] = 0000000100000000 : 4294967296
@@@ mem[23832] = 0000000000000001 : 1
@@@
@@@ mem[23848] = 0000000100000001 : 4294967297
@@@
@@@ mem[23864] = 0000000100000000 : 4294967296
@@@ mem[23872] = 0000000100000000 : 4294967296
@@@ mem[23880] = 0000000100000001 : 4294967297
@@@
@@@ mem[23896] = 0000000400000001 : 17179869185
@@@ mem[23904] = 0000000000000003 : 3
@@@ mem[23912] = 00001f4800001f3c : 34394098114364
@@@ mem[23920] = 00001f6000001f54 : 34497177329492
@@@ mem[23928] = 0000000000001f6c : 8044
@@@
@@@ mem[65400] = 0000004300000001 : 287762808833
@@@ mem[65408] = 0000004100000042 : 279172874306
@@@ mem[65416] = 0000010400000002 : 1116691496962
@@@
@@@ mem[65432] = 0000004100000001 : 279172874241
@@@ mem[65440] = 0000004200000043 : 283467841603
@@@ mem[65448] = 0000010400000002 : 1116691496962
@@@
@@@ mem[65464] = 0000004300000001 : 287762808833
@@@ mem[65472] = 0000004100000042 : 279172874306
@@@ mem[65480] = 0000010400000002 : 1116691496962
@@@ mem[65488] = 0000200000005d68 : 35184372112744
@@@
@@@ mem[65512] = 00001b6c00010000 : 30150670483456
@@@
@@@ mem[65528] = 000000a000000000 : 687194767360
@@@
@@@ System halted on WFI instruction
@@@
