
Final memory state and exit status:

@@@ Unified Memory contents hex on left, decimal on right: 
@@@
@@@ mem[    0] = 0000009700000013 : 648540061715
@@@ mem[    8] = 0001011709c08093 : 282673436197011
@@@ mem[   16] = 00010413ff410113 : 285958910050579
@@@ mem[   24] = e881819300001197 : 16753814557155135895
@@@ mem[   32] = 0000029300000213 : 2830383448595
@@@ mem[   40] = 0000039300000313 : 3929895076627
@@@ mem[   48] = 0000051300000493 : 5579162518675
@@@ mem[   56] = 0000061300000593 : 6678674146707
@@@ mem[   64] = 0000071300000693 : 7778185774739
@@@ mem[   72] = 0000081300000793 : 8877697402771
@@@ mem[   80] = 0000091300000893 : 9977209030803
@@@ mem[   88] = 00000a1300000993 : 11076720658835
@@@ mem[   96] = 00000b1300000a93 : 12176232286867
@@@ mem[  104] = 00000c1300000b93 : 13275743914899
@@@ mem[  112] = 00000d1300000c93 : 14375255542931
@@@ mem[  120] = 00000e1300000d93 : 15474767170963
@@@ mem[  128] = 00000f1300000e93 : 16574278798995
@@@ mem[  136] = 09c0006f00000f93 : 702562018611171219
@@@
@@@ mem[  160] = f601011300010117 : 17726450789423055127
@@@ mem[  168] = 00000013fea12c23 : 85876354083
@@@ mem[  176] = 0010079310500073 : 4511927842635891
@@@ mem[  184] = fff58e9300050313 : 18443804610977399571
@@@ mem[  192] = 04b7da6300000893 : 339980415626381459
@@@ mem[  200] = 0018889300088813 : 6905564383184915
@@@ mem[  208] = 04b8d46300032e03 : 340255293533531651
@@@ mem[  216] = 0008879300030713 : 2400865243825939
@@@ mem[  224] = 00472683000e0613 : 20027067429946899
@@@ mem[  232] = 00c6d66300470713 : 55967766083471123
@@@ mem[  240] = 0006861300078813 : 1836266023258131
@@@ mem[  248] = feb794e300178793 : 18354302509051774867
@@@ mem[  256] = 0105083300281813 : 73473984060463123
@@@ mem[  264] = 01c8202300c32023 : 128387924088791075
@@@ mem[  272] = fbd89ae300430313 : 18147424998242059027
@@@ mem[  280] = 0003081300008067 : 853302627565671
@@@ mem[  288] = fe5ff06f000e0613 : 18329633367954163219
@@@ mem[  296] = 18912a23e6010113 : 1770242462204363027
@@@ mem[  304] = 18812c23802014b7 : 1765741059891008695
@@@ mem[  312] = 18112e2319212823 : 1734218059794688035
@@@ mem[  320] = 1901091300410413 : 1801731303138198547
@@@ mem[  328] = 0000009780348493 : 650690987155
@@@ mem[  336] = 029517b3074080e7 : 186081017293996263
@@@ mem[  344] = 0044041341f55713 : 19144779173811987
@@@ mem[  352] = 4097d79300f507b3 : 4654425766286919603
@@@ mem[  360] = 00a7971340e787b3 : 47172430059767731
@@@ mem[  368] = 40f5053340f707b3 : 4680653105412900787
@@@ mem[  376] = fd2418e3fea42e23 : 18240731758266166819
@@@ mem[  384] = 0630059300410513 : 445862492032271635
@@@ mem[  392] = f2c080e700000097 : 17492122682332807319
@@@ mem[  400] = 1981240319c12083 : 1837789718679462019
@@@ mem[  408] = 1901290319412483 : 1801766419210249347
@@@ mem[  416] = 1a01011300000513 : 1873780101078844691
@@@ mem[  424] = 000007b700008067 : 8482560442471
@@@ mem[  432] = 0aa7a4236c07a783 : 767762733533210499
@@@ mem[  440] = 000080670a07a623 : 141180038260259
@@@ mem[  448] = 6c07a803000007b7 : 7784375211771561911
@@@ mem[  456] = f2d585934c9585b7 : 17498038794909484471
@@@ mem[  464] = 0ac827030a882683 : 776913829736490627
@@@ mem[  472] = 0017861302b687b3 : 6621340672362419
@@@ mem[  480] = 0ac8242300f637b3 : 776910668480001971
@@@ mem[  488] = 42d606135851f637 : 4816043531675235895
@@@ mem[  496] = 02b7073302c68633 : 195633024485197363
@@@ mem[  504] = 00c7073302b6b6b3 : 56021436035675827
@@@ mem[  512] = 00e787b300d70733 : 65169922503149363
@@@ mem[  520] = 0af8262300179513 : 790423666370778387
@@@ mem[  528] = 0000806700155513 : 141179871384851
@@@
@@@ mem[  608] = 0000000000000280 : 640
@@@
@@@ mem[  640] = 0000056c00000000 : 5961414606848
@@@ mem[  648] = 0000063c000005d4 : 6854767805908
@@@
@@@ mem[  808] = c6755a5b8666f82c : 14300435540928297004
@@@ mem[  816] = e66d1234abcd330e : 16603947418614838030
@@@ mem[  824] = 0000000b0005deec : 47245025004
@@@
@@@ mem[ 1728] = 0000000000000280 : 640
@@@
@@@ mem[65120] = 0000000100000000 : 4294967296
@@@ mem[65128] = 0000001100000003 : 73014444035
@@@ mem[65136] = 0000001e0000001a : 128849018906
@@@ mem[65144] = 000000300000002a : 206158430250
@@@ mem[65152] = 0000003b00000038 : 253403070520
@@@ mem[65160] = 0000005500000049 : 365072220233
@@@ mem[65168] = 0000005c0000005b : 395136991323
@@@ mem[65176] = 000000600000005e : 412316860510
@@@ mem[65184] = 0000008000000079 : 549755814009
@@@ mem[65192] = 0000008c00000086 : 601295421574
@@@ mem[65200] = 000000a200000093 : 695784702099
@@@ mem[65208] = 000000d6000000bd : 919123001533
@@@ mem[65216] = 000000e1000000de : 966367641822
@@@ mem[65224] = 000000e4000000e3 : 979252543715
@@@ mem[65232] = 000000f7000000e6 : 1060856922342
@@@ mem[65240] = 000000fe000000f7 : 1090921693431
@@@ mem[65248] = 0000012000000116 : 1236950581526
@@@ mem[65256] = 000001320000012d : 1314259992877
@@@ mem[65264] = 0000013800000137 : 1340029796663
@@@ mem[65272] = 000001460000013e : 1400159338814
@@@ mem[65280] = 0000014d00000148 : 1430224109896
@@@ mem[65288] = 000001730000016c : 1593432867180
@@@ mem[65296] = 0000017800000177 : 1614907703671
@@@ mem[65304] = 0000017c0000017c : 1632087572860
@@@ mem[65312] = 0000019f00000194 : 1782411428244
@@@ mem[65320] = 000001d4000001b5 : 2010044694965
@@@ mem[65328] = 000001ed000001e1 : 2117418877409
@@@ mem[65336] = 00000202000001fd : 2207613190653
@@@ mem[65344] = 0000020a00000208 : 2241972929032
@@@ mem[65352] = 0000021800000212 : 2302102471186
@@@ mem[65360] = 0000023000000222 : 2405181686306
@@@ mem[65368] = 0000023e0000023d : 2465311228477
@@@ mem[65376] = 0000025200000242 : 2551210574402
@@@ mem[65384] = 000002660000025a : 2637109920346
@@@ mem[65392] = 000002a100000297 : 2890512990871
@@@ mem[65400] = 000002a6000002a4 : 2911987827364
@@@ mem[65408] = 000002be000002ae : 3015067042478
@@@ mem[65416] = 000002d6000002bf : 3118146257599
@@@ mem[65424] = 000002fa000002e3 : 3272765080291
@@@ mem[65432] = 0000031b0000030e : 3414499001102
@@@ mem[65440] = 0000032f00000328 : 3500398347048
@@@ mem[65448] = 000003410000033b : 3577707758395
@@@ mem[65456] = 0000035000000345 : 3642132267845
@@@ mem[65464] = 0000036f0000036f : 3775276254063
@@@ mem[65472] = 0000037900000372 : 3818225927026
@@@ mem[65480] = 0000038f00000387 : 3912715207559
@@@ mem[65488] = 0000039900000398 : 3955664880536
@@@ mem[65496] = 000003aa000003a7 : 4028679324583
@@@ mem[65504] = 000003ea000003cf : 4303557231567
@@@ mem[65512] = 000003f9000003f3 : 4367981741043
@@@
@@@ mem[65528] = 000000a000000000 : 687194767360
@@@
@@@ System halted on WFI instruction
@@@
