
Final memory state and exit status:

@@@ Unified Memory contents hex on left, decimal on right: 
@@@
@@@ mem[    0] = 0000009700000013 : 648540061715
@@@ mem[    8] = 0001011709c08093 : 282673436197011
@@@ mem[   16] = 00010413ff410113 : 285958910050579
@@@ mem[   24] = de81819300001197 : 16033238616775856535
@@@ mem[   32] = 0000029300000213 : 2830383448595
@@@ mem[   40] = 0000039300000313 : 3929895076627
@@@ mem[   48] = 0000051300000493 : 5579162518675
@@@ mem[   56] = 0000061300000593 : 6678674146707
@@@ mem[   64] = 0000071300000693 : 7778185774739
@@@ mem[   72] = 0000081300000793 : 8877697402771
@@@ mem[   80] = 0000091300000893 : 9977209030803
@@@ mem[   88] = 00000a1300000993 : 11076720658835
@@@ mem[   96] = 00000b1300000a93 : 12176232286867
@@@ mem[  104] = 00000c1300000b93 : 13275743914899
@@@ mem[  112] = 00000d1300000c93 : 14375255542931
@@@ mem[  120] = 00000e1300000d93 : 15474767170963
@@@ mem[  128] = 00000f1300000e93 : 16574278798995
@@@ mem[  136] = 3600006f00000f93 : 3891110554789482387
@@@
@@@ mem[  160] = f601011300010117 : 17726450789423055127
@@@ mem[  168] = 00000013fea12c23 : 85876354083
@@@ mem[  176] = fd01011310500073 : 18230853947962163315
@@@ mem[  184] = 00000a3701412c23 : 11231360527395
@@@ mem[  192] = 02112623648a2883 : 148942196132423811
@@@ mem[  200] = 0291222302812423 : 184966593460118563
@@@ mem[  208] = 01312e2303212023 : 85900595807985699
@@@ mem[  216] = 0161282301512a23 : 99404797589924387
@@@ mem[  224] = 0181242301712623 : 108407598800250403
@@@ mem[  232] = 01a1202301912223 : 117410400010576419
@@@ mem[  240] = 000009b708a8d263 : 10681728946787
@@@ mem[  248] = 000504136449a303 : 1411856216990467
@@@ mem[  256] = 00060b1300058a93 : 1701026092911251
@@@ mem[  264] = 0007091300068d13 : 1980302046432531
@@@ mem[  272] = 00080c1300078b93 : 2265075558091667
@@@ mem[  280] = 1900049300000cb7 : 1801444880354905271
@@@ mem[  288] = 640cae0305235063 : 7209328431507656803
@@@ mem[  296] = 00130313095e4263 : 5351404853936739
@@@ mem[  304] = 000b8793000c0813 : 3245290174547987
@@@ mem[  312] = 000d069300090713 : 3666403127789331
@@@ mem[  320] = 000a8593000b0613 : 2961616174515731
@@@ mem[  328] = 640ca02300040513 : 7209313175697884435
@@@ mem[  336] = 000000976469a223 : 650224706083
@@@ mem[  344] = 648a2883f60080e7 : 7244647497811919079
@@@ mem[  352] = 6409a22300188893 : 7208470949792352403
@@@ mem[  360] = 00000313651a2423 : 3381835473955
@@@ mem[  368] = 02c12083fa88c8e3 : 198475609797085411
@@@ mem[  376] = 0241248302812403 : 162451206663382019
@@@ mem[  384] = 01c1298302012903 : 126427907194169603
@@@ mem[  392] = 01412a8301812a03 : 90400209678445059
@@@ mem[  400] = 00c12b8301012b03 : 54372512162720515
@@@ mem[  408] = 00412c8300812c03 : 18344814646995971
@@@ mem[  416] = 0301011300012d03 : 216455438206577923
@@@ mem[  424] = 002e1e9300008067 : 12981465637748839
@@@ mem[  432] = 029888b3001e0f93 : 187049686918369171
@@@ mem[  440] = 000c081300231313 : 3386577420227347
@@@ mem[  448] = 00090713000b8793 : 2541052976924563
@@@ mem[  456] = 000b0613000d0693 : 3102903418816147
@@@ mem[  464] = 65fca023000a8593 : 7348924764146795923
@@@ mem[  472] = 011b0533029e0e33 : 79663135054499379
@@@ mem[  480] = 011308b301d50533 : 77415183518336307
@@@ mem[  488] = 011c08b300052f03 : 79948458278334211
@@@ mem[  496] = 000405130008ae83 : 1131479069929091
@@@ mem[  504] = 006e033301cb8e33 : 30965765046505011
@@@ mem[  512] = 03e3033300032303 : 280071119405523715
@@@ mem[  520] = 0068a023006e8333 : 29449469769450291
@@@ mem[  528] = ea4080e700000097 : 16879633133010419863
@@@ mem[  536] = f11ff06f6449a303 : 17374870248633246467
@@@ mem[  544] = 81010113ffff7337 : 9295712291280352055
@@@ mem[  552] = 7e812423b7030313 : 9115606856587477779
@@@ mem[  560] = 7f2120237e912223 : 9160638453867684387
@@@ mem[  568] = 7d412c237d312e23 : 9025543659163037219
@@@ mem[  576] = 7d7126237d612823 : 9039047860978526243
@@@ mem[  584] = 7e1126237d812423 : 9084083857254327331
@@@ mem[  592] = 7d9122237d512a23 : 9048050662185708067
@@@ mem[  600] = 0000abb77da12023 : 188804575076387
@@@ mem[  608] = 0101089300610133 : 72348496474210611
@@@ mem[  616] = ffff6837c40b8b93 : 18446577187454421907
@@@ mem[  624] = 011b853300050c13 : 79803872499272723
@@@ mem[  632] = 00a1262301050533 : 45359403033232691
@@@ mem[  640] = 0006049300058413 : 1693879267329043
@@@ mem[  648] = 000b861300000593 : 3243640906319251
@@@ mem[  656] = 00000a373c050513 : 11232346440979
@@@ mem[  664] = 00070b1300068993 : 1982501069687187
@@@ mem[  672] = 0000009700078913 : 648540555539
@@@ mem[  680] = 648a2883280080e7 : 7244647494355812583
@@@ mem[  688] = 00000cb70788da63 : 13980244957795
@@@ mem[  696] = 644ca30301010713 : 7227330735319877395
@@@ mem[  704] = 00000d3700eb87b3 : 14529889798067
@@@ mem[  712] = 19000a9341778bb3 : 1801451478523022259
@@@ mem[  720] = 640d2e0305635063 : 7209469169000206435
@@@ mem[  728] = 00130313088e4863 : 5351404840306787
@@@ mem[  736] = 00090793000b8813 : 2541602732738579
@@@ mem[  744] = 00098693000b0713 : 2681240709433107
@@@ mem[  752] = 0004059300048613 : 1132028825470483
@@@ mem[  760] = 640d2023000c0513 : 7209453913186764051
@@@ mem[  768] = 00000097646ca223 : 650224902691
@@@ mem[  776] = 648a2883db0080e7 : 7244647497358934247
@@@ mem[  784] = 640ca22300188893 : 7209315374722484371
@@@ mem[  792] = 00000313651a2423 : 3381835473955
@@@ mem[  800] = 00009337fb88c8e3 : 161868652529891
@@@ mem[  808] = 0061013349030313 : 27304392520827667
@@@ mem[  816] = 7e8124037ec12083 : 9115606718204682371
@@@ mem[  824] = 7e0129037e412483 : 9079583418735469699
@@@ mem[  832] = 7d812a037dc12983 : 9043555721219746179
@@@ mem[  840] = 7d012b037d412a83 : 9007528023704021635
@@@ mem[  848] = 7c812c037cc12b83 : 8971500326188297091
@@@ mem[  856] = 7c012d037c412c83 : 8935472628672572547
@@@ mem[  864] = 000080677f010113 : 141182000759059
@@@ mem[  872] = 001e0f93002e1e93 : 8461373338951315
@@@ mem[  880] = 00231313035888b3 : 9872596566313139
@@@ mem[  888] = 00090793000b8813 : 2541602732738579
@@@ mem[  896] = 00098693000b0713 : 2681240709433107
@@@ mem[  904] = 0004059300048613 : 1132028825470483
@@@ mem[  912] = 035e0e3365fd2023 : 242647043841794083
@@@ mem[  920] = 01d5053301148533 : 132017480696890675
@@@ mem[  928] = 00052f03011308b3 : 1459064832985267
@@@ mem[  936] = 0008ae83011b88b3 : 2443677496215731
@@@ mem[  944] = 01c90e33000c0513 : 128649676563678483
@@@ mem[  952] = 00032303006e0333 : 882920729215795
@@@ mem[  960] = 006e833303e30333 : 31106502569952051
@@@ mem[  968] = 000000970068a023 : 648546918435
@@@ mem[  976] = 644ca303ce8080e7 : 7227330738767560935
@@@ mem[  984] = 00b68463f05ff06f : 51374010530787439
@@@ mem[  992] = 0000031700008067 : 3397319164007
@@@ mem[ 1000] = 81010113e3c30067 : 9295712290806628455
@@@ mem[ 1008] = 7e8124237e112623 : 9115606855632102947
@@@ mem[ 1016] = 7f2120237e912223 : 9160638453867684387
@@@ mem[ 1024] = 7d412c237d312e23 : 9025543659163037219
@@@ mem[ 1032] = 7d6128237d512a23 : 9034546460373363235
@@@ mem[ 1040] = 7d8124237d712623 : 9043549261583689251
@@@ mem[ 1048] = e60101137d912223 : 16573529286922805795
@@@ mem[ 1056] = 000005934b000613 : 6130176624147
@@@ mem[ 1064] = 0000009700010513 : 648540128531
@@@ mem[ 1072] = 00100c930f8080e7 : 4517425387176167
@@@ mem[ 1080] = 00300b9300200c13 : 13523524872309779
@@@ mem[ 1088] = 00500a9300400b13 : 22529624617519891
@@@ mem[ 1096] = 0070099300600a13 : 31535724362730003
@@@ mem[ 1104] = 0090049300800913 : 40537426061429011
@@@ mem[ 1112] = 000005934b000613 : 6130176624147
@@@ mem[ 1120] = 019120234b010513 : 112906801615275283
@@@ mem[ 1128] = 0171242301812223 : 103903999173927459
@@@ mem[ 1136] = 19512a2319612823 : 1824285654299781155
@@@ mem[ 1144] = 3331202319412c23 : 3688764904912792611
@@@ mem[ 1152] = 3291242333212223 : 3643733307119706659
@@@ mem[ 1160] = 09c080e700000097 : 702703271495598231
@@@ mem[ 1168] = fffff437000015b7 : 18446731115793225143
@@@ mem[ 1176] = 002585b396058593 : 10561580500878739
@@@ mem[ 1184] = 003005136a040613 : 13516379823277587
@@@ mem[ 1192] = 00c586334b010793 : 55598125271811987
@@@ mem[ 1200] = 0030069300300713 : 13518027315218195
@@@ mem[ 1208] = 4b91282300300593 : 5445177555259753875
@@@ mem[ 1216] = 4b712c234b812a23 : 5436174755315132963
@@@ mem[ 1224] = 6551222365612023 : 7300654006364348451
@@@ mem[ 1232] = 7d31282365412423 : 9021035661087548451
@@@ mem[ 1240] = 7c912c237d212a23 : 8976004063260912163
@@@ mem[ 1248] = d40080e700000097 : 15276351665666523287
@@@ mem[ 1256] = 7ec120831a010113 : 9133617266733154579
@@@ mem[ 1264] = 7e4124837e812403 : 9097592869446820867
@@@ mem[ 1272] = 7dc129837e012903 : 9061569569977608451
@@@ mem[ 1280] = 7d412a837d812a03 : 9025541872461883907
@@@ mem[ 1288] = 7cc12b837d012b03 : 8989514174946159363
@@@ mem[ 1296] = 7c412c837c812c03 : 8953486477430434819
@@@ mem[ 1304] = 7f01011300000513 : 9151597098909566227
@@@ mem[ 1312] = 00f0031300008067 : 67557374549852263
@@@ mem[ 1320] = 02c37e6300050713 : 199141772201625363
@@@ mem[ 1328] = 0a07906300f77793 : 722705020108634003
@@@ mem[ 1336] = ff06769308059263 : 18376505703398740579
@@@ mem[ 1344] = 00e686b300f67613 : 64887348016870931
@@@ mem[ 1352] = 00b7222300b72023 : 51547454469251107
@@@ mem[ 1360] = 00b7262300b72423 : 51551852515763235
@@@ mem[ 1368] = fed766e301070713 : 18363259130787333907
@@@ mem[ 1376] = 0000806700061463 : 141179870385251
@@@ mem[ 1384] = 0026969340c306b3 : 10861608305886899
@@@ mem[ 1392] = 005686b300000297 : 24354951354385047
@@@ mem[ 1400] = 00b7072300c68067 : 51517767656308839
@@@ mem[ 1408] = 00b7062300b706a3 : 51516668143666851
@@@ mem[ 1416] = 00b7052300b705a3 : 51515568632038819
@@@ mem[ 1424] = 00b7042300b704a3 : 51514469120410787
@@@ mem[ 1432] = 00b7032300b703a3 : 51513369608782755
@@@ mem[ 1440] = 00b7022300b702a3 : 51512270097154723
@@@ mem[ 1448] = 00b7012300b701a3 : 51511170585526691
@@@ mem[ 1456] = 00b7002300b700a3 : 51510071073898659
@@@ mem[ 1464] = 0ff5f59300008067 : 1150095291572060263
@@@ mem[ 1472] = 00d5e5b300859693 : 60206727010031251
@@@ mem[ 1480] = 00d5e5b301059693 : 60206727018419859
@@@ mem[ 1488] = 00279693f6dff06f : 11143086337945711
@@@ mem[ 1496] = 005686b300000297 : 24354951354385047
@@@ mem[ 1504] = fa0680e700008293 : 18016229088968082067
@@@ mem[ 1512] = ff07879300028093 : 18376805869938704531
@@@ mem[ 1520] = 00f6063340f70733 : 69249661473851187
@@@ mem[ 1528] = f3dff06ff6c378e3 : 17573028634695006435
@@@
@@@ mem[ 1608] = 0000000000000027 : 39
@@@
@@@ mem[21296] = 0000000000000003 : 3
@@@ mem[21304] = 0000fb2000005a00 : 276114857548288
@@@ mem[21312] = 000000030000f670 : 12884964976
@@@
@@@ mem[21328] = 0000019000000003 : 1717986918403
@@@ mem[21336] = 0000015c00000003 : 1494648619011
@@@ mem[21344] = 0000000000000003 : 3
@@@ mem[21352] = 0000fb2000005a00 : 276114857548288
@@@ mem[21360] = 000000030000f670 : 12884964976
@@@
@@@ mem[21376] = 0000019000000003 : 1717986918403
@@@ mem[21384] = 0000015c00000003 : 1494648619011
@@@ mem[21392] = 0000000000000003 : 3
@@@ mem[21400] = 0000fb2000005a00 : 276114857548288
@@@ mem[21408] = 000000030000f670 : 12884964976
@@@
@@@ mem[21424] = 0000019000000003 : 1717986918403
@@@ mem[21432] = 0000015c00000003 : 1494648619011
@@@ mem[21440] = 0000000000000003 : 3
@@@ mem[21448] = 0000fb2000005a00 : 276114857548288
@@@ mem[21456] = 000000030000f670 : 12884964976
@@@
@@@ mem[21472] = 0000019000000003 : 1717986918403
@@@ mem[21480] = 0000015c00000003 : 1494648619011
@@@ mem[21488] = 0000000000000003 : 3
@@@ mem[21496] = 0000fb2000005a00 : 276114857548288
@@@ mem[21504] = 000000030000f670 : 12884964976
@@@
@@@ mem[21520] = 0000019000000003 : 1717986918403
@@@ mem[21528] = 0000015c00000003 : 1494648619011
@@@ mem[21536] = 0000000000000003 : 3
@@@ mem[21544] = 0000fb2000005a00 : 276114857548288
@@@ mem[21552] = 000000030000f670 : 12884964976
@@@
@@@ mem[21568] = 0000019000000003 : 1717986918403
@@@ mem[21576] = 0000015c00000003 : 1494648619011
@@@ mem[21584] = 0000000000000003 : 3
@@@ mem[21592] = 0000fb2000005a00 : 276114857548288
@@@ mem[21600] = 000000030000f670 : 12884964976
@@@
@@@ mem[21616] = 0000019000000003 : 1717986918403
@@@ mem[21624] = 0000015c00000003 : 1494648619011
@@@ mem[21632] = 0000000000000003 : 3
@@@ mem[21640] = 0000fb2000005a00 : 276114857548288
@@@ mem[21648] = 000000030000f670 : 12884964976
@@@
@@@ mem[21664] = 0000019000000003 : 1717986918403
@@@ mem[21672] = 0000015c00000003 : 1494648619011
@@@ mem[21680] = 0000000000000003 : 3
@@@ mem[21688] = 0000fb2000005a00 : 276114857548288
@@@ mem[21696] = 000000030000f670 : 12884964976
@@@
@@@ mem[21712] = 0000019000000003 : 1717986918403
@@@ mem[21720] = 0000015c00000003 : 1494648619011
@@@ mem[21728] = 0000000000000003 : 3
@@@ mem[21736] = 0000fb2000005a00 : 276114857548288
@@@ mem[21744] = 000000030000f670 : 12884964976
@@@
@@@ mem[21760] = 0000019000000003 : 1717986918403
@@@ mem[21768] = 0000015c00000003 : 1494648619011
@@@ mem[21776] = 0000000000000003 : 3
@@@ mem[21784] = 0000fb2000005a00 : 276114857548288
@@@ mem[21792] = 000000030000f670 : 12884964976
@@@
@@@ mem[21808] = 0000019000000003 : 1717986918403
@@@ mem[21816] = 0000015c00000003 : 1494648619011
@@@ mem[21824] = 0000000000000003 : 3
@@@ mem[21832] = 0000fb2000005a00 : 276114857548288
@@@ mem[21840] = 000000030000f670 : 12884964976
@@@
@@@ mem[21856] = 0000019000000003 : 1717986918403
@@@ mem[21864] = 0000015c00000003 : 1494648619011
@@@ mem[21872] = 0000000000000003 : 3
@@@ mem[21880] = 0000fb2000005a00 : 276114857548288
@@@ mem[21888] = 000000030000f670 : 12884964976
@@@
@@@ mem[21904] = 0000019000000003 : 1717986918403
@@@ mem[21912] = 0000015c00000003 : 1494648619011
@@@ mem[21920] = 0000000000000003 : 3
@@@ mem[21928] = 0000fb2000005a00 : 276114857548288
@@@ mem[21936] = 000000030000f670 : 12884964976
@@@
@@@ mem[21952] = 0000019000000003 : 1717986918403
@@@ mem[21960] = 0000015c00000003 : 1494648619011
@@@ mem[21968] = 0000000000000003 : 3
@@@ mem[21976] = 0000fb2000005a00 : 276114857548288
@@@ mem[21984] = 000000030000f670 : 12884964976
@@@
@@@ mem[22000] = 0000019000000003 : 1717986918403
@@@ mem[22008] = 0000015c00000003 : 1494648619011
@@@ mem[22016] = 0000000000000003 : 3
@@@ mem[22024] = 0000fb2000005a00 : 276114857548288
@@@ mem[22032] = 000000030000f670 : 12884964976
@@@
@@@ mem[22048] = 0000019000000003 : 1717986918403
@@@ mem[22056] = 0000015c00000003 : 1494648619011
@@@ mem[22064] = 0000000000000003 : 3
@@@ mem[22072] = 0000fb2000005a00 : 276114857548288
@@@ mem[22080] = 000000030000f670 : 12884964976
@@@
@@@ mem[22096] = 0000019000000003 : 1717986918403
@@@ mem[22104] = 0000015c00000003 : 1494648619011
@@@ mem[22112] = 0000000000000003 : 3
@@@ mem[22120] = 0000fb2000005a00 : 276114857548288
@@@ mem[22128] = 000000030000f670 : 12884964976
@@@
@@@ mem[22144] = 0000019000000003 : 1717986918403
@@@ mem[22152] = 0000015c00000003 : 1494648619011
@@@ mem[22160] = 0000000000000003 : 3
@@@ mem[22168] = 0000fb2000005a00 : 276114857548288
@@@ mem[22176] = 000000030000f670 : 12884964976
@@@
@@@ mem[22192] = 0000019000000003 : 1717986918403
@@@ mem[22200] = 0000015c00000003 : 1494648619011
@@@ mem[22208] = 0000000000000003 : 3
@@@ mem[22216] = 0000fb2000005a00 : 276114857548288
@@@ mem[22224] = 000000030000f670 : 12884964976
@@@
@@@ mem[22240] = 0000019000000003 : 1717986918403
@@@ mem[22248] = 0000015c00000003 : 1494648619011
@@@ mem[22256] = 0000000000000003 : 3
@@@ mem[22264] = 0000fb2000005a00 : 276114857548288
@@@ mem[22272] = 000000030000f670 : 12884964976
@@@
@@@ mem[22288] = 0000019000000003 : 1717986918403
@@@ mem[22296] = 0000015c00000003 : 1494648619011
@@@ mem[22304] = 0000000000000003 : 3
@@@ mem[22312] = 0000fb2000005a00 : 276114857548288
@@@ mem[22320] = 000000030000f670 : 12884964976
@@@
@@@ mem[22336] = 0000019000000003 : 1717986918403
@@@ mem[22344] = 0000015c00000003 : 1494648619011
@@@ mem[22352] = 0000000000000003 : 3
@@@ mem[22360] = 0000fb2000005a00 : 276114857548288
@@@ mem[22368] = 000000030000f670 : 12884964976
@@@
@@@ mem[22384] = 0000019000000003 : 1717986918403
@@@ mem[22392] = 0000015c00000003 : 1494648619011
@@@ mem[22400] = 0000000000000003 : 3
@@@ mem[22408] = 0000fb2000005a00 : 276114857548288
@@@ mem[22416] = 000000030000f670 : 12884964976
@@@
@@@ mem[22432] = 0000019000000003 : 1717986918403
@@@ mem[22440] = 0000015c00000003 : 1494648619011
@@@ mem[22448] = 0000000000000003 : 3
@@@ mem[22456] = 0000fb2000005a00 : 276114857548288
@@@ mem[22464] = 000000030000f670 : 12884964976
@@@
@@@ mem[22480] = 0000019000000003 : 1717986918403
@@@ mem[22488] = 0000015c00000003 : 1494648619011
@@@ mem[22496] = 0000000000000003 : 3
@@@ mem[22504] = 0000fb2000005a00 : 276114857548288
@@@ mem[22512] = 000000030000f670 : 12884964976
@@@
@@@ mem[22528] = 0000019000000003 : 1717986918403
@@@ mem[22536] = 0000015c00000003 : 1494648619011
@@@ mem[22544] = 0000000000000003 : 3
@@@ mem[22552] = 0000fb2000005a00 : 276114857548288
@@@ mem[22560] = 000000030000f670 : 12884964976
@@@
@@@ mem[22576] = 0000019000000003 : 1717986918403
@@@ mem[22584] = 0000015c00000003 : 1494648619011
@@@ mem[22592] = 0000000000000003 : 3
@@@ mem[22600] = 0000fb2000005a00 : 276114857548288
@@@ mem[22608] = 000000030000f670 : 12884964976
@@@
@@@ mem[22624] = 0000019000000003 : 1717986918403
@@@ mem[22632] = 0000015c00000003 : 1494648619011
@@@ mem[22640] = 0000000000000003 : 3
@@@ mem[22648] = 0000fb2000005a00 : 276114857548288
@@@ mem[22656] = 000000030000f670 : 12884964976
@@@
@@@ mem[22672] = 0000019000000003 : 1717986918403
@@@ mem[22680] = 0000015c00000003 : 1494648619011
@@@ mem[22688] = 0000000000000003 : 3
@@@ mem[22696] = 0000fb2000005a00 : 276114857548288
@@@ mem[22704] = 000000030000f670 : 12884964976
@@@
@@@ mem[22720] = 0000019000000003 : 1717986918403
@@@ mem[22728] = 0000015c00000003 : 1494648619011
@@@ mem[22736] = 0000000000000003 : 3
@@@ mem[22744] = 0000fb2000005a00 : 276114857548288
@@@ mem[22752] = 000000030000f670 : 12884964976
@@@
@@@ mem[22768] = 0000019000000003 : 1717986918403
@@@ mem[22776] = 0000015c00000003 : 1494648619011
@@@ mem[22784] = 0000000000000003 : 3
@@@ mem[22792] = 0000fb2000005a00 : 276114857548288
@@@ mem[22800] = 000000030000f670 : 12884964976
@@@
@@@ mem[22816] = 0000019000000003 : 1717986918403
@@@ mem[22824] = 0000015c00000003 : 1494648619011
@@@ mem[22832] = 0000000000000003 : 3
@@@ mem[22840] = 0000fb2000005a00 : 276114857548288
@@@ mem[22848] = 000000030000f670 : 12884964976
@@@
@@@ mem[22864] = 0000019000000003 : 1717986918403
@@@ mem[22872] = 0000015c00000003 : 1494648619011
@@@ mem[22880] = 0000000000000003 : 3
@@@ mem[22888] = 0000fb2000005a00 : 276114857548288
@@@ mem[22896] = 000000030000f670 : 12884964976
@@@
@@@ mem[22912] = 0000019000000003 : 1717986918403
@@@ mem[22920] = 0000015c00000003 : 1494648619011
@@@ mem[22928] = 0000000000000003 : 3
@@@ mem[22936] = 0000fb2000005a00 : 276114857548288
@@@ mem[22944] = 000000030000f670 : 12884964976
@@@
@@@ mem[22960] = 0000019000000003 : 1717986918403
@@@ mem[22968] = 0000015c00000003 : 1494648619011
@@@
@@@ mem[22984] = 00005a0000000003 : 98956046499843
@@@ mem[22992] = 0000019000000003 : 1717986918403
@@@ mem[23000] = 0000000300000000 : 12884901888
@@@ mem[23008] = 0000f6700000fb20 : 270960896834336
@@@ mem[23016] = 0000030c00000003 : 3350074490883
@@@
@@@ mem[23032] = 0000564000000000 : 94832877895680
@@@ mem[23040] = 000000240000001e : 154618822686
@@@ mem[23048] = 000000000000002a : 42
@@@
@@@ mem[23440] = 0000005100000042 : 347892351042
@@@ mem[23448] = 0000000000000060 : 96
@@@
@@@ mem[23840] = 0000007e00000066 : 541165879398
@@@ mem[23848] = 0000000000000096 : 150
@@@
@@@ mem[63040] = 0000000100000000 : 4294967296
@@@ mem[63048] = 0000000300000002 : 12884901890
@@@ mem[63056] = 0000000500000004 : 21474836484
@@@ mem[63064] = 0000000700000006 : 30064771078
@@@ mem[63072] = 0000000900000008 : 38654705672
@@@ mem[63080] = 000004e8fffff000 : 5398773886976
@@@ mem[63088] = 0000000200000001 : 8589934593
@@@ mem[63096] = 0000000000000003 : 3
@@@
@@@ mem[63488] = 0000000500000004 : 21474836484
@@@ mem[63496] = 0000000000000006 : 6
@@@
@@@ mem[63888] = 0000000800000007 : 34359738375
@@@ mem[63896] = 0000000000000009 : 9
@@@
@@@ mem[64288] = 0000000200000001 : 8589934593
@@@ mem[64296] = 0000000000000003 : 3
@@@
@@@ mem[64688] = 0000000500000004 : 21474836484
@@@ mem[64696] = 0000000000000006 : 6
@@@
@@@ mem[65088] = 0000000800000007 : 34359738375
@@@ mem[65096] = 0000000000000009 : 9
@@@
@@@ mem[65528] = 000000a000000000 : 687194767360
@@@
@@@ System halted on WFI instruction
@@@
