
Final memory state and exit status:

@@@ Unified Memory contents hex on left, decimal on right: 
@@@
@@@ mem[    0] = 0000009700000013 : 648540061715
@@@ mem[    8] = 0001011709c08093 : 282673436197011
@@@ mem[   16] = 00010413ff410113 : 285958910050579
@@@ mem[   24] = fe81819300002197 : 18339081625989554583
@@@ mem[   32] = 0000029300000213 : 2830383448595
@@@ mem[   40] = 0000039300000313 : 3929895076627
@@@ mem[   48] = 0000051300000493 : 5579162518675
@@@ mem[   56] = 0000061300000593 : 6678674146707
@@@ mem[   64] = 0000071300000693 : 7778185774739
@@@ mem[   72] = 0000081300000793 : 8877697402771
@@@ mem[   80] = 0000091300000893 : 9977209030803
@@@ mem[   88] = 00000a1300000993 : 11076720658835
@@@ mem[   96] = 00000b1300000a93 : 12176232286867
@@@ mem[  104] = 00000c1300000b93 : 13275743914899
@@@ mem[  112] = 00000d1300000c93 : 14375255542931
@@@ mem[  120] = 00000e1300000d93 : 15474767170963
@@@ mem[  128] = 00000f1300000e93 : 16574278798995
@@@ mem[  136] = 55c0106f00000f93 : 6178956757679738771
@@@
@@@ mem[  160] = f601011300010117 : 17726450789423055127
@@@ mem[  168] = 00000013fea12c23 : 85876354083
@@@ mem[  176] = fc01011310500073 : 18158796353924235379
@@@ mem[  184] = 40b60ab303512223 : 4662926228159799843
@@@ mem[  192] = 001a8c1301812c23 : 7472362651986979
@@@ mem[  200] = 0361202303212823 : 243511189603166243
@@@ mem[  208] = 40c68b3300060913 : 4667571114976086291
@@@ mem[  216] = 01b12623002c1613 : 121920596684314131
@@@ mem[  224] = 002b1d9300f60713 : 12135941212079891
@@@ mem[  232] = 0331262302812c23 : 230006987780336675
@@@ mem[  240] = 01712e2303412423 : 103914994319565859
@@@ mem[  248] = 02112e2301912a23 : 148950990564960803
@@@ mem[  256] = 01a1282302912a23 : 117419196120377891
@@@ mem[  264] = ff07771304010413 : 18376787728063857683
@@@ mem[  272] = ff07f79300fd8793 : 18376929015257466771
@@@ mem[  280] = 00010c9340e10133 : 295301564924211
@@@ mem[  288] = 0005899340f10133 : 1558640426287411
@@@ mem[  296] = 00010b9300050a13 : 294200965138963
@@@ mem[  304] = 00259d1313805a63 : 10587279395412579
@@@ mem[  312] = 0004859301a504b3 : 1272766341121203
@@@ mem[  320] = 00001097000c8513 : 18240726926611
@@@ mem[  328] = 15605063524080e7 : 1540319460072653031
@@@ mem[  336] = 0025959300190593 : 10579032732665235
@@@ mem[  344] = 000d861300ba05b3 : 3806590871930291
@@@ mem[  352] = 00001097000b8513 : 18240726861075
@@@ mem[  360] = 00048593504080e7 : 1272767659933927
@@@ mem[  368] = 0000049300000913 : 5029406705939
@@@ mem[  376] = 00e5a02301c0006f : 64633841880399983
@@@ mem[  384] = 0019899300190913 : 7188138872604947
@@@ mem[  392] = 0045859303895c63 : 19568639859055715
@@@ mem[  400] = 002917130964da63 : 11565844574558819
@@@ mem[  408] = 00ec873300249793 : 66576747619194771
@@@ mem[  416] = 0007270300fb87b3 : 2013218691844019
@@@ mem[  424] = fce7d8e30007a783 : 18223772886647678851
@@@ mem[  432] = 0014849300f5a023 : 5775266445369379
@@@ mem[  440] = fd8948e300198993 : 18269213503201577363
@@@ mem[  448] = 002995130364d263 : 11704382938993251
@@@ mem[  456] = 00249593409b0633 : 10297558838216243
@@@ mem[  464] = 00bb85b300261613 : 52782824493028883
@@@ mem[  472] = 0000109700aa0533 : 18240737248563
@@@ mem[  480] = fc04011348c080e7 : 18159640779801264359
@@@ mem[  488] = 0381240303c12083 : 252522649475948675
@@@ mem[  496] = 0301290303412483 : 216499350006736003
@@@ mem[  504] = 02812a0302c12983 : 180471652491012483
@@@ mem[  512] = 02012b0302412a83 : 144443954975287939
@@@ mem[  520] = 01812c0301c12b83 : 108416257459563395
@@@ mem[  528] = 01012d0301412c83 : 72388559943838851
@@@ mem[  536] = 0401011300c12d83 : 288513032257088899
@@@ mem[  544] = 00299d1300008067 : 11713178975109223
@@@ mem[  552] = 0040061301aa0533 : 18021077211546931
@@@ mem[  560] = 412c0633012ac663 : 4696135327573263971
@@@ mem[  568] = 0029159300261613 : 11564195152008723
@@@ mem[  576] = 0000109700bc85b3 : 18240738461107
@@@ mem[  584] = 00198993424080e7 : 7188139982487783
@@@ mem[  592] = 012ac46300000793 : 84095472540583827
@@@ mem[  600] = 013789b3412a87b3 : 87690120742471603
@@@ mem[  608] = 03605063f61ff06f : 243282770139279471
@@@ mem[  616] = 0025959300190593 : 10579032732665235
@@@ mem[  624] = 00ba05b3000d8613 : 52360612026353171
@@@ mem[  632] = 00001097000b8513 : 18240726861075
@@@ mem[  640] = 000004933ec080e7 : 5030459506919
@@@ mem[  648] = 00000493f39ff06f : 5033494048879
@@@ mem[  656] = f95ff06f00000913 : 17969345397763606803
@@@ mem[  664] = 00812c23fe010113 : 36358805092630803
@@@ mem[  672] = 4014541340b60433 : 4617407959628383283
@@@ mem[  680] = 0121282300912a23 : 81390399067859491
@@@ mem[  688] = 00112e2301312623 : 4835802482812451
@@@ mem[  696] = 0005849300b40433 : 1553141790409779
@@@ mem[  704] = 0005099300060913 : 1417901848791315
@@@ mem[  712] = 001405930285ce63 : 5635628494868067
@@@ mem[  720] = 000406130525c463 : 1132578667349091
@@@ mem[  728] = 01c1208301812403 : 126418011581129731
@@@ mem[  736] = 0004859300090693 : 1272766314120851
@@@ mem[  744] = 0141248301012903 : 90393612600289539
@@@ mem[  752] = 00c1298300098513 : 54370313123235091
@@@ mem[  760] = 0000031702010113 : 3397352751379
@@@ mem[  768] = 00040613db830067 : 1132582263783527
@@@ mem[  776] = f90080e700000097 : 17942482645069856919
@@@ mem[  784] = fd25d0e300140593 : 18241215539111527827
@@@ mem[  792] = 0009851300090613 : 2679591441860115
@@@ mem[  800] = f78080e700000097 : 17834396254012965015
@@@ mem[  808] = 00c5c463fadff06f : 55666504101785711
@@@ mem[  816] = fb01011300008067 : 18086738759612661863
@@@ mem[  824] = 0521202340b607b3 : 369611980202706867
@@@ mem[  832] = 048124234017d913 : 324580381965146387
@@@ mem[  840] = 03312e2304912223 : 230015783907959331
@@@ mem[  848] = 03412c2304112623 : 234517184503686691
@@@ mem[  856] = 0361282303512a23 : 243519985699334691
@@@ mem[  864] = 0381242303712623 : 252522786909660707
@@@ mem[  872] = 03a1202303912223 : 261525588119986723
@@@ mem[  880] = 00b9093301b12e23 : 52082985367842339
@@@ mem[  888] = 0006049300058413 : 1693879267329043
@@@ mem[  896] = 0525ce6300050993 : 370929468925348243
@@@ mem[  904] = 089a446300190a13 : 619883090710956563
@@@ mem[  912] = 0481240300040593 : 324580243451151763
@@@ mem[  920] = 03812a0304c12083 : 252529246562492547
@@@ mem[  928] = 03012b0303412a83 : 216501549029993091
@@@ mem[  936] = 02812c0302c12b83 : 180473851514268547
@@@ mem[  944] = 02012d0302412c83 : 144446153998544003
@@@ mem[  952] = 0004869301c12d83 : 1273865854594435
@@@ mem[  960] = 0441248300090613 : 306566394697811475
@@@ mem[  968] = 0009851304012903 : 2679591508453635
@@@ mem[  976] = 0501011303c12983 : 360570626345347459
@@@ mem[  984] = cdc3006700000317 : 14826694840615437079
@@@ mem[  992] = 00ba8ab34027da93 : 52506848148314771
@@@ mem[ 1000] = 001a8a130755c063 : 7470163726549091
@@@ mem[ 1008] = 000906930f2a4663 : 2540503474783843
@@@ mem[ 1016] = 00040593000a8613 : 1132028825863699
@@@ mem[ 1024] = 00190a1300098513 : 7047951139046675
@@@ mem[ 1032] = cac080e700000097 : 14609818920815689879
@@@ mem[ 1040] = 414487b3f89a50e3 : 4703033117921399011
@@@ mem[ 1048] = 014a8ab34017da93 : 93039244793600659
@@@ mem[ 1056] = 001a8b13095a4663 : 7471263272027747
@@@ mem[ 1064] = 00048693049b4863 : 1273865902442595
@@@ mem[ 1072] = 000a0593000a8613 : 2820878686127635
@@@ mem[ 1080] = 0000009700098513 : 648540685587
@@@ mem[ 1088] = f4dff06fc78080e7 : 17645086227940016359
@@@ mem[ 1096] = 00bb0b334037db13 : 52648135393532691
@@@ mem[ 1104] = 001b0a131b65ce63 : 7610901551500899
@@@ mem[ 1112] = 000a8693195a4063 : 2962716110766179
@@@ mem[ 1120] = 00040593000b0613 : 1132028825896467
@@@ mem[ 1128] = 0000009700098513 : 648540685587
@@@ mem[ 1136] = f79ff06fc48080e7 : 17843244611493986535
@@@ mem[ 1144] = 4017db93416487b3 : 4618401368395515827
@@@ mem[ 1152] = 1f7b4663016b8bb3 : 2268484228350708659
@@@ mem[ 1160] = 1a9c4863001b8c13 : 1917487131393756179
@@@ mem[ 1168] = 000b861300048693 : 3243640906614419
@@@ mem[ 1176] = 00098513000b0593 : 2679591441991059
@@@ mem[ 1184] = c14080e700000097 : 13925271777455374487
@@@ mem[ 1192] = 4027db93f85ff06f : 4622904971092815983
@@@ mem[ 1200] = 097a4863014b8bb3 : 682937883560741811
@@@ mem[ 1208] = 055b4a63001b8b13 : 385983982134332179
@@@ mem[ 1216] = 000b8613000a8693 : 3243640907007635
@@@ mem[ 1224] = 00098513000a0593 : 2679591441925523
@@@ mem[ 1232] = be4080e700000097 : 13709098995341590679
@@@ mem[ 1240] = 414907b3f4dff06f : 4704299755254050927
@@@ mem[ 1248] = 014b0b334017db13 : 93180532037770003
@@@ mem[ 1256] = 001b0b930d6a4063 : 7612550584352867
@@@ mem[ 1264] = 00090693092bc263 : 2540503374217827
@@@ mem[ 1272] = 000a0593000b0613 : 2820878686160403
@@@ mem[ 1280] = 0000009700098513 : 648540685587
@@@ mem[ 1288] = ee9ff06fbb0080e7 : 17194726264993251559
@@@ mem[ 1296] = 4017dc13416a87b3 : 4618401918151722931
@@@ mem[ 1304] = 298b4063016c0c33 : 2993557171287624755
@@@ mem[ 1312] = 255cc263001c0c93 : 2692240407720103059
@@@ mem[ 1320] = 000c0613000a8693 : 3384378395362963
@@@ mem[ 1328] = 00098513000b0593 : 2679591441991059
@@@ mem[ 1336] = b7c080e700000097 : 13240724634095059095
@@@ mem[ 1344] = 4037dc13f81ff06f : 4627409120471806063
@@@ mem[ 1352] = 3f8a4063014c0c33 : 4578542765143231539
@@@ mem[ 1360] = 3b7b4263001c0b13 : 4286092463344192275
@@@ mem[ 1368] = 000c0613000b8693 : 3384378395428499
@@@ mem[ 1376] = 00098513000a0593 : 2679591441925523
@@@ mem[ 1384] = b4c080e700000097 : 13024551851981275287
@@@ mem[ 1392] = 417907b3f49ff06f : 4717810554131968111
@@@ mem[ 1400] = 017c0c334017dc13 : 106973905408220179
@@@ mem[ 1408] = 001c0c93358bc463 : 7895125745976419
@@@ mem[ 1416] = 00090693312cc663 : 2540504045373027
@@@ mem[ 1424] = 000b8593000c0613 : 3243091151291923
@@@ mem[ 1432] = 0000009700098513 : 648540685587
@@@ mem[ 1440] = f51ff06fb18080e7 : 17663100626080399591
@@@ mem[ 1448] = 014c0c334027dc13 : 93463106527157267
@@@ mem[ 1456] = 001c0b932b8a4a63 : 7894026066479715
@@@ mem[ 1464] = 000b0693276bcc63 : 3103453835152483
@@@ mem[ 1472] = 000a0593000c0613 : 2820878686225939
@@@ mem[ 1480] = 0000009700098513 : 648540685587
@@@ mem[ 1488] = f19ff06fae8080e7 : 17410899046897320167
@@@ mem[ 1496] = 4017db93414a87b3 : 4618401368393811891
@@@ mem[ 1504] = 217a4e63014b8bb3 : 2412326737540778931
@@@ mem[ 1512] = 1f5c4063001b8c13 : 2259751906980891667
@@@ mem[ 1520] = 000b8613000a8693 : 3243640907007635
@@@ mem[ 1528] = 00098513000a0593 : 2679591441925523
@@@ mem[ 1536] = ab4080e700000097 : 12340004708620959895
@@@ mem[ 1544] = 4047db93e55ff06f : 4631912170028789871
@@@ mem[ 1552] = 3775ce6300bb8bb3 : 3996327168970558387
@@@ mem[ 1560] = 356a4063001b8a13 : 3848959625489254931
@@@ mem[ 1568] = 000b8613000b0693 : 3243640907040403
@@@ mem[ 1576] = 0009851300040593 : 2679591441532307
@@@ mem[ 1584] = a84080e700000097 : 12123831926507176087
@@@ mem[ 1592] = 418487b3e1dff06f : 4721047516049567855
@@@ mem[ 1600] = 018c8cb34017dc93 : 111618792279760019
@@@ mem[ 1608] = 001c8d13099c4663 : 8036412253029987
@@@ mem[ 1616] = 00048693049d4863 : 1273865902573667
@@@ mem[ 1624] = 000c0593000c8613 : 3383828639680019
@@@ mem[ 1632] = 0000009700098513 : 648540685587
@@@ mem[ 1640] = e25ff06fa50080e7 : 16312020737659535591
@@@ mem[ 1648] = 016c8cb34027dc93 : 102611593026067603
@@@ mem[ 1656] = 001c8c130d9b4063 : 8035312808444003
@@@ mem[ 1664] = 000b8693097c4263 : 3244190821270115
@@@ mem[ 1672] = 000b0593000c8613 : 3102353662969363
@@@ mem[ 1680] = 0000009700098513 : 648540685587
@@@ mem[ 1688] = dedff06fa20080e7 : 16059819158476456167
@@@ mem[ 1696] = 4017dd9341a487b3 : 4618403567422965683
@@@ mem[ 1704] = 41bd486301ad8db3 : 4737021973130743219
@@@ mem[ 1712] = 3c97ca63001d8793 : 4366180890311493523
@@@ mem[ 1720] = 000d861300048693 : 3806590860035731
@@@ mem[ 1728] = 00098513000d0593 : 2679591442122131
@@@ mem[ 1736] = 9ec080e700000097 : 11439284783146860695
@@@ mem[ 1744] = 4027dd93f85ff06f : 4622907170116071535
@@@ mem[ 1752] = 71bc4063018d8db3 : 8195496215879454131
@@@ mem[ 1760] = 6d9d4263001d8d13 : 7898542314448850195
@@@ mem[ 1768] = 000d8613000c8693 : 3806590860560019
@@@ mem[ 1776] = 00098513000c0593 : 2679591442056595
@@@ mem[ 1784] = 9bc080e700000097 : 11223112001033076887
@@@ mem[ 1792] = 418b87b3f4dff06f : 4723017841205309551
@@@ mem[ 1800] = 018d0d334017dd13 : 111760079523929363
@@@ mem[ 1808] = 001d0d937fac4c63 : 8177701477960803
@@@ mem[ 1816] = 000b86937b7dce63 : 3244192733974115
@@@ mem[ 1824] = 000c0593000d0613 : 3383828639712787
@@@ mem[ 1832] = 0000009700098513 : 648540685587
@@@ mem[ 1840] = f51ff06f988080e7 : 17663100625660969191
@@@ mem[ 1848] = 016d0d334037dd13 : 102752880271285523
@@@ mem[ 1856] = 001d0c1345ab4263 : 8176051237372515
@@@ mem[ 1864] = 000c8693419c4463 : 3525666739602531
@@@ mem[ 1872] = 000b0593000d0613 : 3102353663002131
@@@ mem[ 1880] = 0000009700098513 : 648540685587
@@@ mem[ 1888] = f19ff06f958080e7 : 17410899046477889767
@@@ mem[ 1896] = 4017dd13419a87b3 : 4618403017666496435
@@@ mem[ 1904] = 53acce63019d0d33 : 6029420925766405427
@@@ mem[ 1912] = 515dc063001d0d93 : 5863053821342453139
@@@ mem[ 1920] = 000d0613000a8693 : 3665853372073619
@@@ mem[ 1928] = 00098513000c8593 : 2679591442089363
@@@ mem[ 1936] = 924080e700000097 : 10538564857672761495
@@@ mem[ 1944] = 4027dd13d91ff06f : 4622906619835969647
@@@ mem[ 1952] = 4bab4463016d0d33 : 5452526965878492467
@@@ mem[ 1960] = 478cc663001d0c93 : 5155713801938341011
@@@ mem[ 1968] = 000d0613000c0693 : 3665853372171923
@@@ mem[ 1976] = 00098513000b0593 : 2679591441991059
@@@ mem[ 1984] = 8f4080e700000097 : 10322392075558977687
@@@ mem[ 1992] = 418a87b3d59ff06f : 4722736365704310895
@@@ mem[ 2000] = 018c8cb34017dc93 : 111618792279760019
@@@ mem[ 2008] = 001c8d13679c4463 : 8036413830087779
@@@ mem[ 2016] = 000a8693635d4663 : 2962717352478307
@@@ mem[ 2024] = 000c0593000c8613 : 3383828639680019
@@@ mem[ 2032] = 0000009700098513 : 648540685587
@@@ mem[ 2040] = df5ff06f8c0080e7 : 16095847955126321383
@@@ mem[ 2048] = 014c8cb34027dc93 : 93604393771326611
@@@ mem[ 2056] = 001c8c13519a4663 : 8035313949230691
@@@ mem[ 2064] = 000b86934d7c4863 : 3244191962122339
@@@ mem[ 2072] = 000a0593000c8613 : 2820878686258707
@@@ mem[ 2080] = 0000009700098513 : 648540685587
@@@ mem[ 2088] = dbdff06f890080e7 : 15843646375943241959
@@@ mem[ 2096] = 4017dc93417b07b3 : 4618402467908618163
@@@ mem[ 2104] = 2f9bc263017c8cb3 : 3430549271655255219
@@@ mem[ 2112] = 2b6d4463001c8d13 : 3129232508086684947
@@@ mem[ 2120] = 000c8613000b0693 : 3525115883751059
@@@ mem[ 2128] = 00098513000b8593 : 2679591442023827
@@@ mem[ 2136] = 85c080e700000097 : 9637844932198662295
@@@ mem[ 2144] = 4037dc93d5dff06f : 4627409669653000303
@@@ mem[ 2152] = 719a4063014c8cb3 : 8185926066667031731
@@@ mem[ 2160] = 6d8bc263001c8b93 : 7893616502356347795
@@@ mem[ 2168] = 000c8613000c0693 : 3525115883816595
@@@ mem[ 2176] = 00098513000a0593 : 2679591441925523
@@@ mem[ 2184] = 82c080e700000097 : 9421672150084878487
@@@ mem[ 2192] = 419907b3d25ff06f : 4726817752812089455
@@@ mem[ 2200] = 019d0d334017dd13 : 116263679151299859
@@@ mem[ 2208] = 001d0d934daccc63 : 8177700639132771
@@@ mem[ 2216] = 00090693492dce63 : 2540504448093795
@@@ mem[ 2224] = 000c8593000d0613 : 3524566128068115
@@@ mem[ 2232] = fffff09700098513 : 18446727130064192787
@@@ mem[ 2240] = cc9ff06f7f8080e7 : 14744768066705457383
@@@ mem[ 2248] = 017d0d334027dd13 : 107256479897607443
@@@ mem[ 2256] = 001d0c935dabca63 : 8176601395874403
@@@ mem[ 2264] = 000c0693598ccc63 : 3384929652886627
@@@ mem[ 2272] = 000b8593000d0613 : 3243091151357459
@@@ mem[ 2280] = fffff09700098513 : 18446727130064192787
@@@ mem[ 2288] = c91ff06f7c8080e7 : 14492566487522377959
@@@ mem[ 2296] = 4017dc93416b87b3 : 4618402467907602355
@@@ mem[ 2304] = 2f9b4263016c8cb3 : 3430408534165851315
@@@ mem[ 2312] = 2b7d4463001c8d13 : 3133736107714055443
@@@ mem[ 2320] = 000c8613000b8693 : 3525115883783827
@@@ mem[ 2328] = 00098513000b0593 : 2679591441991059
@@@ mem[ 2336] = 794080e7fffff097 : 8737125011019526295
@@@ mem[ 2344] = 4047dc93c31ff06f : 4631913268965797999
@@@ mem[ 2352] = 699a4e63014c8cb3 : 7609480707526397107
@@@ mem[ 2360] = 678b4063001c8b13 : 7461128001617169171
@@@ mem[ 2368] = 000c8613000c0693 : 3525115883816595
@@@ mem[ 2376] = 00098513000a0593 : 2679591441925523
@@@ mem[ 2384] = 764080e7fffff097 : 8520952228905742487
@@@ mem[ 2392] = 414b07b3bf9ff06f : 4704862704314085487
@@@ mem[ 2400] = 014c0c334017dc13 : 93463106526108691
@@@ mem[ 2408] = 001c0c93098a4663 : 7895125007681123
@@@ mem[ 2416] = 000b0693056cc863 : 3103453264791651
@@@ mem[ 2424] = 000a0593000c0613 : 2820878686225939
@@@ mem[ 2432] = fffff09700098513 : 18446727130064192787
@@@ mem[ 2440] = c95ff06f730080e7 : 14510580885872476391
@@@ mem[ 2448] = 00bc0c334057dc13 : 52930709883968531
@@@ mem[ 2456] = 001c0a130d85c063 : 7892376295424099
@@@ mem[ 2464] = 000b8693097a4263 : 3244190821139043
@@@ mem[ 2472] = 00040593000c0613 : 1132028825962003
@@@ mem[ 2480] = fffff09700098513 : 18446727130064192787
@@@ mem[ 2488] = c5dff06f700080e7 : 14258379306689396967
@@@ mem[ 2496] = 401d5d13419b0d33 : 4619951130038439219
@@@ mem[ 2504] = 17acc4e3019d0d33 : 1705954838130265395
@@@ mem[ 2512] = 1565c6e3001d0593 : 1541857125706040723
@@@ mem[ 2520] = 000d0613000b0693 : 3665853372106387
@@@ mem[ 2528] = 00098513000c8593 : 2679591442089363
@@@ mem[ 2536] = 6cc080e7fffff097 : 7836405085545427095
@@@ mem[ 2544] = 4027d793f85ff06f : 4622900573046304879
@@@ mem[ 2552] = 179a42e301478cb3 : 1700745352032259251
@@@ mem[ 2560] = 1585c4e3001c8593 : 1550862125937493395
@@@ mem[ 2568] = 000c8613000c0693 : 3525115883816595
@@@ mem[ 2576] = 00098513000a0593 : 2679591441925523
@@@ mem[ 2584] = 69c080e7fffff097 : 7620232303431643287
@@@ mem[ 2592] = 414b8cb3f4dff06f : 4705008940253966447
@@@ mem[ 2600] = 014c8cb3401cdc93 : 93604393770605715
@@@ mem[ 2608] = 001c85930d9a4ce3 : 8028165982801123
@@@ mem[ 2616] = 000b86930b75cee3 : 3244190854401763
@@@ mem[ 2624] = 000a0593000c8613 : 2820878686258707
@@@ mem[ 2632] = fffff09700098513 : 18446727130064192787
@@@ mem[ 2640] = f51ff06f668080e7 : 17663100624822108391
@@@ mem[ 2648] = 00b78a334067d793 : 51661873466562451
@@@ mem[ 2656] = 001a05932545c2e3 : 7324478938137315
@@@ mem[ 2664] = 000c06932385c4e3 : 3384928746456291
@@@ mem[ 2672] = 00040593000a0613 : 1132028825830931
@@@ mem[ 2680] = fffff09700098513 : 18446727130064192787
@@@ mem[ 2688] = f19ff06f638080e7 : 17410899045639028967
@@@ mem[ 2696] = 4017571340f48733 : 4618255683097495347
@@@ mem[ 2704] = 02e7cce300f70733 : 209361183041849139
@@@ mem[ 2712] = 0095c6e300170593 : 42158449791272339
@@@ mem[ 2720] = 0007061300048693 : 1977003511416467
@@@ mem[ 2728] = 0009851300078593 : 2679591441761683
@@@ mem[ 2736] = 604080e7fffff097 : 6935685160071327895
@@@ mem[ 2744] = 4027d793c01ff06f : 4622900572102586479
@@@ mem[ 2752] = 12fd44e301a787b3 : 1368325603566520243
@@@ mem[ 2760] = 11b5c2e300178593 : 1276140349644309907
@@@ mem[ 2768] = 00078613000d8693 : 2117741000361619
@@@ mem[ 2776] = 00098513000d0593 : 2679591442122131
@@@ mem[ 2784] = 5d4080e7fffff097 : 6719512377957544087
@@@ mem[ 2792] = 41ab0db3bc9ff06f : 4731890899097743471
@@@ mem[ 2800] = 01ad8db3401ddd93 : 120908566023232915
@@@ mem[ 2808] = 001d859379bd4c63 : 8309642773744739
@@@ mem[ 2816] = 000b06937765ce63 : 3103455176937059
@@@ mem[ 2824] = 000d0593000d8613 : 3665303616456211
@@@ mem[ 2832] = fffff09700098513 : 18446727130064192787
@@@ mem[ 2840] = d2dff06f5a0080e7 : 15195128028813361383
@@@ mem[ 2848] = 01778d334027d793 : 105708367525697427
@@@ mem[ 2856] = 001d059323abc2e3 : 8168903841399523
@@@ mem[ 2864] = 000c86932195c4e3 : 3525666202305763
@@@ mem[ 2872] = 000b8593000d0613 : 3243091151357459
@@@ mem[ 2880] = fffff09700098513 : 18446727130064192787
@@@ mem[ 2888] = cf5ff06f570080e7 : 14942926449630281959
@@@ mem[ 2896] = 401ddd93418c8db3 : 4620092417281658291
@@@ mem[ 2904] = 71bc4463018d8db3 : 8195500613925965235
@@@ mem[ 2912] = 6f95c663001d8593 : 8040550838245885331
@@@ mem[ 2920] = 000d8613000c8693 : 3806590860560019
@@@ mem[ 2928] = 00098513000c0593 : 2679591442056595
@@@ mem[ 2936] = 53c080e7fffff097 : 6034965234597228695
@@@ mem[ 2944] = 4047d793bcdff06f : 4631907771302801519
@@@ mem[ 2952] = 018b40e301678c33 : 111253959526026291
@@@ mem[ 2960] = 7fa5c263001c0593 : 9197971544433493395
@@@ mem[ 2968] = 000c0613000d0693 : 3384378395526803
@@@ mem[ 2976] = 00098513000b0593 : 2679591441991059
@@@ mem[ 2984] = 50c080e7fffff097 : 5818792452483444887
@@@ mem[ 2992] = 41ab8db3b95ff06f : 4732031636531572847
@@@ mem[ 3000] = 01ad8db3401ddd93 : 120908566023232915
@@@ mem[ 3008] = 001d859367bd4c63 : 8309642471754851
@@@ mem[ 3016] = 000b86936575ce63 : 3244192364351075
@@@ mem[ 3024] = 000d0593000d8613 : 3665303616456211
@@@ mem[ 3032] = fffff09700098513 : 18446727130064192787
@@@ mem[ 3040] = d2dff06f4d8080e7 : 15195128028603646183
@@@ mem[ 3048] = 01678d334027d793 : 101204767898326931
@@@ mem[ 3056] = 001d059311ab42e3 : 8168903539376867
@@@ mem[ 3064] = 000c86930f95c4e3 : 3525665900315875
@@@ mem[ 3072] = 000b0593000d0613 : 3102353663002131
@@@ mem[ 3080] = fffff09700098513 : 18446727130064192787
@@@ mem[ 3088] = cf5ff06f4a8080e7 : 14942926449420566759
@@@ mem[ 3096] = 401ddd93419c0db3 : 4620092417282674099
@@@ mem[ 3104] = 5fbcc463019d8db3 : 6898604658732666291
@@@ mem[ 3112] = 5d85c663001d8593 : 6739010545935811987
@@@ mem[ 3120] = 000d8613000c0693 : 3806590860527251
@@@ mem[ 3128] = 00098513000c8593 : 2679591442089363
@@@ mem[ 3136] = 474080e7fffff097 : 5134245309123129495
@@@ mem[ 3144] = 4037d793b69ff06f : 4627404171570573423
@@@ mem[ 3152] = 7f9b4c6301678cb3 : 9195027052316036275
@@@ mem[ 3160] = 7da5ce63001c8593 : 9053869550497203603
@@@ mem[ 3168] = 000c8613000d0693 : 3525115883882131
@@@ mem[ 3176] = 00098513000b0593 : 2679591441991059
@@@ mem[ 3184] = 444080e7fffff097 : 4918072527009345687
@@@ mem[ 3192] = 41ba87b3b31ff06f : 4736247164007608431
@@@ mem[ 3200] = 01b787b34017d793 : 123716718720178067
@@@ mem[ 3208] = 0017859354fdc863 : 6620792296949859
@@@ mem[ 3216] = 000a86935355c663 : 2962717083551331
@@@ mem[ 3224] = 000d859300078613 : 3806041104418323
@@@ mem[ 3232] = fffff09700098513 : 18446727130064192787
@@@ mem[ 3240] = ad5ff06f410080e7 : 12492968251971633383
@@@ mem[ 3248] = 01978db34027d793 : 114716116536252307
@@@ mem[ 3256] = 001d85930fbcc6e3 : 8309640995325667
@@@ mem[ 3264] = 000d06930da5c8e3 : 3666403356166371
@@@ mem[ 3272] = 000c8593000d8613 : 3524566128100883
@@@ mem[ 3280] = fffff09700098513 : 18446727130064192787
@@@ mem[ 3288] = a9dff06f3e0080e7 : 12240766672788553959
@@@ mem[ 3296] = 401d5d13418b8d33 : 4619951130037423411
@@@ mem[ 3304] = 4bac4c63018d0d33 : 5452817236950322483
@@@ mem[ 3312] = 4975ce63001d0593 : 5293363861642872211
@@@ mem[ 3320] = 000d0613000b8693 : 3665853372139155
@@@ mem[ 3328] = 00098513000c0593 : 2679591442056595
@@@ mem[ 3336] = 3ac080e7fffff097 : 4233525383649030295
@@@ mem[ 3344] = 4037d793b05ff06f : 4627404171465715823
@@@ mem[ 3352] = 698a4e6301478c33 : 7604977107898698803
@@@ mem[ 3360] = 6995c063001c0593 : 7608198676948452755
@@@ mem[ 3368] = 000c0613000c8693 : 3384378395494035
@@@ mem[ 3376] = 00098513000a0593 : 2679591441925523
@@@ mem[ 3384] = 37c080e7fffff097 : 4017352601535246487
@@@ mem[ 3392] = 41b907b3acdff06f : 4735824951437684847
@@@ mem[ 3400] = 01b787b34017d793 : 123716718720178067
@@@ mem[ 3408] = 0017859342fdc063 : 6620791994957923
@@@ mem[ 3416] = 000906933f25ce63 : 2540504279797347
@@@ mem[ 3424] = 000d859300078613 : 3806041104418323
@@@ mem[ 3432] = fffff09700098513 : 18446727130064192787
@@@ mem[ 3440] = b39ff06f348080e7 : 12943328214498967783
@@@ mem[ 3448] = 01978db34027d793 : 114716116536252307
@@@ mem[ 3456] = 001d859375bcc463 : 8309642706601059
@@@ mem[ 3464] = 000d069373a5c663 : 3666405067441763
@@@ mem[ 3472] = 000c8593000d8613 : 3524566128100883
@@@ mem[ 3480] = fffff09700098513 : 18446727130064192787
@@@ mem[ 3488] = b01ff06f318080e7 : 12691126635315888359
@@@ mem[ 3496] = 4017d79341ac87b3 : 4618396970353723315
@@@ mem[ 3504] = 38fd406301a787b3 : 4106509229205456819
@@@ mem[ 3512] = 3595ce6300178593 : 3861219180138694035
@@@ mem[ 3520] = 00078613000c8693 : 2117741000296083
@@@ mem[ 3528] = 00098513000d0593 : 2679591442122131
@@@ mem[ 3536] = 2e4080e7fffff097 : 3332805458174931095
@@@ mem[ 3544] = 4037d793911ff06f : 4627404170941427823
@@@ mem[ 3552] = 63ac4e6301878d33 : 7182201692883488051
@@@ mem[ 3560] = 63b5c063001d0593 : 7184860311975691667
@@@ mem[ 3568] = 000d0613000d8693 : 3665853372270227
@@@ mem[ 3576] = 00098513000c0593 : 2679591442056595
@@@ mem[ 3584] = 2b4080e7fffff097 : 3116632676061147287
@@@ mem[ 3592] = 41aa8db38d9ff06f : 4731750160820858991
@@@ mem[ 3600] = 01ad8db3401ddd93 : 120908566023232915
@@@ mem[ 3608] = 001d85932fbd4463 : 8309641532228707
@@@ mem[ 3616] = 000a86932d55c663 : 2962716446017123
@@@ mem[ 3624] = 000d0593000d8613 : 3665303616456211
@@@ mem[ 3632] = fffff09700098513 : 18446727130064192787
@@@ mem[ 3640] = 9a9ff06f280080e7 : 11141888363341054183
@@@ mem[ 3648] = 01878d334027d793 : 110211967153067923
@@@ mem[ 3656] = 001d059373ac4863 : 8168905183610979
@@@ mem[ 3664] = 000c86937195ca63 : 3525667544484451
@@@ mem[ 3672] = 000c0593000d0613 : 3383828639712787
@@@ mem[ 3680] = fffff09700098513 : 18446727130064192787
@@@ mem[ 3688] = 971ff06f250080e7 : 10889686784157974759
@@@ mem[ 3696] = 401ddd93419c0db3 : 4620092417282674099
@@@ mem[ 3704] = 25bccc63019d8db3 : 2719273000625868211
@@@ mem[ 3712] = 2385ce63001d8593 : 2559678887829013907
@@@ mem[ 3720] = 000d8613000c0693 : 3806590860527251
@@@ mem[ 3728] = 00098513000c8593 : 2679591442089363
@@@ mem[ 3736] = 21c080e7fffff097 : 2432085532700831895
@@@ mem[ 3744] = 4037d793a3dff06f : 4627404171256000623
@@@ mem[ 3752] = 5d9bc66301778cb3 : 6745202995446123699
@@@ mem[ 3760] = 5ba5c863001c8593 : 6603904756137887123
@@@ mem[ 3768] = 000c8613000d0693 : 3525115883882131
@@@ mem[ 3776] = 00098513000b8593 : 2679591442023827
@@@ mem[ 3784] = 1ec080e7fffff097 : 2215912750587048087
@@@ mem[ 3792] = 41bb87b3a05ff06f : 4736528638669746287
@@@ mem[ 3800] = 01b787b34017d793 : 123716718720178067
@@@ mem[ 3808] = 001785931cfdc063 : 6620791357423715
@@@ mem[ 3816] = 000b86931975ce63 : 3244191089282659
@@@ mem[ 3824] = 000d859300078613 : 3806041104418323
@@@ mem[ 3832] = fffff09700098513 : 18446727130064192787
@@@ mem[ 3840] = 819ff06f1b8080e7 : 9340448512183140583
@@@ mem[ 3848] = 01878db34027d793 : 110212516908881811
@@@ mem[ 3856] = 001d859361bc4863 : 8309642371024995
@@@ mem[ 3864] = 000d06935fa5ca63 : 3666404731898467
@@@ mem[ 3872] = 000c0593000d8613 : 3383828639745555
@@@ mem[ 3880] = fffff09700098513 : 18446727130064192787
@@@ mem[ 3888] = fe0ff06f188080e7 : 18307115370227466471
@@@ mem[ 3896] = 401d5d13417c0d33 : 4619951130036407603
@@@ mem[ 3904] = 13abc463017d0d33 : 1417442437243931955
@@@ mem[ 3912] = 1185c663001d0593 : 1262633399053256083
@@@ mem[ 3920] = 000d0613000c0693 : 3665853372171923
@@@ mem[ 3928] = 00098513000b8593 : 2679591442023827
@@@ mem[ 3936] = 154080e7fffff097 : 1531365607226732695
@@@ mem[ 3944] = 4047d793911ff06f : 4631907770568798319
@@@ mem[ 3952] = 657a4e6301478bb3 : 7312243132119616435
@@@ mem[ 3960] = 6595c063001b8593 : 7319968300796708243
@@@ mem[ 3968] = 000b8613000c8693 : 3243640907138707
@@@ mem[ 3976] = 00098513000a0593 : 2679591441925523
@@@ mem[ 3984] = 124080e7fffff097 : 1315192825112948887
@@@ mem[ 3992] = 416c0d338d9ff06f : 4714157425020629103
@@@ mem[ 4000] = 016d0d33401d5d13 : 102752880269548819
@@@ mem[ 4008] = 001d059307ab4663 : 8168903371605603
@@@ mem[ 4016] = 000c06930585c863 : 3384928243140707
@@@ mem[ 4024] = 000b0593000d0613 : 3102353663002131
@@@ mem[ 4032] = fffff09700098513 : 18446727130064192787
@@@ mem[ 4040] = 975ff06f0f0080e7 : 10907701182298357991
@@@ mem[ 4048] = 01478b334057d793 : 92195369623476115
@@@ mem[ 4056] = 001b0593076a4463 : 7605953413923939
@@@ mem[ 4064] = 000c86930595c663 : 3525665732544099
@@@ mem[ 4072] = 000a0593000b0613 : 2820878686160403
@@@ mem[ 4080] = fffff09700098513 : 18446727130064192787
@@@ mem[ 4088] = 93dff06f0c0080e7 : 10655499603115278567
@@@ mem[ 4096] = 00098513000c0613 : 2679591442056723
@@@ mem[ 4104] = 290080e7fffff097 : 2954503089475809431
@@@ mem[ 4112] = 000d0613fa5ff06f : 3665857571975279
@@@ mem[ 4120] = 00098513000b0593 : 2679591441991059
@@@ mem[ 4128] = 278080e7fffff097 : 2846416698418917527
@@@ mem[ 4136] = 000c8613f85ff06f : 3525120050065519
@@@ mem[ 4144] = fffff09700098513 : 18446727130064192787
@@@ mem[ 4152] = fa9ff06f264080e7 : 18059417390952775911
@@@ mem[ 4160] = 000a0593000b0613 : 2820878686160403
@@@ mem[ 4168] = fffff09700098513 : 18446727130064192787
@@@ mem[ 4176] = f89ff06f24c080e7 : 17915302202851754215
@@@ mem[ 4184] = 00098513000c0613 : 2679591442056723
@@@ mem[ 4192] = 238080e7fffff097 : 2558186322267205783
@@@ mem[ 4200] = 000d0613ee9ff06f : 3665857374842991
@@@ mem[ 4208] = 00098513000b8593 : 2679591442023827
@@@ mem[ 4216] = 220080e7fffff097 : 2450099931210313879
@@@ mem[ 4224] = 000b8613ec9ff06f : 3243644876222575
@@@ mem[ 4232] = 00f1242300098513 : 67875202130347283
@@@ mem[ 4240] = 208080e7fffff097 : 2342013540153421975
@@@ mem[ 4248] = e51ff06f00812783 : 16510179118504028035
@@@ mem[ 4256] = 000d859300078613 : 3806041104418323
@@@ mem[ 4264] = 00f1242300098513 : 67875202130347283
@@@ mem[ 4272] = 1e8080e7fffff097 : 2197898352077566103
@@@ mem[ 4280] = e29ff06f00812783 : 16330035133409208195
@@@ mem[ 4288] = 00098513000c0613 : 2679591442056723
@@@ mem[ 4296] = 1d0080e7fffff097 : 2089811961020674199
@@@ mem[ 4304] = 000d8613db9ff06f : 3806594544431215
@@@ mem[ 4312] = 00098513000c8593 : 2679591442089363
@@@ mem[ 4320] = 1b8080e7fffff097 : 1981725569963782295
@@@ mem[ 4328] = 000a8613d99ff06f : 2962169580744815
@@@ mem[ 4336] = fffff09700098513 : 18446727130064192787
@@@ mem[ 4344] = d29ff06f1a4080e7 : 15177113629234331879
@@@ mem[ 4352] = 000d0593000d8613 : 3665303616456211
@@@ mem[ 4360] = fffff09700098513 : 18446727130064192787
@@@ mem[ 4368] = d09ff06f18c080e7 : 15032998441133310183
@@@ mem[ 4376] = 00098513000c8613 : 2679591442089491
@@@ mem[ 4384] = fffff09700f12423 : 18446727130079372323
@@@ mem[ 4392] = 00812783174080e7 : 36353715979976935
@@@ mem[ 4400] = 00078613c91ff06f : 2117744373788783
@@@ mem[ 4408] = 00098513000d0593 : 2679591442122131
@@@ mem[ 4416] = fffff09700f12423 : 18446727130079372323
@@@ mem[ 4424] = 00812783154080e7 : 36353715946422503
@@@ mem[ 4432] = 00090613c69ff06f : 2539956796911727
@@@ mem[ 4440] = 00f1242300098513 : 67875202130347283
@@@ mem[ 4448] = 138080e7fffff097 : 1405264817660358807
@@@ mem[ 4456] = bf1ff06f00812783 : 13771990545062766467
@@@ mem[ 4464] = 000d859300078613 : 3806041104418323
@@@ mem[ 4472] = 00f1242300098513 : 67875202130347283
@@@ mem[ 4480] = 118080e7fffff097 : 1261149629584502935
@@@ mem[ 4488] = bc9ff06f00812783 : 13591846559967946627
@@@ mem[ 4496] = 00098513000b8613 : 2679591442023955
@@@ mem[ 4504] = 100080e7fffff097 : 1153063238527611031
@@@ mem[ 4512] = 000d0613b59ff06f : 3665856418541679
@@@ mem[ 4520] = 00098513000c0593 : 2679591442056595
@@@ mem[ 4528] = 0e8080e7fffff097 : 1044976847470719127
@@@ mem[ 4536] = 000a8613b39ff06f : 2962168943210607
@@@ mem[ 4544] = 00f1242300098513 : 67875202130347283
@@@ mem[ 4552] = 0d0080e7fffff097 : 936890456413827223
@@@ mem[ 4560] = ac1ff06f00812783 : 12402896258342135683
@@@ mem[ 4568] = 000d859300078613 : 3806041104418323
@@@ mem[ 4576] = 00f1242300098513 : 67875202130347283
@@@ mem[ 4584] = 0b0080e7fffff097 : 792775268337971351
@@@ mem[ 4592] = a99ff06f00812783 : 12222752273247315843
@@@ mem[ 4600] = 00098513000c0613 : 2679591442056723
@@@ mem[ 4608] = 098080e7fffff097 : 684688877281079447
@@@ mem[ 4616] = 000d8613a29ff06f : 3806593588129903
@@@ mem[ 4624] = 00098513000c8593 : 2679591442089363
@@@ mem[ 4632] = 080080e7fffff097 : 576602486224187543
@@@ mem[ 4640] = 000b8613a09ff06f : 3243643601154159
@@@ mem[ 4648] = fffff09700098513 : 18446727130064192787
@@@ mem[ 4656] = 999ff06f06c080e7 : 11069830768745283815
@@@ mem[ 4664] = 000d0593000d8613 : 3665303616456211
@@@ mem[ 4672] = fffff09700098513 : 18446727130064192787
@@@ mem[ 4680] = 979ff06f054080e7 : 10925715580644262119
@@@ mem[ 4688] = 00098513000c8613 : 2679591442089491
@@@ mem[ 4696] = 040080e7fffff097 : 288372110072475799
@@@ mem[ 4704] = 000d8613909ff06f : 3806593286140015
@@@ mem[ 4712] = 00098513000c0593 : 2679591442056595
@@@ mem[ 4720] = 028080e7fffff097 : 180285719015583895
@@@ mem[ 4728] = 000b06138e9ff06f : 3102905810808943
@@@ mem[ 4736] = fffff09700098513 : 18446727130064192787
@@@ mem[ 4744] = 879ff06f014080e7 : 9772794075970306279
@@@ mem[ 4752] = 000d0593000d8613 : 3665303616456211
@@@ mem[ 4760] = fffff09700098513 : 18446727130064192787
@@@ mem[ 4768] = 859ff06fffc080e7 : 9628678892164251879
@@@ mem[ 4776] = 0009851300048613 : 2679591441565203
@@@ mem[ 4784] = 00f1242300e12623 : 67875202144478755
@@@ mem[ 4792] = fe0080e7fffff097 : 18302770619554459799
@@@ mem[ 4800] = 0081278300c12703 : 36353715602532099
@@@ mem[ 4808] = 00070613fd8ff06f : 1977007765188719
@@@ mem[ 4816] = 0009851300078593 : 2679591441761683
@@@ mem[ 4824] = 00f1242300e12623 : 67875202144478755
@@@ mem[ 4832] = fb8080e7fffff097 : 18122626634459639959
@@@ mem[ 4840] = 0081278300c12703 : 36353715602532099
@@@ mem[ 4848] = 000b8613fa8ff06f : 3243645110055023
@@@ mem[ 4856] = fffff09700098513 : 18446727130064192787
@@@ mem[ 4864] = f38ff06ff9c080e7 : 17550510636608291047
@@@ mem[ 4872] = 000a0593000c8613 : 2820878686258707
@@@ mem[ 4880] = fffff09700098513 : 18446727130064192787
@@@ mem[ 4888] = f18ff06ff84080e7 : 17406395448507269351
@@@ mem[ 4896] = 00098513000b0613 : 2679591441991187
@@@ mem[ 4904] = f70080e7fffff097 : 17798367461288964247
@@@ mem[ 4912] = 000d0613ea8ff06f : 3665857306685551
@@@ mem[ 4920] = 00098513000c8593 : 2679591442089363
@@@ mem[ 4928] = f58080e7fffff097 : 17690281070232072343
@@@ mem[ 4936] = 000c0613e88ff06f : 3384382296420463
@@@ mem[ 4944] = fffff09700098513 : 18446727130064192787
@@@ mem[ 4952] = eacff06ff44080e7 : 16920006688684146919
@@@ mem[ 4960] = 000a0593000c8613 : 2820878686258707
@@@ mem[ 4968] = fffff09700098513 : 18446727130064192787
@@@ mem[ 4976] = e8cff06ff2c080e7 : 16775891500583125223
@@@ mem[ 4984] = 00098513000d0613 : 2679591442122259
@@@ mem[ 4992] = f18080e7fffff097 : 17402050694080360599
@@@ mem[ 5000] = 000c0613811ff06f : 3384380561027183
@@@ mem[ 5008] = 00098513000b0593 : 2679591441991059
@@@ mem[ 5016] = f00080e7fffff097 : 17293964303023468695
@@@ mem[ 5024] = 000c8613ff0ff06f : 3525120162263151
@@@ mem[ 5032] = fffff09700098513 : 18446727130064192787
@@@ mem[ 5040] = 975ff06feec080e7 : 10907701186052260071
@@@ mem[ 5048] = 000a0593000c0613 : 2820878686225939
@@@ mem[ 5056] = fffff09700098513 : 18446727130064192787
@@@ mem[ 5064] = 955ff06fed4080e7 : 10763585997951238375
@@@ mem[ 5072] = 00098513000d8613 : 2679591442155027
@@@ mem[ 5080] = fffff09700f12423 : 18446727130079372323
@@@ mem[ 5088] = 00812783ebc080e7 : 36353719545135335
@@@ mem[ 5096] = 00078613ee8ff06f : 2117745001885807
@@@ mem[ 5104] = 00098513000d0593 : 2679591442122131
@@@ mem[ 5112] = fffff09700f12423 : 18446727130079372323
@@@ mem[ 5120] = 00812783e9c080e7 : 36353719511580903
@@@ mem[ 5128] = 000d8613ec0ff06f : 3806594820206703
@@@ mem[ 5136] = fffff09700098513 : 18446727130064192787
@@@ mem[ 5144] = 9d5ff06fe84080e7 : 11340046750170775783
@@@ mem[ 5152] = 000c0593000d0613 : 3383828639712787
@@@ mem[ 5160] = fffff09700098513 : 18446727130064192787
@@@ mem[ 5168] = 9b5ff06fe6c080e7 : 11195931562069754087
@@@ mem[ 5176] = 00098513000d0613 : 2679591442122259
@@@ mem[ 5184] = e58080e7fffff097 : 16537359565625225367
@@@ mem[ 5192] = 000c8613819ff06f : 3525118057771119
@@@ mem[ 5200] = 00098513000b0593 : 2679591441991059
@@@ mem[ 5208] = e40080e7fffff097 : 16429273174568333463
@@@ mem[ 5216] = 000d0613ff8ff06f : 3665857659007087
@@@ mem[ 5224] = fffff09700098513 : 18446727130064192787
@@@ mem[ 5232] = a45ff06fe2c080e7 : 11844449908343996647
@@@ mem[ 5240] = 000b8593000c8613 : 3243091151324691
@@@ mem[ 5248] = fffff09700098513 : 18446727130064192787
@@@ mem[ 5256] = a25ff06fe14080e7 : 11700334720242974951
@@@ mem[ 5264] = 00098513000c0613 : 2679591442056723
@@@ mem[ 5272] = e00080e7fffff097 : 16141042798416621719
@@@ mem[ 5280] = 000a0613dccff06f : 2821432145866863
@@@ mem[ 5288] = df0080e7fffff097 : 16068985204378693783
@@@ mem[ 5296] = 000d0613db4ff06f : 3665857050833007
@@@ mem[ 5304] = fffff09700098513 : 18446727130064192787
@@@ mem[ 5312] = 8c9ff06fddc080e7 : 10133082049859322087
@@@ mem[ 5320] = 000c8593000d8613 : 3524566128100883
@@@ mem[ 5328] = fffff09700098513 : 18446727130064192787
@@@ mem[ 5336] = 8a9ff06fdc4080e7 : 9988966861758300391
@@@ mem[ 5344] = 00098513000c8613 : 2679591442089491
@@@ mem[ 5352] = db0080e7fffff097 : 15780754828226982039
@@@ mem[ 5360] = 000d0613f0cff06f : 3665857411543151
@@@ mem[ 5368] = 00098513000b0593 : 2679591441991059
@@@ mem[ 5376] = d98080e7fffff097 : 15672668437170090135
@@@ mem[ 5384] = 000d0613eecff06f : 3665857377988719
@@@ mem[ 5392] = fffff09700098513 : 18446727130064192787
@@@ mem[ 5400] = a01ff06fd84080e7 : 11538205133506642151
@@@ mem[ 5408] = 000c0593000d8613 : 3383828639745555
@@@ mem[ 5416] = fffff09700098513 : 18446727130064192787
@@@ mem[ 5424] = 9e1ff06fd6c080e7 : 11394089945405620455
@@@ mem[ 5432] = 00098513000c8613 : 2679591442089491
@@@ mem[ 5440] = d58080e7fffff097 : 15384438061018378391
@@@ mem[ 5448] = 000d0613decff06f : 3665857109553263
@@@ mem[ 5456] = 00098513000b8593 : 2679591442023827
@@@ mem[ 5464] = d40080e7fffff097 : 15276351669961486487
@@@ mem[ 5472] = 000c8613dccff06f : 3525119587643503
@@@ mem[ 5480] = fffff09700098513 : 18446727130064192787
@@@ mem[ 5488] = 8e1ff06fd2c080e7 : 10241168440731664615
@@@ mem[ 5496] = 000c0593000d0613 : 3383828639712787
@@@ mem[ 5504] = fffff09700098513 : 18446727130064192787
@@@ mem[ 5512] = 8c1ff06fd14080e7 : 10097053252630642919
@@@ mem[ 5520] = 00098513000d0613 : 2679591442122259
@@@ mem[ 5528] = d00080e7fffff097 : 14988121293809774743
@@@ mem[ 5536] = 000d8613f24ff06f : 3806594925064303
@@@ mem[ 5544] = 00098513000c8593 : 2679591442089363
@@@ mem[ 5552] = ce8080e7fffff097 : 14880034902752882839
@@@ mem[ 5560] = 000c8613f04ff06f : 3525119914799215
@@@ mem[ 5568] = fffff09700098513 : 18446727130064192787
@@@ mem[ 5576] = 9b5ff06fcd4080e7 : 11195931561641935079
@@@ mem[ 5584] = 000a0593000b8613 : 2820878686193171
@@@ mem[ 5592] = fffff09700098513 : 18446727130064192787
@@@ mem[ 5600] = 995ff06fcbc080e7 : 11051816373540913383
@@@ mem[ 5608] = f9010113000017b7 : 17942623571536779191
@@@ mem[ 5616] = 061126237e078793 : 437172572711782291
@@@ mem[ 5624] = 0507869300410713 : 362406260949190419
@@@ mem[ 5632] = 0047a5030007a803 : 20166155650443267
@@@ mem[ 5640] = 00c7a6030087a583 : 56196052189422979
@@@ mem[ 5648] = 00a7222301072023 : 47043854847123491
@@@ mem[ 5656] = 00c7262300b72423 : 56055452143133731
@@@ mem[ 5664] = 0107071301078793 : 74035697077946259
@@@ mem[ 5672] = 0007a803fcd79ce3 : 2155059917331683
@@@ mem[ 5680] = 0087a7830047a683 : 38183302943188611
@@@ mem[ 5688] = 0170061300410513 : 103589470107927827
@@@ mem[ 5696] = 0107202300000593 : 74063253570848147
@@@ mem[ 5704] = 00f7242300d72223 : 69564052004086307
@@@ mem[ 5712] = c48080e7fffff097 : 14159458962373603479
@@@ mem[ 5720] = 0000051306c12083 : 5579275837571
@@@ mem[ 5728] = 0000806707010113 : 141179987493139
@@@ mem[ 5736] = 0037f79300a5c7b3 : 15753334462203827
@@@ mem[ 5744] = 0607926300c508b3 : 434476842976872627
@@@ mem[ 5752] = 04c7fe6300300793 : 344523597675497363
@@@ mem[ 5760] = 0005071300357793 : 1415153072830355
@@@ mem[ 5768] = ffc8f61306079863 : 18431252036579727459
@@@ mem[ 5776] = 08f76c63fe060793 : 646104248270325651
@@@ mem[ 5784] = 0005869302c77c63 : 1555340848495715
@@@ mem[ 5792] = 0006a80300070793 : 1873580699092883
@@@ mem[ 5800] = 0046869300478793 : 19851214292748179
@@@ mem[ 5808] = fec7e8e3ff07ae23 : 18358898471933029923
@@@ mem[ 5816] = 40e787b3fff60793 : 4676855945210759059
@@@ mem[ 5824] = 00478793ffc7f793 : 20133793067693971
@@@ mem[ 5832] = 00f585b300f70733 : 69108373155940147
@@@ mem[ 5840] = 0000806701176863 : 141179888298083
@@@ mem[ 5848] = ff157ce300050713 : 18380734768582297363
@@@ mem[ 5856] = 001707130005c783 : 6481702650496899
@@@ mem[ 5864] = fef70fa300158593 : 18372170397636724115
@@@ mem[ 5872] = 00008067ff1768e3 : 141184149711075
@@@ mem[ 5880] = 001707130005c683 : 6481702650496643
@@@ mem[ 5888] = fed70fa300377793 : 18363163198384207763
@@@ mem[ 5896] = f80780e300158593 : 17872395358690444691
@@@ mem[ 5904] = 001707130005c683 : 6481702650496643
@@@ mem[ 5912] = fed70fa300377793 : 18363163198384207763
@@@ mem[ 5920] = fc079ae300158593 : 18160654322144478611
@@@ mem[ 5928] = 0045a683f65ff06f : 19604859097444463
@@@ mem[ 5936] = 0085af830005a283 : 37629149078463107
@@@ mem[ 5944] = 0105ae8300c5af03 : 73656846598385411
@@@ mem[ 5952] = 0185a3030145ae03 : 109672999242018307
@@@ mem[ 5960] = 00d7222301c5a803 : 60554653741721603
@@@ mem[ 5968] = 005720230205a683 : 24523657703696003
@@@ mem[ 5976] = 01e7262301f72423 : 137120245456774179
@@@ mem[ 5984] = 01c72a2301d72823 : 128117444246448163
@@@ mem[ 5992] = 01072e2300672c23 : 74078646740397091
@@@ mem[ 6000] = 0247071302d72023 : 164107689655738403
@@@ mem[ 6008] = faf768e302458593 : 18084038152934491539
@@@ mem[ 6016] = 00000000f19ff06f : 4053790831
@@@
@@@ mem[ 6112] = 0000000f00000020 : 64424509472
@@@ mem[ 6120] = 0000000500000141 : 21474836801
@@@ mem[ 6128] = 0000000300000004 : 12884901892
@@@ mem[ 6136] = 0000004a00000002 : 317827579906
@@@ mem[ 6144] = 0000000400000009 : 17179869193
@@@ mem[ 6152] = 000005230000034e : 5647881995086
@@@ mem[ 6160] = 0000199400000054 : 28123445854292
@@@ mem[ 6168] = 000017e10000002f : 26255135080495
@@@ mem[ 6176] = 0000001100000001 : 73014444033
@@@ mem[ 6184] = 00000544000001e5 : 5789615915493
@@@ mem[ 6192] = 0000053d00000004 : 5759551143940
@@@ mem[ 6200] = 0000000000000300 : 768
@@@
@@@ mem[65200] = 0000000000000300 : 768
@@@
@@@ mem[65216] = 000000000000053d : 1341
@@@
@@@ mem[65248] = 0000053d00000300 : 5759551144704
@@@
@@@ mem[65264] = 0000000100000000 : 4294967296
@@@ mem[65272] = 0000001100000004 : 73014444036
@@@ mem[65280] = 000000540000002f : 360777252911
@@@ mem[65288] = 00000300000001e5 : 3298534883813
@@@ mem[65296] = 000005440000053d : 5789615916349
@@@ mem[65304] = 00001994000017e1 : 28123445860321
@@@ mem[65312] = 0000000300000002 : 12884901890
@@@ mem[65320] = 0000000400000004 : 17179869188
@@@ mem[65328] = 0000000900000005 : 38654705669
@@@ mem[65336] = 000000200000000f : 137438953487
@@@ mem[65344] = 000001410000004a : 1378684502090
@@@ mem[65352] = 000005230000034e : 5647881995086
@@@
@@@ mem[65416] = 0000165800010000 : 24567212998656
@@@
@@@ mem[65432] = 0000000200000001 : 8589934593
@@@ mem[65440] = 0000000400000003 : 17179869187
@@@ mem[65448] = 0000000400000004 : 17179869188
@@@ mem[65456] = 0000000900000005 : 38654705669
@@@ mem[65464] = 000000110000000f : 73014444047
@@@ mem[65472] = 0000002f00000020 : 201863462944
@@@ mem[65480] = 000000540000004a : 360777252938
@@@ mem[65488] = 000001e500000141 : 2083059138881
@@@ mem[65496] = 0000034e00000300 : 3633542333184
@@@ mem[65504] = 0000053d00000523 : 5759551145251
@@@ mem[65512] = 000017e100000544 : 26255135081796
@@@ mem[65520] = 0000000000001994 : 6548
@@@ mem[65528] = 000000a000000000 : 687194767360
@@@
@@@ System halted on WFI instruction
@@@
