
Final memory state and exit status:

@@@ Unified Memory contents hex on left, decimal on right: 
@@@
@@@ mem[    0] = 0000009700000013 : 648540061715
@@@ mem[    8] = 0001011709c08093 : 282673436197011
@@@ mem[   16] = 00010413ff410113 : 285958910050579
@@@ mem[   24] = de81819300001197 : 16033238616775856535
@@@ mem[   32] = 0000029300000213 : 2830383448595
@@@ mem[   40] = 0000039300000313 : 3929895076627
@@@ mem[   48] = 0000051300000493 : 5579162518675
@@@ mem[   56] = 0000061300000593 : 6678674146707
@@@ mem[   64] = 0000071300000693 : 7778185774739
@@@ mem[   72] = 0000081300000793 : 8877697402771
@@@ mem[   80] = 0000091300000893 : 9977209030803
@@@ mem[   88] = 00000a1300000993 : 11076720658835
@@@ mem[   96] = 00000b1300000a93 : 12176232286867
@@@ mem[  104] = 00000c1300000b93 : 13275743914899
@@@ mem[  112] = 00000d1300000c93 : 14375255542931
@@@ mem[  120] = 00000e1300000d93 : 15474767170963
@@@ mem[  128] = 00000f1300000e93 : 16574278798995
@@@ mem[  136] = 3c00006f00000f93 : 4323456119017050003
@@@
@@@ mem[  160] = f601011300010117 : 17726450789423055127
@@@ mem[  168] = 00000013fea12c23 : 85876354083
@@@ mem[  176] = 000007b710500073 : 8482834088051
@@@ mem[  184] = 0af5666364c78793 : 789649886751983507
@@@ mem[  192] = 64c78793000047b7 : 7261921989588174775
@@@ mem[  200] = 000008370aa7e063 : 9032494997603
@@@ mem[  208] = ff85069364082783 : 18412129881682356099
@@@ mem[  216] = 00d7fc630007a703 : 60794622125254403
@@@ mem[  224] = 00e7fc6300e6ee63 : 65298221767257699
@@@ mem[  232] = 0007a70300070793 : 2153956164175763
@@@ mem[  240] = fee7eae3fed7e8e3 : 18367907870207895779
@@@ mem[  248] = ffc52583fee6f8e3 : 18430178298931116259
@@@ mem[  256] = 00c6863300359613 : 55879598993675795
@@@ mem[  264] = 0047a88302c70263 : 20170003987235427
@@@ mem[  272] = 00389613fee52c23 : 15927611320773667
@@@ mem[  280] = 02c68a6300c78633 : 199999391284037171
@@@ mem[  288] = 64f8202300d7a023 : 7275600532727111715
@@@ mem[  296] = 0047260300008067 : 20026517673246823
@@@ mem[  304] = 00c585b300072703 : 55597574258108163
@@@ mem[  312] = 0047a883feb52e23 : 20170008213925411
@@@ mem[  320] = 00389613fee52c23 : 15927611320773667
@@@ mem[  328] = fcc69ae300c78633 : 18214416042707879475
@@@ mem[  336] = 0007069300b885b3 : 1977553279026611
@@@ mem[  344] = 00d7a02300b7a223 : 60693192189125155
@@@ mem[  352] = 0000806764f82023 : 141181563969571
@@@ mem[  360] = 00100513ff010113 : 4509183068143891
@@@ mem[  368] = 0000009700112623 : 648541185571
@@@ mem[  376] = 000047b7f2c080e7 : 78855377289447
@@@ mem[  384] = fe01011314a7ea63 : 18302911542072961635
@@@ mem[  392] = 00112e2300812c23 : 4835802471279651
@@@ mem[  400] = 0121282300912a23 : 81390399067859491
@@@ mem[  408] = 0141242301312623 : 90393200286574115
@@@ mem[  416] = 0005041300357793 : 1411854537947027
@@@ mem[  424] = 000009b70e079463 : 10681819042915
@@@ mem[  432] = 008404936409a603 : 37159728010864131
@@@ mem[  440] = 000627830e060863 : 1732293689739363
@@@ mem[  448] = 1086fc630047a683 : 1190916653622732419
@@@ mem[  456] = 00000a3700000937 : 11231339481399
@@@ mem[  464] = 000727830100006f : 2013768447950959
@@@ mem[  472] = 0486f8630047a683 : 326221127121086083
@@@ mem[  480] = fec798e300078713 : 18358810506724607763
@@@ mem[  488] = 4097873362092783 : 4654337394668545923
@@@ mem[  496] = 624a25030697ee63 : 7082514058919276131
@@@ mem[  504] = 009507b362e92023 : 41948238569873443
@@@ mem[  512] = 0085051300852223 : 37441751073759779
@@@ mem[  520] = 0000009762fa2223 : 650200621603
@@@ mem[  528] = 6409a703ea8080e7 : 7208476313844220135
@@@ mem[  536] = 0007278304070a63 : 2013768498743907
@@@ mem[  544] = 0047a68300070613 : 20167804917843475
@@@ mem[  552] = 08d40e63fa86ece3 : 636149269933780195
@@@ mem[  560] = 00369613409686b3 : 15364658174527155
@@@ mem[  568] = 00c787b300d7a223 : 56162723248448035
@@@ mem[  576] = 01c120830087a223 : 126418011564778019
@@@ mem[  584] = 64e9a02301812403 : 7271519145575916547
@@@ mem[  592] = 0101290301412483 : 72384161897325699
@@@ mem[  600] = 00812a0300c12983 : 36356464381602179
@@@ mem[  608] = 0201011300878513 : 144397844177454355
@@@ mem[  616] = 01c1208300008067 : 126418011555922023
@@@ mem[  624] = 0141248301812403 : 90393612608676867
@@@ mem[  632] = 00c1298301012903 : 54370313139464451
@@@ mem[  640] = 0000051300812a03 : 5579170982403
@@@ mem[  648] = 0000806702010113 : 141179903607059
@@@ mem[  656] = 6409a603000009b7 : 7208475210398304695
@@@ mem[  664] = 00440413ffc57413 : 19144782358344723
@@@ mem[  672] = f0061ce300840493 : 17295543180254774419
@@@ mem[  680] = 6446079300000637 : 7225470980104128055
@@@ mem[  688] = 00f7a02364f9a023 : 69700393125912611
@@@ mem[  696] = 000006930007a223 : 7228430459427
@@@ mem[  704] = f01ff06f64460613 : 17302812654595081747
@@@ mem[  712] = 00d720230007a683 : 60552454689236611
@@@ mem[  720] = 00000513f75ff06f : 5583312777327
@@@ mem[  728] = 0006071300008067 : 1696628046069863
@@@ mem[  736] = fe5ff06ff4d418e3 : 18329633372060784867
@@@ mem[  744] = 00112623ff010113 : 4827010648047891
@@@ mem[  752] = 0091222300812423 : 40851405350708259
@@@ mem[  760] = 0000009700050493 : 648540390547
@@@ mem[  768] = 00048613e80080e7 : 1273319961690343
@@@ mem[  776] = 0005041300000593 : 1411854534444435
@@@ mem[  784] = 1d8080e700000097 : 2125840753744674967
@@@ mem[  792] = 0004051300c12083 : 1131479082016899
@@@ mem[  800] = 0041248300812403 : 18336018553971715
@@@ mem[  808] = 0000806701010113 : 141179886829843
@@@ mem[  816] = 00912223ff010113 : 40851409620500755
@@@ mem[  824] = 00c0051300050493 : 54048774691292307
@@@ mem[  832] = 0011262300812423 : 4827006378255395
@@@ mem[  840] = 0000009700058413 : 648540423187
@@@ mem[  848] = 00c12083e30080e7 : 54360421326422247
@@@ mem[  856] = 0081240300852223 : 36349867307901475
@@@ mem[  864] = 0005242300952023 : 1447107635781667
@@@ mem[  872] = 0101011300412483 : 72340250134914179
@@@ mem[  880] = 0005278300008067 : 1450818477785191
@@@ mem[  888] = 000080670007a503 : 141179870487811
@@@ mem[  896] = 0005250300050793 : 1448069699012499
@@@ mem[  904] = 00e7a02300852703 : 65196791813187331
@@@ mem[  912] = d243006700000317 : 15150954013786112791
@@@ mem[  920] = 01212823fe010113 : 81390403319824659
@@@ mem[  928] = 00c0051300050913 : 54048774691293459
@@@ mem[  936] = 00912a2300812c23 : 40860201443732515
@@@ mem[  944] = 0006049301312623 : 1693879286965795
@@@ mem[  952] = 0009240300058993 : 2572870094260627
@@@ mem[  960] = 0000009700112e23 : 648541187619
@@@ mem[  968] = 00052423db8080e7 : 1447111308640487
@@@ mem[  976] = 0095222300092783 : 41977305249687427
@@@ mem[  984] = 0047a70301352023 : 20168354693455907
@@@ mem[  992] = 01c1208302e4d863 : 126418011604441187
@@@ mem[ 1000] = 00f5242301812403 : 69001102061806595
@@@ mem[ 1008] = 0141248300a92023 : 90393612594520099
@@@ mem[ 1016] = 00c1298301012903 : 54370313139464451
@@@ mem[ 1024] = 0000806702010113 : 141179903607059
@@@ mem[ 1032] = 0097d86300442783 : 42740641201137539
@@@ mem[ 1040] = 0084240300040713 : 37194292229572371
@@@ mem[ 1048] = 00852423fe0418e3 : 37475908906653923
@@@ mem[ 1056] = 0181240301c12083 : 108407461366538371
@@@ mem[ 1064] = 0141248300a72423 : 90393612594390051
@@@ mem[ 1072] = 00c1298301012903 : 54370313139464451
@@@ mem[ 1080] = 0000806702010113 : 141179903607059
@@@ mem[ 1088] = 0015351300052503 : 5969330231911683
@@@ mem[ 1096] = fe01011300008067 : 18302911541726445671
@@@ mem[ 1104] = 00112e2300c00513 : 4835802475398419
@@@ mem[ 1112] = d24080e700000097 : 15150250876100149399
@@@ mem[ 1120] = 0005079300400713 : 1415702829336339
@@@ mem[ 1128] = 0010071300e52023 : 4511377828159523
@@@ mem[ 1136] = 0007a42300e7a223 : 2150795082965539
@@@ mem[ 1144] = 0050059300200613 : 22524127057282579
@@@ mem[ 1152] = 00f1262300c10513 : 67877401165628691
@@@ mem[ 1160] = f10080e700000097 : 17366021892766433431
@@@ mem[ 1168] = 0060059300300613 : 27027726685701651
@@@ mem[ 1176] = 0000009700c10513 : 648552711443
@@@ mem[ 1184] = 00c10513efc080e7 : 54330253690044647
@@@ mem[ 1192] = 0070059300000613 : 31531326309926419
@@@ mem[ 1200] = ee8080e700000097 : 17185877907671613591
@@@ mem[ 1208] = 00050e6300c12503 : 1423193260762371
@@@ mem[ 1216] = 00f1262300852783 : 67877401161705347
@@@ mem[ 1224] = bec080e700000097 : 13745127792360554647
@@@ mem[ 1232] = fe0516e300c12503 : 18304061424743294211
@@@ mem[ 1240] = 0000051301c12083 : 5579191951491
@@@ mem[ 1248] = 0000806702010113 : 141179903607059
@@@ mem[ 1256] = 0005071300f00313 : 1415153085055763
@@@ mem[ 1264] = 00f7779302c37e63 : 69655792537796195
@@@ mem[ 1272] = 080592630a079063 : 578029081254662243
@@@ mem[ 1280] = 00f67613ff067693 : 69372672525891219
@@@ mem[ 1288] = 00b7202300e686b3 : 51545255449102003
@@@ mem[ 1296] = 00b7242300b72223 : 51549653492507171
@@@ mem[ 1304] = 0107071300b72623 : 74035697072678435
@@@ mem[ 1312] = 00061463fed766e3 : 1711269570111203
@@@ mem[ 1320] = 40c306b300008067 : 4666581004754911335
@@@ mem[ 1328] = 0000029700269693 : 2847565846163
@@@ mem[ 1336] = 00c68067005686b3 : 55873225264367283
@@@ mem[ 1344] = 00b706a300b70723 : 51517217899480867
@@@ mem[ 1352] = 00b705a300b70623 : 51516118387852835
@@@ mem[ 1360] = 00b704a300b70523 : 51515018876224803
@@@ mem[ 1368] = 00b703a300b70423 : 51513919364596771
@@@ mem[ 1376] = 00b702a300b70323 : 51512819852968739
@@@ mem[ 1384] = 00b701a300b70223 : 51511720341340707
@@@ mem[ 1392] = 00b700a300b70123 : 51510620829712675
@@@ mem[ 1400] = 0000806700b70023 : 141179881979939
@@@ mem[ 1408] = 008596930ff5f593 : 37601730274653587
@@@ mem[ 1416] = 0105969300d5e5b3 : 73630527039858099
@@@ mem[ 1424] = f6dff06f00d5e5b3 : 17789201412682802611
@@@ mem[ 1432] = 0000029700279693 : 2847565911699
@@@ mem[ 1440] = 00008293005686b3 : 143567877473971
@@@ mem[ 1448] = 00028093fa0680e7 : 704322996699367
@@@ mem[ 1456] = 40f70733ff078793 : 4681218257578330003
@@@ mem[ 1464] = f6c378e300f60633 : 17781188670157882931
@@@ mem[ 1472] = 00000000f3dff06f : 4091539567
@@@
@@@ mem[ 1568] = 0000069c00003fb0 : 7267084681136
@@@
@@@ mem[ 1600] = 0000064c00000660 : 6923487282784
@@@ mem[ 1608] = 0000066000000000 : 7009386627072
@@@ mem[ 1616] = 000000040000000c : 17179869196
@@@ mem[ 1624] = 0000066800000001 : 7043746365441
@@@ mem[ 1632] = 0000000c00000674 : 51539609204
@@@ mem[ 1640] = 0000000200000005 : 8589934597
@@@ mem[ 1648] = 000006880000067c : 7181185320572
@@@ mem[ 1656] = 000000060000000c : 25769803788
@@@ mem[ 1664] = 0000000000000003 : 3
@@@ mem[ 1672] = 0000000c00000644 : 51539609156
@@@ mem[ 1680] = 0000000000000007 : 7
@@@ mem[ 1688] = 0000000000000654 : 1620
@@@
@@@ mem[65448] = 0000000700000000 : 30064771072
@@@ mem[65456] = 000000000000ffec : 65516
@@@ mem[65464] = 000003cc00000654 : 4174708213332
@@@
@@@ mem[65496] = 000004b800010000 : 5188320559104
@@@
@@@ mem[65528] = 000000a000000000 : 687194767360
@@@
@@@ System halted on WFI instruction
@@@
