
Final memory state and exit status:

@@@ Unified Memory contents hex on left, decimal on right: 
@@@
@@@ mem[    0] = 0000009700000013 : 648540061715
@@@ mem[    8] = 0001011709c08093 : 282673436197011
@@@ mem[   16] = 00010413ff410113 : 285958910050579
@@@ mem[   24] = f481819300001197 : 17618505685610271127
@@@ mem[   32] = 0000029300000213 : 2830383448595
@@@ mem[   40] = 0000039300000313 : 3929895076627
@@@ mem[   48] = 0000051300000493 : 5579162518675
@@@ mem[   56] = 0000061300000593 : 6678674146707
@@@ mem[   64] = 0000071300000693 : 7778185774739
@@@ mem[   72] = 0000081300000793 : 8877697402771
@@@ mem[   80] = 0000091300000893 : 9977209030803
@@@ mem[   88] = 00000a1300000993 : 11076720658835
@@@ mem[   96] = 00000b1300000a93 : 12176232286867
@@@ mem[  104] = 00000c1300000b93 : 13275743914899
@@@ mem[  112] = 00000d1300000c93 : 14375255542931
@@@ mem[  120] = 00000e1300000d93 : 15474767170963
@@@ mem[  128] = 00000f1300000e93 : 16574278798995
@@@ mem[  136] = 18c0006f00000f93 : 1783425929180090259
@@@
@@@ mem[  160] = f601011300010117 : 17726450789423055127
@@@ mem[  168] = 00000013fea12c23 : 85876354083
@@@ mem[  176] = 0005a70310500073 : 1591006483972211
@@@ mem[  184] = 00e5202300052783 : 64493104363022211
@@@ mem[  192] = 0000806700f5a023 : 141179886084131
@@@ mem[  200] = 011508b300261893 : 77978133443516563
@@@ mem[  208] = 000508130008ae03 : 1416252581522947
@@@ mem[  216] = 06c5d063fff58313 : 488025262554186515
@@@ mem[  224] = 00f507b300259793 : 68969834677114771
@@@ mem[  232] = 002597130007a683 : 10580681998968451
@@@ mem[  240] = 0023061300e80733 : 9858302874224435
@@@ mem[  248] = 00de4e6300058513 : 62573631938856211
@@@ mem[  256] = 00d7202300072503 : 60552454689203459
@@@ mem[  264] = 00a7a02300058313 : 47182393295340307
@@@ mem[  272] = 0006051300158593 : 1694429024191891
@@@ mem[  280] = fcf896e300478793 : 18228485393488512915
@@@ mem[  288] = 0008ae0300259593 : 2443127724283283
@@@ mem[  296] = 0005a78300b805b3 : 1591555978167731
@@@ mem[  304] = 00f8a02301c5a023 : 69981866438271011
@@@ mem[  312] = 0005851300008067 : 1553691534458983
@@@ mem[  320] = 00b805b300259593 : 51797662074508691
@@@ mem[  328] = 01c5a0230005a783 : 127684236634597251
@@@ mem[  336] = 0000806700f8a023 : 141179886280739
@@@ mem[  344] = fe0101130ac5de63 : 18302911541907152483
@@@ mem[  352] = 0026191301212823 : 10723618529028131
@@@ mem[  360] = 0131262300912a23 : 85891799671974435
@@@ mem[  368] = 00812c2300112e23 : 36358800832278051
@@@ mem[  376] = 0005049300060993 : 1412404290652563
@@@ mem[  384] = 0009280301250933 : 2577268159613235
@@@ mem[  392] = fff5841300259793 : 18443793066107443091
@@@ mem[  400] = 0005869300f487b3 : 1555340817893299
@@@ mem[  408] = 001686930007a503 : 6340415406449923
@@@ mem[  416] = 0014041300a84e63 : 5633979196132963
@@@ mem[  424] = 00e4873300241713 : 64324947805476627
@@@ mem[  432] = 00a7202300072603 : 47041655807092227
@@@ mem[  440] = 0047879300c7a023 : 20133788789481507
@@@ mem[  448] = 00140793fd36cce3 : 5637831724027107
@@@ mem[  456] = 0009268300279793 : 2575618875561875
@@@ mem[  464] = 0007a70300f487b3 : 2153956179740595
@@@ mem[  472] = 0004061300d7a023 : 1132578595119139
@@@ mem[  480] = 0004851300e92023 : 1272216572993571
@@@ mem[  488] = f70080e700000097 : 17798367456994001047
@@@ mem[  496] = f935c8e300240593 : 17957479966495212947
@@@ mem[  504] = 0181240301c12083 : 108407461366538371
@@@ mem[  512] = 0101290301412483 : 72384161897325699
@@@ mem[  520] = 0201011300c12983 : 144397844181232003
@@@ mem[  528] = 0000806700008067 : 141179870019687
@@@ mem[  536] = 18812c23e6010113 : 1765741061600248083
@@@ mem[  544] = 18112e2318912a23 : 1734218059785251363
@@@ mem[  552] = 1901049300410413 : 1801726355335873555
@@@ mem[  560] = 058080e700000097 : 396458496834404503
@@@ mem[  568] = 00a420233ff57513 : 46197231949542675
@@@ mem[  576] = fe9416e300440413 : 18344312346404717587
@@@ mem[  584] = 0620061300410513 : 441359442160715027
@@@ mem[  592] = 0000009700000593 : 648540063123
@@@ mem[  600] = 19c12083f04080e7 : 1855800272496918759
@@@ mem[  608] = 1941248319812403 : 1819775869921600515
@@@ mem[  616] = 1a01011300000513 : 1873780101078844691
@@@ mem[  624] = 000007b700008067 : 8482560442471
@@@ mem[  632] = 0aa7a4237807a783 : 767762733734537091
@@@ mem[  640] = 000080670a07a623 : 141180038260259
@@@ mem[  648] = 7807a803000007b7 : 8649066340226697143
@@@ mem[  656] = f2d585934c9585b7 : 17498038794909484471
@@@ mem[  664] = 0ac827030a882683 : 776913829736490627
@@@ mem[  672] = 0017861302b687b3 : 6621340672362419
@@@ mem[  680] = 0ac8242300f637b3 : 776910668480001971
@@@ mem[  688] = 42d606135851f637 : 4816043531675235895
@@@ mem[  696] = 02b7073302c68633 : 195633024485197363
@@@ mem[  704] = 00c7073302b6b6b3 : 56021436035675827
@@@ mem[  712] = 00e787b300d70733 : 65169922503149363
@@@ mem[  720] = 0af8262300179513 : 790423666370778387
@@@ mem[  728] = 0000806700155513 : 141179871384851
@@@
@@@ mem[  800] = 0000000000000340 : 832
@@@
@@@ mem[  832] = 0000062c00000000 : 6786048327680
@@@ mem[  840] = 000006fc00000694 : 7679401526932
@@@
@@@ mem[ 1000] = c6755a5b8666f82c : 14300435540928297004
@@@ mem[ 1008] = e66d1234abcd330e : 16603947418614838030
@@@ mem[ 1016] = 0000000b0005deec : 47245025004
@@@
@@@ mem[ 1920] = 0000000000000340 : 832
@@@
@@@ mem[64872] = 0000000500000000 : 21474836480
@@@ mem[64880] = 0000fe640000fe78 : 279705450249848
@@@ mem[64888] = 000001f000000004 : 2130303778820
@@@
@@@ mem[64904] = 0000000700000000 : 30064771072
@@@ mem[64912] = 0000fe640000fe80 : 279705450249856
@@@ mem[64920] = 000001f000000005 : 2130303778821
@@@
@@@ mem[64936] = 0000001500000000 : 90194313216
@@@ mem[64944] = 0000fe640000feb8 : 279705450249912
@@@ mem[64952] = 000001f000000014 : 2130303778836
@@@
@@@ mem[64968] = 0000004a00000000 : 317827579904
@@@ mem[64976] = 0000fe640000ff8c : 279705450250124
@@@ mem[64984] = 000001f000000049 : 2130303778889
@@@
@@@ mem[65000] = 0000004b00000000 : 322122547200
@@@ mem[65008] = 0000fe640000ff90 : 279705450250128
@@@ mem[65016] = 000001f00000004a : 2130303778890
@@@
@@@ mem[65032] = 0000004d00000000 : 330712481792
@@@ mem[65040] = 0000fe640000ff98 : 279705450250136
@@@ mem[65048] = 000001f00000004b : 2130303778891
@@@
@@@ mem[65064] = 0000006200000000 : 420906795008
@@@ mem[65072] = 0000fe640000ffec : 279705450250220
@@@ mem[65080] = 000001f00000005f : 2130303778911
@@@
@@@ mem[65104] = 0000fff000000000 : 281406257233920
@@@ mem[65112] = 0000025c0000fff0 : 2594160312304
@@@ mem[65120] = 0000000d00000000 : 55834574848
@@@ mem[65128] = 0000002300000020 : 150323855392
@@@ mem[65136] = 0000002d0000002c : 193273528364
@@@ mem[65144] = 0000003a00000038 : 249108103224
@@@ mem[65152] = 000000400000003f : 274877907007
@@@ mem[65160] = 000000520000004e : 352187318350
@@@ mem[65168] = 0000006800000056 : 446676598870
@@@ mem[65176] = 0000009d0000007e : 674309865598
@@@ mem[65184] = 000000a50000009d : 708669603997
@@@ mem[65192] = 000000c4000000c2 : 841813590210
@@@ mem[65200] = 000000d9000000cf : 932007903439
@@@ mem[65208] = 000000fb000000e9 : 1078036791529
@@@ mem[65216] = 000001150000010f : 1189705941263
@@@ mem[65224] = 0000012b00000129 : 1284195221801
@@@ mem[65232] = 0000013500000134 : 1327144894772
@@@ mem[65240] = 000001430000013c : 1387274436924
@@@ mem[65248] = 0000015900000157 : 1481763717463
@@@ mem[65256] = 0000017100000168 : 1584842932584
@@@ mem[65264] = 0000018d00000189 : 1705102016905
@@@ mem[65272] = 000001930000018f : 1730871820687
@@@ mem[65280] = 000001a8000001a1 : 1821066133921
@@@ mem[65288] = 000001b4000001b0 : 1872605741488
@@@ mem[65296] = 000001cd000001b4 : 1979979923892
@@@ mem[65304] = 000001d8000001d4 : 2027224564180
@@@ mem[65312] = 000001fc000001f5 : 2181843386869
@@@ mem[65320] = 0000020f00000209 : 2263447765513
@@@ mem[65328] = 0000022800000224 : 2370821947940
@@@ mem[65336] = 0000022f0000022a : 2400886719018
@@@ mem[65344] = 0000024400000230 : 2491081032240
@@@ mem[65352] = 0000025700000246 : 2572685410886
@@@ mem[65360] = 0000025e0000025b : 2602750181979
@@@ mem[65368] = 000002720000026a : 2688649527914
@@@ mem[65376] = 0000029800000288 : 2851858285192
@@@ mem[65384] = 000002bd000002a7 : 3010772075175
@@@ mem[65392] = 000002cf000002c6 : 3088081486534
@@@ mem[65400] = 000002df000002d9 : 3156800963289
@@@ mem[65408] = 000002f1000002e5 : 3234110374629
@@@ mem[65416] = 00000304000002f4 : 3315714753268
@@@ mem[65424] = 0000031600000314 : 3393024164628
@@@ mem[65432] = 0000032600000325 : 3461743641381
@@@ mem[65440] = 0000032f00000329 : 3500398347049
@@@ mem[65448] = 0000037400000364 : 3796751090532
@@@ mem[65456] = 0000037800000377 : 3813930959735
@@@ mem[65464] = 0000037b0000037a : 3826815861626
@@@ mem[65472] = 0000039600000390 : 3942779978640
@@@ mem[65480] = 000003a6000003a4 : 4011499455396
@@@ mem[65488] = 000003af000003a8 : 4050154161064
@@@ mem[65496] = 000003c1000003be : 4127463572414
@@@ mem[65504] = 000003db000003d9 : 4239132722137
@@@ mem[65512] = 000003ff000003f7 : 4393751544823
@@@
@@@ mem[65528] = 000000a000000000 : 687194767360
@@@
@@@ System halted on WFI instruction
@@@
