
Final memory state and exit status:

@@@ Unified Memory contents hex on left, decimal on right: 
@@@
@@@ mem[    0] = 0000009700000013 : 648540061715
@@@ mem[    8] = 0001011709c08093 : 282673436197011
@@@ mem[   16] = 00010413ff410113 : 285958910050579
@@@ mem[   24] = 0081819300001197 : 36452740355854743
@@@ mem[   32] = 0000029300000213 : 2830383448595
@@@ mem[   40] = 0000039300000313 : 3929895076627
@@@ mem[   48] = 0000051300000493 : 5579162518675
@@@ mem[   56] = 0000061300000593 : 6678674146707
@@@ mem[   64] = 0000071300000693 : 7778185774739
@@@ mem[   72] = 0000081300000793 : 8877697402771
@@@ mem[   80] = 0000091300000893 : 9977209030803
@@@ mem[   88] = 00000a1300000993 : 11076720658835
@@@ mem[   96] = 00000b1300000a93 : 12176232286867
@@@ mem[  104] = 00000c1300000b93 : 13275743914899
@@@ mem[  112] = 00000d1300000c93 : 14375255542931
@@@ mem[  120] = 00000e1300000d93 : 15474767170963
@@@ mem[  128] = 00000f1300000e93 : 16574278798995
@@@ mem[  136] = 0c80006f00000f93 : 900720402215473043
@@@
@@@ mem[  160] = f601011300010117 : 17726450789423055127
@@@ mem[  168] = 00000013fea12c23 : 85876354083
@@@ mem[  176] = 0010079310500073 : 4511927842635891
@@@ mem[  184] = 0025961304b7d863 : 10579582565996643
@@@ mem[  192] = 00c5063300450813 : 55457386529622035
@@@ mem[  200] = 00000513fff58893 : 5583456798867
@@@ mem[  208] = 02b5546300150513 : 195154943040357651
@@@ mem[  216] = 00080793ffc82683 : 2260132046579331
@@@ mem[  224] = 00d758630007a703 : 60614302218299139
@@@ mem[  232] = fee82e2300d7a023 : 18367981808103432227
@@@ mem[  240] = 0047879300070693 : 20133788776859283
@@@ mem[  248] = 00480813fec794e3 : 20275080295060707
@@@ mem[  256] = 00008067fd1518e3 : 141184116005091
@@@ mem[  264] = 0005071300008067 : 1415153069359207
@@@ mem[  272] = 40b6053302b64663 : 4662920180835698275
@@@ mem[  280] = 00b5053340155513 : 50952688461239571
@@@ mem[  288] = 00f707b300251793 : 69532784630503315
@@@ mem[  296] = 00d78a630007a783 : 60669277799688067
@@@ mem[  304] = fff5061300f6da63 : 18443654527656057443
@@@ mem[  312] = fff00513fcb65ee3 : 18442246057484508899
@@@ mem[  320] = 0015059300008067 : 5917103429288039
@@@ mem[  328] = fff00513fcb656e3 : 18442246057484506851
@@@ mem[  336] = e6010113ff1ff06f : 16573529289096425583
@@@ mem[  344] = 18912a2318812c23 : 1770242458756656163
@@@ mem[  352] = 0041041318112e23 : 18300353540861475
@@@ mem[  360] = 0000009719010493 : 648959558803
@@@ mem[  368] = 01f575131d0080e7 : 141147688283439335
@@@ mem[  376] = 0044041300a42023 : 19144778077970467
@@@ mem[  384] = 00810613fe8496e3 : 36316954939922147
@@@ mem[  392] = 0620051300000593 : 441358342644827539
@@@ mem[  400] = 00158593ffc62683 : 6057845208786563
@@@ mem[  408] = 0007a70300060793 : 2153956164110227
@@@ mem[  416] = 00d7a02300d75863 : 60693192191203427
@@@ mem[  424] = 00070693fee62e23 : 1977557543431715
@@@ mem[  432] = fef494e300478793 : 18371472482634270611
@@@ mem[  440] = fca59ae300460613 : 18205127368467940883
@@@ mem[  448] = 0000069306200613 : 7228532721171
@@@ mem[  456] = 40d607b300a00513 : 4671930128834495763
@@@ mem[  464] = 00d787b34017d793 : 60666323936991123
@@@ mem[  472] = 1901081300279713 : 1801730203624904467
@@@ mem[  480] = e747270300e80733 : 16665331839961401139
@@@ mem[  488] = 10e5566300a70863 : 1217474257486284899
@@@ mem[  496] = fcd65ce3fff78613 : 18218851476895663635
@@@ mem[  504] = 0000069300058613 : 7228430321171
@@@ mem[  512] = 40d607b31a400513 : 4671930129264411923
@@@ mem[  520] = 00d787b34017d793 : 60666323936991123
@@@ mem[  528] = 1901081300279713 : 1801730203624904467
@@@ mem[  536] = e747270300e80733 : 16665331839961401139
@@@ mem[  544] = 0ee5506300a70863 : 1073352472340662371
@@@ mem[  552] = fcd65ce3fff78613 : 18218851476895663635
@@@ mem[  560] = 0000069300058613 : 7228430321171
@@@ mem[  568] = 40d607b302100513 : 4671930128858613011
@@@ mem[  576] = 00d787b34017d793 : 60666323936991123
@@@ mem[  584] = 1901081300279713 : 1801730203624904467
@@@ mem[  592] = e747270300e80733 : 16665331839961401139
@@@ mem[  600] = 0ae55a6300a70863 : 785133091305228387
@@@ mem[  608] = fcd65ce3fff78613 : 18218851476895663635
@@@ mem[  616] = 0000069300058613 : 7228430321171
@@@ mem[  624] = 40d607b301700513 : 4671930128848127251
@@@ mem[  632] = 00d787b34017d793 : 60666323936991123
@@@ mem[  640] = 1901081300279713 : 1801730203624904467
@@@ mem[  648] = e747270300e80733 : 16665331839961401139
@@@ mem[  656] = 08e5546300a70863 : 641011306159605859
@@@ mem[  664] = fcd65ce3fff78613 : 18218851476895663635
@@@ mem[  672] = 00c0061300000693 : 54049874202592915
@@@ mem[  680] = 4017d79340d587b3 : 4618396970339633075
@@@ mem[  688] = 0027971300d787b3 : 11143631966013363
@@@ mem[  696] = 00e5073319010513 : 64465685710963987
@@@ mem[  704] = 00c70863e7472703 : 56022745540404995
@@@ mem[  712] = fff7859302e65263 : 18444357665374491235
@@@ mem[  720] = 19c12083fcd5dce3 : 1855800272708033763
@@@ mem[  728] = 1941248319812403 : 1819775869921600515
@@@ mem[  736] = 1a01011300000513 : 1873780101078844691
@@@ mem[  744] = 0017869300008067 : 6621890382692455
@@@ mem[  752] = fe1ff06ffad5dce3 : 18311618973652081891
@@@ mem[  760] = ecd658e300178693 : 17065925569949435539
@@@ mem[  768] = 00178693ef9ff06f : 6621894402895983
@@@ mem[  776] = f25ff06feed65ee3 : 17464942243505135331
@@@ mem[  784] = f2d654e300178693 : 17498266736130492051
@@@ mem[  792] = 00178693f51ff06f : 6621894495170671
@@@ mem[  800] = f7dff06ff4d65ae3 : 17861259010814401251
@@@ mem[  808] = 8407a783000017b7 : 9513756918926022583
@@@ mem[  816] = 0a07a6230aa7a423 : 722728934649078819
@@@ mem[  824] = 000017b700008067 : 26074746486887
@@@ mem[  832] = 4c9585b78407a803 : 5518463941653014531
@@@ mem[  840] = 0a882683f2d58593 : 758898885368579475
@@@ mem[  848] = 02b687b30ac82703 : 195492836886980355
@@@ mem[  856] = 00f637b300178613 : 69304086211036691
@@@ mem[  864] = 5851f6370ac82423 : 6364138464715744291
@@@ mem[  872] = 02c6863342d60613 : 199994788187342355
@@@ mem[  880] = 02b6b6b302b70733 : 195544513798145843
@@@ mem[  888] = 00d7073300c70733 : 60525035630561075
@@@ mem[  896] = 0017951300e787b3 : 6637833316435891
@@@ mem[  904] = 001555130af82623 : 6004514787698211
@@@ mem[  912] = 0000000000008067 : 32871
@@@
@@@ mem[  992] = 0000000000000400 : 1024
@@@
@@@ mem[ 1024] = 000006ec00000000 : 7610682048512
@@@ mem[ 1032] = 000007bc00000754 : 8504035247956
@@@
@@@ mem[ 1192] = c6755a5b8666f82c : 14300435540928297004
@@@ mem[ 1200] = e66d1234abcd330e : 16603947418614838030
@@@ mem[ 1208] = 0000000b0005deec : 47245025004
@@@
@@@ mem[ 2112] = 0000000000000400 : 1024
@@@
@@@ mem[65128] = 0000000100000000 : 4294967296
@@@ mem[65136] = 0000000200000001 : 8589934593
@@@ mem[65144] = 0000000300000003 : 12884901891
@@@ mem[65152] = 0000000400000004 : 17179869188
@@@ mem[65160] = 0000000400000004 : 17179869188
@@@ mem[65168] = 0000000400000004 : 17179869188
@@@ mem[65176] = 0000000500000005 : 21474836485
@@@ mem[65184] = 0000000600000005 : 25769803781
@@@ mem[65192] = 0000000600000006 : 25769803782
@@@ mem[65200] = 0000000700000006 : 30064771078
@@@ mem[65208] = 0000000800000008 : 34359738376
@@@ mem[65216] = 0000000800000008 : 34359738376
@@@ mem[65224] = 0000000800000008 : 34359738376
@@@ mem[65232] = 0000000900000009 : 38654705673
@@@ mem[65240] = 0000000900000009 : 38654705673
@@@ mem[65248] = 0000000a00000009 : 42949672969
@@@ mem[65256] = 0000000b0000000a : 47244640266
@@@ mem[65264] = 0000000d0000000c : 55834574860
@@@ mem[65272] = 0000000d0000000d : 55834574861
@@@ mem[65280] = 0000000e0000000d : 60129542157
@@@ mem[65288] = 0000000f0000000f : 64424509455
@@@ mem[65296] = 0000000f0000000f : 64424509455
@@@ mem[65304] = 0000000f0000000f : 64424509455
@@@ mem[65312] = 0000000f0000000f : 64424509455
@@@ mem[65320] = 0000001000000010 : 68719476752
@@@ mem[65328] = 0000001100000010 : 73014444048
@@@ mem[65336] = 0000001200000011 : 77309411345
@@@ mem[65344] = 0000001300000012 : 81604378642
@@@ mem[65352] = 0000001400000014 : 85899345940
@@@ mem[65360] = 0000001400000014 : 85899345940
@@@ mem[65368] = 0000001400000014 : 85899345940
@@@ mem[65376] = 0000001500000014 : 90194313236
@@@ mem[65384] = 0000001500000015 : 90194313237
@@@ mem[65392] = 0000001600000016 : 94489280534
@@@ mem[65400] = 0000001700000016 : 98784247830
@@@ mem[65408] = 0000001700000017 : 98784247831
@@@ mem[65416] = 0000001800000017 : 103079215127
@@@ mem[65424] = 0000001800000018 : 103079215128
@@@ mem[65432] = 0000001900000018 : 107374182424
@@@ mem[65440] = 0000001900000019 : 107374182425
@@@ mem[65448] = 0000001a00000019 : 111669149721
@@@ mem[65456] = 0000001b0000001a : 115964117018
@@@ mem[65464] = 0000001b0000001b : 115964117019
@@@ mem[65472] = 0000001c0000001b : 120259084315
@@@ mem[65480] = 0000001d0000001c : 124554051612
@@@ mem[65488] = 0000001d0000001d : 124554051613
@@@ mem[65496] = 0000001e0000001e : 128849018910
@@@ mem[65504] = 0000001f0000001e : 133143986206
@@@ mem[65512] = 0000001f0000001f : 133143986207
@@@
@@@ mem[65528] = 000000a000000000 : 687194767360
@@@
@@@ System halted on WFI instruction
@@@
